<!DOCTYPE html>
<html>
<head>
<meta http-equiv="Content-Type" content="text/html; charset=utf-8"/>
<meta http-equiv="x-ua-compatible" content="IE=edge"/>
<title>Test results - Class eMarket.SecurityTests</title>
<link href="../css/base-style.css" rel="stylesheet" type="text/css"/>
<link href="../css/style.css" rel="stylesheet" type="text/css"/>
<script src="../js/report.js" type="text/javascript"></script>
</head>
<body>
<div id="content">
<h1>Class eMarket.SecurityTests</h1>
<div class="breadcrumbs">
<a href="../index.html">all</a> &gt; 
<a href="../packages/eMarket.html">eMarket</a> &gt; SecurityTests</div>
<div id="summary">
<table>
<tr>
<td>
<div class="summaryGroup">
<table>
<tr>
<td>
<div class="infoBox" id="tests">
<div class="counter">66</div>
<p>tests</p>
</div>
</td>
<td>
<div class="infoBox" id="failures">
<div class="counter">3</div>
<p>failures</p>
</div>
</td>
<td>
<div class="infoBox" id="ignored">
<div class="counter">0</div>
<p>ignored</p>
</div>
</td>
<td>
<div class="infoBox" id="duration">
<div class="counter">25.156s</div>
<p>duration</p>
</div>
</td>
</tr>
</table>
</div>
</td>
<td>
<div class="infoBox failures" id="successRate">
<div class="percent">95%</div>
<p>successful</p>
</div>
</td>
</tr>
</table>
</div>
<div id="tabs">
<ul class="tabLinks">
<li>
<a href="#tab0">Failed tests</a>
</li>
<li>
<a href="#tab1">Tests</a>
</li>
<li>
<a href="#tab2">Standard output</a>
</li>
</ul>
<div id="tab0" class="tab">
<h2>Failed tests</h2>
<div class="test">
<a name="authorization-12"></a>
<h3 class="failures">authorization-12</h3>
<span class="code">
<pre>Condition failed with Exception:

result.andExpect(status().is(statusCode)) .andExpect(authenticated().withUsername(username).withRoles(role))
|      |         |        |  |
|      |         |        |  403
|      |         |        org.springframework.test.web.servlet.result.StatusResultMatchers$2@641667e2
|      |         org.springframework.test.web.servlet.result.StatusResultMatchers@693eb2c4
|      java.lang.AssertionError: Response status expected:&lt;403&gt; but was:&lt;200&gt;
org.springframework.test.web.servlet.MockMvc$1@74d37041

	at eMarket.SecurityTests.authorization-#testId(SecurityTests.groovy:134)
Caused by: java.lang.AssertionError: Response status expected:&lt;403&gt; but was:&lt;200&gt;
	at org.springframework.test.util.AssertionErrors.fail(AssertionErrors.java:54)
	at org.springframework.test.util.AssertionErrors.assertEquals(AssertionErrors.java:81)
	at org.springframework.test.web.servlet.result.StatusResultMatchers$2.match(StatusResultMatchers.java:69)
	at org.springframework.test.web.servlet.MockMvc$1.andExpect(MockMvc.java:171)
	at eMarket.SecurityTests.authorization-#testId(SecurityTests.groovy:133)
</pre>
</span>
</div>
<div class="test">
<a name="authorization-42"></a>
<h3 class="failures">authorization-42</h3>
<span class="code">
<pre>Condition failed with Exception:

result.andExpect(status().is(statusCode)) .andExpect(authenticated().withUsername(username).withRoles(role))
|      |         |        |  |
|      |         |        |  403
|      |         |        org.springframework.test.web.servlet.result.StatusResultMatchers$2@1ab7fc28
|      |         org.springframework.test.web.servlet.result.StatusResultMatchers@360a35ea
|      java.lang.AssertionError: Response status expected:&lt;403&gt; but was:&lt;200&gt;
org.springframework.test.web.servlet.MockMvc$1@1abf1b10

	at eMarket.SecurityTests.authorization-#testId(SecurityTests.groovy:134)
Caused by: java.lang.AssertionError: Response status expected:&lt;403&gt; but was:&lt;200&gt;
	at org.springframework.test.util.AssertionErrors.fail(AssertionErrors.java:54)
	at org.springframework.test.util.AssertionErrors.assertEquals(AssertionErrors.java:81)
	at org.springframework.test.web.servlet.result.StatusResultMatchers$2.match(StatusResultMatchers.java:69)
	at org.springframework.test.web.servlet.MockMvc$1.andExpect(MockMvc.java:171)
	at eMarket.SecurityTests.authorization-#testId(SecurityTests.groovy:133)
</pre>
</span>
</div>
<div class="test">
<a name="authorization-54"></a>
<h3 class="failures">authorization-54</h3>
<span class="code">
<pre>Condition failed with Exception:

result.andExpect(status().is(statusCode)) .andExpect(authenticated().withUsername(username).withRoles(role))
|      |         |        |  |
|      |         |        |  403
|      |         |        org.springframework.test.web.servlet.result.StatusResultMatchers$2@47affcae
|      |         org.springframework.test.web.servlet.result.StatusResultMatchers@1a6825f4
|      java.lang.AssertionError: Response status expected:&lt;403&gt; but was:&lt;200&gt;
org.springframework.test.web.servlet.MockMvc$1@3f1bd883

	at eMarket.SecurityTests.authorization-#testId(SecurityTests.groovy:134)
Caused by: java.lang.AssertionError: Response status expected:&lt;403&gt; but was:&lt;200&gt;
	at org.springframework.test.util.AssertionErrors.fail(AssertionErrors.java:54)
	at org.springframework.test.util.AssertionErrors.assertEquals(AssertionErrors.java:81)
	at org.springframework.test.web.servlet.result.StatusResultMatchers$2.match(StatusResultMatchers.java:69)
	at org.springframework.test.web.servlet.MockMvc$1.andExpect(MockMvc.java:171)
	at eMarket.SecurityTests.authorization-#testId(SecurityTests.groovy:133)
</pre>
</span>
</div>
</div>
<div id="tab1" class="tab">
<h2>Tests</h2>
<table>
<thead>
<tr>
<th>Test</th>
<th>Duration</th>
<th>Result</th>
</tr>
</thead>
<tr>
<td class="success">authentication-3</td>
<td>0.301s</td>
<td class="success">passed</td>
</tr>
<tr>
<td class="success">authentication-4</td>
<td>0.310s</td>
<td class="success">passed</td>
</tr>
<tr>
<td class="success">authorization-1</td>
<td>0.320s</td>
<td class="success">passed</td>
</tr>
<tr>
<td class="success">authorization-10</td>
<td>0.286s</td>
<td class="success">passed</td>
</tr>
<tr>
<td class="success">authorization-11</td>
<td>0.294s</td>
<td class="success">passed</td>
</tr>
<tr>
<td class="failures">authorization-12</td>
<td>0.299s</td>
<td class="failures">failed</td>
</tr>
<tr>
<td class="success">authorization-13</td>
<td>0.276s</td>
<td class="success">passed</td>
</tr>
<tr>
<td class="success">authorization-14</td>
<td>0.261s</td>
<td class="success">passed</td>
</tr>
<tr>
<td class="success">authorization-15</td>
<td>0.262s</td>
<td class="success">passed</td>
</tr>
<tr>
<td class="success">authorization-16</td>
<td>0.263s</td>
<td class="success">passed</td>
</tr>
<tr>
<td class="success">authorization-17</td>
<td>0.265s</td>
<td class="success">passed</td>
</tr>
<tr>
<td class="success">authorization-18</td>
<td>0.262s</td>
<td class="success">passed</td>
</tr>
<tr>
<td class="success">authorization-19</td>
<td>0.293s</td>
<td class="success">passed</td>
</tr>
<tr>
<td class="success">authorization-2</td>
<td>0.290s</td>
<td class="success">passed</td>
</tr>
<tr>
<td class="success">authorization-20</td>
<td>0.268s</td>
<td class="success">passed</td>
</tr>
<tr>
<td class="success">authorization-21</td>
<td>0.266s</td>
<td class="success">passed</td>
</tr>
<tr>
<td class="success">authorization-22</td>
<td>0.280s</td>
<td class="success">passed</td>
</tr>
<tr>
<td class="success">authorization-23</td>
<td>0.268s</td>
<td class="success">passed</td>
</tr>
<tr>
<td class="success">authorization-24</td>
<td>0.275s</td>
<td class="success">passed</td>
</tr>
<tr>
<td class="success">authorization-25</td>
<td>0.260s</td>
<td class="success">passed</td>
</tr>
<tr>
<td class="success">authorization-26</td>
<td>0.267s</td>
<td class="success">passed</td>
</tr>
<tr>
<td class="success">authorization-27</td>
<td>0.249s</td>
<td class="success">passed</td>
</tr>
<tr>
<td class="success">authorization-3</td>
<td>0.280s</td>
<td class="success">passed</td>
</tr>
<tr>
<td class="success">authorization-37</td>
<td>0.270s</td>
<td class="success">passed</td>
</tr>
<tr>
<td class="success">authorization-38</td>
<td>0.257s</td>
<td class="success">passed</td>
</tr>
<tr>
<td class="success">authorization-39</td>
<td>0.240s</td>
<td class="success">passed</td>
</tr>
<tr>
<td class="success">authorization-4</td>
<td>0.276s</td>
<td class="success">passed</td>
</tr>
<tr>
<td class="success">authorization-40</td>
<td>0.263s</td>
<td class="success">passed</td>
</tr>
<tr>
<td class="success">authorization-41</td>
<td>0.265s</td>
<td class="success">passed</td>
</tr>
<tr>
<td class="failures">authorization-42</td>
<td>0.463s</td>
<td class="failures">failed</td>
</tr>
<tr>
<td class="success">authorization-43</td>
<td>0.248s</td>
<td class="success">passed</td>
</tr>
<tr>
<td class="success">authorization-44</td>
<td>0.254s</td>
<td class="success">passed</td>
</tr>
<tr>
<td class="success">authorization-45</td>
<td>0.270s</td>
<td class="success">passed</td>
</tr>
<tr>
<td class="success">authorization-46</td>
<td>0.259s</td>
<td class="success">passed</td>
</tr>
<tr>
<td class="success">authorization-47</td>
<td>0.235s</td>
<td class="success">passed</td>
</tr>
<tr>
<td class="success">authorization-48</td>
<td>0.256s</td>
<td class="success">passed</td>
</tr>
<tr>
<td class="success">authorization-49</td>
<td>0.259s</td>
<td class="success">passed</td>
</tr>
<tr>
<td class="success">authorization-5</td>
<td>0.284s</td>
<td class="success">passed</td>
</tr>
<tr>
<td class="success">authorization-50</td>
<td>0.263s</td>
<td class="success">passed</td>
</tr>
<tr>
<td class="success">authorization-51</td>
<td>0.252s</td>
<td class="success">passed</td>
</tr>
<tr>
<td class="success">authorization-52</td>
<td>0.254s</td>
<td class="success">passed</td>
</tr>
<tr>
<td class="success">authorization-53</td>
<td>0.252s</td>
<td class="success">passed</td>
</tr>
<tr>
<td class="failures">authorization-54</td>
<td>0.257s</td>
<td class="failures">failed</td>
</tr>
<tr>
<td class="success">authorization-55</td>
<td>0.261s</td>
<td class="success">passed</td>
</tr>
<tr>
<td class="success">authorization-56</td>
<td>0.273s</td>
<td class="success">passed</td>
</tr>
<tr>
<td class="success">authorization-57</td>
<td>0.265s</td>
<td class="success">passed</td>
</tr>
<tr>
<td class="success">authorization-58</td>
<td>0.251s</td>
<td class="success">passed</td>
</tr>
<tr>
<td class="success">authorization-59</td>
<td>0.269s</td>
<td class="success">passed</td>
</tr>
<tr>
<td class="success">authorization-6</td>
<td>0.280s</td>
<td class="success">passed</td>
</tr>
<tr>
<td class="success">authorization-60</td>
<td>0.256s</td>
<td class="success">passed</td>
</tr>
<tr>
<td class="success">authorization-7</td>
<td>0.273s</td>
<td class="success">passed</td>
</tr>
<tr>
<td class="success">authorization-70</td>
<td>0.270s</td>
<td class="success">passed</td>
</tr>
<tr>
<td class="success">authorization-71</td>
<td>0.248s</td>
<td class="success">passed</td>
</tr>
<tr>
<td class="success">authorization-72</td>
<td>0.255s</td>
<td class="success">passed</td>
</tr>
<tr>
<td class="success">authorization-73</td>
<td>0.273s</td>
<td class="success">passed</td>
</tr>
<tr>
<td class="success">authorization-74</td>
<td>0.260s</td>
<td class="success">passed</td>
</tr>
<tr>
<td class="success">authorization-75</td>
<td>0.251s</td>
<td class="success">passed</td>
</tr>
<tr>
<td class="success">authorization-76</td>
<td>0.266s</td>
<td class="success">passed</td>
</tr>
<tr>
<td class="success">authorization-77</td>
<td>0.278s</td>
<td class="success">passed</td>
</tr>
<tr>
<td class="success">authorization-78</td>
<td>0.248s</td>
<td class="success">passed</td>
</tr>
<tr>
<td class="success">authorization-79</td>
<td>0.252s</td>
<td class="success">passed</td>
</tr>
<tr>
<td class="success">authorization-8</td>
<td>0.285s</td>
<td class="success">passed</td>
</tr>
<tr>
<td class="success">authorization-80</td>
<td>0.256s</td>
<td class="success">passed</td>
</tr>
<tr>
<td class="success">authorization-81</td>
<td>0.267s</td>
<td class="success">passed</td>
</tr>
<tr>
<td class="success">authorization-9</td>
<td>0.277s</td>
<td class="success">passed</td>
</tr>
<tr>
<td class="success">secureChannel</td>
<td>7.570s</td>
<td class="success">passed</td>
</tr>
</table>
</div>
<div id="tab2" class="tab">
<h2>Standard output</h2>
<span class="code">
<pre>00:32:34.912 [Test worker] DEBUG com.athaydes.spockframework.report.SpockReportExtension - Configuring com.athaydes.spockframework.report.SpockReportExtension
00:32:34.958 [Test worker] INFO com.athaydes.spockframework.report.internal.ConfigLoader - SpockReports config loaded: {com.athaydes.spockframework.report.showCodeBlocks=false, com.athaydes.spockframework.report.template.TemplateReportCreator.reportFileExtension=md, com.athaydes.spockframework.report.testSourceRoots=src/test/groovy, com.athaydes.spockframework.report.IReportCreator=com.athaydes.spockframework.report.internal.HtmlReportCreator, com.athaydes.spockframework.report.outputDir=build/spock-reports, com.athaydes.spockframework.report.internal.HtmlReportCreator.inlineCss=true, com.athaydes.spockframework.report.internal.HtmlReportCreator.featureReportCss=spock-feature-report.css, com.athaydes.spockframework.report.hideEmptyBlocks=false, com.athaydes.spockframework.report.internal.HtmlReportCreator.summaryReportCss=spock-summary-report.css, com.athaydes.spockframework.report.projectVersion=Unknown, com.athaydes.spockframework.report.template.TemplateReportCreator.specTemplateFile=/templateReportCreator/spec-template.md, com.athaydes.spockframework.report.template.TemplateReportCreator.summaryTemplateFile=/templateReportCreator/summary-template.md, com.athaydes.spockframework.report.internal.HtmlReportCreator.excludeToc=false, com.athaydes.spockframework.report.template.TemplateReportCreator.enabled=true, com.athaydes.spockframework.report.projectName=, com.athaydes.spockframework.report.template.TemplateReportCreator.summaryFileName=summary.md, com.athaydes.spockframework.report.internal.HtmlReportCreator.printThrowableStackTrace=false, com.athaydes.spockframework.report.internal.HtmlReportCreator.enabled=true}
00:32:35.038 [Test worker] DEBUG com.athaydes.spockframework.report.SpockReportExtension - Loading settings for reportCreator of type com.athaydes.spockframework.report.internal.HtmlReportCreator
00:32:35.161 [Test worker] DEBUG org.springframework.test.annotation.ProfileValueUtils - Retrieved @ProfileValueSourceConfiguration [null] for test class [eMarket.SecurityTests]
00:32:35.162 [Test worker] DEBUG org.springframework.test.annotation.ProfileValueUtils - Retrieved ProfileValueSource type [class org.springframework.test.annotation.SystemProfileValueSource] for class [eMarket.SecurityTests]
00:32:35.162 [Test worker] DEBUG org.springframework.test.annotation.ProfileValueUtils - Retrieved @ProfileValueSourceConfiguration [null] for test class [eMarket.SecurityTests]
00:32:35.162 [Test worker] DEBUG org.springframework.test.annotation.ProfileValueUtils - Retrieved ProfileValueSource type [class org.springframework.test.annotation.SystemProfileValueSource] for class [eMarket.SecurityTests]
00:32:35.164 [Test worker] DEBUG org.springframework.test.annotation.ProfileValueUtils - Retrieved @ProfileValueSourceConfiguration [null] for test class [eMarket.SecurityTests]
00:32:35.164 [Test worker] DEBUG org.springframework.test.annotation.ProfileValueUtils - Retrieved ProfileValueSource type [class org.springframework.test.annotation.SystemProfileValueSource] for class [eMarket.SecurityTests]
00:32:35.167 [Test worker] DEBUG org.springframework.test.annotation.ProfileValueUtils - Retrieved @ProfileValueSourceConfiguration [null] for test class [eMarket.SecurityTests]
00:32:35.167 [Test worker] DEBUG org.springframework.test.annotation.ProfileValueUtils - Retrieved ProfileValueSource type [class org.springframework.test.annotation.SystemProfileValueSource] for class [eMarket.SecurityTests]
00:32:35.175 [Test worker] DEBUG org.springframework.test.context.BootstrapUtils - Instantiating CacheAwareContextLoaderDelegate from class [org.springframework.test.context.cache.DefaultCacheAwareContextLoaderDelegate]
00:32:35.181 [Test worker] DEBUG org.springframework.test.context.BootstrapUtils - Instantiating BootstrapContext using constructor [public org.springframework.test.context.support.DefaultBootstrapContext(java.lang.Class,org.springframework.test.context.CacheAwareContextLoaderDelegate)]
00:32:35.184 [Test worker] DEBUG org.springframework.test.context.BootstrapUtils - Instantiating TestContextBootstrapper for test class [eMarket.SecurityTests] from class [org.springframework.boot.test.context.SpringBootTestContextBootstrapper]
00:32:35.242 [Test worker] INFO org.springframework.boot.test.context.SpringBootTestContextBootstrapper - Neither @ContextConfiguration nor @ContextHierarchy found for test class [eMarket.SecurityTests], using SpringBootContextLoader
00:32:35.247 [Test worker] DEBUG org.springframework.test.context.support.AbstractContextLoader - Did not detect default resource location for test class [eMarket.SecurityTests]: class path resource [eMarket/SecurityTests-context.xml] does not exist
00:32:35.247 [Test worker] DEBUG org.springframework.test.context.support.AbstractContextLoader - Did not detect default resource location for test class [eMarket.SecurityTests]: class path resource [eMarket/SecurityTestsContext.groovy] does not exist
00:32:35.247 [Test worker] INFO org.springframework.test.context.support.AbstractContextLoader - Could not detect default resource locations for test class [eMarket.SecurityTests]: no resource found for suffixes {-context.xml, Context.groovy}.
00:32:35.320 [Test worker] DEBUG org.springframework.test.context.support.ActiveProfilesUtils - Could not find an 'annotation declaring class' for annotation type [org.springframework.test.context.ActiveProfiles] and class [eMarket.SecurityTests]
00:32:35.339 [Test worker] DEBUG org.springframework.boot.test.context.SpringBootTestContextBootstrapper - @TestExecutionListeners is not present for class [eMarket.SecurityTests]: using defaults.
00:32:35.342 [Test worker] INFO org.springframework.boot.test.context.SpringBootTestContextBootstrapper - Loaded default TestExecutionListener class names from location [META-INF/spring.factories]: [org.springframework.security.test.context.support.WithSecurityContextTestExecutionListener, org.springframework.boot.test.mock.mockito.MockitoTestExecutionListener, org.springframework.boot.test.mock.mockito.ResetMocksTestExecutionListener, org.springframework.boot.test.autoconfigure.restdocs.RestDocsTestExecutionListener, org.springframework.boot.test.autoconfigure.web.client.MockRestServiceServerResetTestExecutionListener, org.springframework.boot.test.autoconfigure.web.servlet.MockMvcPrintOnlyOnFailureTestExecutionListener, org.springframework.boot.test.autoconfigure.web.servlet.WebDriverTestExecutionListener, org.springframework.test.context.web.ServletTestExecutionListener, org.springframework.test.context.support.DirtiesContextBeforeModesTestExecutionListener, org.springframework.test.context.support.DependencyInjectionTestExecutionListener, org.springframework.test.context.support.DirtiesContextTestExecutionListener, org.springframework.test.context.transaction.TransactionalTestExecutionListener, org.springframework.test.context.jdbc.SqlScriptsTestExecutionListener]
00:32:35.365 [Test worker] INFO org.springframework.boot.test.context.SpringBootTestContextBootstrapper - Using TestExecutionListeners: [org.springframework.test.context.web.ServletTestExecutionListener@12d5bae9, org.springframework.test.context.support.DirtiesContextBeforeModesTestExecutionListener@3a4de56b, org.springframework.boot.test.autoconfigure.SpringBootDependencyInjectionTestExecutionListener@43ef889c, org.springframework.test.context.support.DirtiesContextTestExecutionListener@619bef0f, org.springframework.test.context.transaction.TransactionalTestExecutionListener@5ea60327, org.springframework.test.context.jdbc.SqlScriptsTestExecutionListener@b15c325, org.springframework.security.test.context.support.WithSecurityContextTestExecutionListener@340101b3, org.springframework.boot.test.mock.mockito.ResetMocksTestExecutionListener@adc63ab, org.springframework.boot.test.autoconfigure.web.servlet.MockMvcPrintOnlyOnFailureTestExecutionListener@648df6ec, org.springframework.boot.test.autoconfigure.web.servlet.WebDriverTestExecutionListener@41241db3, org.springframework.boot.test.mock.mockito.MockitoTestExecutionListener@7d9490bd, org.springframework.boot.test.autoconfigure.restdocs.RestDocsTestExecutionListener@143c659f, org.springframework.boot.test.autoconfigure.web.client.MockRestServiceServerResetTestExecutionListener@1f0dcb62]
00:32:35.411 [Test worker] DEBUG com.athaydes.spockframework.report.SpecInfoListener - Before spec: eMarket.SecurityTests
00:32:35.415 [Test worker] DEBUG org.springframework.test.context.support.AbstractDirtiesContextTestExecutionListener - Before test class: context [DefaultTestContext@6c551e84 testClass = SecurityTests, testInstance = [null], testMethod = [null], testException = [null], mergedContextConfiguration = [WebMergedContextConfiguration@35f158fe testClass = SecurityTests, locations = '{}', classes = '{class eMarket.EMarketApp, class eMarket.DbConfig, class eMarket.SecurityConfig, class eMarket.WebConfig, class eMarket.controller.SignupController, class eMarket.controller.LoginController, class eMarket.controller.IndexController, class eMarket.controller.DealController, class eMarket.controller.OrderController, class eMarket.services.CustomUserDetailsService, class eMarket.EMarketApp, class eMarket.DbConfig, class eMarket.SecurityConfig, class eMarket.WebConfig, class eMarket.controller.SignupController, class eMarket.controller.LoginController, class eMarket.controller.IndexController, class eMarket.controller.DealController, class eMarket.controller.OrderController, class eMarket.services.CustomUserDetailsService}', contextInitializerClasses = '[]', activeProfiles = '{}', propertySourceLocations = '{}', propertySourceProperties = '{org.springframework.boot.test.context.SpringBootTestContextBootstrapper=true}', contextCustomizers = set[[ImportsContextCustomizer@63e9fa9e key = [org.springframework.boot.test.autoconfigure.web.servlet.MockMvcAutoConfiguration, org.springframework.boot.test.autoconfigure.web.servlet.MockMvcSecurityAutoConfiguration, org.springframework.boot.test.autoconfigure.web.servlet.MockMvcWebClientAutoConfiguration, org.springframework.boot.test.autoconfigure.web.servlet.MockMvcWebDriverAutoConfiguration]], org.springframework.boot.test.context.SpringBootTestContextCustomizer@9b8ba24, org.springframework.boot.test.context.filter.ExcludeFilterContextCustomizer@167c7fc8, org.springframework.boot.test.json.DuplicateJsonObjectContextCustomizerFactory$DuplicateJsonObjectContextCustomizer@7fd87640, org.springframework.boot.test.mock.mockito.MockitoContextCustomizer@6da35c4c, org.springframework.boot.test.autoconfigure.properties.PropertyMappingContextCustomizer@e7e84f8, org.springframework.boot.test.autoconfigure.web.servlet.WebDriverContextCustomizerFactory$Customizer@5659f805], resourceBasePath = 'src/main/webapp', contextLoader = 'org.springframework.boot.test.context.SpringBootContextLoader', parent = [null]]], class annotated with @DirtiesContext [false] with mode [null].
00:32:35.420 [Test worker] DEBUG com.athaydes.spockframework.report.SpecInfoListener - Before feature: secureChannel
00:32:35.429 [Test worker] DEBUG com.athaydes.spockframework.report.SpecInfoListener - Before iteration: secureChannel
00:32:35.431 [Test worker] DEBUG org.springframework.test.context.support.DependencyInjectionTestExecutionListener - Performing dependency injection for test context [[DefaultTestContext@6c551e84 testClass = SecurityTests, testInstance = eMarket.SecurityTests@5dd75bf1, testMethod = [null], testException = [null], mergedContextConfiguration = [WebMergedContextConfiguration@35f158fe testClass = SecurityTests, locations = '{}', classes = '{class eMarket.EMarketApp, class eMarket.DbConfig, class eMarket.SecurityConfig, class eMarket.WebConfig, class eMarket.controller.SignupController, class eMarket.controller.LoginController, class eMarket.controller.IndexController, class eMarket.controller.DealController, class eMarket.controller.OrderController, class eMarket.services.CustomUserDetailsService, class eMarket.EMarketApp, class eMarket.DbConfig, class eMarket.SecurityConfig, class eMarket.WebConfig, class eMarket.controller.SignupController, class eMarket.controller.LoginController, class eMarket.controller.IndexController, class eMarket.controller.DealController, class eMarket.controller.OrderController, class eMarket.services.CustomUserDetailsService}', contextInitializerClasses = '[]', activeProfiles = '{}', propertySourceLocations = '{}', propertySourceProperties = '{org.springframework.boot.test.context.SpringBootTestContextBootstrapper=true}', contextCustomizers = set[[ImportsContextCustomizer@63e9fa9e key = [org.springframework.boot.test.autoconfigure.web.servlet.MockMvcAutoConfiguration, org.springframework.boot.test.autoconfigure.web.servlet.MockMvcSecurityAutoConfiguration, org.springframework.boot.test.autoconfigure.web.servlet.MockMvcWebClientAutoConfiguration, org.springframework.boot.test.autoconfigure.web.servlet.MockMvcWebDriverAutoConfiguration]], org.springframework.boot.test.context.SpringBootTestContextCustomizer@9b8ba24, org.springframework.boot.test.context.filter.ExcludeFilterContextCustomizer@167c7fc8, org.springframework.boot.test.json.DuplicateJsonObjectContextCustomizerFactory$DuplicateJsonObjectContextCustomizer@7fd87640, org.springframework.boot.test.mock.mockito.MockitoContextCustomizer@6da35c4c, org.springframework.boot.test.autoconfigure.properties.PropertyMappingContextCustomizer@e7e84f8, org.springframework.boot.test.autoconfigure.web.servlet.WebDriverContextCustomizerFactory$Customizer@5659f805], resourceBasePath = 'src/main/webapp', contextLoader = 'org.springframework.boot.test.context.SpringBootContextLoader', parent = [null]]]].
00:32:35.503 [Test worker] DEBUG org.springframework.core.env.StandardEnvironment - Adding [systemProperties] PropertySource with lowest search precedence
00:32:35.503 [Test worker] DEBUG org.springframework.core.env.StandardEnvironment - Adding [systemEnvironment] PropertySource with lowest search precedence
00:32:35.504 [Test worker] DEBUG org.springframework.core.env.StandardEnvironment - Initialized StandardEnvironment with PropertySources [systemProperties,systemEnvironment]
00:32:35.505 [Test worker] DEBUG org.springframework.test.context.support.TestPropertySourceUtils - Adding inlined properties to environment: {spring.jmx.enabled=false, org.springframework.boot.test.context.SpringBootTestContextBootstrapper=true}
00:32:35.506 [Test worker] DEBUG org.springframework.core.env.StandardEnvironment - Adding [Inlined Test Properties] PropertySource with highest search precedence

  .   ____          _            __ _ _
 /\\ / ___'_ __ _ _(_)_ __  __ _ \ \ \ \
( ( )\___ | '_ | '_| | '_ \/ _` | \ \ \ \
 \\/  ___)| |_)| | | | | || (_| |  ) ) ) )
  '  |____| .__|_| |_|_| |_\__, | / / / /
 =========|_|==============|___/=/_/_/_/
 :: Spring Boot ::        (v1.5.6.RELEASE)

2017-12-18 00:32:35.881  INFO 47679 --- [    Test worker] eMarket.SecurityTests                    : Starting SecurityTests on pc1276 with PID 47679 (/Users/ab373/Documents/ArturData/WORK/ECLIPSE/LECTURES/2017-18/CO2006_marking/sprint4_marking/CO2006-17-18-11p5/sprint4/miniproject.security/build/classes/test started by ab373 in /Users/ab373/Documents/ArturData/WORK/ECLIPSE/LECTURES/2017-18/CO2006_marking/sprint4_marking/CO2006-17-18-11p5/sprint4/miniproject.security)
2017-12-18 00:32:35.883  INFO 47679 --- [    Test worker] eMarket.SecurityTests                    : No active profile set, falling back to default profiles: default
2017-12-18 00:32:35.934  INFO 47679 --- [    Test worker] ationConfigEmbeddedWebApplicationContext : Refreshing org.springframework.boot.context.embedded.AnnotationConfigEmbeddedWebApplicationContext@f039341: startup date [Mon Dec 18 00:32:35 GMT 2017]; root of context hierarchy
2017-12-18 00:32:38.138  INFO 47679 --- [    Test worker] s.b.c.e.t.TomcatEmbeddedServletContainer : Tomcat initialized with port(s): 8090 (https)
2017-12-18 00:32:38.155  INFO 47679 --- [    Test worker] o.apache.catalina.core.StandardService   : Starting service [Tomcat]
2017-12-18 00:32:38.157  INFO 47679 --- [    Test worker] org.apache.catalina.core.StandardEngine  : Starting Servlet Engine: Apache Tomcat/8.5.16
2017-12-18 00:32:38.426  INFO 47679 --- [ost-startStop-1] org.apache.jasper.servlet.TldScanner     : At least one JAR was scanned for TLDs yet contained no TLDs. Enable debug logging for this logger for a complete list of JARs that were scanned but no TLDs were found in them. Skipping unneeded JARs during scanning can improve startup time and JSP compilation time.
2017-12-18 00:32:38.433  INFO 47679 --- [ost-startStop-1] o.a.c.c.C.[Tomcat].[localhost].[/]       : Initializing Spring embedded WebApplicationContext
2017-12-18 00:32:38.433  INFO 47679 --- [ost-startStop-1] o.s.web.context.ContextLoader            : Root WebApplicationContext: initialization completed in 2501 ms
2017-12-18 00:32:38.643  INFO 47679 --- [ost-startStop-1] o.s.b.w.servlet.FilterRegistrationBean   : Mapping filter: 'characterEncodingFilter' to: [/*]
2017-12-18 00:32:38.644  INFO 47679 --- [ost-startStop-1] o.s.b.w.servlet.FilterRegistrationBean   : Mapping filter: 'hiddenHttpMethodFilter' to: [/*]
2017-12-18 00:32:38.644  INFO 47679 --- [ost-startStop-1] o.s.b.w.servlet.FilterRegistrationBean   : Mapping filter: 'httpPutFormContentFilter' to: [/*]
2017-12-18 00:32:38.644  INFO 47679 --- [ost-startStop-1] o.s.b.w.servlet.FilterRegistrationBean   : Mapping filter: 'requestContextFilter' to: [/*]
2017-12-18 00:32:38.647  INFO 47679 --- [ost-startStop-1] .s.DelegatingFilterProxyRegistrationBean : Mapping filter: 'springSecurityFilterChain' to: [/*]
2017-12-18 00:32:38.647  INFO 47679 --- [ost-startStop-1] o.s.b.w.servlet.ServletRegistrationBean  : Mapping servlet: 'dispatcherServlet' to [/]
2017-12-18 00:32:38.704  INFO 47679 --- [    Test worker] o.s.j.d.DriverManagerDataSource          : Loaded JDBC driver: com.mysql.jdbc.Driver
2017-12-18 00:32:39.186  INFO 47679 --- [    Test worker] j.LocalContainerEntityManagerFactoryBean : Building JPA container EntityManagerFactory for persistence unit 'default'
2017-12-18 00:32:39.208  INFO 47679 --- [    Test worker] o.hibernate.jpa.internal.util.LogHelper  : HHH000204: Processing PersistenceUnitInfo [
	name: default
	...]
2017-12-18 00:32:39.308  INFO 47679 --- [    Test worker] org.hibernate.Version                    : HHH000412: Hibernate Core {5.0.12.Final}
2017-12-18 00:32:39.310  INFO 47679 --- [    Test worker] org.hibernate.cfg.Environment            : HHH000206: hibernate.properties not found
2017-12-18 00:32:39.313  INFO 47679 --- [    Test worker] org.hibernate.cfg.Environment            : HHH000021: Bytecode provider name : javassist
2017-12-18 00:32:39.382  INFO 47679 --- [    Test worker] o.hibernate.annotations.common.Version   : HCANN000001: Hibernate Commons Annotations {5.0.1.Final}
2017-12-18 00:32:39.570  INFO 47679 --- [    Test worker] org.hibernate.dialect.Dialect            : HHH000400: Using dialect: org.hibernate.dialect.MySQL5Dialect
2017-12-18 00:32:40.421  INFO 47679 --- [    Test worker] org.hibernate.tool.hbm2ddl.SchemaExport  : HHH000227: Running hbm2ddl schema export
2017-12-18 00:32:40.437 ERROR 47679 --- [    Test worker] org.hibernate.tool.hbm2ddl.SchemaExport  : HHH000389: Unsuccessful: alter table users drop foreign key FK4c6vlshk8x83ifeoggi3exg3k
2017-12-18 00:32:40.437 ERROR 47679 --- [    Test worker] org.hibernate.tool.hbm2ddl.SchemaExport  : Table 'ab373.users' doesn't exist
2017-12-18 00:32:40.529  INFO 47679 --- [    Test worker] org.hibernate.tool.hbm2ddl.SchemaExport  : HHH000230: Schema export complete
2017-12-18 00:32:40.580  INFO 47679 --- [    Test worker] j.LocalContainerEntityManagerFactoryBean : Initialized JPA EntityManagerFactory for persistence unit 'default'
2017-12-18 00:32:41.434  INFO 47679 --- [    Test worker] o.s.s.w.a.c.ChannelProcessingFilter      : Validated configuration attributes
2017-12-18 00:32:41.468  INFO 47679 --- [    Test worker] o.s.s.web.DefaultSecurityFilterChain     : Creating filter chain: org.springframework.security.web.util.matcher.AnyRequestMatcher@1, [org.springframework.security.web.access.channel.ChannelProcessingFilter@d04dc12, org.springframework.security.web.context.request.async.WebAsyncManagerIntegrationFilter@3cecc03d, org.springframework.security.web.context.SecurityContextPersistenceFilter@71a614db, org.springframework.security.web.header.HeaderWriterFilter@3bf90911, org.springframework.security.web.authentication.logout.LogoutFilter@105a82eb, org.springframework.security.web.authentication.UsernamePasswordAuthenticationFilter@61d8688, org.springframework.security.web.savedrequest.RequestCacheAwareFilter@2323fa80, org.springframework.security.web.servletapi.SecurityContextHolderAwareRequestFilter@4b0969ab, org.springframework.security.web.authentication.AnonymousAuthenticationFilter@33950e6b, org.springframework.security.web.session.SessionManagementFilter@53a3c4f3, org.springframework.security.web.access.ExceptionTranslationFilter@293dfa5, org.springframework.security.web.access.intercept.FilterSecurityInterceptor@672aaa9d]
2017-12-18 00:32:41.532  INFO 47679 --- [    Test worker] o.a.c.c.C.[Tomcat].[localhost].[/]       : Initializing Spring FrameworkServlet ''
2017-12-18 00:32:41.532  INFO 47679 --- [    Test worker] o.s.t.web.servlet.TestDispatcherServlet  : FrameworkServlet '': initialization started
2017-12-18 00:32:41.617  INFO 47679 --- [    Test worker] s.w.s.m.m.a.RequestMappingHandlerMapping : Mapped &quot;{[/signup/],methods=[GET]}&quot; onto public java.lang.String eMarket.controller.SignupController.signup(eMarket.domain.UserInfo,org.springframework.ui.Model)
2017-12-18 00:32:41.618  INFO 47679 --- [    Test worker] s.w.s.m.m.a.RequestMappingHandlerMapping : Mapped &quot;{[/signup/add],methods=[POST],params=[add]}&quot; onto public java.lang.String eMarket.controller.SignupController.addNewUser(eMarket.domain.UserInfo,org.springframework.validation.BindingResult,org.springframework.ui.Model)
2017-12-18 00:32:41.618  INFO 47679 --- [    Test worker] s.w.s.m.m.a.RequestMappingHandlerMapping : Mapped &quot;{[/signup/add],methods=[POST],params=[cancel]}&quot; onto public java.lang.String eMarket.controller.SignupController.cancelNewUser(eMarket.domain.UserInfo,org.springframework.ui.Model)
2017-12-18 00:32:41.620  INFO 47679 --- [    Test worker] s.w.s.m.m.a.RequestMappingHandlerMapping : Mapped &quot;{[/login-form],methods=[GET]}&quot; onto public java.lang.String eMarket.controller.LoginController.login(eMarket.domain.UserInfoLogin)
2017-12-18 00:32:41.620  INFO 47679 --- [    Test worker] s.w.s.m.m.a.RequestMappingHandlerMapping : Mapped &quot;{[/],methods=[GET]}&quot; onto public java.lang.String eMarket.controller.LoginController.landing()
2017-12-18 00:32:41.620  INFO 47679 --- [    Test worker] s.w.s.m.m.a.RequestMappingHandlerMapping : Mapped &quot;{[/success-login],methods=[GET]}&quot; onto public java.lang.String eMarket.controller.LoginController.authenticate()
2017-12-18 00:32:41.621  INFO 47679 --- [    Test worker] s.w.s.m.m.a.RequestMappingHandlerMapping : Mapped &quot;{[/access-denied]}&quot; onto public java.lang.String eMarket.controller.LoginController.accessDenied()
2017-12-18 00:32:41.621  INFO 47679 --- [    Test worker] s.w.s.m.m.a.RequestMappingHandlerMapping : Mapped &quot;{[/system]}&quot; onto public java.lang.String eMarket.controller.IndexController.index(eMarket.controller.IndexFormDto)
2017-12-18 00:32:41.622  INFO 47679 --- [    Test worker] s.w.s.m.m.a.RequestMappingHandlerMapping : Mapped &quot;{[/setDate],methods=[POST]}&quot; onto public java.lang.String eMarket.controller.IndexController.setDate(eMarket.controller.IndexFormDto,org.springframework.validation.BindingResult,org.springframework.ui.Model)
2017-12-18 00:32:41.624  INFO 47679 --- [    Test worker] s.w.s.m.m.a.RequestMappingHandlerMapping : Mapped &quot;{[/deal/],methods=[GET]}&quot; onto public java.lang.String eMarket.controller.DealController.main(org.springframework.ui.Model)
2017-12-18 00:32:41.624  INFO 47679 --- [    Test worker] s.w.s.m.m.a.RequestMappingHandlerMapping : Mapped &quot;{[/deal/add],methods=[POST]}&quot; onto public java.lang.String eMarket.controller.DealController.dealAdd(eMarket.controller.DealFormDto,org.springframework.validation.BindingResult,org.springframework.ui.Model)
2017-12-18 00:32:41.625  INFO 47679 --- [    Test worker] s.w.s.m.m.a.RequestMappingHandlerMapping : Mapped &quot;{[/deal/delete],methods=[GET]}&quot; onto public java.lang.String eMarket.controller.DealController.dealDelete(int,org.springframework.ui.Model)
2017-12-18 00:32:41.627  INFO 47679 --- [    Test worker] s.w.s.m.m.a.RequestMappingHandlerMapping : Mapped &quot;{[/order]}&quot; onto public java.lang.String eMarket.controller.OrderController.order()
2017-12-18 00:32:41.627  INFO 47679 --- [    Test worker] s.w.s.m.m.a.RequestMappingHandlerMapping : Mapped &quot;{[/system/user]}&quot; onto public java.lang.String eMarket.controller.OrderController.user()
2017-12-18 00:32:41.628  INFO 47679 --- [    Test worker] s.w.s.m.m.a.RequestMappingHandlerMapping : Mapped &quot;{[/system/premium]}&quot; onto public java.lang.String eMarket.controller.OrderController.premium()
2017-12-18 00:32:41.628  INFO 47679 --- [    Test worker] s.w.s.m.m.a.RequestMappingHandlerMapping : Mapped &quot;{[/order/wishlist]}&quot; onto public java.lang.String eMarket.controller.OrderController.wishlist()
2017-12-18 00:32:41.630  INFO 47679 --- [    Test worker] s.w.s.m.m.a.RequestMappingHandlerMapping : Mapped &quot;{[/product/]}&quot; onto public java.lang.String eMarket.controller.ProductController.index(org.springframework.ui.Model)
2017-12-18 00:32:41.630  INFO 47679 --- [    Test worker] s.w.s.m.m.a.RequestMappingHandlerMapping : Mapped &quot;{[/product/productDetail],methods=[GET]}&quot; onto public java.lang.String eMarket.controller.ProductController.productDetail(eMarket.domain.Product,org.springframework.validation.BindingResult,int)
2017-12-18 00:32:41.630  INFO 47679 --- [    Test worker] s.w.s.m.m.a.RequestMappingHandlerMapping : Mapped &quot;{[/product/add],methods=[POST]}&quot; onto public java.lang.String eMarket.controller.ProductController.productMaster(eMarket.domain.Product,org.springframework.validation.BindingResult,org.springframework.ui.Model)
2017-12-18 00:32:41.631  INFO 47679 --- [    Test worker] s.w.s.m.m.a.RequestMappingHandlerMapping : Mapped &quot;{[/product/delete],methods=[GET]}&quot; onto public java.lang.String eMarket.controller.ProductController.productMaster(int,org.springframework.ui.Model)
2017-12-18 00:32:41.636  INFO 47679 --- [    Test worker] s.w.s.m.m.a.RequestMappingHandlerMapping : Mapped &quot;{[/error]}&quot; onto public org.springframework.http.ResponseEntity&lt;java.util.Map&lt;java.lang.String, java.lang.Object&gt;&gt; org.springframework.boot.autoconfigure.web.BasicErrorController.error(javax.servlet.http.HttpServletRequest)
2017-12-18 00:32:41.637  INFO 47679 --- [    Test worker] s.w.s.m.m.a.RequestMappingHandlerMapping : Mapped &quot;{[/error],produces=[text/html]}&quot; onto public org.springframework.web.servlet.ModelAndView org.springframework.boot.autoconfigure.web.BasicErrorController.errorHtml(javax.servlet.http.HttpServletRequest,javax.servlet.http.HttpServletResponse)
2017-12-18 00:32:41.686  INFO 47679 --- [    Test worker] o.s.w.s.handler.SimpleUrlHandlerMapping  : Mapped URL path [/resources/**] onto handler of type [class org.springframework.web.servlet.resource.ResourceHttpRequestHandler]
2017-12-18 00:32:41.686  INFO 47679 --- [    Test worker] o.s.w.s.handler.SimpleUrlHandlerMapping  : Mapped URL path [/webjars/**] onto handler of type [class org.springframework.web.servlet.resource.ResourceHttpRequestHandler]
2017-12-18 00:32:41.686  INFO 47679 --- [    Test worker] o.s.w.s.handler.SimpleUrlHandlerMapping  : Mapped URL path [/**] onto handler of type [class org.springframework.web.servlet.resource.ResourceHttpRequestHandler]
2017-12-18 00:32:41.703  INFO 47679 --- [    Test worker] o.s.w.s.handler.SimpleUrlHandlerMapping  : Mapped URL path [/**/favicon.ico] onto handler of type [class org.springframework.web.servlet.resource.ResourceHttpRequestHandler]
2017-12-18 00:32:41.810  INFO 47679 --- [    Test worker] s.w.s.m.m.a.RequestMappingHandlerAdapter : Looking for @ControllerAdvice: org.springframework.boot.context.embedded.AnnotationConfigEmbeddedWebApplicationContext@f039341: startup date [Mon Dec 18 00:32:35 GMT 2017]; root of context hierarchy
2017-12-18 00:32:41.907  INFO 47679 --- [    Test worker] o.s.t.web.servlet.TestDispatcherServlet  : FrameworkServlet '': initialization completed in 375 ms
2017-12-18 00:32:42.540  INFO 47679 --- [    Test worker] s.b.c.e.t.TomcatEmbeddedServletContainer : Tomcat started on port(s): 8090 (https)
2017-12-18 00:32:42.562  INFO 47679 --- [    Test worker] eMarket.SecurityTests                    : Started SecurityTests in 7.052 seconds (JVM running for 9.313)
2017-12-18 00:32:42.617  INFO 47679 --- [    Test worker] o.a.c.c.C.[Tomcat].[localhost].[/]       : Initializing Spring FrameworkServlet ''
2017-12-18 00:32:42.617  INFO 47679 --- [    Test worker] o.s.t.web.servlet.TestDispatcherServlet  : FrameworkServlet '': initialization started
2017-12-18 00:32:42.620  INFO 47679 --- [    Test worker] o.s.t.web.servlet.TestDispatcherServlet  : FrameworkServlet '': initialization completed in 3 ms
2017-12-18 00:32:43.001  INFO 47679 --- [    Test worker] o.a.c.c.C.[Tomcat].[localhost].[/]       : Initializing Spring FrameworkServlet ''
2017-12-18 00:32:43.001  INFO 47679 --- [    Test worker] o.s.t.web.servlet.TestDispatcherServlet  : FrameworkServlet '': initialization started
2017-12-18 00:32:43.004  INFO 47679 --- [    Test worker] o.s.t.web.servlet.TestDispatcherServlet  : FrameworkServlet '': initialization completed in 3 ms
2017-12-18 00:32:43.301  INFO 47679 --- [    Test worker] o.a.c.c.C.[Tomcat].[localhost].[/]       : Initializing Spring FrameworkServlet ''
2017-12-18 00:32:43.301  INFO 47679 --- [    Test worker] o.s.t.web.servlet.TestDispatcherServlet  : FrameworkServlet '': initialization started
2017-12-18 00:32:43.304  INFO 47679 --- [    Test worker] o.s.t.web.servlet.TestDispatcherServlet  : FrameworkServlet '': initialization completed in 3 ms
2017-12-18 00:32:43.611  INFO 47679 --- [    Test worker] o.a.c.c.C.[Tomcat].[localhost].[/]       : Initializing Spring FrameworkServlet ''
2017-12-18 00:32:43.611  INFO 47679 --- [    Test worker] o.s.t.web.servlet.TestDispatcherServlet  : FrameworkServlet '': initialization started
2017-12-18 00:32:43.613  INFO 47679 --- [    Test worker] o.s.t.web.servlet.TestDispatcherServlet  : FrameworkServlet '': initialization completed in 2 ms
2017-12-18 00:32:43.932  INFO 47679 --- [    Test worker] o.a.c.c.C.[Tomcat].[localhost].[/]       : Initializing Spring FrameworkServlet ''
2017-12-18 00:32:43.932  INFO 47679 --- [    Test worker] o.s.t.web.servlet.TestDispatcherServlet  : FrameworkServlet '': initialization started
2017-12-18 00:32:43.935  INFO 47679 --- [    Test worker] o.s.t.web.servlet.TestDispatcherServlet  : FrameworkServlet '': initialization completed in 3 ms
2017-12-18 00:32:44.222  INFO 47679 --- [    Test worker] o.a.c.c.C.[Tomcat].[localhost].[/]       : Initializing Spring FrameworkServlet ''
2017-12-18 00:32:44.223  INFO 47679 --- [    Test worker] o.s.t.web.servlet.TestDispatcherServlet  : FrameworkServlet '': initialization started
2017-12-18 00:32:44.226  INFO 47679 --- [    Test worker] o.s.t.web.servlet.TestDispatcherServlet  : FrameworkServlet '': initialization completed in 3 ms
2017-12-18 00:32:44.504  INFO 47679 --- [    Test worker] o.a.c.c.C.[Tomcat].[localhost].[/]       : Initializing Spring FrameworkServlet ''
2017-12-18 00:32:44.504  INFO 47679 --- [    Test worker] o.s.t.web.servlet.TestDispatcherServlet  : FrameworkServlet '': initialization started
2017-12-18 00:32:44.506  INFO 47679 --- [    Test worker] o.s.t.web.servlet.TestDispatcherServlet  : FrameworkServlet '': initialization completed in 2 ms
2017-12-18 00:32:44.778  INFO 47679 --- [    Test worker] o.a.c.c.C.[Tomcat].[localhost].[/]       : Initializing Spring FrameworkServlet ''
2017-12-18 00:32:44.778  INFO 47679 --- [    Test worker] o.s.t.web.servlet.TestDispatcherServlet  : FrameworkServlet '': initialization started
2017-12-18 00:32:44.781  INFO 47679 --- [    Test worker] o.s.t.web.servlet.TestDispatcherServlet  : FrameworkServlet '': initialization completed in 3 ms
2017-12-18 00:32:45.062  INFO 47679 --- [    Test worker] o.a.c.c.C.[Tomcat].[localhost].[/]       : Initializing Spring FrameworkServlet ''
2017-12-18 00:32:45.062  INFO 47679 --- [    Test worker] o.s.t.web.servlet.TestDispatcherServlet  : FrameworkServlet '': initialization started
2017-12-18 00:32:45.065  INFO 47679 --- [    Test worker] o.s.t.web.servlet.TestDispatcherServlet  : FrameworkServlet '': initialization completed in 3 ms
2017-12-18 00:32:45.342  INFO 47679 --- [    Test worker] o.a.c.c.C.[Tomcat].[localhost].[/]       : Initializing Spring FrameworkServlet ''
2017-12-18 00:32:45.342  INFO 47679 --- [    Test worker] o.s.t.web.servlet.TestDispatcherServlet  : FrameworkServlet '': initialization started
2017-12-18 00:32:45.344  INFO 47679 --- [    Test worker] o.s.t.web.servlet.TestDispatcherServlet  : FrameworkServlet '': initialization completed in 2 ms
2017-12-18 00:32:45.615  INFO 47679 --- [    Test worker] o.a.c.c.C.[Tomcat].[localhost].[/]       : Initializing Spring FrameworkServlet ''
2017-12-18 00:32:45.616  INFO 47679 --- [    Test worker] o.s.t.web.servlet.TestDispatcherServlet  : FrameworkServlet '': initialization started
2017-12-18 00:32:45.618  INFO 47679 --- [    Test worker] o.s.t.web.servlet.TestDispatcherServlet  : FrameworkServlet '': initialization completed in 2 ms
2017-12-18 00:32:45.900  INFO 47679 --- [    Test worker] o.a.c.c.C.[Tomcat].[localhost].[/]       : Initializing Spring FrameworkServlet ''
2017-12-18 00:32:45.901  INFO 47679 --- [    Test worker] o.s.t.web.servlet.TestDispatcherServlet  : FrameworkServlet '': initialization started
2017-12-18 00:32:45.903  INFO 47679 --- [    Test worker] o.s.t.web.servlet.TestDispatcherServlet  : FrameworkServlet '': initialization completed in 2 ms
2017-12-18 00:32:46.178  INFO 47679 --- [    Test worker] o.a.c.c.C.[Tomcat].[localhost].[/]       : Initializing Spring FrameworkServlet ''
2017-12-18 00:32:46.178  INFO 47679 --- [    Test worker] o.s.t.web.servlet.TestDispatcherServlet  : FrameworkServlet '': initialization started
2017-12-18 00:32:46.180  INFO 47679 --- [    Test worker] o.s.t.web.servlet.TestDispatcherServlet  : FrameworkServlet '': initialization completed in 2 ms
2017-12-18 00:32:46.464  INFO 47679 --- [    Test worker] o.a.c.c.C.[Tomcat].[localhost].[/]       : Initializing Spring FrameworkServlet ''
2017-12-18 00:32:46.465  INFO 47679 --- [    Test worker] o.s.t.web.servlet.TestDispatcherServlet  : FrameworkServlet '': initialization started
2017-12-18 00:32:46.467  INFO 47679 --- [    Test worker] o.s.t.web.servlet.TestDispatcherServlet  : FrameworkServlet '': initialization completed in 2 ms
2017-12-18 00:32:46.760  INFO 47679 --- [    Test worker] o.a.c.c.C.[Tomcat].[localhost].[/]       : Initializing Spring FrameworkServlet ''
2017-12-18 00:32:46.760  INFO 47679 --- [    Test worker] o.s.t.web.servlet.TestDispatcherServlet  : FrameworkServlet '': initialization started
2017-12-18 00:32:46.764  INFO 47679 --- [    Test worker] o.s.t.web.servlet.TestDispatcherServlet  : FrameworkServlet '': initialization completed in 3 ms
2017-12-18 00:32:47.061  INFO 47679 --- [    Test worker] o.a.c.c.C.[Tomcat].[localhost].[/]       : Initializing Spring FrameworkServlet ''
2017-12-18 00:32:47.061  INFO 47679 --- [    Test worker] o.s.t.web.servlet.TestDispatcherServlet  : FrameworkServlet '': initialization started
2017-12-18 00:32:47.064  INFO 47679 --- [    Test worker] o.s.t.web.servlet.TestDispatcherServlet  : FrameworkServlet '': initialization completed in 3 ms
2017-12-18 00:32:47.337  INFO 47679 --- [    Test worker] o.a.c.c.C.[Tomcat].[localhost].[/]       : Initializing Spring FrameworkServlet ''
2017-12-18 00:32:47.338  INFO 47679 --- [    Test worker] o.s.t.web.servlet.TestDispatcherServlet  : FrameworkServlet '': initialization started
2017-12-18 00:32:47.340  INFO 47679 --- [    Test worker] o.s.t.web.servlet.TestDispatcherServlet  : FrameworkServlet '': initialization completed in 2 ms
2017-12-18 00:32:47.597  INFO 47679 --- [    Test worker] o.a.c.c.C.[Tomcat].[localhost].[/]       : Initializing Spring FrameworkServlet ''
2017-12-18 00:32:47.597  INFO 47679 --- [    Test worker] o.s.t.web.servlet.TestDispatcherServlet  : FrameworkServlet '': initialization started
2017-12-18 00:32:47.599  INFO 47679 --- [    Test worker] o.s.t.web.servlet.TestDispatcherServlet  : FrameworkServlet '': initialization completed in 2 ms
2017-12-18 00:32:47.858  INFO 47679 --- [    Test worker] o.a.c.c.C.[Tomcat].[localhost].[/]       : Initializing Spring FrameworkServlet ''
2017-12-18 00:32:47.859  INFO 47679 --- [    Test worker] o.s.t.web.servlet.TestDispatcherServlet  : FrameworkServlet '': initialization started
2017-12-18 00:32:47.861  INFO 47679 --- [    Test worker] o.s.t.web.servlet.TestDispatcherServlet  : FrameworkServlet '': initialization completed in 2 ms
2017-12-18 00:32:48.123  INFO 47679 --- [    Test worker] o.a.c.c.C.[Tomcat].[localhost].[/]       : Initializing Spring FrameworkServlet ''
2017-12-18 00:32:48.123  INFO 47679 --- [    Test worker] o.s.t.web.servlet.TestDispatcherServlet  : FrameworkServlet '': initialization started
2017-12-18 00:32:48.125  INFO 47679 --- [    Test worker] o.s.t.web.servlet.TestDispatcherServlet  : FrameworkServlet '': initialization completed in 2 ms
2017-12-18 00:32:48.387  INFO 47679 --- [    Test worker] o.a.c.c.C.[Tomcat].[localhost].[/]       : Initializing Spring FrameworkServlet ''
2017-12-18 00:32:48.388  INFO 47679 --- [    Test worker] o.s.t.web.servlet.TestDispatcherServlet  : FrameworkServlet '': initialization started
2017-12-18 00:32:48.390  INFO 47679 --- [    Test worker] o.s.t.web.servlet.TestDispatcherServlet  : FrameworkServlet '': initialization completed in 2 ms
2017-12-18 00:32:48.650  INFO 47679 --- [    Test worker] o.a.c.c.C.[Tomcat].[localhost].[/]       : Initializing Spring FrameworkServlet ''
2017-12-18 00:32:48.650  INFO 47679 --- [    Test worker] o.s.t.web.servlet.TestDispatcherServlet  : FrameworkServlet '': initialization started
2017-12-18 00:32:48.652  INFO 47679 --- [    Test worker] o.s.t.web.servlet.TestDispatcherServlet  : FrameworkServlet '': initialization completed in 2 ms
changing date to 2017-12-18
2017-12-18 00:32:48.943  INFO 47679 --- [    Test worker] o.a.c.c.C.[Tomcat].[localhost].[/]       : Initializing Spring FrameworkServlet ''
2017-12-18 00:32:48.943  INFO 47679 --- [    Test worker] o.s.t.web.servlet.TestDispatcherServlet  : FrameworkServlet '': initialization started
2017-12-18 00:32:48.946  INFO 47679 --- [    Test worker] o.s.t.web.servlet.TestDispatcherServlet  : FrameworkServlet '': initialization completed in 3 ms
changing date to 2017-12-18
2017-12-18 00:32:49.213  INFO 47679 --- [    Test worker] o.a.c.c.C.[Tomcat].[localhost].[/]       : Initializing Spring FrameworkServlet ''
2017-12-18 00:32:49.213  INFO 47679 --- [    Test worker] o.s.t.web.servlet.TestDispatcherServlet  : FrameworkServlet '': initialization started
2017-12-18 00:32:49.215  INFO 47679 --- [    Test worker] o.s.t.web.servlet.TestDispatcherServlet  : FrameworkServlet '': initialization completed in 2 ms
2017-12-18 00:32:49.478  INFO 47679 --- [    Test worker] o.a.c.c.C.[Tomcat].[localhost].[/]       : Initializing Spring FrameworkServlet ''
2017-12-18 00:32:49.478  INFO 47679 --- [    Test worker] o.s.t.web.servlet.TestDispatcherServlet  : FrameworkServlet '': initialization started
2017-12-18 00:32:49.480  INFO 47679 --- [    Test worker] o.s.t.web.servlet.TestDispatcherServlet  : FrameworkServlet '': initialization completed in 2 ms
2017-12-18 00:32:49.758  INFO 47679 --- [    Test worker] o.a.c.c.C.[Tomcat].[localhost].[/]       : Initializing Spring FrameworkServlet ''
2017-12-18 00:32:49.759  INFO 47679 --- [    Test worker] o.s.t.web.servlet.TestDispatcherServlet  : FrameworkServlet '': initialization started
2017-12-18 00:32:49.761  INFO 47679 --- [    Test worker] o.s.t.web.servlet.TestDispatcherServlet  : FrameworkServlet '': initialization completed in 2 ms
2017-12-18 00:32:50.028  INFO 47679 --- [    Test worker] o.a.c.c.C.[Tomcat].[localhost].[/]       : Initializing Spring FrameworkServlet ''
2017-12-18 00:32:50.028  INFO 47679 --- [    Test worker] o.s.t.web.servlet.TestDispatcherServlet  : FrameworkServlet '': initialization started
2017-12-18 00:32:50.030  INFO 47679 --- [    Test worker] o.s.t.web.servlet.TestDispatcherServlet  : FrameworkServlet '': initialization completed in 2 ms
2017-12-18 00:32:50.303  INFO 47679 --- [    Test worker] o.a.c.c.C.[Tomcat].[localhost].[/]       : Initializing Spring FrameworkServlet ''
2017-12-18 00:32:50.303  INFO 47679 --- [    Test worker] o.s.t.web.servlet.TestDispatcherServlet  : FrameworkServlet '': initialization started
2017-12-18 00:32:50.305  INFO 47679 --- [    Test worker] o.s.t.web.servlet.TestDispatcherServlet  : FrameworkServlet '': initialization completed in 2 ms
2017-12-18 00:32:50.563  INFO 47679 --- [    Test worker] o.a.c.c.C.[Tomcat].[localhost].[/]       : Initializing Spring FrameworkServlet ''
2017-12-18 00:32:50.563  INFO 47679 --- [    Test worker] o.s.t.web.servlet.TestDispatcherServlet  : FrameworkServlet '': initialization started
2017-12-18 00:32:50.565  INFO 47679 --- [    Test worker] o.s.t.web.servlet.TestDispatcherServlet  : FrameworkServlet '': initialization completed in 2 ms
2017-12-18 00:32:50.830  INFO 47679 --- [    Test worker] o.a.c.c.C.[Tomcat].[localhost].[/]       : Initializing Spring FrameworkServlet ''
2017-12-18 00:32:50.830  INFO 47679 --- [    Test worker] o.s.t.web.servlet.TestDispatcherServlet  : FrameworkServlet '': initialization started
2017-12-18 00:32:50.832  INFO 47679 --- [    Test worker] o.s.t.web.servlet.TestDispatcherServlet  : FrameworkServlet '': initialization completed in 2 ms
2017-12-18 00:32:51.080  INFO 47679 --- [    Test worker] o.a.c.c.C.[Tomcat].[localhost].[/]       : Initializing Spring FrameworkServlet ''
2017-12-18 00:32:51.080  INFO 47679 --- [    Test worker] o.s.t.web.servlet.TestDispatcherServlet  : FrameworkServlet '': initialization started
2017-12-18 00:32:51.082  INFO 47679 --- [    Test worker] o.s.t.web.servlet.TestDispatcherServlet  : FrameworkServlet '': initialization completed in 2 ms
2017-12-18 00:32:51.351  INFO 47679 --- [    Test worker] o.a.c.c.C.[Tomcat].[localhost].[/]       : Initializing Spring FrameworkServlet ''
2017-12-18 00:32:51.352  INFO 47679 --- [    Test worker] o.s.t.web.servlet.TestDispatcherServlet  : FrameworkServlet '': initialization started
2017-12-18 00:32:51.354  INFO 47679 --- [    Test worker] o.s.t.web.servlet.TestDispatcherServlet  : FrameworkServlet '': initialization completed in 2 ms
2017-12-18 00:32:51.608  INFO 47679 --- [    Test worker] o.a.c.c.C.[Tomcat].[localhost].[/]       : Initializing Spring FrameworkServlet ''
2017-12-18 00:32:51.609  INFO 47679 --- [    Test worker] o.s.t.web.servlet.TestDispatcherServlet  : FrameworkServlet '': initialization started
2017-12-18 00:32:51.611  INFO 47679 --- [    Test worker] o.s.t.web.servlet.TestDispatcherServlet  : FrameworkServlet '': initialization completed in 2 ms
2017-12-18 00:32:51.849  INFO 47679 --- [    Test worker] o.a.c.c.C.[Tomcat].[localhost].[/]       : Initializing Spring FrameworkServlet ''
2017-12-18 00:32:51.849  INFO 47679 --- [    Test worker] o.s.t.web.servlet.TestDispatcherServlet  : FrameworkServlet '': initialization started
2017-12-18 00:32:51.851  INFO 47679 --- [    Test worker] o.s.t.web.servlet.TestDispatcherServlet  : FrameworkServlet '': initialization completed in 2 ms
2017-12-18 00:32:52.112  INFO 47679 --- [    Test worker] o.a.c.c.C.[Tomcat].[localhost].[/]       : Initializing Spring FrameworkServlet ''
2017-12-18 00:32:52.112  INFO 47679 --- [    Test worker] o.s.t.web.servlet.TestDispatcherServlet  : FrameworkServlet '': initialization started
2017-12-18 00:32:52.114  INFO 47679 --- [    Test worker] o.s.t.web.servlet.TestDispatcherServlet  : FrameworkServlet '': initialization completed in 2 ms
2017-12-18 00:32:52.377  INFO 47679 --- [    Test worker] o.a.c.c.C.[Tomcat].[localhost].[/]       : Initializing Spring FrameworkServlet ''
2017-12-18 00:32:52.377  INFO 47679 --- [    Test worker] o.s.t.web.servlet.TestDispatcherServlet  : FrameworkServlet '': initialization started
2017-12-18 00:32:52.379  INFO 47679 --- [    Test worker] o.s.t.web.servlet.TestDispatcherServlet  : FrameworkServlet '': initialization completed in 2 ms
2017-12-18 00:32:52.670  INFO 47679 --- [    Test worker] o.h.h.i.QueryTranslatorFactoryInitiator  : HHH000397: Using ASTQueryTranslatorFactory
2017-12-18 00:32:52.839  INFO 47679 --- [    Test worker] o.a.c.c.C.[Tomcat].[localhost].[/]       : Initializing Spring FrameworkServlet ''
2017-12-18 00:32:52.840  INFO 47679 --- [    Test worker] o.s.t.web.servlet.TestDispatcherServlet  : FrameworkServlet '': initialization started
2017-12-18 00:32:52.842  INFO 47679 --- [    Test worker] o.s.t.web.servlet.TestDispatcherServlet  : FrameworkServlet '': initialization completed in 2 ms
2017-12-18 00:32:53.088  INFO 47679 --- [    Test worker] o.a.c.c.C.[Tomcat].[localhost].[/]       : Initializing Spring FrameworkServlet ''
2017-12-18 00:32:53.088  INFO 47679 --- [    Test worker] o.s.t.web.servlet.TestDispatcherServlet  : FrameworkServlet '': initialization started
2017-12-18 00:32:53.090  INFO 47679 --- [    Test worker] o.s.t.web.servlet.TestDispatcherServlet  : FrameworkServlet '': initialization completed in 2 ms
2017-12-18 00:32:53.342  INFO 47679 --- [    Test worker] o.a.c.c.C.[Tomcat].[localhost].[/]       : Initializing Spring FrameworkServlet ''
2017-12-18 00:32:53.342  INFO 47679 --- [    Test worker] o.s.t.web.servlet.TestDispatcherServlet  : FrameworkServlet '': initialization started
2017-12-18 00:32:53.344  INFO 47679 --- [    Test worker] o.s.t.web.servlet.TestDispatcherServlet  : FrameworkServlet '': initialization completed in 2 ms
2017-12-18 00:32:53.612  INFO 47679 --- [    Test worker] o.a.c.c.C.[Tomcat].[localhost].[/]       : Initializing Spring FrameworkServlet ''
2017-12-18 00:32:53.612  INFO 47679 --- [    Test worker] o.s.t.web.servlet.TestDispatcherServlet  : FrameworkServlet '': initialization started
2017-12-18 00:32:53.614  INFO 47679 --- [    Test worker] o.s.t.web.servlet.TestDispatcherServlet  : FrameworkServlet '': initialization completed in 2 ms
2017-12-18 00:32:53.870  INFO 47679 --- [    Test worker] o.a.c.c.C.[Tomcat].[localhost].[/]       : Initializing Spring FrameworkServlet ''
2017-12-18 00:32:53.870  INFO 47679 --- [    Test worker] o.s.t.web.servlet.TestDispatcherServlet  : FrameworkServlet '': initialization started
2017-12-18 00:32:53.872  INFO 47679 --- [    Test worker] o.s.t.web.servlet.TestDispatcherServlet  : FrameworkServlet '': initialization completed in 2 ms
2017-12-18 00:32:54.106  INFO 47679 --- [    Test worker] o.a.c.c.C.[Tomcat].[localhost].[/]       : Initializing Spring FrameworkServlet ''
2017-12-18 00:32:54.106  INFO 47679 --- [    Test worker] o.s.t.web.servlet.TestDispatcherServlet  : FrameworkServlet '': initialization started
2017-12-18 00:32:54.109  INFO 47679 --- [    Test worker] o.s.t.web.servlet.TestDispatcherServlet  : FrameworkServlet '': initialization completed in 3 ms
2017-12-18 00:32:54.363  INFO 47679 --- [    Test worker] o.a.c.c.C.[Tomcat].[localhost].[/]       : Initializing Spring FrameworkServlet ''
2017-12-18 00:32:54.363  INFO 47679 --- [    Test worker] o.s.t.web.servlet.TestDispatcherServlet  : FrameworkServlet '': initialization started
2017-12-18 00:32:54.365  INFO 47679 --- [    Test worker] o.s.t.web.servlet.TestDispatcherServlet  : FrameworkServlet '': initialization completed in 2 ms
2017-12-18 00:32:54.622  INFO 47679 --- [    Test worker] o.a.c.c.C.[Tomcat].[localhost].[/]       : Initializing Spring FrameworkServlet ''
2017-12-18 00:32:54.623  INFO 47679 --- [    Test worker] o.s.t.web.servlet.TestDispatcherServlet  : FrameworkServlet '': initialization started
2017-12-18 00:32:54.625  INFO 47679 --- [    Test worker] o.s.t.web.servlet.TestDispatcherServlet  : FrameworkServlet '': initialization completed in 2 ms
2017-12-18 00:32:54.885  INFO 47679 --- [    Test worker] o.a.c.c.C.[Tomcat].[localhost].[/]       : Initializing Spring FrameworkServlet ''
2017-12-18 00:32:54.885  INFO 47679 --- [    Test worker] o.s.t.web.servlet.TestDispatcherServlet  : FrameworkServlet '': initialization started
2017-12-18 00:32:54.888  INFO 47679 --- [    Test worker] o.s.t.web.servlet.TestDispatcherServlet  : FrameworkServlet '': initialization completed in 3 ms
2017-12-18 00:32:55.137  INFO 47679 --- [    Test worker] o.a.c.c.C.[Tomcat].[localhost].[/]       : Initializing Spring FrameworkServlet ''
2017-12-18 00:32:55.138  INFO 47679 --- [    Test worker] o.s.t.web.servlet.TestDispatcherServlet  : FrameworkServlet '': initialization started
2017-12-18 00:32:55.140  INFO 47679 --- [    Test worker] o.s.t.web.servlet.TestDispatcherServlet  : FrameworkServlet '': initialization completed in 2 ms
2017-12-18 00:32:55.392  INFO 47679 --- [    Test worker] o.a.c.c.C.[Tomcat].[localhost].[/]       : Initializing Spring FrameworkServlet ''
2017-12-18 00:32:55.392  INFO 47679 --- [    Test worker] o.s.t.web.servlet.TestDispatcherServlet  : FrameworkServlet '': initialization started
2017-12-18 00:32:55.394  INFO 47679 --- [    Test worker] o.s.t.web.servlet.TestDispatcherServlet  : FrameworkServlet '': initialization completed in 2 ms
2017-12-18 00:32:55.645  INFO 47679 --- [    Test worker] o.a.c.c.C.[Tomcat].[localhost].[/]       : Initializing Spring FrameworkServlet ''
2017-12-18 00:32:55.645  INFO 47679 --- [    Test worker] o.s.t.web.servlet.TestDispatcherServlet  : FrameworkServlet '': initialization started
2017-12-18 00:32:55.647  INFO 47679 --- [    Test worker] o.s.t.web.servlet.TestDispatcherServlet  : FrameworkServlet '': initialization completed in 2 ms
2017-12-18 00:32:55.904  INFO 47679 --- [    Test worker] o.a.c.c.C.[Tomcat].[localhost].[/]       : Initializing Spring FrameworkServlet ''
2017-12-18 00:32:55.904  INFO 47679 --- [    Test worker] o.s.t.web.servlet.TestDispatcherServlet  : FrameworkServlet '': initialization started
2017-12-18 00:32:55.906  INFO 47679 --- [    Test worker] o.s.t.web.servlet.TestDispatcherServlet  : FrameworkServlet '': initialization completed in 2 ms
2017-12-18 00:32:56.165  INFO 47679 --- [    Test worker] o.a.c.c.C.[Tomcat].[localhost].[/]       : Initializing Spring FrameworkServlet ''
2017-12-18 00:32:56.165  INFO 47679 --- [    Test worker] o.s.t.web.servlet.TestDispatcherServlet  : FrameworkServlet '': initialization started
2017-12-18 00:32:56.167  INFO 47679 --- [    Test worker] o.s.t.web.servlet.TestDispatcherServlet  : FrameworkServlet '': initialization completed in 2 ms
2017-12-18 00:32:56.438  INFO 47679 --- [    Test worker] o.a.c.c.C.[Tomcat].[localhost].[/]       : Initializing Spring FrameworkServlet ''
2017-12-18 00:32:56.438  INFO 47679 --- [    Test worker] o.s.t.web.servlet.TestDispatcherServlet  : FrameworkServlet '': initialization started
2017-12-18 00:32:56.440  INFO 47679 --- [    Test worker] o.s.t.web.servlet.TestDispatcherServlet  : FrameworkServlet '': initialization completed in 2 ms
2017-12-18 00:32:56.703  INFO 47679 --- [    Test worker] o.a.c.c.C.[Tomcat].[localhost].[/]       : Initializing Spring FrameworkServlet ''
2017-12-18 00:32:56.703  INFO 47679 --- [    Test worker] o.s.t.web.servlet.TestDispatcherServlet  : FrameworkServlet '': initialization started
2017-12-18 00:32:56.705  INFO 47679 --- [    Test worker] o.s.t.web.servlet.TestDispatcherServlet  : FrameworkServlet '': initialization completed in 2 ms
2017-12-18 00:32:56.954  INFO 47679 --- [    Test worker] o.a.c.c.C.[Tomcat].[localhost].[/]       : Initializing Spring FrameworkServlet ''
2017-12-18 00:32:56.955  INFO 47679 --- [    Test worker] o.s.t.web.servlet.TestDispatcherServlet  : FrameworkServlet '': initialization started
2017-12-18 00:32:56.957  INFO 47679 --- [    Test worker] o.s.t.web.servlet.TestDispatcherServlet  : FrameworkServlet '': initialization completed in 2 ms
2017-12-18 00:32:57.223  INFO 47679 --- [    Test worker] o.a.c.c.C.[Tomcat].[localhost].[/]       : Initializing Spring FrameworkServlet ''
2017-12-18 00:32:57.224  INFO 47679 --- [    Test worker] o.s.t.web.servlet.TestDispatcherServlet  : FrameworkServlet '': initialization started
2017-12-18 00:32:57.226  INFO 47679 --- [    Test worker] o.s.t.web.servlet.TestDispatcherServlet  : FrameworkServlet '': initialization completed in 2 ms
2017-12-18 00:32:57.482  INFO 47679 --- [    Test worker] o.a.c.c.C.[Tomcat].[localhost].[/]       : Initializing Spring FrameworkServlet ''
2017-12-18 00:32:57.482  INFO 47679 --- [    Test worker] o.s.t.web.servlet.TestDispatcherServlet  : FrameworkServlet '': initialization started
2017-12-18 00:32:57.484  INFO 47679 --- [    Test worker] o.s.t.web.servlet.TestDispatcherServlet  : FrameworkServlet '': initialization completed in 2 ms
2017-12-18 00:32:57.750  INFO 47679 --- [    Test worker] o.a.c.c.C.[Tomcat].[localhost].[/]       : Initializing Spring FrameworkServlet ''
2017-12-18 00:32:57.750  INFO 47679 --- [    Test worker] o.s.t.web.servlet.TestDispatcherServlet  : FrameworkServlet '': initialization started
2017-12-18 00:32:57.752  INFO 47679 --- [    Test worker] o.s.t.web.servlet.TestDispatcherServlet  : FrameworkServlet '': initialization completed in 2 ms
2017-12-18 00:32:57.997  INFO 47679 --- [    Test worker] o.a.c.c.C.[Tomcat].[localhost].[/]       : Initializing Spring FrameworkServlet ''
2017-12-18 00:32:57.997  INFO 47679 --- [    Test worker] o.s.t.web.servlet.TestDispatcherServlet  : FrameworkServlet '': initialization started
2017-12-18 00:32:58.000  INFO 47679 --- [    Test worker] o.s.t.web.servlet.TestDispatcherServlet  : FrameworkServlet '': initialization completed in 2 ms
2017-12-18 00:32:58.253  INFO 47679 --- [    Test worker] o.a.c.c.C.[Tomcat].[localhost].[/]       : Initializing Spring FrameworkServlet ''
2017-12-18 00:32:58.253  INFO 47679 --- [    Test worker] o.s.t.web.servlet.TestDispatcherServlet  : FrameworkServlet '': initialization started
2017-12-18 00:32:58.256  INFO 47679 --- [    Test worker] o.s.t.web.servlet.TestDispatcherServlet  : FrameworkServlet '': initialization completed in 3 ms
2017-12-18 00:32:58.526  INFO 47679 --- [    Test worker] o.a.c.c.C.[Tomcat].[localhost].[/]       : Initializing Spring FrameworkServlet ''
2017-12-18 00:32:58.526  INFO 47679 --- [    Test worker] o.s.t.web.servlet.TestDispatcherServlet  : FrameworkServlet '': initialization started
2017-12-18 00:32:58.528  INFO 47679 --- [    Test worker] o.s.t.web.servlet.TestDispatcherServlet  : FrameworkServlet '': initialization completed in 2 ms
2017-12-18 00:32:58.787  INFO 47679 --- [    Test worker] o.a.c.c.C.[Tomcat].[localhost].[/]       : Initializing Spring FrameworkServlet ''
2017-12-18 00:32:58.787  INFO 47679 --- [    Test worker] o.s.t.web.servlet.TestDispatcherServlet  : FrameworkServlet '': initialization started
2017-12-18 00:32:58.789  INFO 47679 --- [    Test worker] o.s.t.web.servlet.TestDispatcherServlet  : FrameworkServlet '': initialization completed in 2 ms
2017-12-18 00:32:59.039  INFO 47679 --- [    Test worker] o.a.c.c.C.[Tomcat].[localhost].[/]       : Initializing Spring FrameworkServlet ''
2017-12-18 00:32:59.039  INFO 47679 --- [    Test worker] o.s.t.web.servlet.TestDispatcherServlet  : FrameworkServlet '': initialization started
2017-12-18 00:32:59.041  INFO 47679 --- [    Test worker] o.s.t.web.servlet.TestDispatcherServlet  : FrameworkServlet '': initialization completed in 2 ms
2017-12-18 00:32:59.305  INFO 47679 --- [    Test worker] o.a.c.c.C.[Tomcat].[localhost].[/]       : Initializing Spring FrameworkServlet ''
2017-12-18 00:32:59.306  INFO 47679 --- [    Test worker] o.s.t.web.servlet.TestDispatcherServlet  : FrameworkServlet '': initialization started
2017-12-18 00:32:59.308  INFO 47679 --- [    Test worker] o.s.t.web.servlet.TestDispatcherServlet  : FrameworkServlet '': initialization completed in 2 ms
2017-12-18 00:32:59.582  INFO 47679 --- [    Test worker] o.a.c.c.C.[Tomcat].[localhost].[/]       : Initializing Spring FrameworkServlet ''
2017-12-18 00:32:59.582  INFO 47679 --- [    Test worker] o.s.t.web.servlet.TestDispatcherServlet  : FrameworkServlet '': initialization started
2017-12-18 00:32:59.584  INFO 47679 --- [    Test worker] o.s.t.web.servlet.TestDispatcherServlet  : FrameworkServlet '': initialization completed in 2 ms
2017-12-18 00:32:59.831  INFO 47679 --- [    Test worker] o.a.c.c.C.[Tomcat].[localhost].[/]       : Initializing Spring FrameworkServlet ''
2017-12-18 00:32:59.831  INFO 47679 --- [    Test worker] o.s.t.web.servlet.TestDispatcherServlet  : FrameworkServlet '': initialization started
2017-12-18 00:32:59.833  INFO 47679 --- [    Test worker] o.s.t.web.servlet.TestDispatcherServlet  : FrameworkServlet '': initialization completed in 2 ms
2017-12-18 00:33:00.083  INFO 47679 --- [    Test worker] o.a.c.c.C.[Tomcat].[localhost].[/]       : Initializing Spring FrameworkServlet ''
2017-12-18 00:33:00.083  INFO 47679 --- [    Test worker] o.s.t.web.servlet.TestDispatcherServlet  : FrameworkServlet '': initialization started
2017-12-18 00:33:00.085  INFO 47679 --- [    Test worker] o.s.t.web.servlet.TestDispatcherServlet  : FrameworkServlet '': initialization completed in 2 ms
2017-12-18 00:33:00.339  INFO 47679 --- [    Test worker] o.a.c.c.C.[Tomcat].[localhost].[/]       : Initializing Spring FrameworkServlet ''
2017-12-18 00:33:00.339  INFO 47679 --- [    Test worker] o.s.t.web.servlet.TestDispatcherServlet  : FrameworkServlet '': initialization started
2017-12-18 00:33:00.341  INFO 47679 --- [    Test worker] o.s.t.web.servlet.TestDispatcherServlet  : FrameworkServlet '': initialization completed in 2 ms
</pre>
</span>
</div>
</div>
<div id="footer">
<p>
<div>
<label class="hidden" id="label-for-line-wrapping-toggle" for="line-wrapping-toggle">Wrap lines
<input id="line-wrapping-toggle" type="checkbox" autocomplete="off"/>
</label>
</div>Generated by 
<a href="http://www.gradle.org">Gradle 3.5</a> at 18-Dec-2017 00:33:01</p>
</div>
</div>
</body>
</html>
