<!DOCTYPE html>
<html>
<head>
<meta http-equiv="Content-Type" content="text/html; charset=utf-8"/>
<meta http-equiv="x-ua-compatible" content="IE=edge"/>
<title>Test results - Class eMarket.SecurityTests</title>
<link href="../css/base-style.css" rel="stylesheet" type="text/css"/>
<link href="../css/style.css" rel="stylesheet" type="text/css"/>
<script src="../js/report.js" type="text/javascript"></script>
</head>
<body>
<div id="content">
<h1>Class eMarket.SecurityTests</h1>
<div class="breadcrumbs">
<a href="../index.html">all</a> &gt; 
<a href="../packages/eMarket.html">eMarket</a> &gt; SecurityTests</div>
<div id="summary">
<table>
<tr>
<td>
<div class="summaryGroup">
<table>
<tr>
<td>
<div class="infoBox" id="tests">
<div class="counter">66</div>
<p>tests</p>
</div>
</td>
<td>
<div class="infoBox" id="failures">
<div class="counter">6</div>
<p>failures</p>
</div>
</td>
<td>
<div class="infoBox" id="ignored">
<div class="counter">0</div>
<p>ignored</p>
</div>
</td>
<td>
<div class="infoBox" id="duration">
<div class="counter">24.146s</div>
<p>duration</p>
</div>
</td>
</tr>
</table>
</div>
</td>
<td>
<div class="infoBox failures" id="successRate">
<div class="percent">90%</div>
<p>successful</p>
</div>
</td>
</tr>
</table>
</div>
<div id="tabs">
<ul class="tabLinks">
<li>
<a href="#tab0">Failed tests</a>
</li>
<li>
<a href="#tab1">Tests</a>
</li>
<li>
<a href="#tab2">Standard output</a>
</li>
</ul>
<div id="tab0" class="tab">
<h2>Failed tests</h2>
<div class="test">
<a name="authorization-37"></a>
<h3 class="failures">authorization-37</h3>
<span class="code">
<pre>Condition failed with Exception:

result.andExpect(status().is(statusCode)) .andExpect(authenticated().withUsername(username).withRoles(role))
|      |         |        |  |
|      |         |        |  403
|      |         |        org.springframework.test.web.servlet.result.StatusResultMatchers$2@6e12ffc8
|      |         org.springframework.test.web.servlet.result.StatusResultMatchers@7a3f3e0f
|      java.lang.AssertionError: Response status expected:&lt;403&gt; but was:&lt;200&gt;
org.springframework.test.web.servlet.MockMvc$1@1b280680

	at eMarket.SecurityTests.authorization-#testId(SecurityTests.groovy:134)
Caused by: java.lang.AssertionError: Response status expected:&lt;403&gt; but was:&lt;200&gt;
	at org.springframework.test.util.AssertionErrors.fail(AssertionErrors.java:54)
	at org.springframework.test.util.AssertionErrors.assertEquals(AssertionErrors.java:81)
	at org.springframework.test.web.servlet.result.StatusResultMatchers$2.match(StatusResultMatchers.java:69)
	at org.springframework.test.web.servlet.MockMvc$1.andExpect(MockMvc.java:171)
	at eMarket.SecurityTests.authorization-#testId(SecurityTests.groovy:133)
</pre>
</span>
</div>
<div class="test">
<a name="authorization-42"></a>
<h3 class="failures">authorization-42</h3>
<span class="code">
<pre>Condition failed with Exception:

result.andExpect(status().is(statusCode)) .andExpect(authenticated().withUsername(username).withRoles(role))
|      |         |        |  |
|      |         |        |  403
|      |         |        org.springframework.test.web.servlet.result.StatusResultMatchers$2@31ea446f
|      |         org.springframework.test.web.servlet.result.StatusResultMatchers@6f958e81
|      java.lang.AssertionError: Response status expected:&lt;403&gt; but was:&lt;200&gt;
org.springframework.test.web.servlet.MockMvc$1@2f57fb72

	at eMarket.SecurityTests.authorization-#testId(SecurityTests.groovy:134)
Caused by: java.lang.AssertionError: Response status expected:&lt;403&gt; but was:&lt;200&gt;
	at org.springframework.test.util.AssertionErrors.fail(AssertionErrors.java:54)
	at org.springframework.test.util.AssertionErrors.assertEquals(AssertionErrors.java:81)
	at org.springframework.test.web.servlet.result.StatusResultMatchers$2.match(StatusResultMatchers.java:69)
	at org.springframework.test.web.servlet.MockMvc$1.andExpect(MockMvc.java:171)
	at eMarket.SecurityTests.authorization-#testId(SecurityTests.groovy:133)
</pre>
</span>
</div>
<div class="test">
<a name="authorization-49"></a>
<h3 class="failures">authorization-49</h3>
<span class="code">
<pre>Condition failed with Exception:

result.andExpect(status().is(statusCode)) .andExpect(authenticated().withUsername(username).withRoles(role))
|      |         |        |  |
|      |         |        |  403
|      |         |        org.springframework.test.web.servlet.result.StatusResultMatchers$2@12d989
|      |         org.springframework.test.web.servlet.result.StatusResultMatchers@12926bef
|      java.lang.AssertionError: Response status expected:&lt;403&gt; but was:&lt;200&gt;
org.springframework.test.web.servlet.MockMvc$1@71b8808b

	at eMarket.SecurityTests.authorization-#testId(SecurityTests.groovy:134)
Caused by: java.lang.AssertionError: Response status expected:&lt;403&gt; but was:&lt;200&gt;
	at org.springframework.test.util.AssertionErrors.fail(AssertionErrors.java:54)
	at org.springframework.test.util.AssertionErrors.assertEquals(AssertionErrors.java:81)
	at org.springframework.test.web.servlet.result.StatusResultMatchers$2.match(StatusResultMatchers.java:69)
	at org.springframework.test.web.servlet.MockMvc$1.andExpect(MockMvc.java:171)
	at eMarket.SecurityTests.authorization-#testId(SecurityTests.groovy:133)
</pre>
</span>
</div>
<div class="test">
<a name="authorization-54"></a>
<h3 class="failures">authorization-54</h3>
<span class="code">
<pre>Condition failed with Exception:

result.andExpect(status().is(statusCode)) .andExpect(authenticated().withUsername(username).withRoles(role))
|      |         |        |  |
|      |         |        |  403
|      |         |        org.springframework.test.web.servlet.result.StatusResultMatchers$2@3850d8f3
|      |         org.springframework.test.web.servlet.result.StatusResultMatchers@476ead7f
|      java.lang.AssertionError: Response status expected:&lt;403&gt; but was:&lt;200&gt;
org.springframework.test.web.servlet.MockMvc$1@51a6f853

	at eMarket.SecurityTests.authorization-#testId(SecurityTests.groovy:134)
Caused by: java.lang.AssertionError: Response status expected:&lt;403&gt; but was:&lt;200&gt;
	at org.springframework.test.util.AssertionErrors.fail(AssertionErrors.java:54)
	at org.springframework.test.util.AssertionErrors.assertEquals(AssertionErrors.java:81)
	at org.springframework.test.web.servlet.result.StatusResultMatchers$2.match(StatusResultMatchers.java:69)
	at org.springframework.test.web.servlet.MockMvc$1.andExpect(MockMvc.java:171)
	at eMarket.SecurityTests.authorization-#testId(SecurityTests.groovy:133)
</pre>
</span>
</div>
<div class="test">
<a name="authorization-74"></a>
<h3 class="failures">authorization-74</h3>
<span class="code">
<pre>Condition failed with Exception:

result.andExpect(status().is(statusCode)) .andExpect(authenticated().withUsername(username).withRoles(role))
|      |         |        |  |
|      |         |        |  403
|      |         |        org.springframework.test.web.servlet.result.StatusResultMatchers$2@1d3519eb
|      |         org.springframework.test.web.servlet.result.StatusResultMatchers@53427e30
|      java.lang.AssertionError: Response status expected:&lt;403&gt; but was:&lt;200&gt;
org.springframework.test.web.servlet.MockMvc$1@6debb43e

	at eMarket.SecurityTests.authorization-#testId(SecurityTests.groovy:134)
Caused by: java.lang.AssertionError: Response status expected:&lt;403&gt; but was:&lt;200&gt;
	at org.springframework.test.util.AssertionErrors.fail(AssertionErrors.java:54)
	at org.springframework.test.util.AssertionErrors.assertEquals(AssertionErrors.java:81)
	at org.springframework.test.web.servlet.result.StatusResultMatchers$2.match(StatusResultMatchers.java:69)
	at org.springframework.test.web.servlet.MockMvc$1.andExpect(MockMvc.java:171)
	at eMarket.SecurityTests.authorization-#testId(SecurityTests.groovy:133)
</pre>
</span>
</div>
<div class="test">
<a name="authorization-75"></a>
<h3 class="failures">authorization-75</h3>
<span class="code">
<pre>Condition failed with Exception:

result.andExpect(status().is(statusCode)) .andExpect(authenticated().withUsername(username).withRoles(role))
|      |         |        |  |
|      |         |        |  403
|      |         |        org.springframework.test.web.servlet.result.StatusResultMatchers$2@34e79bae
|      |         org.springframework.test.web.servlet.result.StatusResultMatchers@60e8da00
|      java.lang.AssertionError: Response status expected:&lt;403&gt; but was:&lt;200&gt;
org.springframework.test.web.servlet.MockMvc$1@55276b0e

	at eMarket.SecurityTests.authorization-#testId(SecurityTests.groovy:134)
Caused by: java.lang.AssertionError: Response status expected:&lt;403&gt; but was:&lt;200&gt;
	at org.springframework.test.util.AssertionErrors.fail(AssertionErrors.java:54)
	at org.springframework.test.util.AssertionErrors.assertEquals(AssertionErrors.java:81)
	at org.springframework.test.web.servlet.result.StatusResultMatchers$2.match(StatusResultMatchers.java:69)
	at org.springframework.test.web.servlet.MockMvc$1.andExpect(MockMvc.java:171)
	at eMarket.SecurityTests.authorization-#testId(SecurityTests.groovy:133)
</pre>
</span>
</div>
</div>
<div id="tab1" class="tab">
<h2>Tests</h2>
<table>
<thead>
<tr>
<th>Test</th>
<th>Duration</th>
<th>Result</th>
</tr>
</thead>
<tr>
<td class="success">authentication-3</td>
<td>0.273s</td>
<td class="success">passed</td>
</tr>
<tr>
<td class="success">authentication-4</td>
<td>0.267s</td>
<td class="success">passed</td>
</tr>
<tr>
<td class="success">authorization-1</td>
<td>0.308s</td>
<td class="success">passed</td>
</tr>
<tr>
<td class="success">authorization-10</td>
<td>0.257s</td>
<td class="success">passed</td>
</tr>
<tr>
<td class="success">authorization-11</td>
<td>0.261s</td>
<td class="success">passed</td>
</tr>
<tr>
<td class="success">authorization-12</td>
<td>0.252s</td>
<td class="success">passed</td>
</tr>
<tr>
<td class="success">authorization-13</td>
<td>0.261s</td>
<td class="success">passed</td>
</tr>
<tr>
<td class="success">authorization-14</td>
<td>0.261s</td>
<td class="success">passed</td>
</tr>
<tr>
<td class="success">authorization-15</td>
<td>0.237s</td>
<td class="success">passed</td>
</tr>
<tr>
<td class="success">authorization-16</td>
<td>0.251s</td>
<td class="success">passed</td>
</tr>
<tr>
<td class="success">authorization-17</td>
<td>0.261s</td>
<td class="success">passed</td>
</tr>
<tr>
<td class="success">authorization-18</td>
<td>0.255s</td>
<td class="success">passed</td>
</tr>
<tr>
<td class="success">authorization-19</td>
<td>0.247s</td>
<td class="success">passed</td>
</tr>
<tr>
<td class="success">authorization-2</td>
<td>0.268s</td>
<td class="success">passed</td>
</tr>
<tr>
<td class="success">authorization-20</td>
<td>0.264s</td>
<td class="success">passed</td>
</tr>
<tr>
<td class="success">authorization-21</td>
<td>0.256s</td>
<td class="success">passed</td>
</tr>
<tr>
<td class="success">authorization-22</td>
<td>0.257s</td>
<td class="success">passed</td>
</tr>
<tr>
<td class="success">authorization-23</td>
<td>0.262s</td>
<td class="success">passed</td>
</tr>
<tr>
<td class="success">authorization-24</td>
<td>0.281s</td>
<td class="success">passed</td>
</tr>
<tr>
<td class="success">authorization-25</td>
<td>0.285s</td>
<td class="success">passed</td>
</tr>
<tr>
<td class="success">authorization-26</td>
<td>0.263s</td>
<td class="success">passed</td>
</tr>
<tr>
<td class="success">authorization-27</td>
<td>0.257s</td>
<td class="success">passed</td>
</tr>
<tr>
<td class="success">authorization-3</td>
<td>0.263s</td>
<td class="success">passed</td>
</tr>
<tr>
<td class="failures">authorization-37</td>
<td>0.281s</td>
<td class="failures">failed</td>
</tr>
<tr>
<td class="success">authorization-38</td>
<td>0.249s</td>
<td class="success">passed</td>
</tr>
<tr>
<td class="success">authorization-39</td>
<td>0.259s</td>
<td class="success">passed</td>
</tr>
<tr>
<td class="success">authorization-4</td>
<td>0.258s</td>
<td class="success">passed</td>
</tr>
<tr>
<td class="success">authorization-40</td>
<td>0.269s</td>
<td class="success">passed</td>
</tr>
<tr>
<td class="success">authorization-41</td>
<td>0.278s</td>
<td class="success">passed</td>
</tr>
<tr>
<td class="failures">authorization-42</td>
<td>0.454s</td>
<td class="failures">failed</td>
</tr>
<tr>
<td class="success">authorization-43</td>
<td>0.260s</td>
<td class="success">passed</td>
</tr>
<tr>
<td class="success">authorization-44</td>
<td>0.268s</td>
<td class="success">passed</td>
</tr>
<tr>
<td class="success">authorization-45</td>
<td>0.273s</td>
<td class="success">passed</td>
</tr>
<tr>
<td class="success">authorization-46</td>
<td>0.286s</td>
<td class="success">passed</td>
</tr>
<tr>
<td class="success">authorization-47</td>
<td>0.289s</td>
<td class="success">passed</td>
</tr>
<tr>
<td class="success">authorization-48</td>
<td>0.269s</td>
<td class="success">passed</td>
</tr>
<tr>
<td class="failures">authorization-49</td>
<td>0.274s</td>
<td class="failures">failed</td>
</tr>
<tr>
<td class="success">authorization-5</td>
<td>0.254s</td>
<td class="success">passed</td>
</tr>
<tr>
<td class="success">authorization-50</td>
<td>0.268s</td>
<td class="success">passed</td>
</tr>
<tr>
<td class="success">authorization-51</td>
<td>0.266s</td>
<td class="success">passed</td>
</tr>
<tr>
<td class="success">authorization-52</td>
<td>0.255s</td>
<td class="success">passed</td>
</tr>
<tr>
<td class="success">authorization-53</td>
<td>0.268s</td>
<td class="success">passed</td>
</tr>
<tr>
<td class="failures">authorization-54</td>
<td>0.283s</td>
<td class="failures">failed</td>
</tr>
<tr>
<td class="success">authorization-55</td>
<td>0.272s</td>
<td class="success">passed</td>
</tr>
<tr>
<td class="success">authorization-56</td>
<td>0.282s</td>
<td class="success">passed</td>
</tr>
<tr>
<td class="success">authorization-57</td>
<td>0.301s</td>
<td class="success">passed</td>
</tr>
<tr>
<td class="success">authorization-58</td>
<td>0.262s</td>
<td class="success">passed</td>
</tr>
<tr>
<td class="success">authorization-59</td>
<td>0.261s</td>
<td class="success">passed</td>
</tr>
<tr>
<td class="success">authorization-6</td>
<td>0.250s</td>
<td class="success">passed</td>
</tr>
<tr>
<td class="success">authorization-60</td>
<td>0.267s</td>
<td class="success">passed</td>
</tr>
<tr>
<td class="success">authorization-7</td>
<td>0.264s</td>
<td class="success">passed</td>
</tr>
<tr>
<td class="success">authorization-70</td>
<td>0.258s</td>
<td class="success">passed</td>
</tr>
<tr>
<td class="success">authorization-71</td>
<td>0.245s</td>
<td class="success">passed</td>
</tr>
<tr>
<td class="success">authorization-72</td>
<td>0.249s</td>
<td class="success">passed</td>
</tr>
<tr>
<td class="success">authorization-73</td>
<td>0.255s</td>
<td class="success">passed</td>
</tr>
<tr>
<td class="failures">authorization-74</td>
<td>0.272s</td>
<td class="failures">failed</td>
</tr>
<tr>
<td class="failures">authorization-75</td>
<td>0.267s</td>
<td class="failures">failed</td>
</tr>
<tr>
<td class="success">authorization-76</td>
<td>0.265s</td>
<td class="success">passed</td>
</tr>
<tr>
<td class="success">authorization-77</td>
<td>0.272s</td>
<td class="success">passed</td>
</tr>
<tr>
<td class="success">authorization-78</td>
<td>0.270s</td>
<td class="success">passed</td>
</tr>
<tr>
<td class="success">authorization-79</td>
<td>0.277s</td>
<td class="success">passed</td>
</tr>
<tr>
<td class="success">authorization-8</td>
<td>0.252s</td>
<td class="success">passed</td>
</tr>
<tr>
<td class="success">authorization-80</td>
<td>0.248s</td>
<td class="success">passed</td>
</tr>
<tr>
<td class="success">authorization-81</td>
<td>0.252s</td>
<td class="success">passed</td>
</tr>
<tr>
<td class="success">authorization-9</td>
<td>0.253s</td>
<td class="success">passed</td>
</tr>
<tr>
<td class="success">secureChannel</td>
<td>6.744s</td>
<td class="success">passed</td>
</tr>
</table>
</div>
<div id="tab2" class="tab">
<h2>Standard output</h2>
<span class="code">
<pre>03:02:41.268 [Test worker] DEBUG com.athaydes.spockframework.report.SpockReportExtension - Configuring com.athaydes.spockframework.report.SpockReportExtension
03:02:41.305 [Test worker] INFO com.athaydes.spockframework.report.internal.ConfigLoader - SpockReports config loaded: {com.athaydes.spockframework.report.showCodeBlocks=false, com.athaydes.spockframework.report.template.TemplateReportCreator.reportFileExtension=md, com.athaydes.spockframework.report.testSourceRoots=src/test/groovy, com.athaydes.spockframework.report.IReportCreator=com.athaydes.spockframework.report.internal.HtmlReportCreator, com.athaydes.spockframework.report.outputDir=build/spock-reports, com.athaydes.spockframework.report.internal.HtmlReportCreator.inlineCss=true, com.athaydes.spockframework.report.internal.HtmlReportCreator.featureReportCss=spock-feature-report.css, com.athaydes.spockframework.report.hideEmptyBlocks=false, com.athaydes.spockframework.report.internal.HtmlReportCreator.summaryReportCss=spock-summary-report.css, com.athaydes.spockframework.report.projectVersion=Unknown, com.athaydes.spockframework.report.template.TemplateReportCreator.specTemplateFile=/templateReportCreator/spec-template.md, com.athaydes.spockframework.report.template.TemplateReportCreator.summaryTemplateFile=/templateReportCreator/summary-template.md, com.athaydes.spockframework.report.internal.HtmlReportCreator.excludeToc=false, com.athaydes.spockframework.report.template.TemplateReportCreator.enabled=true, com.athaydes.spockframework.report.projectName=, com.athaydes.spockframework.report.template.TemplateReportCreator.summaryFileName=summary.md, com.athaydes.spockframework.report.internal.HtmlReportCreator.printThrowableStackTrace=false, com.athaydes.spockframework.report.internal.HtmlReportCreator.enabled=true}
03:02:41.377 [Test worker] DEBUG com.athaydes.spockframework.report.SpockReportExtension - Loading settings for reportCreator of type com.athaydes.spockframework.report.internal.HtmlReportCreator
03:02:41.489 [Test worker] DEBUG org.springframework.test.annotation.ProfileValueUtils - Retrieved @ProfileValueSourceConfiguration [null] for test class [eMarket.SecurityTests]
03:02:41.490 [Test worker] DEBUG org.springframework.test.annotation.ProfileValueUtils - Retrieved ProfileValueSource type [class org.springframework.test.annotation.SystemProfileValueSource] for class [eMarket.SecurityTests]
03:02:41.490 [Test worker] DEBUG org.springframework.test.annotation.ProfileValueUtils - Retrieved @ProfileValueSourceConfiguration [null] for test class [eMarket.SecurityTests]
03:02:41.490 [Test worker] DEBUG org.springframework.test.annotation.ProfileValueUtils - Retrieved ProfileValueSource type [class org.springframework.test.annotation.SystemProfileValueSource] for class [eMarket.SecurityTests]
03:02:41.492 [Test worker] DEBUG org.springframework.test.annotation.ProfileValueUtils - Retrieved @ProfileValueSourceConfiguration [null] for test class [eMarket.SecurityTests]
03:02:41.492 [Test worker] DEBUG org.springframework.test.annotation.ProfileValueUtils - Retrieved ProfileValueSource type [class org.springframework.test.annotation.SystemProfileValueSource] for class [eMarket.SecurityTests]
03:02:41.494 [Test worker] DEBUG org.springframework.test.annotation.ProfileValueUtils - Retrieved @ProfileValueSourceConfiguration [null] for test class [eMarket.SecurityTests]
03:02:41.494 [Test worker] DEBUG org.springframework.test.annotation.ProfileValueUtils - Retrieved ProfileValueSource type [class org.springframework.test.annotation.SystemProfileValueSource] for class [eMarket.SecurityTests]
03:02:41.503 [Test worker] DEBUG org.springframework.test.context.BootstrapUtils - Instantiating CacheAwareContextLoaderDelegate from class [org.springframework.test.context.cache.DefaultCacheAwareContextLoaderDelegate]
03:02:41.509 [Test worker] DEBUG org.springframework.test.context.BootstrapUtils - Instantiating BootstrapContext using constructor [public org.springframework.test.context.support.DefaultBootstrapContext(java.lang.Class,org.springframework.test.context.CacheAwareContextLoaderDelegate)]
03:02:41.512 [Test worker] DEBUG org.springframework.test.context.BootstrapUtils - Instantiating TestContextBootstrapper for test class [eMarket.SecurityTests] from class [org.springframework.boot.test.context.SpringBootTestContextBootstrapper]
03:02:41.566 [Test worker] INFO org.springframework.boot.test.context.SpringBootTestContextBootstrapper - Neither @ContextConfiguration nor @ContextHierarchy found for test class [eMarket.SecurityTests], using SpringBootContextLoader
03:02:41.570 [Test worker] DEBUG org.springframework.test.context.support.AbstractContextLoader - Did not detect default resource location for test class [eMarket.SecurityTests]: class path resource [eMarket/SecurityTests-context.xml] does not exist
03:02:41.570 [Test worker] DEBUG org.springframework.test.context.support.AbstractContextLoader - Did not detect default resource location for test class [eMarket.SecurityTests]: class path resource [eMarket/SecurityTestsContext.groovy] does not exist
03:02:41.570 [Test worker] INFO org.springframework.test.context.support.AbstractContextLoader - Could not detect default resource locations for test class [eMarket.SecurityTests]: no resource found for suffixes {-context.xml, Context.groovy}.
03:02:41.629 [Test worker] DEBUG org.springframework.test.context.support.ActiveProfilesUtils - Could not find an 'annotation declaring class' for annotation type [org.springframework.test.context.ActiveProfiles] and class [eMarket.SecurityTests]
03:02:41.646 [Test worker] DEBUG org.springframework.boot.test.context.SpringBootTestContextBootstrapper - @TestExecutionListeners is not present for class [eMarket.SecurityTests]: using defaults.
03:02:41.648 [Test worker] INFO org.springframework.boot.test.context.SpringBootTestContextBootstrapper - Loaded default TestExecutionListener class names from location [META-INF/spring.factories]: [org.springframework.security.test.context.support.WithSecurityContextTestExecutionListener, org.springframework.boot.test.mock.mockito.MockitoTestExecutionListener, org.springframework.boot.test.mock.mockito.ResetMocksTestExecutionListener, org.springframework.boot.test.autoconfigure.restdocs.RestDocsTestExecutionListener, org.springframework.boot.test.autoconfigure.web.client.MockRestServiceServerResetTestExecutionListener, org.springframework.boot.test.autoconfigure.web.servlet.MockMvcPrintOnlyOnFailureTestExecutionListener, org.springframework.boot.test.autoconfigure.web.servlet.WebDriverTestExecutionListener, org.springframework.test.context.web.ServletTestExecutionListener, org.springframework.test.context.support.DirtiesContextBeforeModesTestExecutionListener, org.springframework.test.context.support.DependencyInjectionTestExecutionListener, org.springframework.test.context.support.DirtiesContextTestExecutionListener, org.springframework.test.context.transaction.TransactionalTestExecutionListener, org.springframework.test.context.jdbc.SqlScriptsTestExecutionListener]
03:02:41.669 [Test worker] INFO org.springframework.boot.test.context.SpringBootTestContextBootstrapper - Using TestExecutionListeners: [org.springframework.test.context.web.ServletTestExecutionListener@340101b3, org.springframework.test.context.support.DirtiesContextBeforeModesTestExecutionListener@adc63ab, org.springframework.boot.test.autoconfigure.SpringBootDependencyInjectionTestExecutionListener@648df6ec, org.springframework.test.context.support.DirtiesContextTestExecutionListener@41241db3, org.springframework.test.context.transaction.TransactionalTestExecutionListener@7d9490bd, org.springframework.test.context.jdbc.SqlScriptsTestExecutionListener@143c659f, org.springframework.boot.test.autoconfigure.web.servlet.MockMvcPrintOnlyOnFailureTestExecutionListener@1f0dcb62, org.springframework.security.test.context.support.WithSecurityContextTestExecutionListener@7e2584b5, org.springframework.boot.test.autoconfigure.web.client.MockRestServiceServerResetTestExecutionListener@27edf2b4, org.springframework.boot.test.mock.mockito.MockitoTestExecutionListener@500a7b4b, org.springframework.boot.test.mock.mockito.ResetMocksTestExecutionListener@212decf3, org.springframework.boot.test.autoconfigure.web.servlet.WebDriverTestExecutionListener@73ffd44f, org.springframework.boot.test.autoconfigure.restdocs.RestDocsTestExecutionListener@3bcff0d6]
03:02:41.710 [Test worker] DEBUG com.athaydes.spockframework.report.SpecInfoListener - Before spec: eMarket.SecurityTests
03:02:41.713 [Test worker] DEBUG org.springframework.test.context.support.AbstractDirtiesContextTestExecutionListener - Before test class: context [DefaultTestContext@ee76d16 testClass = SecurityTests, testInstance = [null], testMethod = [null], testException = [null], mergedContextConfiguration = [WebMergedContextConfiguration@5cb7c51 testClass = SecurityTests, locations = '{}', classes = '{class eMarket.EMarketApp, class eMarket.DbConfig, class eMarket.SecurityConfig, class eMarket.WebConfig, class eMarket.controller.SignupController, class eMarket.controller.LoginController, class eMarket.controller.IndexController, class eMarket.controller.DealController, class eMarket.controller.OrderController, class eMarket.services.CustomUserDetailsService, class eMarket.EMarketApp, class eMarket.DbConfig, class eMarket.SecurityConfig, class eMarket.WebConfig, class eMarket.controller.SignupController, class eMarket.controller.LoginController, class eMarket.controller.IndexController, class eMarket.controller.DealController, class eMarket.controller.OrderController, class eMarket.services.CustomUserDetailsService}', contextInitializerClasses = '[]', activeProfiles = '{}', propertySourceLocations = '{}', propertySourceProperties = '{org.springframework.boot.test.context.SpringBootTestContextBootstrapper=true}', contextCustomizers = set[[ImportsContextCustomizer@664ee136 key = [org.springframework.boot.test.autoconfigure.web.servlet.MockMvcAutoConfiguration, org.springframework.boot.test.autoconfigure.web.servlet.MockMvcSecurityAutoConfiguration, org.springframework.boot.test.autoconfigure.web.servlet.MockMvcWebClientAutoConfiguration, org.springframework.boot.test.autoconfigure.web.servlet.MockMvcWebDriverAutoConfiguration]], org.springframework.boot.test.context.SpringBootTestContextCustomizer@172edd31, org.springframework.boot.test.context.filter.ExcludeFilterContextCustomizer@2d07b103, org.springframework.boot.test.json.DuplicateJsonObjectContextCustomizerFactory$DuplicateJsonObjectContextCustomizer@728a2344, org.springframework.boot.test.mock.mockito.MockitoContextCustomizer@8d86b162, org.springframework.boot.test.autoconfigure.properties.PropertyMappingContextCustomizer@e7e84f8, org.springframework.boot.test.autoconfigure.web.servlet.WebDriverContextCustomizerFactory$Customizer@255ca4ed], resourceBasePath = 'src/main/webapp', contextLoader = 'org.springframework.boot.test.context.SpringBootContextLoader', parent = [null]]], class annotated with @DirtiesContext [false] with mode [null].
03:02:41.717 [Test worker] DEBUG com.athaydes.spockframework.report.SpecInfoListener - Before feature: secureChannel
03:02:41.724 [Test worker] DEBUG com.athaydes.spockframework.report.SpecInfoListener - Before iteration: secureChannel
03:02:41.726 [Test worker] DEBUG org.springframework.test.context.support.DependencyInjectionTestExecutionListener - Performing dependency injection for test context [[DefaultTestContext@ee76d16 testClass = SecurityTests, testInstance = eMarket.SecurityTests@1e2dd548, testMethod = [null], testException = [null], mergedContextConfiguration = [WebMergedContextConfiguration@5cb7c51 testClass = SecurityTests, locations = '{}', classes = '{class eMarket.EMarketApp, class eMarket.DbConfig, class eMarket.SecurityConfig, class eMarket.WebConfig, class eMarket.controller.SignupController, class eMarket.controller.LoginController, class eMarket.controller.IndexController, class eMarket.controller.DealController, class eMarket.controller.OrderController, class eMarket.services.CustomUserDetailsService, class eMarket.EMarketApp, class eMarket.DbConfig, class eMarket.SecurityConfig, class eMarket.WebConfig, class eMarket.controller.SignupController, class eMarket.controller.LoginController, class eMarket.controller.IndexController, class eMarket.controller.DealController, class eMarket.controller.OrderController, class eMarket.services.CustomUserDetailsService}', contextInitializerClasses = '[]', activeProfiles = '{}', propertySourceLocations = '{}', propertySourceProperties = '{org.springframework.boot.test.context.SpringBootTestContextBootstrapper=true}', contextCustomizers = set[[ImportsContextCustomizer@664ee136 key = [org.springframework.boot.test.autoconfigure.web.servlet.MockMvcAutoConfiguration, org.springframework.boot.test.autoconfigure.web.servlet.MockMvcSecurityAutoConfiguration, org.springframework.boot.test.autoconfigure.web.servlet.MockMvcWebClientAutoConfiguration, org.springframework.boot.test.autoconfigure.web.servlet.MockMvcWebDriverAutoConfiguration]], org.springframework.boot.test.context.SpringBootTestContextCustomizer@172edd31, org.springframework.boot.test.context.filter.ExcludeFilterContextCustomizer@2d07b103, org.springframework.boot.test.json.DuplicateJsonObjectContextCustomizerFactory$DuplicateJsonObjectContextCustomizer@728a2344, org.springframework.boot.test.mock.mockito.MockitoContextCustomizer@8d86b162, org.springframework.boot.test.autoconfigure.properties.PropertyMappingContextCustomizer@e7e84f8, org.springframework.boot.test.autoconfigure.web.servlet.WebDriverContextCustomizerFactory$Customizer@255ca4ed], resourceBasePath = 'src/main/webapp', contextLoader = 'org.springframework.boot.test.context.SpringBootContextLoader', parent = [null]]]].
03:02:41.788 [Test worker] DEBUG org.springframework.core.env.StandardEnvironment - Adding [systemProperties] PropertySource with lowest search precedence
03:02:41.789 [Test worker] DEBUG org.springframework.core.env.StandardEnvironment - Adding [systemEnvironment] PropertySource with lowest search precedence
03:02:41.789 [Test worker] DEBUG org.springframework.core.env.StandardEnvironment - Initialized StandardEnvironment with PropertySources [systemProperties,systemEnvironment]
03:02:41.790 [Test worker] DEBUG org.springframework.test.context.support.TestPropertySourceUtils - Adding inlined properties to environment: {spring.jmx.enabled=false, org.springframework.boot.test.context.SpringBootTestContextBootstrapper=true}
03:02:41.791 [Test worker] DEBUG org.springframework.core.env.StandardEnvironment - Adding [Inlined Test Properties] PropertySource with highest search precedence

  .   ____          _            __ _ _
 /\\ / ___'_ __ _ _(_)_ __  __ _ \ \ \ \
( ( )\___ | '_ | '_| | '_ \/ _` | \ \ \ \
 \\/  ___)| |_)| | | | | || (_| |  ) ) ) )
  '  |____| .__|_| |_|_| |_\__, | / / / /
 =========|_|==============|___/=/_/_/_/
 :: Spring Boot ::        (v1.5.6.RELEASE)

2017-12-18 03:02:42.137  INFO 54486 --- [    Test worker] eMarket.SecurityTests                    : Starting SecurityTests on pc1276 with PID 54486 (/Users/ab373/Documents/ArturData/WORK/ECLIPSE/LECTURES/2017-18/CO2006_marking/sprint4_marking/CO2006-17-18-tobydrakesmith/sprint4/miniproject.security/build/classes/test started by ab373 in /Users/ab373/Documents/ArturData/WORK/ECLIPSE/LECTURES/2017-18/CO2006_marking/sprint4_marking/CO2006-17-18-tobydrakesmith/sprint4/miniproject.security)
2017-12-18 03:02:42.139  INFO 54486 --- [    Test worker] eMarket.SecurityTests                    : No active profile set, falling back to default profiles: default
2017-12-18 03:02:42.190  INFO 54486 --- [    Test worker] ationConfigEmbeddedWebApplicationContext : Refreshing org.springframework.boot.context.embedded.AnnotationConfigEmbeddedWebApplicationContext@e9fe8dc: startup date [Mon Dec 18 03:02:42 GMT 2017]; root of context hierarchy
2017-12-18 03:02:44.082  INFO 54486 --- [    Test worker] s.b.c.e.t.TomcatEmbeddedServletContainer : Tomcat initialized with port(s): 8090 (https)
2017-12-18 03:02:44.096  INFO 54486 --- [    Test worker] o.apache.catalina.core.StandardService   : Starting service [Tomcat]
2017-12-18 03:02:44.097  INFO 54486 --- [    Test worker] org.apache.catalina.core.StandardEngine  : Starting Servlet Engine: Apache Tomcat/8.5.16
2017-12-18 03:02:44.318  INFO 54486 --- [ost-startStop-1] org.apache.jasper.servlet.TldScanner     : At least one JAR was scanned for TLDs yet contained no TLDs. Enable debug logging for this logger for a complete list of JARs that were scanned but no TLDs were found in them. Skipping unneeded JARs during scanning can improve startup time and JSP compilation time.
2017-12-18 03:02:44.323  INFO 54486 --- [ost-startStop-1] o.a.c.c.C.[Tomcat].[localhost].[/]       : Initializing Spring embedded WebApplicationContext
2017-12-18 03:02:44.323  INFO 54486 --- [ost-startStop-1] o.s.web.context.ContextLoader            : Root WebApplicationContext: initialization completed in 2135 ms
2017-12-18 03:02:44.467  INFO 54486 --- [ost-startStop-1] o.s.b.w.servlet.FilterRegistrationBean   : Mapping filter: 'characterEncodingFilter' to: [/*]
2017-12-18 03:02:44.468  INFO 54486 --- [ost-startStop-1] o.s.b.w.servlet.FilterRegistrationBean   : Mapping filter: 'hiddenHttpMethodFilter' to: [/*]
2017-12-18 03:02:44.469  INFO 54486 --- [ost-startStop-1] o.s.b.w.servlet.FilterRegistrationBean   : Mapping filter: 'httpPutFormContentFilter' to: [/*]
2017-12-18 03:02:44.469  INFO 54486 --- [ost-startStop-1] o.s.b.w.servlet.FilterRegistrationBean   : Mapping filter: 'requestContextFilter' to: [/*]
2017-12-18 03:02:44.470  INFO 54486 --- [ost-startStop-1] .s.DelegatingFilterProxyRegistrationBean : Mapping filter: 'springSecurityFilterChain' to: [/*]
2017-12-18 03:02:44.471  INFO 54486 --- [ost-startStop-1] o.s.b.w.servlet.ServletRegistrationBean  : Mapping servlet: 'dispatcherServlet' to [/]
2017-12-18 03:02:44.515  INFO 54486 --- [    Test worker] o.s.j.d.DriverManagerDataSource          : Loaded JDBC driver: com.mysql.jdbc.Driver
2017-12-18 03:02:44.949  INFO 54486 --- [    Test worker] j.LocalContainerEntityManagerFactoryBean : Building JPA container EntityManagerFactory for persistence unit 'default'
2017-12-18 03:02:44.968  INFO 54486 --- [    Test worker] o.hibernate.jpa.internal.util.LogHelper  : HHH000204: Processing PersistenceUnitInfo [
	name: default
	...]
2017-12-18 03:02:45.046  INFO 54486 --- [    Test worker] org.hibernate.Version                    : HHH000412: Hibernate Core {5.0.12.Final}
2017-12-18 03:02:45.049  INFO 54486 --- [    Test worker] org.hibernate.cfg.Environment            : HHH000206: hibernate.properties not found
2017-12-18 03:02:45.051  INFO 54486 --- [    Test worker] org.hibernate.cfg.Environment            : HHH000021: Bytecode provider name : javassist
2017-12-18 03:02:45.097  INFO 54486 --- [    Test worker] o.hibernate.annotations.common.Version   : HCANN000001: Hibernate Commons Annotations {5.0.1.Final}
2017-12-18 03:02:45.245  INFO 54486 --- [    Test worker] org.hibernate.dialect.Dialect            : HHH000400: Using dialect: org.hibernate.dialect.MySQL5Dialect
2017-12-18 03:02:46.037  INFO 54486 --- [    Test worker] org.hibernate.tool.hbm2ddl.SchemaExport  : HHH000227: Running hbm2ddl schema export
2017-12-18 03:02:46.052 ERROR 54486 --- [    Test worker] org.hibernate.tool.hbm2ddl.SchemaExport  : HHH000389: Unsuccessful: alter table users drop foreign key FK4c6vlshk8x83ifeoggi3exg3k
2017-12-18 03:02:46.052 ERROR 54486 --- [    Test worker] org.hibernate.tool.hbm2ddl.SchemaExport  : Table 'ab373.users' doesn't exist
2017-12-18 03:02:46.151  INFO 54486 --- [    Test worker] org.hibernate.tool.hbm2ddl.SchemaExport  : HHH000230: Schema export complete
2017-12-18 03:02:46.199  INFO 54486 --- [    Test worker] j.LocalContainerEntityManagerFactoryBean : Initialized JPA EntityManagerFactory for persistence unit 'default'
2017-12-18 03:02:47.041  INFO 54486 --- [    Test worker] o.s.s.w.a.c.ChannelProcessingFilter      : Validated configuration attributes
2017-12-18 03:02:47.073  INFO 54486 --- [    Test worker] o.s.s.web.DefaultSecurityFilterChain     : Creating filter chain: org.springframework.security.web.util.matcher.AnyRequestMatcher@1, [org.springframework.security.web.access.channel.ChannelProcessingFilter@5330752c, org.springframework.security.web.context.request.async.WebAsyncManagerIntegrationFilter@47890fe4, org.springframework.security.web.context.SecurityContextPersistenceFilter@293dfa5, org.springframework.security.web.header.HeaderWriterFilter@6e9c84d, org.springframework.security.web.authentication.logout.LogoutFilter@23bba16e, org.springframework.security.web.authentication.UsernamePasswordAuthenticationFilter@667fbcca, org.springframework.security.web.savedrequest.RequestCacheAwareFilter@37f61ba5, org.springframework.security.web.servletapi.SecurityContextHolderAwareRequestFilter@61560796, org.springframework.security.web.authentication.AnonymousAuthenticationFilter@6ff80fc1, org.springframework.security.web.session.SessionManagementFilter@29eb8bdf, org.springframework.security.web.access.ExceptionTranslationFilter@55310f9, org.springframework.security.web.access.intercept.FilterSecurityInterceptor@282c991d]
2017-12-18 03:02:47.140  INFO 54486 --- [    Test worker] o.a.c.c.C.[Tomcat].[localhost].[/]       : Initializing Spring FrameworkServlet ''
2017-12-18 03:02:47.140  INFO 54486 --- [    Test worker] o.s.t.web.servlet.TestDispatcherServlet  : FrameworkServlet '': initialization started
2017-12-18 03:02:47.239  INFO 54486 --- [    Test worker] s.w.s.m.m.a.RequestMappingHandlerMapping : Mapped &quot;{[/signup/],methods=[GET]}&quot; onto public java.lang.String eMarket.controller.SignupController.signup(eMarket.domain.UserInfo,org.springframework.ui.Model)
2017-12-18 03:02:47.240  INFO 54486 --- [    Test worker] s.w.s.m.m.a.RequestMappingHandlerMapping : Mapped &quot;{[/signup/add],methods=[POST],params=[add]}&quot; onto public java.lang.String eMarket.controller.SignupController.addNewUser(eMarket.domain.UserInfo,org.springframework.validation.BindingResult,org.springframework.ui.Model)
2017-12-18 03:02:47.241  INFO 54486 --- [    Test worker] s.w.s.m.m.a.RequestMappingHandlerMapping : Mapped &quot;{[/signup/add],methods=[POST],params=[cancel]}&quot; onto public java.lang.String eMarket.controller.SignupController.cancelNewUser(eMarket.domain.UserInfo,org.springframework.ui.Model)
2017-12-18 03:02:47.242  INFO 54486 --- [    Test worker] s.w.s.m.m.a.RequestMappingHandlerMapping : Mapped &quot;{[/login-form],methods=[GET]}&quot; onto public java.lang.String eMarket.controller.LoginController.login(eMarket.domain.UserInfoLogin)
2017-12-18 03:02:47.242  INFO 54486 --- [    Test worker] s.w.s.m.m.a.RequestMappingHandlerMapping : Mapped &quot;{[/],methods=[GET]}&quot; onto public java.lang.String eMarket.controller.LoginController.landing()
2017-12-18 03:02:47.242  INFO 54486 --- [    Test worker] s.w.s.m.m.a.RequestMappingHandlerMapping : Mapped &quot;{[/success-login],methods=[GET]}&quot; onto public java.lang.String eMarket.controller.LoginController.authenticate()
2017-12-18 03:02:47.242  INFO 54486 --- [    Test worker] s.w.s.m.m.a.RequestMappingHandlerMapping : Mapped &quot;{[/access-denied]}&quot; onto public java.lang.String eMarket.controller.LoginController.accessDenied()
2017-12-18 03:02:47.243  INFO 54486 --- [    Test worker] s.w.s.m.m.a.RequestMappingHandlerMapping : Mapped &quot;{[/system]}&quot; onto public java.lang.String eMarket.controller.IndexController.index(eMarket.controller.IndexFormDto)
2017-12-18 03:02:47.243  INFO 54486 --- [    Test worker] s.w.s.m.m.a.RequestMappingHandlerMapping : Mapped &quot;{[/setDate],methods=[POST]}&quot; onto public java.lang.String eMarket.controller.IndexController.setDate(eMarket.controller.IndexFormDto,org.springframework.validation.BindingResult,org.springframework.ui.Model)
2017-12-18 03:02:47.245  INFO 54486 --- [    Test worker] s.w.s.m.m.a.RequestMappingHandlerMapping : Mapped &quot;{[/deal/],methods=[GET]}&quot; onto public java.lang.String eMarket.controller.DealController.main(org.springframework.ui.Model)
2017-12-18 03:02:47.245  INFO 54486 --- [    Test worker] s.w.s.m.m.a.RequestMappingHandlerMapping : Mapped &quot;{[/deal/add],methods=[POST]}&quot; onto public java.lang.String eMarket.controller.DealController.dealAdd(eMarket.controller.DealFormDto,org.springframework.validation.BindingResult,org.springframework.ui.Model)
2017-12-18 03:02:47.245  INFO 54486 --- [    Test worker] s.w.s.m.m.a.RequestMappingHandlerMapping : Mapped &quot;{[/deal/delete],methods=[GET]}&quot; onto public java.lang.String eMarket.controller.DealController.dealDelete(int,org.springframework.ui.Model)
2017-12-18 03:02:47.247  INFO 54486 --- [    Test worker] s.w.s.m.m.a.RequestMappingHandlerMapping : Mapped &quot;{[/order]}&quot; onto public java.lang.String eMarket.controller.OrderController.order()
2017-12-18 03:02:47.247  INFO 54486 --- [    Test worker] s.w.s.m.m.a.RequestMappingHandlerMapping : Mapped &quot;{[/system/user]}&quot; onto public java.lang.String eMarket.controller.OrderController.user()
2017-12-18 03:02:47.247  INFO 54486 --- [    Test worker] s.w.s.m.m.a.RequestMappingHandlerMapping : Mapped &quot;{[/system/premium]}&quot; onto public java.lang.String eMarket.controller.OrderController.premium()
2017-12-18 03:02:47.247  INFO 54486 --- [    Test worker] s.w.s.m.m.a.RequestMappingHandlerMapping : Mapped &quot;{[/order/wishlist]}&quot; onto public java.lang.String eMarket.controller.OrderController.wishlist()
2017-12-18 03:02:47.249  INFO 54486 --- [    Test worker] s.w.s.m.m.a.RequestMappingHandlerMapping : Mapped &quot;{[/product/]}&quot; onto public java.lang.String eMarket.controller.ProductController.index(org.springframework.ui.Model)
2017-12-18 03:02:47.250  INFO 54486 --- [    Test worker] s.w.s.m.m.a.RequestMappingHandlerMapping : Mapped &quot;{[/product/productDetail],methods=[GET]}&quot; onto public java.lang.String eMarket.controller.ProductController.productDetail(eMarket.domain.Product,org.springframework.validation.BindingResult,int)
2017-12-18 03:02:47.250  INFO 54486 --- [    Test worker] s.w.s.m.m.a.RequestMappingHandlerMapping : Mapped &quot;{[/product/add],methods=[POST]}&quot; onto public java.lang.String eMarket.controller.ProductController.productMaster(eMarket.domain.Product,org.springframework.validation.BindingResult,org.springframework.ui.Model)
2017-12-18 03:02:47.250  INFO 54486 --- [    Test worker] s.w.s.m.m.a.RequestMappingHandlerMapping : Mapped &quot;{[/product/delete],methods=[GET]}&quot; onto public java.lang.String eMarket.controller.ProductController.productMaster(int,org.springframework.ui.Model)
2017-12-18 03:02:47.255  INFO 54486 --- [    Test worker] s.w.s.m.m.a.RequestMappingHandlerMapping : Mapped &quot;{[/error]}&quot; onto public org.springframework.http.ResponseEntity&lt;java.util.Map&lt;java.lang.String, java.lang.Object&gt;&gt; org.springframework.boot.autoconfigure.web.BasicErrorController.error(javax.servlet.http.HttpServletRequest)
2017-12-18 03:02:47.255  INFO 54486 --- [    Test worker] s.w.s.m.m.a.RequestMappingHandlerMapping : Mapped &quot;{[/error],produces=[text/html]}&quot; onto public org.springframework.web.servlet.ModelAndView org.springframework.boot.autoconfigure.web.BasicErrorController.errorHtml(javax.servlet.http.HttpServletRequest,javax.servlet.http.HttpServletResponse)
2017-12-18 03:02:47.283  INFO 54486 --- [    Test worker] o.s.w.s.handler.SimpleUrlHandlerMapping  : Mapped URL path [/resources/**] onto handler of type [class org.springframework.web.servlet.resource.ResourceHttpRequestHandler]
2017-12-18 03:02:47.283  INFO 54486 --- [    Test worker] o.s.w.s.handler.SimpleUrlHandlerMapping  : Mapped URL path [/webjars/**] onto handler of type [class org.springframework.web.servlet.resource.ResourceHttpRequestHandler]
2017-12-18 03:02:47.283  INFO 54486 --- [    Test worker] o.s.w.s.handler.SimpleUrlHandlerMapping  : Mapped URL path [/**] onto handler of type [class org.springframework.web.servlet.resource.ResourceHttpRequestHandler]
2017-12-18 03:02:47.297  INFO 54486 --- [    Test worker] o.s.w.s.handler.SimpleUrlHandlerMapping  : Mapped URL path [/**/favicon.ico] onto handler of type [class org.springframework.web.servlet.resource.ResourceHttpRequestHandler]
2017-12-18 03:02:47.397  INFO 54486 --- [    Test worker] s.w.s.m.m.a.RequestMappingHandlerAdapter : Looking for @ControllerAdvice: org.springframework.boot.context.embedded.AnnotationConfigEmbeddedWebApplicationContext@e9fe8dc: startup date [Mon Dec 18 03:02:42 GMT 2017]; root of context hierarchy
2017-12-18 03:02:47.482  INFO 54486 --- [    Test worker] o.s.t.web.servlet.TestDispatcherServlet  : FrameworkServlet '': initialization completed in 342 ms
2017-12-18 03:02:48.059  INFO 54486 --- [    Test worker] s.b.c.e.t.TomcatEmbeddedServletContainer : Tomcat started on port(s): 8090 (https)
2017-12-18 03:02:48.076  INFO 54486 --- [    Test worker] eMarket.SecurityTests                    : Started SecurityTests in 6.282 seconds (JVM running for 8.287)
2017-12-18 03:02:48.123  INFO 54486 --- [    Test worker] o.a.c.c.C.[Tomcat].[localhost].[/]       : Initializing Spring FrameworkServlet ''
2017-12-18 03:02:48.123  INFO 54486 --- [    Test worker] o.s.t.web.servlet.TestDispatcherServlet  : FrameworkServlet '': initialization started
2017-12-18 03:02:48.125  INFO 54486 --- [    Test worker] o.s.t.web.servlet.TestDispatcherServlet  : FrameworkServlet '': initialization completed in 2 ms
2017-12-18 03:02:48.469  INFO 54486 --- [    Test worker] o.a.c.c.C.[Tomcat].[localhost].[/]       : Initializing Spring FrameworkServlet ''
2017-12-18 03:02:48.470  INFO 54486 --- [    Test worker] o.s.t.web.servlet.TestDispatcherServlet  : FrameworkServlet '': initialization started
2017-12-18 03:02:48.472  INFO 54486 --- [    Test worker] o.s.t.web.servlet.TestDispatcherServlet  : FrameworkServlet '': initialization completed in 2 ms
2017-12-18 03:02:48.742  INFO 54486 --- [    Test worker] o.a.c.c.C.[Tomcat].[localhost].[/]       : Initializing Spring FrameworkServlet ''
2017-12-18 03:02:48.742  INFO 54486 --- [    Test worker] o.s.t.web.servlet.TestDispatcherServlet  : FrameworkServlet '': initialization started
2017-12-18 03:02:48.744  INFO 54486 --- [    Test worker] o.s.t.web.servlet.TestDispatcherServlet  : FrameworkServlet '': initialization completed in 2 ms
2017-12-18 03:02:49.010  INFO 54486 --- [    Test worker] o.a.c.c.C.[Tomcat].[localhost].[/]       : Initializing Spring FrameworkServlet ''
2017-12-18 03:02:49.010  INFO 54486 --- [    Test worker] o.s.t.web.servlet.TestDispatcherServlet  : FrameworkServlet '': initialization started
2017-12-18 03:02:49.013  INFO 54486 --- [    Test worker] o.s.t.web.servlet.TestDispatcherServlet  : FrameworkServlet '': initialization completed in 2 ms
2017-12-18 03:02:49.318  INFO 54486 --- [    Test worker] o.a.c.c.C.[Tomcat].[localhost].[/]       : Initializing Spring FrameworkServlet ''
2017-12-18 03:02:49.319  INFO 54486 --- [    Test worker] o.s.t.web.servlet.TestDispatcherServlet  : FrameworkServlet '': initialization started
2017-12-18 03:02:49.321  INFO 54486 --- [    Test worker] o.s.t.web.servlet.TestDispatcherServlet  : FrameworkServlet '': initialization completed in 2 ms
2017-12-18 03:02:49.587  INFO 54486 --- [    Test worker] o.a.c.c.C.[Tomcat].[localhost].[/]       : Initializing Spring FrameworkServlet ''
2017-12-18 03:02:49.587  INFO 54486 --- [    Test worker] o.s.t.web.servlet.TestDispatcherServlet  : FrameworkServlet '': initialization started
2017-12-18 03:02:49.589  INFO 54486 --- [    Test worker] o.s.t.web.servlet.TestDispatcherServlet  : FrameworkServlet '': initialization completed in 2 ms
2017-12-18 03:02:49.852  INFO 54486 --- [    Test worker] o.a.c.c.C.[Tomcat].[localhost].[/]       : Initializing Spring FrameworkServlet ''
2017-12-18 03:02:49.852  INFO 54486 --- [    Test worker] o.s.t.web.servlet.TestDispatcherServlet  : FrameworkServlet '': initialization started
2017-12-18 03:02:49.854  INFO 54486 --- [    Test worker] o.s.t.web.servlet.TestDispatcherServlet  : FrameworkServlet '': initialization completed in 2 ms
2017-12-18 03:02:50.109  INFO 54486 --- [    Test worker] o.a.c.c.C.[Tomcat].[localhost].[/]       : Initializing Spring FrameworkServlet ''
2017-12-18 03:02:50.109  INFO 54486 --- [    Test worker] o.s.t.web.servlet.TestDispatcherServlet  : FrameworkServlet '': initialization started
2017-12-18 03:02:50.112  INFO 54486 --- [    Test worker] o.s.t.web.servlet.TestDispatcherServlet  : FrameworkServlet '': initialization completed in 2 ms
2017-12-18 03:02:50.363  INFO 54486 --- [    Test worker] o.a.c.c.C.[Tomcat].[localhost].[/]       : Initializing Spring FrameworkServlet ''
2017-12-18 03:02:50.363  INFO 54486 --- [    Test worker] o.s.t.web.servlet.TestDispatcherServlet  : FrameworkServlet '': initialization started
2017-12-18 03:02:50.365  INFO 54486 --- [    Test worker] o.s.t.web.servlet.TestDispatcherServlet  : FrameworkServlet '': initialization completed in 2 ms
2017-12-18 03:02:50.614  INFO 54486 --- [    Test worker] o.a.c.c.C.[Tomcat].[localhost].[/]       : Initializing Spring FrameworkServlet ''
2017-12-18 03:02:50.614  INFO 54486 --- [    Test worker] o.s.t.web.servlet.TestDispatcherServlet  : FrameworkServlet '': initialization started
2017-12-18 03:02:50.616  INFO 54486 --- [    Test worker] o.s.t.web.servlet.TestDispatcherServlet  : FrameworkServlet '': initialization completed in 2 ms
2017-12-18 03:02:50.877  INFO 54486 --- [    Test worker] o.a.c.c.C.[Tomcat].[localhost].[/]       : Initializing Spring FrameworkServlet ''
2017-12-18 03:02:50.877  INFO 54486 --- [    Test worker] o.s.t.web.servlet.TestDispatcherServlet  : FrameworkServlet '': initialization started
2017-12-18 03:02:50.880  INFO 54486 --- [    Test worker] o.s.t.web.servlet.TestDispatcherServlet  : FrameworkServlet '': initialization completed in 2 ms
2017-12-18 03:02:51.130  INFO 54486 --- [    Test worker] o.a.c.c.C.[Tomcat].[localhost].[/]       : Initializing Spring FrameworkServlet ''
2017-12-18 03:02:51.130  INFO 54486 --- [    Test worker] o.s.t.web.servlet.TestDispatcherServlet  : FrameworkServlet '': initialization started
2017-12-18 03:02:51.132  INFO 54486 --- [    Test worker] o.s.t.web.servlet.TestDispatcherServlet  : FrameworkServlet '': initialization completed in 2 ms
2017-12-18 03:02:51.383  INFO 54486 --- [    Test worker] o.a.c.c.C.[Tomcat].[localhost].[/]       : Initializing Spring FrameworkServlet ''
2017-12-18 03:02:51.383  INFO 54486 --- [    Test worker] o.s.t.web.servlet.TestDispatcherServlet  : FrameworkServlet '': initialization started
2017-12-18 03:02:51.385  INFO 54486 --- [    Test worker] o.s.t.web.servlet.TestDispatcherServlet  : FrameworkServlet '': initialization completed in 2 ms
2017-12-18 03:02:51.639  INFO 54486 --- [    Test worker] o.a.c.c.C.[Tomcat].[localhost].[/]       : Initializing Spring FrameworkServlet ''
2017-12-18 03:02:51.639  INFO 54486 --- [    Test worker] o.s.t.web.servlet.TestDispatcherServlet  : FrameworkServlet '': initialization started
2017-12-18 03:02:51.641  INFO 54486 --- [    Test worker] o.s.t.web.servlet.TestDispatcherServlet  : FrameworkServlet '': initialization completed in 2 ms
2017-12-18 03:02:51.902  INFO 54486 --- [    Test worker] o.a.c.c.C.[Tomcat].[localhost].[/]       : Initializing Spring FrameworkServlet ''
2017-12-18 03:02:51.902  INFO 54486 --- [    Test worker] o.s.t.web.servlet.TestDispatcherServlet  : FrameworkServlet '': initialization started
2017-12-18 03:02:51.906  INFO 54486 --- [    Test worker] o.s.t.web.servlet.TestDispatcherServlet  : FrameworkServlet '': initialization completed in 4 ms
2017-12-18 03:02:52.155  INFO 54486 --- [    Test worker] o.a.c.c.C.[Tomcat].[localhost].[/]       : Initializing Spring FrameworkServlet ''
2017-12-18 03:02:52.155  INFO 54486 --- [    Test worker] o.s.t.web.servlet.TestDispatcherServlet  : FrameworkServlet '': initialization started
2017-12-18 03:02:52.158  INFO 54486 --- [    Test worker] o.s.t.web.servlet.TestDispatcherServlet  : FrameworkServlet '': initialization completed in 3 ms
2017-12-18 03:02:52.415  INFO 54486 --- [    Test worker] o.a.c.c.C.[Tomcat].[localhost].[/]       : Initializing Spring FrameworkServlet ''
2017-12-18 03:02:52.415  INFO 54486 --- [    Test worker] o.s.t.web.servlet.TestDispatcherServlet  : FrameworkServlet '': initialization started
2017-12-18 03:02:52.417  INFO 54486 --- [    Test worker] o.s.t.web.servlet.TestDispatcherServlet  : FrameworkServlet '': initialization completed in 2 ms
2017-12-18 03:02:52.676  INFO 54486 --- [    Test worker] o.a.c.c.C.[Tomcat].[localhost].[/]       : Initializing Spring FrameworkServlet ''
2017-12-18 03:02:52.676  INFO 54486 --- [    Test worker] o.s.t.web.servlet.TestDispatcherServlet  : FrameworkServlet '': initialization started
2017-12-18 03:02:52.678  INFO 54486 --- [    Test worker] o.s.t.web.servlet.TestDispatcherServlet  : FrameworkServlet '': initialization completed in 2 ms
2017-12-18 03:02:52.913  INFO 54486 --- [    Test worker] o.a.c.c.C.[Tomcat].[localhost].[/]       : Initializing Spring FrameworkServlet ''
2017-12-18 03:02:52.914  INFO 54486 --- [    Test worker] o.s.t.web.servlet.TestDispatcherServlet  : FrameworkServlet '': initialization started
2017-12-18 03:02:52.916  INFO 54486 --- [    Test worker] o.s.t.web.servlet.TestDispatcherServlet  : FrameworkServlet '': initialization completed in 2 ms
2017-12-18 03:02:53.164  INFO 54486 --- [    Test worker] o.a.c.c.C.[Tomcat].[localhost].[/]       : Initializing Spring FrameworkServlet ''
2017-12-18 03:02:53.165  INFO 54486 --- [    Test worker] o.s.t.web.servlet.TestDispatcherServlet  : FrameworkServlet '': initialization started
2017-12-18 03:02:53.167  INFO 54486 --- [    Test worker] o.s.t.web.servlet.TestDispatcherServlet  : FrameworkServlet '': initialization completed in 2 ms
2017-12-18 03:02:53.425  INFO 54486 --- [    Test worker] o.a.c.c.C.[Tomcat].[localhost].[/]       : Initializing Spring FrameworkServlet ''
2017-12-18 03:02:53.426  INFO 54486 --- [    Test worker] o.s.t.web.servlet.TestDispatcherServlet  : FrameworkServlet '': initialization started
2017-12-18 03:02:53.428  INFO 54486 --- [    Test worker] o.s.t.web.servlet.TestDispatcherServlet  : FrameworkServlet '': initialization completed in 2 ms
2017-12-18 03:02:53.681  INFO 54486 --- [    Test worker] o.a.c.c.C.[Tomcat].[localhost].[/]       : Initializing Spring FrameworkServlet ''
2017-12-18 03:02:53.681  INFO 54486 --- [    Test worker] o.s.t.web.servlet.TestDispatcherServlet  : FrameworkServlet '': initialization started
2017-12-18 03:02:53.683  INFO 54486 --- [    Test worker] o.s.t.web.servlet.TestDispatcherServlet  : FrameworkServlet '': initialization completed in 2 ms
changing date to 2017-12-18
2017-12-18 03:02:53.928  INFO 54486 --- [    Test worker] o.a.c.c.C.[Tomcat].[localhost].[/]       : Initializing Spring FrameworkServlet ''
2017-12-18 03:02:53.928  INFO 54486 --- [    Test worker] o.s.t.web.servlet.TestDispatcherServlet  : FrameworkServlet '': initialization started
2017-12-18 03:02:53.930  INFO 54486 --- [    Test worker] o.s.t.web.servlet.TestDispatcherServlet  : FrameworkServlet '': initialization completed in 2 ms
changing date to 2017-12-18
2017-12-18 03:02:54.192  INFO 54486 --- [    Test worker] o.a.c.c.C.[Tomcat].[localhost].[/]       : Initializing Spring FrameworkServlet ''
2017-12-18 03:02:54.193  INFO 54486 --- [    Test worker] o.s.t.web.servlet.TestDispatcherServlet  : FrameworkServlet '': initialization started
2017-12-18 03:02:54.194  INFO 54486 --- [    Test worker] o.s.t.web.servlet.TestDispatcherServlet  : FrameworkServlet '': initialization completed in 1 ms
2017-12-18 03:02:54.449  INFO 54486 --- [    Test worker] o.a.c.c.C.[Tomcat].[localhost].[/]       : Initializing Spring FrameworkServlet ''
2017-12-18 03:02:54.449  INFO 54486 --- [    Test worker] o.s.t.web.servlet.TestDispatcherServlet  : FrameworkServlet '': initialization started
2017-12-18 03:02:54.451  INFO 54486 --- [    Test worker] o.s.t.web.servlet.TestDispatcherServlet  : FrameworkServlet '': initialization completed in 2 ms
2017-12-18 03:02:54.705  INFO 54486 --- [    Test worker] o.a.c.c.C.[Tomcat].[localhost].[/]       : Initializing Spring FrameworkServlet ''
2017-12-18 03:02:54.705  INFO 54486 --- [    Test worker] o.s.t.web.servlet.TestDispatcherServlet  : FrameworkServlet '': initialization started
2017-12-18 03:02:54.707  INFO 54486 --- [    Test worker] o.s.t.web.servlet.TestDispatcherServlet  : FrameworkServlet '': initialization completed in 2 ms
2017-12-18 03:02:54.968  INFO 54486 --- [    Test worker] o.a.c.c.C.[Tomcat].[localhost].[/]       : Initializing Spring FrameworkServlet ''
2017-12-18 03:02:54.969  INFO 54486 --- [    Test worker] o.s.t.web.servlet.TestDispatcherServlet  : FrameworkServlet '': initialization started
2017-12-18 03:02:54.971  INFO 54486 --- [    Test worker] o.s.t.web.servlet.TestDispatcherServlet  : FrameworkServlet '': initialization completed in 2 ms
2017-12-18 03:02:55.250  INFO 54486 --- [    Test worker] o.a.c.c.C.[Tomcat].[localhost].[/]       : Initializing Spring FrameworkServlet ''
2017-12-18 03:02:55.250  INFO 54486 --- [    Test worker] o.s.t.web.servlet.TestDispatcherServlet  : FrameworkServlet '': initialization started
2017-12-18 03:02:55.252  INFO 54486 --- [    Test worker] o.s.t.web.servlet.TestDispatcherServlet  : FrameworkServlet '': initialization completed in 2 ms
2017-12-18 03:02:55.535  INFO 54486 --- [    Test worker] o.a.c.c.C.[Tomcat].[localhost].[/]       : Initializing Spring FrameworkServlet ''
2017-12-18 03:02:55.535  INFO 54486 --- [    Test worker] o.s.t.web.servlet.TestDispatcherServlet  : FrameworkServlet '': initialization started
2017-12-18 03:02:55.537  INFO 54486 --- [    Test worker] o.s.t.web.servlet.TestDispatcherServlet  : FrameworkServlet '': initialization completed in 2 ms
2017-12-18 03:02:55.798  INFO 54486 --- [    Test worker] o.a.c.c.C.[Tomcat].[localhost].[/]       : Initializing Spring FrameworkServlet ''
2017-12-18 03:02:55.799  INFO 54486 --- [    Test worker] o.s.t.web.servlet.TestDispatcherServlet  : FrameworkServlet '': initialization started
2017-12-18 03:02:55.801  INFO 54486 --- [    Test worker] o.s.t.web.servlet.TestDispatcherServlet  : FrameworkServlet '': initialization completed in 2 ms
2017-12-18 03:02:56.056  INFO 54486 --- [    Test worker] o.a.c.c.C.[Tomcat].[localhost].[/]       : Initializing Spring FrameworkServlet ''
2017-12-18 03:02:56.056  INFO 54486 --- [    Test worker] o.s.t.web.servlet.TestDispatcherServlet  : FrameworkServlet '': initialization started
2017-12-18 03:02:56.058  INFO 54486 --- [    Test worker] o.s.t.web.servlet.TestDispatcherServlet  : FrameworkServlet '': initialization completed in 2 ms
2017-12-18 03:02:56.337  INFO 54486 --- [    Test worker] o.a.c.c.C.[Tomcat].[localhost].[/]       : Initializing Spring FrameworkServlet ''
2017-12-18 03:02:56.337  INFO 54486 --- [    Test worker] o.s.t.web.servlet.TestDispatcherServlet  : FrameworkServlet '': initialization started
2017-12-18 03:02:56.340  INFO 54486 --- [    Test worker] o.s.t.web.servlet.TestDispatcherServlet  : FrameworkServlet '': initialization completed in 3 ms
2017-12-18 03:02:56.585  INFO 54486 --- [    Test worker] o.a.c.c.C.[Tomcat].[localhost].[/]       : Initializing Spring FrameworkServlet ''
2017-12-18 03:02:56.585  INFO 54486 --- [    Test worker] o.s.t.web.servlet.TestDispatcherServlet  : FrameworkServlet '': initialization started
2017-12-18 03:02:56.587  INFO 54486 --- [    Test worker] o.s.t.web.servlet.TestDispatcherServlet  : FrameworkServlet '': initialization completed in 2 ms
2017-12-18 03:02:56.844  INFO 54486 --- [    Test worker] o.a.c.c.C.[Tomcat].[localhost].[/]       : Initializing Spring FrameworkServlet ''
2017-12-18 03:02:56.844  INFO 54486 --- [    Test worker] o.s.t.web.servlet.TestDispatcherServlet  : FrameworkServlet '': initialization started
2017-12-18 03:02:56.846  INFO 54486 --- [    Test worker] o.s.t.web.servlet.TestDispatcherServlet  : FrameworkServlet '': initialization completed in 2 ms
2017-12-18 03:02:57.114  INFO 54486 --- [    Test worker] o.a.c.c.C.[Tomcat].[localhost].[/]       : Initializing Spring FrameworkServlet ''
2017-12-18 03:02:57.114  INFO 54486 --- [    Test worker] o.s.t.web.servlet.TestDispatcherServlet  : FrameworkServlet '': initialization started
2017-12-18 03:02:57.116  INFO 54486 --- [    Test worker] o.s.t.web.servlet.TestDispatcherServlet  : FrameworkServlet '': initialization completed in 1 ms
2017-12-18 03:02:57.392  INFO 54486 --- [    Test worker] o.a.c.c.C.[Tomcat].[localhost].[/]       : Initializing Spring FrameworkServlet ''
2017-12-18 03:02:57.392  INFO 54486 --- [    Test worker] o.s.t.web.servlet.TestDispatcherServlet  : FrameworkServlet '': initialization started
2017-12-18 03:02:57.394  INFO 54486 --- [    Test worker] o.s.t.web.servlet.TestDispatcherServlet  : FrameworkServlet '': initialization completed in 1 ms
2017-12-18 03:02:57.684  INFO 54486 --- [    Test worker] o.h.h.i.QueryTranslatorFactoryInitiator  : HHH000397: Using ASTQueryTranslatorFactory
2017-12-18 03:02:57.847  INFO 54486 --- [    Test worker] o.a.c.c.C.[Tomcat].[localhost].[/]       : Initializing Spring FrameworkServlet ''
2017-12-18 03:02:57.847  INFO 54486 --- [    Test worker] o.s.t.web.servlet.TestDispatcherServlet  : FrameworkServlet '': initialization started
2017-12-18 03:02:57.849  INFO 54486 --- [    Test worker] o.s.t.web.servlet.TestDispatcherServlet  : FrameworkServlet '': initialization completed in 2 ms
2017-12-18 03:02:58.107  INFO 54486 --- [    Test worker] o.a.c.c.C.[Tomcat].[localhost].[/]       : Initializing Spring FrameworkServlet ''
2017-12-18 03:02:58.108  INFO 54486 --- [    Test worker] o.s.t.web.servlet.TestDispatcherServlet  : FrameworkServlet '': initialization started
2017-12-18 03:02:58.110  INFO 54486 --- [    Test worker] o.s.t.web.servlet.TestDispatcherServlet  : FrameworkServlet '': initialization completed in 2 ms
2017-12-18 03:02:58.376  INFO 54486 --- [    Test worker] o.a.c.c.C.[Tomcat].[localhost].[/]       : Initializing Spring FrameworkServlet ''
2017-12-18 03:02:58.376  INFO 54486 --- [    Test worker] o.s.t.web.servlet.TestDispatcherServlet  : FrameworkServlet '': initialization started
2017-12-18 03:02:58.379  INFO 54486 --- [    Test worker] o.s.t.web.servlet.TestDispatcherServlet  : FrameworkServlet '': initialization completed in 3 ms
2017-12-18 03:02:58.649  INFO 54486 --- [    Test worker] o.a.c.c.C.[Tomcat].[localhost].[/]       : Initializing Spring FrameworkServlet ''
2017-12-18 03:02:58.649  INFO 54486 --- [    Test worker] o.s.t.web.servlet.TestDispatcherServlet  : FrameworkServlet '': initialization started
2017-12-18 03:02:58.651  INFO 54486 --- [    Test worker] o.s.t.web.servlet.TestDispatcherServlet  : FrameworkServlet '': initialization completed in 1 ms
2017-12-18 03:02:58.936  INFO 54486 --- [    Test worker] o.a.c.c.C.[Tomcat].[localhost].[/]       : Initializing Spring FrameworkServlet ''
2017-12-18 03:02:58.936  INFO 54486 --- [    Test worker] o.s.t.web.servlet.TestDispatcherServlet  : FrameworkServlet '': initialization started
2017-12-18 03:02:58.938  INFO 54486 --- [    Test worker] o.s.t.web.servlet.TestDispatcherServlet  : FrameworkServlet '': initialization completed in 2 ms
2017-12-18 03:02:59.226  INFO 54486 --- [    Test worker] o.a.c.c.C.[Tomcat].[localhost].[/]       : Initializing Spring FrameworkServlet ''
2017-12-18 03:02:59.226  INFO 54486 --- [    Test worker] o.s.t.web.servlet.TestDispatcherServlet  : FrameworkServlet '': initialization started
2017-12-18 03:02:59.228  INFO 54486 --- [    Test worker] o.s.t.web.servlet.TestDispatcherServlet  : FrameworkServlet '': initialization completed in 2 ms
2017-12-18 03:02:59.494  INFO 54486 --- [    Test worker] o.a.c.c.C.[Tomcat].[localhost].[/]       : Initializing Spring FrameworkServlet ''
2017-12-18 03:02:59.495  INFO 54486 --- [    Test worker] o.s.t.web.servlet.TestDispatcherServlet  : FrameworkServlet '': initialization started
2017-12-18 03:02:59.497  INFO 54486 --- [    Test worker] o.s.t.web.servlet.TestDispatcherServlet  : FrameworkServlet '': initialization completed in 2 ms
2017-12-18 03:02:59.771  INFO 54486 --- [    Test worker] o.a.c.c.C.[Tomcat].[localhost].[/]       : Initializing Spring FrameworkServlet ''
2017-12-18 03:02:59.771  INFO 54486 --- [    Test worker] o.s.t.web.servlet.TestDispatcherServlet  : FrameworkServlet '': initialization started
2017-12-18 03:02:59.773  INFO 54486 --- [    Test worker] o.s.t.web.servlet.TestDispatcherServlet  : FrameworkServlet '': initialization completed in 2 ms
2017-12-18 03:03:00.038  INFO 54486 --- [    Test worker] o.a.c.c.C.[Tomcat].[localhost].[/]       : Initializing Spring FrameworkServlet ''
2017-12-18 03:03:00.038  INFO 54486 --- [    Test worker] o.s.t.web.servlet.TestDispatcherServlet  : FrameworkServlet '': initialization started
2017-12-18 03:03:00.041  INFO 54486 --- [    Test worker] o.s.t.web.servlet.TestDispatcherServlet  : FrameworkServlet '': initialization completed in 3 ms
2017-12-18 03:03:00.304  INFO 54486 --- [    Test worker] o.a.c.c.C.[Tomcat].[localhost].[/]       : Initializing Spring FrameworkServlet ''
2017-12-18 03:03:00.304  INFO 54486 --- [    Test worker] o.s.t.web.servlet.TestDispatcherServlet  : FrameworkServlet '': initialization started
2017-12-18 03:03:00.306  INFO 54486 --- [    Test worker] o.s.t.web.servlet.TestDispatcherServlet  : FrameworkServlet '': initialization completed in 2 ms
2017-12-18 03:03:00.559  INFO 54486 --- [    Test worker] o.a.c.c.C.[Tomcat].[localhost].[/]       : Initializing Spring FrameworkServlet ''
2017-12-18 03:03:00.559  INFO 54486 --- [    Test worker] o.s.t.web.servlet.TestDispatcherServlet  : FrameworkServlet '': initialization started
2017-12-18 03:03:00.561  INFO 54486 --- [    Test worker] o.s.t.web.servlet.TestDispatcherServlet  : FrameworkServlet '': initialization completed in 1 ms
2017-12-18 03:03:00.828  INFO 54486 --- [    Test worker] o.a.c.c.C.[Tomcat].[localhost].[/]       : Initializing Spring FrameworkServlet ''
2017-12-18 03:03:00.828  INFO 54486 --- [    Test worker] o.s.t.web.servlet.TestDispatcherServlet  : FrameworkServlet '': initialization started
2017-12-18 03:03:00.831  INFO 54486 --- [    Test worker] o.s.t.web.servlet.TestDispatcherServlet  : FrameworkServlet '': initialization completed in 3 ms
2017-12-18 03:03:01.111  INFO 54486 --- [    Test worker] o.a.c.c.C.[Tomcat].[localhost].[/]       : Initializing Spring FrameworkServlet ''
2017-12-18 03:03:01.111  INFO 54486 --- [    Test worker] o.s.t.web.servlet.TestDispatcherServlet  : FrameworkServlet '': initialization started
2017-12-18 03:03:01.113  INFO 54486 --- [    Test worker] o.s.t.web.servlet.TestDispatcherServlet  : FrameworkServlet '': initialization completed in 2 ms
2017-12-18 03:03:01.383  INFO 54486 --- [    Test worker] o.a.c.c.C.[Tomcat].[localhost].[/]       : Initializing Spring FrameworkServlet ''
2017-12-18 03:03:01.383  INFO 54486 --- [    Test worker] o.s.t.web.servlet.TestDispatcherServlet  : FrameworkServlet '': initialization started
2017-12-18 03:03:01.385  INFO 54486 --- [    Test worker] o.s.t.web.servlet.TestDispatcherServlet  : FrameworkServlet '': initialization completed in 2 ms
2017-12-18 03:03:01.665  INFO 54486 --- [    Test worker] o.a.c.c.C.[Tomcat].[localhost].[/]       : Initializing Spring FrameworkServlet ''
2017-12-18 03:03:01.666  INFO 54486 --- [    Test worker] o.s.t.web.servlet.TestDispatcherServlet  : FrameworkServlet '': initialization started
2017-12-18 03:03:01.668  INFO 54486 --- [    Test worker] o.s.t.web.servlet.TestDispatcherServlet  : FrameworkServlet '': initialization completed in 2 ms
2017-12-18 03:03:01.967  INFO 54486 --- [    Test worker] o.a.c.c.C.[Tomcat].[localhost].[/]       : Initializing Spring FrameworkServlet ''
2017-12-18 03:03:01.967  INFO 54486 --- [    Test worker] o.s.t.web.servlet.TestDispatcherServlet  : FrameworkServlet '': initialization started
2017-12-18 03:03:01.969  INFO 54486 --- [    Test worker] o.s.t.web.servlet.TestDispatcherServlet  : FrameworkServlet '': initialization completed in 2 ms
2017-12-18 03:03:02.229  INFO 54486 --- [    Test worker] o.a.c.c.C.[Tomcat].[localhost].[/]       : Initializing Spring FrameworkServlet ''
2017-12-18 03:03:02.229  INFO 54486 --- [    Test worker] o.s.t.web.servlet.TestDispatcherServlet  : FrameworkServlet '': initialization started
2017-12-18 03:03:02.231  INFO 54486 --- [    Test worker] o.s.t.web.servlet.TestDispatcherServlet  : FrameworkServlet '': initialization completed in 1 ms
2017-12-18 03:03:02.490  INFO 54486 --- [    Test worker] o.a.c.c.C.[Tomcat].[localhost].[/]       : Initializing Spring FrameworkServlet ''
2017-12-18 03:03:02.490  INFO 54486 --- [    Test worker] o.s.t.web.servlet.TestDispatcherServlet  : FrameworkServlet '': initialization started
2017-12-18 03:03:02.492  INFO 54486 --- [    Test worker] o.s.t.web.servlet.TestDispatcherServlet  : FrameworkServlet '': initialization completed in 1 ms
2017-12-18 03:03:02.757  INFO 54486 --- [    Test worker] o.a.c.c.C.[Tomcat].[localhost].[/]       : Initializing Spring FrameworkServlet ''
2017-12-18 03:03:02.757  INFO 54486 --- [    Test worker] o.s.t.web.servlet.TestDispatcherServlet  : FrameworkServlet '': initialization started
2017-12-18 03:03:02.759  INFO 54486 --- [    Test worker] o.s.t.web.servlet.TestDispatcherServlet  : FrameworkServlet '': initialization completed in 2 ms
2017-12-18 03:03:03.015  INFO 54486 --- [    Test worker] o.a.c.c.C.[Tomcat].[localhost].[/]       : Initializing Spring FrameworkServlet ''
2017-12-18 03:03:03.015  INFO 54486 --- [    Test worker] o.s.t.web.servlet.TestDispatcherServlet  : FrameworkServlet '': initialization started
2017-12-18 03:03:03.017  INFO 54486 --- [    Test worker] o.s.t.web.servlet.TestDispatcherServlet  : FrameworkServlet '': initialization completed in 2 ms
2017-12-18 03:03:03.261  INFO 54486 --- [    Test worker] o.a.c.c.C.[Tomcat].[localhost].[/]       : Initializing Spring FrameworkServlet ''
2017-12-18 03:03:03.261  INFO 54486 --- [    Test worker] o.s.t.web.servlet.TestDispatcherServlet  : FrameworkServlet '': initialization started
2017-12-18 03:03:03.263  INFO 54486 --- [    Test worker] o.s.t.web.servlet.TestDispatcherServlet  : FrameworkServlet '': initialization completed in 2 ms
2017-12-18 03:03:03.510  INFO 54486 --- [    Test worker] o.a.c.c.C.[Tomcat].[localhost].[/]       : Initializing Spring FrameworkServlet ''
2017-12-18 03:03:03.510  INFO 54486 --- [    Test worker] o.s.t.web.servlet.TestDispatcherServlet  : FrameworkServlet '': initialization started
2017-12-18 03:03:03.512  INFO 54486 --- [    Test worker] o.s.t.web.servlet.TestDispatcherServlet  : FrameworkServlet '': initialization completed in 2 ms
2017-12-18 03:03:03.766  INFO 54486 --- [    Test worker] o.a.c.c.C.[Tomcat].[localhost].[/]       : Initializing Spring FrameworkServlet ''
2017-12-18 03:03:03.766  INFO 54486 --- [    Test worker] o.s.t.web.servlet.TestDispatcherServlet  : FrameworkServlet '': initialization started
2017-12-18 03:03:03.768  INFO 54486 --- [    Test worker] o.s.t.web.servlet.TestDispatcherServlet  : FrameworkServlet '': initialization completed in 2 ms
2017-12-18 03:03:04.039  INFO 54486 --- [    Test worker] o.a.c.c.C.[Tomcat].[localhost].[/]       : Initializing Spring FrameworkServlet ''
2017-12-18 03:03:04.039  INFO 54486 --- [    Test worker] o.s.t.web.servlet.TestDispatcherServlet  : FrameworkServlet '': initialization started
2017-12-18 03:03:04.041  INFO 54486 --- [    Test worker] o.s.t.web.servlet.TestDispatcherServlet  : FrameworkServlet '': initialization completed in 2 ms
2017-12-18 03:03:04.306  INFO 54486 --- [    Test worker] o.a.c.c.C.[Tomcat].[localhost].[/]       : Initializing Spring FrameworkServlet ''
2017-12-18 03:03:04.306  INFO 54486 --- [    Test worker] o.s.t.web.servlet.TestDispatcherServlet  : FrameworkServlet '': initialization started
2017-12-18 03:03:04.308  INFO 54486 --- [    Test worker] o.s.t.web.servlet.TestDispatcherServlet  : FrameworkServlet '': initialization completed in 2 ms
2017-12-18 03:03:04.572  INFO 54486 --- [    Test worker] o.a.c.c.C.[Tomcat].[localhost].[/]       : Initializing Spring FrameworkServlet ''
2017-12-18 03:03:04.572  INFO 54486 --- [    Test worker] o.s.t.web.servlet.TestDispatcherServlet  : FrameworkServlet '': initialization started
2017-12-18 03:03:04.574  INFO 54486 --- [    Test worker] o.s.t.web.servlet.TestDispatcherServlet  : FrameworkServlet '': initialization completed in 2 ms
2017-12-18 03:03:04.844  INFO 54486 --- [    Test worker] o.a.c.c.C.[Tomcat].[localhost].[/]       : Initializing Spring FrameworkServlet ''
2017-12-18 03:03:04.845  INFO 54486 --- [    Test worker] o.s.t.web.servlet.TestDispatcherServlet  : FrameworkServlet '': initialization started
2017-12-18 03:03:04.847  INFO 54486 --- [    Test worker] o.s.t.web.servlet.TestDispatcherServlet  : FrameworkServlet '': initialization completed in 2 ms
2017-12-18 03:03:05.116  INFO 54486 --- [    Test worker] o.a.c.c.C.[Tomcat].[localhost].[/]       : Initializing Spring FrameworkServlet ''
2017-12-18 03:03:05.116  INFO 54486 --- [    Test worker] o.s.t.web.servlet.TestDispatcherServlet  : FrameworkServlet '': initialization started
2017-12-18 03:03:05.118  INFO 54486 --- [    Test worker] o.s.t.web.servlet.TestDispatcherServlet  : FrameworkServlet '': initialization completed in 2 ms
2017-12-18 03:03:05.392  INFO 54486 --- [    Test worker] o.a.c.c.C.[Tomcat].[localhost].[/]       : Initializing Spring FrameworkServlet ''
2017-12-18 03:03:05.393  INFO 54486 --- [    Test worker] o.s.t.web.servlet.TestDispatcherServlet  : FrameworkServlet '': initialization started
2017-12-18 03:03:05.395  INFO 54486 --- [    Test worker] o.s.t.web.servlet.TestDispatcherServlet  : FrameworkServlet '': initialization completed in 2 ms
2017-12-18 03:03:05.640  INFO 54486 --- [    Test worker] o.a.c.c.C.[Tomcat].[localhost].[/]       : Initializing Spring FrameworkServlet ''
2017-12-18 03:03:05.640  INFO 54486 --- [    Test worker] o.s.t.web.servlet.TestDispatcherServlet  : FrameworkServlet '': initialization started
2017-12-18 03:03:05.641  INFO 54486 --- [    Test worker] o.s.t.web.servlet.TestDispatcherServlet  : FrameworkServlet '': initialization completed in 1 ms
</pre>
</span>
</div>
</div>
<div id="footer">
<p>
<div>
<label class="hidden" id="label-for-line-wrapping-toggle" for="line-wrapping-toggle">Wrap lines
<input id="line-wrapping-toggle" type="checkbox" autocomplete="off"/>
</label>
</div>Generated by 
<a href="http://www.gradle.org">Gradle 3.5</a> at 18-Dec-2017 03:03:06</p>
</div>
</div>
</body>
</html>
