<!DOCTYPE html>
<html>
<head>
<meta http-equiv="Content-Type" content="text/html; charset=utf-8"/>
<meta http-equiv="x-ua-compatible" content="IE=edge"/>
<title>Test results - Class eMarket.SecurityTests</title>
<link href="../css/base-style.css" rel="stylesheet" type="text/css"/>
<link href="../css/style.css" rel="stylesheet" type="text/css"/>
<script src="../js/report.js" type="text/javascript"></script>
</head>
<body>
<div id="content">
<h1>Class eMarket.SecurityTests</h1>
<div class="breadcrumbs">
<a href="../index.html">all</a> &gt; 
<a href="../packages/eMarket.html">eMarket</a> &gt; SecurityTests</div>
<div id="summary">
<table>
<tr>
<td>
<div class="summaryGroup">
<table>
<tr>
<td>
<div class="infoBox" id="tests">
<div class="counter">66</div>
<p>tests</p>
</div>
</td>
<td>
<div class="infoBox" id="failures">
<div class="counter">5</div>
<p>failures</p>
</div>
</td>
<td>
<div class="infoBox" id="ignored">
<div class="counter">0</div>
<p>ignored</p>
</div>
</td>
<td>
<div class="infoBox" id="duration">
<div class="counter">24.086s</div>
<p>duration</p>
</div>
</td>
</tr>
</table>
</div>
</td>
<td>
<div class="infoBox failures" id="successRate">
<div class="percent">92%</div>
<p>successful</p>
</div>
</td>
</tr>
</table>
</div>
<div id="tabs">
<ul class="tabLinks">
<li>
<a href="#tab0">Failed tests</a>
</li>
<li>
<a href="#tab1">Tests</a>
</li>
<li>
<a href="#tab2">Standard output</a>
</li>
</ul>
<div id="tab0" class="tab">
<h2>Failed tests</h2>
<div class="test">
<a name="authorization-3"></a>
<h3 class="failures">authorization-3</h3>
<span class="code">
<pre>Condition failed with Exception:

result.andExpect(status().is(statusCode)) .andExpect(authenticated().withUsername(username).withRoles(role))
|      |         |        |  |
|      |         |        |  403
|      |         |        org.springframework.test.web.servlet.result.StatusResultMatchers$2@5647e36b
|      |         org.springframework.test.web.servlet.result.StatusResultMatchers@5f59c54c
|      java.lang.AssertionError: Response status expected:&lt;403&gt; but was:&lt;200&gt;
org.springframework.test.web.servlet.MockMvc$1@13d2acd8

	at eMarket.SecurityTests.authorization-#testId(SecurityTests.groovy:134)
Caused by: java.lang.AssertionError: Response status expected:&lt;403&gt; but was:&lt;200&gt;
	at org.springframework.test.util.AssertionErrors.fail(AssertionErrors.java:54)
	at org.springframework.test.util.AssertionErrors.assertEquals(AssertionErrors.java:81)
	at org.springframework.test.web.servlet.result.StatusResultMatchers$2.match(StatusResultMatchers.java:69)
	at org.springframework.test.web.servlet.MockMvc$1.andExpect(MockMvc.java:171)
	at eMarket.SecurityTests.authorization-#testId(SecurityTests.groovy:133)
</pre>
</span>
</div>
<div class="test">
<a name="authorization-4"></a>
<h3 class="failures">authorization-4</h3>
<span class="code">
<pre>Condition failed with Exception:

result.andExpect(status().is(statusCode)) .andExpect(authenticated().withUsername(username).withRoles(role))
|      |         |        |  |
|      |         |        |  403
|      |         |        org.springframework.test.web.servlet.result.StatusResultMatchers$2@1fc0da22
|      |         org.springframework.test.web.servlet.result.StatusResultMatchers@61abfc2a
|      java.lang.AssertionError: Response status expected:&lt;403&gt; but was:&lt;200&gt;
org.springframework.test.web.servlet.MockMvc$1@6f2bea88

	at eMarket.SecurityTests.authorization-#testId(SecurityTests.groovy:134)
Caused by: java.lang.AssertionError: Response status expected:&lt;403&gt; but was:&lt;200&gt;
	at org.springframework.test.util.AssertionErrors.fail(AssertionErrors.java:54)
	at org.springframework.test.util.AssertionErrors.assertEquals(AssertionErrors.java:81)
	at org.springframework.test.web.servlet.result.StatusResultMatchers$2.match(StatusResultMatchers.java:69)
	at org.springframework.test.web.servlet.MockMvc$1.andExpect(MockMvc.java:171)
	at eMarket.SecurityTests.authorization-#testId(SecurityTests.groovy:133)
</pre>
</span>
</div>
<div class="test">
<a name="authorization-5"></a>
<h3 class="failures">authorization-5</h3>
<span class="code">
<pre>Condition failed with Exception:

result.andExpect(status().is(statusCode)) .andExpect(authenticated().withUsername(username).withRoles(role))
|      |         |        |  |
|      |         |        |  403
|      |         |        org.springframework.test.web.servlet.result.StatusResultMatchers$2@2918b7a1
|      |         org.springframework.test.web.servlet.result.StatusResultMatchers@2fd43d2e
|      java.lang.AssertionError: Response status expected:&lt;403&gt; but was:&lt;200&gt;
org.springframework.test.web.servlet.MockMvc$1@36dcf01d

	at eMarket.SecurityTests.authorization-#testId(SecurityTests.groovy:134)
Caused by: java.lang.AssertionError: Response status expected:&lt;403&gt; but was:&lt;200&gt;
	at org.springframework.test.util.AssertionErrors.fail(AssertionErrors.java:54)
	at org.springframework.test.util.AssertionErrors.assertEquals(AssertionErrors.java:81)
	at org.springframework.test.web.servlet.result.StatusResultMatchers$2.match(StatusResultMatchers.java:69)
	at org.springframework.test.web.servlet.MockMvc$1.andExpect(MockMvc.java:171)
	at eMarket.SecurityTests.authorization-#testId(SecurityTests.groovy:133)
</pre>
</span>
</div>
<div class="test">
<a name="authorization-6"></a>
<h3 class="failures">authorization-6</h3>
<span class="code">
<pre>Condition failed with Exception:

result.andExpect(status().is(statusCode)) .andExpect(authenticated().withUsername(username).withRoles(role))
|      |         |        |  |
|      |         |        |  403
|      |         |        org.springframework.test.web.servlet.result.StatusResultMatchers$2@153f2ac9
|      |         org.springframework.test.web.servlet.result.StatusResultMatchers@52b3e27d
|      java.lang.AssertionError: Response status expected:&lt;403&gt; but was:&lt;200&gt;
org.springframework.test.web.servlet.MockMvc$1@3efaffbc

	at eMarket.SecurityTests.authorization-#testId(SecurityTests.groovy:134)
Caused by: java.lang.AssertionError: Response status expected:&lt;403&gt; but was:&lt;200&gt;
	at org.springframework.test.util.AssertionErrors.fail(AssertionErrors.java:54)
	at org.springframework.test.util.AssertionErrors.assertEquals(AssertionErrors.java:81)
	at org.springframework.test.web.servlet.result.StatusResultMatchers$2.match(StatusResultMatchers.java:69)
	at org.springframework.test.web.servlet.MockMvc$1.andExpect(MockMvc.java:171)
	at eMarket.SecurityTests.authorization-#testId(SecurityTests.groovy:133)
</pre>
</span>
</div>
<div class="test">
<a name="authorization-74"></a>
<h3 class="failures">authorization-74</h3>
<span class="code">
<pre>Condition failed with Exception:

result.andExpect(status().is(statusCode)) .andExpect(authenticated().withUsername(username).withRoles(role))
|      |         |        |  |
|      |         |        |  403
|      |         |        org.springframework.test.web.servlet.result.StatusResultMatchers$2@68ffd54c
|      |         org.springframework.test.web.servlet.result.StatusResultMatchers@21c2abeb
|      java.lang.AssertionError: Response status expected:&lt;403&gt; but was:&lt;200&gt;
org.springframework.test.web.servlet.MockMvc$1@4dc7a9f8

	at eMarket.SecurityTests.authorization-#testId(SecurityTests.groovy:134)
Caused by: java.lang.AssertionError: Response status expected:&lt;403&gt; but was:&lt;200&gt;
	at org.springframework.test.util.AssertionErrors.fail(AssertionErrors.java:54)
	at org.springframework.test.util.AssertionErrors.assertEquals(AssertionErrors.java:81)
	at org.springframework.test.web.servlet.result.StatusResultMatchers$2.match(StatusResultMatchers.java:69)
	at org.springframework.test.web.servlet.MockMvc$1.andExpect(MockMvc.java:171)
	at eMarket.SecurityTests.authorization-#testId(SecurityTests.groovy:133)
</pre>
</span>
</div>
</div>
<div id="tab1" class="tab">
<h2>Tests</h2>
<table>
<thead>
<tr>
<th>Test</th>
<th>Duration</th>
<th>Result</th>
</tr>
</thead>
<tr>
<td class="success">authentication-3</td>
<td>0.259s</td>
<td class="success">passed</td>
</tr>
<tr>
<td class="success">authentication-4</td>
<td>0.250s</td>
<td class="success">passed</td>
</tr>
<tr>
<td class="success">authorization-1</td>
<td>0.287s</td>
<td class="success">passed</td>
</tr>
<tr>
<td class="success">authorization-10</td>
<td>0.271s</td>
<td class="success">passed</td>
</tr>
<tr>
<td class="success">authorization-11</td>
<td>0.256s</td>
<td class="success">passed</td>
</tr>
<tr>
<td class="success">authorization-12</td>
<td>0.273s</td>
<td class="success">passed</td>
</tr>
<tr>
<td class="success">authorization-13</td>
<td>0.266s</td>
<td class="success">passed</td>
</tr>
<tr>
<td class="success">authorization-14</td>
<td>0.292s</td>
<td class="success">passed</td>
</tr>
<tr>
<td class="success">authorization-15</td>
<td>0.274s</td>
<td class="success">passed</td>
</tr>
<tr>
<td class="success">authorization-16</td>
<td>0.279s</td>
<td class="success">passed</td>
</tr>
<tr>
<td class="success">authorization-17</td>
<td>0.270s</td>
<td class="success">passed</td>
</tr>
<tr>
<td class="success">authorization-18</td>
<td>0.258s</td>
<td class="success">passed</td>
</tr>
<tr>
<td class="success">authorization-19</td>
<td>0.282s</td>
<td class="success">passed</td>
</tr>
<tr>
<td class="success">authorization-2</td>
<td>0.248s</td>
<td class="success">passed</td>
</tr>
<tr>
<td class="success">authorization-20</td>
<td>0.277s</td>
<td class="success">passed</td>
</tr>
<tr>
<td class="success">authorization-21</td>
<td>0.256s</td>
<td class="success">passed</td>
</tr>
<tr>
<td class="success">authorization-22</td>
<td>0.268s</td>
<td class="success">passed</td>
</tr>
<tr>
<td class="success">authorization-23</td>
<td>0.270s</td>
<td class="success">passed</td>
</tr>
<tr>
<td class="success">authorization-24</td>
<td>0.280s</td>
<td class="success">passed</td>
</tr>
<tr>
<td class="success">authorization-25</td>
<td>0.273s</td>
<td class="success">passed</td>
</tr>
<tr>
<td class="success">authorization-26</td>
<td>0.287s</td>
<td class="success">passed</td>
</tr>
<tr>
<td class="success">authorization-27</td>
<td>0.262s</td>
<td class="success">passed</td>
</tr>
<tr>
<td class="failures">authorization-3</td>
<td>0.263s</td>
<td class="failures">failed</td>
</tr>
<tr>
<td class="success">authorization-37</td>
<td>0.262s</td>
<td class="success">passed</td>
</tr>
<tr>
<td class="success">authorization-38</td>
<td>0.276s</td>
<td class="success">passed</td>
</tr>
<tr>
<td class="success">authorization-39</td>
<td>0.280s</td>
<td class="success">passed</td>
</tr>
<tr>
<td class="failures">authorization-4</td>
<td>0.267s</td>
<td class="failures">failed</td>
</tr>
<tr>
<td class="success">authorization-40</td>
<td>0.282s</td>
<td class="success">passed</td>
</tr>
<tr>
<td class="success">authorization-41</td>
<td>0.283s</td>
<td class="success">passed</td>
</tr>
<tr>
<td class="success">authorization-42</td>
<td>0.269s</td>
<td class="success">passed</td>
</tr>
<tr>
<td class="success">authorization-43</td>
<td>0.270s</td>
<td class="success">passed</td>
</tr>
<tr>
<td class="success">authorization-44</td>
<td>0.253s</td>
<td class="success">passed</td>
</tr>
<tr>
<td class="success">authorization-45</td>
<td>0.276s</td>
<td class="success">passed</td>
</tr>
<tr>
<td class="success">authorization-46</td>
<td>0.263s</td>
<td class="success">passed</td>
</tr>
<tr>
<td class="success">authorization-47</td>
<td>0.267s</td>
<td class="success">passed</td>
</tr>
<tr>
<td class="success">authorization-48</td>
<td>0.260s</td>
<td class="success">passed</td>
</tr>
<tr>
<td class="success">authorization-49</td>
<td>0.263s</td>
<td class="success">passed</td>
</tr>
<tr>
<td class="failures">authorization-5</td>
<td>0.270s</td>
<td class="failures">failed</td>
</tr>
<tr>
<td class="success">authorization-50</td>
<td>0.273s</td>
<td class="success">passed</td>
</tr>
<tr>
<td class="success">authorization-51</td>
<td>0.263s</td>
<td class="success">passed</td>
</tr>
<tr>
<td class="success">authorization-52</td>
<td>0.261s</td>
<td class="success">passed</td>
</tr>
<tr>
<td class="success">authorization-53</td>
<td>0.253s</td>
<td class="success">passed</td>
</tr>
<tr>
<td class="success">authorization-54</td>
<td>0.259s</td>
<td class="success">passed</td>
</tr>
<tr>
<td class="success">authorization-55</td>
<td>0.262s</td>
<td class="success">passed</td>
</tr>
<tr>
<td class="success">authorization-56</td>
<td>0.264s</td>
<td class="success">passed</td>
</tr>
<tr>
<td class="success">authorization-57</td>
<td>0.276s</td>
<td class="success">passed</td>
</tr>
<tr>
<td class="success">authorization-58</td>
<td>0.262s</td>
<td class="success">passed</td>
</tr>
<tr>
<td class="success">authorization-59</td>
<td>0.265s</td>
<td class="success">passed</td>
</tr>
<tr>
<td class="failures">authorization-6</td>
<td>0.262s</td>
<td class="failures">failed</td>
</tr>
<tr>
<td class="success">authorization-60</td>
<td>0.280s</td>
<td class="success">passed</td>
</tr>
<tr>
<td class="success">authorization-7</td>
<td>0.261s</td>
<td class="success">passed</td>
</tr>
<tr>
<td class="success">authorization-70</td>
<td>0.272s</td>
<td class="success">passed</td>
</tr>
<tr>
<td class="success">authorization-71</td>
<td>0.275s</td>
<td class="success">passed</td>
</tr>
<tr>
<td class="success">authorization-72</td>
<td>0.286s</td>
<td class="success">passed</td>
</tr>
<tr>
<td class="success">authorization-73</td>
<td>0.257s</td>
<td class="success">passed</td>
</tr>
<tr>
<td class="failures">authorization-74</td>
<td>0.266s</td>
<td class="failures">failed</td>
</tr>
<tr>
<td class="success">authorization-75</td>
<td>0.268s</td>
<td class="success">passed</td>
</tr>
<tr>
<td class="success">authorization-76</td>
<td>0.262s</td>
<td class="success">passed</td>
</tr>
<tr>
<td class="success">authorization-77</td>
<td>0.263s</td>
<td class="success">passed</td>
</tr>
<tr>
<td class="success">authorization-78</td>
<td>0.255s</td>
<td class="success">passed</td>
</tr>
<tr>
<td class="success">authorization-79</td>
<td>0.256s</td>
<td class="success">passed</td>
</tr>
<tr>
<td class="success">authorization-8</td>
<td>0.260s</td>
<td class="success">passed</td>
</tr>
<tr>
<td class="success">authorization-80</td>
<td>0.274s</td>
<td class="success">passed</td>
</tr>
<tr>
<td class="success">authorization-81</td>
<td>0.266s</td>
<td class="success">passed</td>
</tr>
<tr>
<td class="success">authorization-9</td>
<td>0.266s</td>
<td class="success">passed</td>
</tr>
<tr>
<td class="success">secureChannel</td>
<td>6.677s</td>
<td class="success">passed</td>
</tr>
</table>
</div>
<div id="tab2" class="tab">
<h2>Standard output</h2>
<span class="code">
<pre>02:39:12.296 [Test worker] DEBUG com.athaydes.spockframework.report.SpockReportExtension - Configuring com.athaydes.spockframework.report.SpockReportExtension
02:39:12.331 [Test worker] INFO com.athaydes.spockframework.report.internal.ConfigLoader - SpockReports config loaded: {com.athaydes.spockframework.report.showCodeBlocks=false, com.athaydes.spockframework.report.template.TemplateReportCreator.reportFileExtension=md, com.athaydes.spockframework.report.testSourceRoots=src/test/groovy, com.athaydes.spockframework.report.IReportCreator=com.athaydes.spockframework.report.internal.HtmlReportCreator, com.athaydes.spockframework.report.outputDir=build/spock-reports, com.athaydes.spockframework.report.internal.HtmlReportCreator.inlineCss=true, com.athaydes.spockframework.report.internal.HtmlReportCreator.featureReportCss=spock-feature-report.css, com.athaydes.spockframework.report.hideEmptyBlocks=false, com.athaydes.spockframework.report.internal.HtmlReportCreator.summaryReportCss=spock-summary-report.css, com.athaydes.spockframework.report.projectVersion=Unknown, com.athaydes.spockframework.report.template.TemplateReportCreator.specTemplateFile=/templateReportCreator/spec-template.md, com.athaydes.spockframework.report.template.TemplateReportCreator.summaryTemplateFile=/templateReportCreator/summary-template.md, com.athaydes.spockframework.report.internal.HtmlReportCreator.excludeToc=false, com.athaydes.spockframework.report.template.TemplateReportCreator.enabled=true, com.athaydes.spockframework.report.projectName=, com.athaydes.spockframework.report.template.TemplateReportCreator.summaryFileName=summary.md, com.athaydes.spockframework.report.internal.HtmlReportCreator.printThrowableStackTrace=false, com.athaydes.spockframework.report.internal.HtmlReportCreator.enabled=true}
02:39:12.399 [Test worker] DEBUG com.athaydes.spockframework.report.SpockReportExtension - Loading settings for reportCreator of type com.athaydes.spockframework.report.internal.HtmlReportCreator
02:39:12.511 [Test worker] DEBUG org.springframework.test.annotation.ProfileValueUtils - Retrieved @ProfileValueSourceConfiguration [null] for test class [eMarket.SecurityTests]
02:39:12.512 [Test worker] DEBUG org.springframework.test.annotation.ProfileValueUtils - Retrieved ProfileValueSource type [class org.springframework.test.annotation.SystemProfileValueSource] for class [eMarket.SecurityTests]
02:39:12.512 [Test worker] DEBUG org.springframework.test.annotation.ProfileValueUtils - Retrieved @ProfileValueSourceConfiguration [null] for test class [eMarket.SecurityTests]
02:39:12.513 [Test worker] DEBUG org.springframework.test.annotation.ProfileValueUtils - Retrieved ProfileValueSource type [class org.springframework.test.annotation.SystemProfileValueSource] for class [eMarket.SecurityTests]
02:39:12.514 [Test worker] DEBUG org.springframework.test.annotation.ProfileValueUtils - Retrieved @ProfileValueSourceConfiguration [null] for test class [eMarket.SecurityTests]
02:39:12.514 [Test worker] DEBUG org.springframework.test.annotation.ProfileValueUtils - Retrieved ProfileValueSource type [class org.springframework.test.annotation.SystemProfileValueSource] for class [eMarket.SecurityTests]
02:39:12.517 [Test worker] DEBUG org.springframework.test.annotation.ProfileValueUtils - Retrieved @ProfileValueSourceConfiguration [null] for test class [eMarket.SecurityTests]
02:39:12.517 [Test worker] DEBUG org.springframework.test.annotation.ProfileValueUtils - Retrieved ProfileValueSource type [class org.springframework.test.annotation.SystemProfileValueSource] for class [eMarket.SecurityTests]
02:39:12.525 [Test worker] DEBUG org.springframework.test.context.BootstrapUtils - Instantiating CacheAwareContextLoaderDelegate from class [org.springframework.test.context.cache.DefaultCacheAwareContextLoaderDelegate]
02:39:12.531 [Test worker] DEBUG org.springframework.test.context.BootstrapUtils - Instantiating BootstrapContext using constructor [public org.springframework.test.context.support.DefaultBootstrapContext(java.lang.Class,org.springframework.test.context.CacheAwareContextLoaderDelegate)]
02:39:12.533 [Test worker] DEBUG org.springframework.test.context.BootstrapUtils - Instantiating TestContextBootstrapper for test class [eMarket.SecurityTests] from class [org.springframework.boot.test.context.SpringBootTestContextBootstrapper]
02:39:12.588 [Test worker] INFO org.springframework.boot.test.context.SpringBootTestContextBootstrapper - Neither @ContextConfiguration nor @ContextHierarchy found for test class [eMarket.SecurityTests], using SpringBootContextLoader
02:39:12.592 [Test worker] DEBUG org.springframework.test.context.support.AbstractContextLoader - Did not detect default resource location for test class [eMarket.SecurityTests]: class path resource [eMarket/SecurityTests-context.xml] does not exist
02:39:12.593 [Test worker] DEBUG org.springframework.test.context.support.AbstractContextLoader - Did not detect default resource location for test class [eMarket.SecurityTests]: class path resource [eMarket/SecurityTestsContext.groovy] does not exist
02:39:12.593 [Test worker] INFO org.springframework.test.context.support.AbstractContextLoader - Could not detect default resource locations for test class [eMarket.SecurityTests]: no resource found for suffixes {-context.xml, Context.groovy}.
02:39:12.651 [Test worker] DEBUG org.springframework.test.context.support.ActiveProfilesUtils - Could not find an 'annotation declaring class' for annotation type [org.springframework.test.context.ActiveProfiles] and class [eMarket.SecurityTests]
02:39:12.667 [Test worker] DEBUG org.springframework.boot.test.context.SpringBootTestContextBootstrapper - @TestExecutionListeners is not present for class [eMarket.SecurityTests]: using defaults.
02:39:12.669 [Test worker] INFO org.springframework.boot.test.context.SpringBootTestContextBootstrapper - Loaded default TestExecutionListener class names from location [META-INF/spring.factories]: [org.springframework.security.test.context.support.WithSecurityContextTestExecutionListener, org.springframework.boot.test.mock.mockito.MockitoTestExecutionListener, org.springframework.boot.test.mock.mockito.ResetMocksTestExecutionListener, org.springframework.boot.test.autoconfigure.restdocs.RestDocsTestExecutionListener, org.springframework.boot.test.autoconfigure.web.client.MockRestServiceServerResetTestExecutionListener, org.springframework.boot.test.autoconfigure.web.servlet.MockMvcPrintOnlyOnFailureTestExecutionListener, org.springframework.boot.test.autoconfigure.web.servlet.WebDriverTestExecutionListener, org.springframework.test.context.web.ServletTestExecutionListener, org.springframework.test.context.support.DirtiesContextBeforeModesTestExecutionListener, org.springframework.test.context.support.DependencyInjectionTestExecutionListener, org.springframework.test.context.support.DirtiesContextTestExecutionListener, org.springframework.test.context.transaction.TransactionalTestExecutionListener, org.springframework.test.context.jdbc.SqlScriptsTestExecutionListener]
02:39:12.692 [Test worker] INFO org.springframework.boot.test.context.SpringBootTestContextBootstrapper - Using TestExecutionListeners: [org.springframework.test.context.web.ServletTestExecutionListener@412397f4, org.springframework.test.context.support.DirtiesContextBeforeModesTestExecutionListener@795e1fee, org.springframework.boot.test.autoconfigure.SpringBootDependencyInjectionTestExecutionListener@3748dff4, org.springframework.test.context.support.DirtiesContextTestExecutionListener@42eb0185, org.springframework.test.context.transaction.TransactionalTestExecutionListener@1f2aa21b, org.springframework.test.context.jdbc.SqlScriptsTestExecutionListener@16026f7f, org.springframework.boot.test.autoconfigure.web.servlet.MockMvcPrintOnlyOnFailureTestExecutionListener@67c4b534, org.springframework.boot.test.autoconfigure.web.client.MockRestServiceServerResetTestExecutionListener@7d396760, org.springframework.boot.test.mock.mockito.MockitoTestExecutionListener@374938a6, org.springframework.boot.test.autoconfigure.restdocs.RestDocsTestExecutionListener@32b5c0a7, org.springframework.security.test.context.support.WithSecurityContextTestExecutionListener@701abed0, org.springframework.boot.test.mock.mockito.ResetMocksTestExecutionListener@462ec5d4, org.springframework.boot.test.autoconfigure.web.servlet.WebDriverTestExecutionListener@385c59bf]
02:39:12.736 [Test worker] DEBUG com.athaydes.spockframework.report.SpecInfoListener - Before spec: eMarket.SecurityTests
02:39:12.740 [Test worker] DEBUG org.springframework.test.context.support.AbstractDirtiesContextTestExecutionListener - Before test class: context [DefaultTestContext@370ecfae testClass = SecurityTests, testInstance = [null], testMethod = [null], testException = [null], mergedContextConfiguration = [WebMergedContextConfiguration@4d705925 testClass = SecurityTests, locations = '{}', classes = '{class eMarket.EMarketApp, class eMarket.DbConfig, class eMarket.SecurityConfig, class eMarket.WebConfig, class eMarket.controller.SignupController, class eMarket.controller.LoginController, class eMarket.controller.IndexController, class eMarket.controller.DealController, class eMarket.controller.OrderController, class eMarket.services.CustomUserDetailsService, class eMarket.EMarketApp, class eMarket.DbConfig, class eMarket.SecurityConfig, class eMarket.WebConfig, class eMarket.controller.SignupController, class eMarket.controller.LoginController, class eMarket.controller.IndexController, class eMarket.controller.DealController, class eMarket.controller.OrderController, class eMarket.services.CustomUserDetailsService}', contextInitializerClasses = '[]', activeProfiles = '{}', propertySourceLocations = '{}', propertySourceProperties = '{org.springframework.boot.test.context.SpringBootTestContextBootstrapper=true}', contextCustomizers = set[[ImportsContextCustomizer@58da2995 key = [org.springframework.boot.test.autoconfigure.web.servlet.MockMvcAutoConfiguration, org.springframework.boot.test.autoconfigure.web.servlet.MockMvcSecurityAutoConfiguration, org.springframework.boot.test.autoconfigure.web.servlet.MockMvcWebClientAutoConfiguration, org.springframework.boot.test.autoconfigure.web.servlet.MockMvcWebDriverAutoConfiguration]], org.springframework.boot.test.context.SpringBootTestContextCustomizer@5cb4250b, org.springframework.boot.test.context.filter.ExcludeFilterContextCustomizer@71c7f077, org.springframework.boot.test.json.DuplicateJsonObjectContextCustomizerFactory$DuplicateJsonObjectContextCustomizer@7e1172d9, org.springframework.boot.test.mock.mockito.MockitoContextCustomizer@a68d7e3a, org.springframework.boot.test.autoconfigure.properties.PropertyMappingContextCustomizer@e7e84f8, org.springframework.boot.test.autoconfigure.web.servlet.WebDriverContextCustomizerFactory$Customizer@1ea8b557], resourceBasePath = 'src/main/webapp', contextLoader = 'org.springframework.boot.test.context.SpringBootContextLoader', parent = [null]]], class annotated with @DirtiesContext [false] with mode [null].
02:39:12.744 [Test worker] DEBUG com.athaydes.spockframework.report.SpecInfoListener - Before feature: secureChannel
02:39:12.750 [Test worker] DEBUG com.athaydes.spockframework.report.SpecInfoListener - Before iteration: secureChannel
02:39:12.752 [Test worker] DEBUG org.springframework.test.context.support.DependencyInjectionTestExecutionListener - Performing dependency injection for test context [[DefaultTestContext@370ecfae testClass = SecurityTests, testInstance = eMarket.SecurityTests@1c6381dd, testMethod = [null], testException = [null], mergedContextConfiguration = [WebMergedContextConfiguration@4d705925 testClass = SecurityTests, locations = '{}', classes = '{class eMarket.EMarketApp, class eMarket.DbConfig, class eMarket.SecurityConfig, class eMarket.WebConfig, class eMarket.controller.SignupController, class eMarket.controller.LoginController, class eMarket.controller.IndexController, class eMarket.controller.DealController, class eMarket.controller.OrderController, class eMarket.services.CustomUserDetailsService, class eMarket.EMarketApp, class eMarket.DbConfig, class eMarket.SecurityConfig, class eMarket.WebConfig, class eMarket.controller.SignupController, class eMarket.controller.LoginController, class eMarket.controller.IndexController, class eMarket.controller.DealController, class eMarket.controller.OrderController, class eMarket.services.CustomUserDetailsService}', contextInitializerClasses = '[]', activeProfiles = '{}', propertySourceLocations = '{}', propertySourceProperties = '{org.springframework.boot.test.context.SpringBootTestContextBootstrapper=true}', contextCustomizers = set[[ImportsContextCustomizer@58da2995 key = [org.springframework.boot.test.autoconfigure.web.servlet.MockMvcAutoConfiguration, org.springframework.boot.test.autoconfigure.web.servlet.MockMvcSecurityAutoConfiguration, org.springframework.boot.test.autoconfigure.web.servlet.MockMvcWebClientAutoConfiguration, org.springframework.boot.test.autoconfigure.web.servlet.MockMvcWebDriverAutoConfiguration]], org.springframework.boot.test.context.SpringBootTestContextCustomizer@5cb4250b, org.springframework.boot.test.context.filter.ExcludeFilterContextCustomizer@71c7f077, org.springframework.boot.test.json.DuplicateJsonObjectContextCustomizerFactory$DuplicateJsonObjectContextCustomizer@7e1172d9, org.springframework.boot.test.mock.mockito.MockitoContextCustomizer@a68d7e3a, org.springframework.boot.test.autoconfigure.properties.PropertyMappingContextCustomizer@e7e84f8, org.springframework.boot.test.autoconfigure.web.servlet.WebDriverContextCustomizerFactory$Customizer@1ea8b557], resourceBasePath = 'src/main/webapp', contextLoader = 'org.springframework.boot.test.context.SpringBootContextLoader', parent = [null]]]].
02:39:12.815 [Test worker] DEBUG org.springframework.core.env.StandardEnvironment - Adding [systemProperties] PropertySource with lowest search precedence
02:39:12.816 [Test worker] DEBUG org.springframework.core.env.StandardEnvironment - Adding [systemEnvironment] PropertySource with lowest search precedence
02:39:12.816 [Test worker] DEBUG org.springframework.core.env.StandardEnvironment - Initialized StandardEnvironment with PropertySources [systemProperties,systemEnvironment]
02:39:12.818 [Test worker] DEBUG org.springframework.test.context.support.TestPropertySourceUtils - Adding inlined properties to environment: {spring.jmx.enabled=false, org.springframework.boot.test.context.SpringBootTestContextBootstrapper=true}
02:39:12.818 [Test worker] DEBUG org.springframework.core.env.StandardEnvironment - Adding [Inlined Test Properties] PropertySource with highest search precedence

  .   ____          _            __ _ _
 /\\ / ___'_ __ _ _(_)_ __  __ _ \ \ \ \
( ( )\___ | '_ | '_| | '_ \/ _` | \ \ \ \
 \\/  ___)| |_)| | | | | || (_| |  ) ) ) )
  '  |____| .__|_| |_|_| |_\__, | / / / /
 =========|_|==============|___/=/_/_/_/
 :: Spring Boot ::        (v1.5.6.RELEASE)

2017-12-18 02:39:13.170  INFO 53402 --- [    Test worker] eMarket.SecurityTests                    : Starting SecurityTests on pc1276 with PID 53402 (/Users/ab373/Documents/ArturData/WORK/ECLIPSE/LECTURES/2017-18/CO2006_marking/sprint4_marking/CO2006-17-18-prabhjotdunglay/sprint4/miniproject.security/build/classes/test started by ab373 in /Users/ab373/Documents/ArturData/WORK/ECLIPSE/LECTURES/2017-18/CO2006_marking/sprint4_marking/CO2006-17-18-prabhjotdunglay/sprint4/miniproject.security)
2017-12-18 02:39:13.171  INFO 53402 --- [    Test worker] eMarket.SecurityTests                    : No active profile set, falling back to default profiles: default
2017-12-18 02:39:13.221  INFO 53402 --- [    Test worker] ationConfigEmbeddedWebApplicationContext : Refreshing org.springframework.boot.context.embedded.AnnotationConfigEmbeddedWebApplicationContext@28dead31: startup date [Mon Dec 18 02:39:13 GMT 2017]; root of context hierarchy
2017-12-18 02:39:15.106  INFO 53402 --- [    Test worker] s.b.c.e.t.TomcatEmbeddedServletContainer : Tomcat initialized with port(s): 8090 (https)
2017-12-18 02:39:15.120  INFO 53402 --- [    Test worker] o.apache.catalina.core.StandardService   : Starting service [Tomcat]
2017-12-18 02:39:15.121  INFO 53402 --- [    Test worker] org.apache.catalina.core.StandardEngine  : Starting Servlet Engine: Apache Tomcat/8.5.16
2017-12-18 02:39:15.332  INFO 53402 --- [ost-startStop-1] org.apache.jasper.servlet.TldScanner     : At least one JAR was scanned for TLDs yet contained no TLDs. Enable debug logging for this logger for a complete list of JARs that were scanned but no TLDs were found in them. Skipping unneeded JARs during scanning can improve startup time and JSP compilation time.
2017-12-18 02:39:15.336  INFO 53402 --- [ost-startStop-1] o.a.c.c.C.[Tomcat].[localhost].[/]       : Initializing Spring embedded WebApplicationContext
2017-12-18 02:39:15.336  INFO 53402 --- [ost-startStop-1] o.s.web.context.ContextLoader            : Root WebApplicationContext: initialization completed in 2118 ms
2017-12-18 02:39:15.493  INFO 53402 --- [ost-startStop-1] o.s.b.w.servlet.FilterRegistrationBean   : Mapping filter: 'characterEncodingFilter' to: [/*]
2017-12-18 02:39:15.494  INFO 53402 --- [ost-startStop-1] o.s.b.w.servlet.FilterRegistrationBean   : Mapping filter: 'hiddenHttpMethodFilter' to: [/*]
2017-12-18 02:39:15.494  INFO 53402 --- [ost-startStop-1] o.s.b.w.servlet.FilterRegistrationBean   : Mapping filter: 'httpPutFormContentFilter' to: [/*]
2017-12-18 02:39:15.494  INFO 53402 --- [ost-startStop-1] o.s.b.w.servlet.FilterRegistrationBean   : Mapping filter: 'requestContextFilter' to: [/*]
2017-12-18 02:39:15.496  INFO 53402 --- [ost-startStop-1] .s.DelegatingFilterProxyRegistrationBean : Mapping filter: 'springSecurityFilterChain' to: [/*]
2017-12-18 02:39:15.496  INFO 53402 --- [ost-startStop-1] o.s.b.w.servlet.ServletRegistrationBean  : Mapping servlet: 'dispatcherServlet' to [/]
2017-12-18 02:39:15.541  INFO 53402 --- [    Test worker] o.s.j.d.DriverManagerDataSource          : Loaded JDBC driver: com.mysql.jdbc.Driver
2017-12-18 02:39:15.965  INFO 53402 --- [    Test worker] j.LocalContainerEntityManagerFactoryBean : Building JPA container EntityManagerFactory for persistence unit 'default'
2017-12-18 02:39:15.985  INFO 53402 --- [    Test worker] o.hibernate.jpa.internal.util.LogHelper  : HHH000204: Processing PersistenceUnitInfo [
	name: default
	...]
2017-12-18 02:39:16.070  INFO 53402 --- [    Test worker] org.hibernate.Version                    : HHH000412: Hibernate Core {5.0.12.Final}
2017-12-18 02:39:16.072  INFO 53402 --- [    Test worker] org.hibernate.cfg.Environment            : HHH000206: hibernate.properties not found
2017-12-18 02:39:16.074  INFO 53402 --- [    Test worker] org.hibernate.cfg.Environment            : HHH000021: Bytecode provider name : javassist
2017-12-18 02:39:16.119  INFO 53402 --- [    Test worker] o.hibernate.annotations.common.Version   : HCANN000001: Hibernate Commons Annotations {5.0.1.Final}
2017-12-18 02:39:16.262  INFO 53402 --- [    Test worker] org.hibernate.dialect.Dialect            : HHH000400: Using dialect: org.hibernate.dialect.MySQL5Dialect
2017-12-18 02:39:17.016  INFO 53402 --- [    Test worker] org.hibernate.tool.hbm2ddl.SchemaExport  : HHH000227: Running hbm2ddl schema export
2017-12-18 02:39:17.033 ERROR 53402 --- [    Test worker] org.hibernate.tool.hbm2ddl.SchemaExport  : HHH000389: Unsuccessful: alter table users drop foreign key FK4c6vlshk8x83ifeoggi3exg3k
2017-12-18 02:39:17.033 ERROR 53402 --- [    Test worker] org.hibernate.tool.hbm2ddl.SchemaExport  : Table 'ab373.users' doesn't exist
2017-12-18 02:39:17.131  INFO 53402 --- [    Test worker] org.hibernate.tool.hbm2ddl.SchemaExport  : HHH000230: Schema export complete
2017-12-18 02:39:17.184  INFO 53402 --- [    Test worker] j.LocalContainerEntityManagerFactoryBean : Initialized JPA EntityManagerFactory for persistence unit 'default'
2017-12-18 02:39:18.042  INFO 53402 --- [    Test worker] o.s.s.w.a.c.ChannelProcessingFilter      : Validated configuration attributes
2017-12-18 02:39:18.073  INFO 53402 --- [    Test worker] o.s.s.web.DefaultSecurityFilterChain     : Creating filter chain: org.springframework.security.web.util.matcher.AnyRequestMatcher@1, [org.springframework.security.web.access.channel.ChannelProcessingFilter@93ff8eb, org.springframework.security.web.context.request.async.WebAsyncManagerIntegrationFilter@4849cadf, org.springframework.security.web.context.SecurityContextPersistenceFilter@284c4bd, org.springframework.security.web.header.HeaderWriterFilter@5bcd44d6, org.springframework.security.web.authentication.logout.LogoutFilter@1fd9a300, org.springframework.security.web.authentication.UsernamePasswordAuthenticationFilter@53ab71fa, org.springframework.security.web.savedrequest.RequestCacheAwareFilter@17a8e3b4, org.springframework.security.web.servletapi.SecurityContextHolderAwareRequestFilter@48cc6e64, org.springframework.security.web.authentication.AnonymousAuthenticationFilter@3b996fcc, org.springframework.security.web.session.SessionManagementFilter@469d9f76, org.springframework.security.web.access.ExceptionTranslationFilter@4b6042e9, org.springframework.security.web.access.intercept.FilterSecurityInterceptor@6fb2d3b5]
2017-12-18 02:39:18.137  INFO 53402 --- [    Test worker] o.a.c.c.C.[Tomcat].[localhost].[/]       : Initializing Spring FrameworkServlet ''
2017-12-18 02:39:18.138  INFO 53402 --- [    Test worker] o.s.t.web.servlet.TestDispatcherServlet  : FrameworkServlet '': initialization started
2017-12-18 02:39:18.227  INFO 53402 --- [    Test worker] s.w.s.m.m.a.RequestMappingHandlerMapping : Mapped &quot;{[/signup/],methods=[GET]}&quot; onto public java.lang.String eMarket.controller.SignupController.signup(eMarket.domain.UserInfo,org.springframework.ui.Model)
2017-12-18 02:39:18.228  INFO 53402 --- [    Test worker] s.w.s.m.m.a.RequestMappingHandlerMapping : Mapped &quot;{[/signup/add],methods=[POST],params=[add]}&quot; onto public java.lang.String eMarket.controller.SignupController.addNewUser(eMarket.domain.UserInfo,org.springframework.validation.BindingResult,org.springframework.ui.Model)
2017-12-18 02:39:18.229  INFO 53402 --- [    Test worker] s.w.s.m.m.a.RequestMappingHandlerMapping : Mapped &quot;{[/signup/add],methods=[POST],params=[cancel]}&quot; onto public java.lang.String eMarket.controller.SignupController.cancelNewUser(eMarket.domain.UserInfo,org.springframework.ui.Model)
2017-12-18 02:39:18.229  INFO 53402 --- [    Test worker] s.w.s.m.m.a.RequestMappingHandlerMapping : Mapped &quot;{[/login-form],methods=[GET]}&quot; onto public java.lang.String eMarket.controller.LoginController.login(eMarket.domain.UserInfoLogin)
2017-12-18 02:39:18.230  INFO 53402 --- [    Test worker] s.w.s.m.m.a.RequestMappingHandlerMapping : Mapped &quot;{[/success-login],methods=[GET]}&quot; onto public java.lang.String eMarket.controller.LoginController.authenticate()
2017-12-18 02:39:18.230  INFO 53402 --- [    Test worker] s.w.s.m.m.a.RequestMappingHandlerMapping : Mapped &quot;{[/],methods=[GET]}&quot; onto public java.lang.String eMarket.controller.LoginController.landing()
2017-12-18 02:39:18.230  INFO 53402 --- [    Test worker] s.w.s.m.m.a.RequestMappingHandlerMapping : Mapped &quot;{[/access-denied]}&quot; onto public java.lang.String eMarket.controller.LoginController.accessDenied()
2017-12-18 02:39:18.231  INFO 53402 --- [    Test worker] s.w.s.m.m.a.RequestMappingHandlerMapping : Mapped &quot;{[/system]}&quot; onto public java.lang.String eMarket.controller.IndexController.index(eMarket.controller.IndexFormDto)
2017-12-18 02:39:18.231  INFO 53402 --- [    Test worker] s.w.s.m.m.a.RequestMappingHandlerMapping : Mapped &quot;{[/setDate],methods=[POST]}&quot; onto public java.lang.String eMarket.controller.IndexController.setDate(eMarket.controller.IndexFormDto,org.springframework.validation.BindingResult,org.springframework.ui.Model)
2017-12-18 02:39:18.232  INFO 53402 --- [    Test worker] s.w.s.m.m.a.RequestMappingHandlerMapping : Mapped &quot;{[/deal/],methods=[GET]}&quot; onto public java.lang.String eMarket.controller.DealController.main(org.springframework.ui.Model)
2017-12-18 02:39:18.232  INFO 53402 --- [    Test worker] s.w.s.m.m.a.RequestMappingHandlerMapping : Mapped &quot;{[/deal/add],methods=[POST]}&quot; onto public java.lang.String eMarket.controller.DealController.dealAdd(eMarket.controller.DealFormDto,org.springframework.validation.BindingResult,org.springframework.ui.Model)
2017-12-18 02:39:18.232  INFO 53402 --- [    Test worker] s.w.s.m.m.a.RequestMappingHandlerMapping : Mapped &quot;{[/deal/delete],methods=[GET]}&quot; onto public java.lang.String eMarket.controller.DealController.dealDelete(int,org.springframework.ui.Model)
2017-12-18 02:39:18.234  INFO 53402 --- [    Test worker] s.w.s.m.m.a.RequestMappingHandlerMapping : Mapped &quot;{[/order]}&quot; onto public java.lang.String eMarket.controller.OrderController.order()
2017-12-18 02:39:18.234  INFO 53402 --- [    Test worker] s.w.s.m.m.a.RequestMappingHandlerMapping : Mapped &quot;{[/system/user]}&quot; onto public java.lang.String eMarket.controller.OrderController.user()
2017-12-18 02:39:18.234  INFO 53402 --- [    Test worker] s.w.s.m.m.a.RequestMappingHandlerMapping : Mapped &quot;{[/system/premium]}&quot; onto public java.lang.String eMarket.controller.OrderController.premium()
2017-12-18 02:39:18.235  INFO 53402 --- [    Test worker] s.w.s.m.m.a.RequestMappingHandlerMapping : Mapped &quot;{[/order/wishlist]}&quot; onto public java.lang.String eMarket.controller.OrderController.wishlist()
2017-12-18 02:39:18.236  INFO 53402 --- [    Test worker] s.w.s.m.m.a.RequestMappingHandlerMapping : Mapped &quot;{[/product/]}&quot; onto public java.lang.String eMarket.controller.ProductController.index(org.springframework.ui.Model)
2017-12-18 02:39:18.236  INFO 53402 --- [    Test worker] s.w.s.m.m.a.RequestMappingHandlerMapping : Mapped &quot;{[/product/productDetail],methods=[GET]}&quot; onto public java.lang.String eMarket.controller.ProductController.productDetail(eMarket.domain.Product,org.springframework.validation.BindingResult,int)
2017-12-18 02:39:18.236  INFO 53402 --- [    Test worker] s.w.s.m.m.a.RequestMappingHandlerMapping : Mapped &quot;{[/product/add],methods=[POST]}&quot; onto public java.lang.String eMarket.controller.ProductController.productMaster(eMarket.domain.Product,org.springframework.validation.BindingResult,org.springframework.ui.Model)
2017-12-18 02:39:18.237  INFO 53402 --- [    Test worker] s.w.s.m.m.a.RequestMappingHandlerMapping : Mapped &quot;{[/product/delete],methods=[GET]}&quot; onto public java.lang.String eMarket.controller.ProductController.productMaster(int,org.springframework.ui.Model)
2017-12-18 02:39:18.241  INFO 53402 --- [    Test worker] s.w.s.m.m.a.RequestMappingHandlerMapping : Mapped &quot;{[/error]}&quot; onto public org.springframework.http.ResponseEntity&lt;java.util.Map&lt;java.lang.String, java.lang.Object&gt;&gt; org.springframework.boot.autoconfigure.web.BasicErrorController.error(javax.servlet.http.HttpServletRequest)
2017-12-18 02:39:18.242  INFO 53402 --- [    Test worker] s.w.s.m.m.a.RequestMappingHandlerMapping : Mapped &quot;{[/error],produces=[text/html]}&quot; onto public org.springframework.web.servlet.ModelAndView org.springframework.boot.autoconfigure.web.BasicErrorController.errorHtml(javax.servlet.http.HttpServletRequest,javax.servlet.http.HttpServletResponse)
2017-12-18 02:39:18.268  INFO 53402 --- [    Test worker] o.s.w.s.handler.SimpleUrlHandlerMapping  : Mapped URL path [/resources/**] onto handler of type [class org.springframework.web.servlet.resource.ResourceHttpRequestHandler]
2017-12-18 02:39:18.268  INFO 53402 --- [    Test worker] o.s.w.s.handler.SimpleUrlHandlerMapping  : Mapped URL path [/webjars/**] onto handler of type [class org.springframework.web.servlet.resource.ResourceHttpRequestHandler]
2017-12-18 02:39:18.269  INFO 53402 --- [    Test worker] o.s.w.s.handler.SimpleUrlHandlerMapping  : Mapped URL path [/**] onto handler of type [class org.springframework.web.servlet.resource.ResourceHttpRequestHandler]
2017-12-18 02:39:18.282  INFO 53402 --- [    Test worker] o.s.w.s.handler.SimpleUrlHandlerMapping  : Mapped URL path [/**/favicon.ico] onto handler of type [class org.springframework.web.servlet.resource.ResourceHttpRequestHandler]
2017-12-18 02:39:18.379  INFO 53402 --- [    Test worker] s.w.s.m.m.a.RequestMappingHandlerAdapter : Looking for @ControllerAdvice: org.springframework.boot.context.embedded.AnnotationConfigEmbeddedWebApplicationContext@28dead31: startup date [Mon Dec 18 02:39:13 GMT 2017]; root of context hierarchy
2017-12-18 02:39:18.466  INFO 53402 --- [    Test worker] o.s.t.web.servlet.TestDispatcherServlet  : FrameworkServlet '': initialization completed in 328 ms
2017-12-18 02:39:19.019  INFO 53402 --- [    Test worker] s.b.c.e.t.TomcatEmbeddedServletContainer : Tomcat started on port(s): 8090 (https)
2017-12-18 02:39:19.037  INFO 53402 --- [    Test worker] eMarket.SecurityTests                    : Started SecurityTests in 6.215 seconds (JVM running for 8.261)
2017-12-18 02:39:19.086  INFO 53402 --- [    Test worker] o.a.c.c.C.[Tomcat].[localhost].[/]       : Initializing Spring FrameworkServlet ''
2017-12-18 02:39:19.086  INFO 53402 --- [    Test worker] o.s.t.web.servlet.TestDispatcherServlet  : FrameworkServlet '': initialization started
2017-12-18 02:39:19.089  INFO 53402 --- [    Test worker] o.s.t.web.servlet.TestDispatcherServlet  : FrameworkServlet '': initialization completed in 3 ms
2017-12-18 02:39:19.428  INFO 53402 --- [    Test worker] o.a.c.c.C.[Tomcat].[localhost].[/]       : Initializing Spring FrameworkServlet ''
2017-12-18 02:39:19.428  INFO 53402 --- [    Test worker] o.s.t.web.servlet.TestDispatcherServlet  : FrameworkServlet '': initialization started
2017-12-18 02:39:19.430  INFO 53402 --- [    Test worker] o.s.t.web.servlet.TestDispatcherServlet  : FrameworkServlet '': initialization completed in 2 ms
2017-12-18 02:39:19.687  INFO 53402 --- [    Test worker] o.a.c.c.C.[Tomcat].[localhost].[/]       : Initializing Spring FrameworkServlet ''
2017-12-18 02:39:19.687  INFO 53402 --- [    Test worker] o.s.t.web.servlet.TestDispatcherServlet  : FrameworkServlet '': initialization started
2017-12-18 02:39:19.689  INFO 53402 --- [    Test worker] o.s.t.web.servlet.TestDispatcherServlet  : FrameworkServlet '': initialization completed in 2 ms
2017-12-18 02:39:19.937  INFO 53402 --- [    Test worker] o.a.c.c.C.[Tomcat].[localhost].[/]       : Initializing Spring FrameworkServlet ''
2017-12-18 02:39:19.937  INFO 53402 --- [    Test worker] o.s.t.web.servlet.TestDispatcherServlet  : FrameworkServlet '': initialization started
2017-12-18 02:39:19.939  INFO 53402 --- [    Test worker] o.s.t.web.servlet.TestDispatcherServlet  : FrameworkServlet '': initialization completed in 2 ms
2017-12-18 02:39:20.224  INFO 53402 --- [    Test worker] o.a.c.c.C.[Tomcat].[localhost].[/]       : Initializing Spring FrameworkServlet ''
2017-12-18 02:39:20.224  INFO 53402 --- [    Test worker] o.s.t.web.servlet.TestDispatcherServlet  : FrameworkServlet '': initialization started
2017-12-18 02:39:20.226  INFO 53402 --- [    Test worker] o.s.t.web.servlet.TestDispatcherServlet  : FrameworkServlet '': initialization completed in 2 ms
2017-12-18 02:39:20.472  INFO 53402 --- [    Test worker] o.a.c.c.C.[Tomcat].[localhost].[/]       : Initializing Spring FrameworkServlet ''
2017-12-18 02:39:20.472  INFO 53402 --- [    Test worker] o.s.t.web.servlet.TestDispatcherServlet  : FrameworkServlet '': initialization started
2017-12-18 02:39:20.474  INFO 53402 --- [    Test worker] o.s.t.web.servlet.TestDispatcherServlet  : FrameworkServlet '': initialization completed in 2 ms
2017-12-18 02:39:20.737  INFO 53402 --- [    Test worker] o.a.c.c.C.[Tomcat].[localhost].[/]       : Initializing Spring FrameworkServlet ''
2017-12-18 02:39:20.738  INFO 53402 --- [    Test worker] o.s.t.web.servlet.TestDispatcherServlet  : FrameworkServlet '': initialization started
2017-12-18 02:39:20.741  INFO 53402 --- [    Test worker] o.s.t.web.servlet.TestDispatcherServlet  : FrameworkServlet '': initialization completed in 3 ms
2017-12-18 02:39:21.002  INFO 53402 --- [    Test worker] o.a.c.c.C.[Tomcat].[localhost].[/]       : Initializing Spring FrameworkServlet ''
2017-12-18 02:39:21.002  INFO 53402 --- [    Test worker] o.s.t.web.servlet.TestDispatcherServlet  : FrameworkServlet '': initialization started
2017-12-18 02:39:21.005  INFO 53402 --- [    Test worker] o.s.t.web.servlet.TestDispatcherServlet  : FrameworkServlet '': initialization completed in 2 ms
2017-12-18 02:39:21.272  INFO 53402 --- [    Test worker] o.a.c.c.C.[Tomcat].[localhost].[/]       : Initializing Spring FrameworkServlet ''
2017-12-18 02:39:21.273  INFO 53402 --- [    Test worker] o.s.t.web.servlet.TestDispatcherServlet  : FrameworkServlet '': initialization started
2017-12-18 02:39:21.275  INFO 53402 --- [    Test worker] o.s.t.web.servlet.TestDispatcherServlet  : FrameworkServlet '': initialization completed in 2 ms
2017-12-18 02:39:21.535  INFO 53402 --- [    Test worker] o.a.c.c.C.[Tomcat].[localhost].[/]       : Initializing Spring FrameworkServlet ''
2017-12-18 02:39:21.536  INFO 53402 --- [    Test worker] o.s.t.web.servlet.TestDispatcherServlet  : FrameworkServlet '': initialization started
2017-12-18 02:39:21.538  INFO 53402 --- [    Test worker] o.s.t.web.servlet.TestDispatcherServlet  : FrameworkServlet '': initialization completed in 2 ms
2017-12-18 02:39:21.797  INFO 53402 --- [    Test worker] o.a.c.c.C.[Tomcat].[localhost].[/]       : Initializing Spring FrameworkServlet ''
2017-12-18 02:39:21.797  INFO 53402 --- [    Test worker] o.s.t.web.servlet.TestDispatcherServlet  : FrameworkServlet '': initialization started
2017-12-18 02:39:21.799  INFO 53402 --- [    Test worker] o.s.t.web.servlet.TestDispatcherServlet  : FrameworkServlet '': initialization completed in 2 ms
2017-12-18 02:39:22.058  INFO 53402 --- [    Test worker] o.a.c.c.C.[Tomcat].[localhost].[/]       : Initializing Spring FrameworkServlet ''
2017-12-18 02:39:22.059  INFO 53402 --- [    Test worker] o.s.t.web.servlet.TestDispatcherServlet  : FrameworkServlet '': initialization started
2017-12-18 02:39:22.061  INFO 53402 --- [    Test worker] o.s.t.web.servlet.TestDispatcherServlet  : FrameworkServlet '': initialization completed in 2 ms
2017-12-18 02:39:22.325  INFO 53402 --- [    Test worker] o.a.c.c.C.[Tomcat].[localhost].[/]       : Initializing Spring FrameworkServlet ''
2017-12-18 02:39:22.325  INFO 53402 --- [    Test worker] o.s.t.web.servlet.TestDispatcherServlet  : FrameworkServlet '': initialization started
2017-12-18 02:39:22.327  INFO 53402 --- [    Test worker] o.s.t.web.servlet.TestDispatcherServlet  : FrameworkServlet '': initialization completed in 2 ms
2017-12-18 02:39:22.597  INFO 53402 --- [    Test worker] o.a.c.c.C.[Tomcat].[localhost].[/]       : Initializing Spring FrameworkServlet ''
2017-12-18 02:39:22.597  INFO 53402 --- [    Test worker] o.s.t.web.servlet.TestDispatcherServlet  : FrameworkServlet '': initialization started
2017-12-18 02:39:22.600  INFO 53402 --- [    Test worker] o.s.t.web.servlet.TestDispatcherServlet  : FrameworkServlet '': initialization completed in 2 ms
2017-12-18 02:39:22.854  INFO 53402 --- [    Test worker] o.a.c.c.C.[Tomcat].[localhost].[/]       : Initializing Spring FrameworkServlet ''
2017-12-18 02:39:22.854  INFO 53402 --- [    Test worker] o.s.t.web.servlet.TestDispatcherServlet  : FrameworkServlet '': initialization started
2017-12-18 02:39:22.857  INFO 53402 --- [    Test worker] o.s.t.web.servlet.TestDispatcherServlet  : FrameworkServlet '': initialization completed in 2 ms
2017-12-18 02:39:23.129  INFO 53402 --- [    Test worker] o.a.c.c.C.[Tomcat].[localhost].[/]       : Initializing Spring FrameworkServlet ''
2017-12-18 02:39:23.129  INFO 53402 --- [    Test worker] o.s.t.web.servlet.TestDispatcherServlet  : FrameworkServlet '': initialization started
2017-12-18 02:39:23.131  INFO 53402 --- [    Test worker] o.s.t.web.servlet.TestDispatcherServlet  : FrameworkServlet '': initialization completed in 2 ms
2017-12-18 02:39:23.394  INFO 53402 --- [    Test worker] o.a.c.c.C.[Tomcat].[localhost].[/]       : Initializing Spring FrameworkServlet ''
2017-12-18 02:39:23.395  INFO 53402 --- [    Test worker] o.s.t.web.servlet.TestDispatcherServlet  : FrameworkServlet '': initialization started
2017-12-18 02:39:23.397  INFO 53402 --- [    Test worker] o.s.t.web.servlet.TestDispatcherServlet  : FrameworkServlet '': initialization completed in 2 ms
2017-12-18 02:39:23.687  INFO 53402 --- [    Test worker] o.a.c.c.C.[Tomcat].[localhost].[/]       : Initializing Spring FrameworkServlet ''
2017-12-18 02:39:23.687  INFO 53402 --- [    Test worker] o.s.t.web.servlet.TestDispatcherServlet  : FrameworkServlet '': initialization started
2017-12-18 02:39:23.690  INFO 53402 --- [    Test worker] o.s.t.web.servlet.TestDispatcherServlet  : FrameworkServlet '': initialization completed in 2 ms
2017-12-18 02:39:23.961  INFO 53402 --- [    Test worker] o.a.c.c.C.[Tomcat].[localhost].[/]       : Initializing Spring FrameworkServlet ''
2017-12-18 02:39:23.961  INFO 53402 --- [    Test worker] o.s.t.web.servlet.TestDispatcherServlet  : FrameworkServlet '': initialization started
2017-12-18 02:39:23.963  INFO 53402 --- [    Test worker] o.s.t.web.servlet.TestDispatcherServlet  : FrameworkServlet '': initialization completed in 1 ms
2017-12-18 02:39:24.241  INFO 53402 --- [    Test worker] o.a.c.c.C.[Tomcat].[localhost].[/]       : Initializing Spring FrameworkServlet ''
2017-12-18 02:39:24.241  INFO 53402 --- [    Test worker] o.s.t.web.servlet.TestDispatcherServlet  : FrameworkServlet '': initialization started
2017-12-18 02:39:24.244  INFO 53402 --- [    Test worker] o.s.t.web.servlet.TestDispatcherServlet  : FrameworkServlet '': initialization completed in 2 ms
2017-12-18 02:39:24.511  INFO 53402 --- [    Test worker] o.a.c.c.C.[Tomcat].[localhost].[/]       : Initializing Spring FrameworkServlet ''
2017-12-18 02:39:24.512  INFO 53402 --- [    Test worker] o.s.t.web.servlet.TestDispatcherServlet  : FrameworkServlet '': initialization started
2017-12-18 02:39:24.514  INFO 53402 --- [    Test worker] o.s.t.web.servlet.TestDispatcherServlet  : FrameworkServlet '': initialization completed in 2 ms
2017-12-18 02:39:24.770  INFO 53402 --- [    Test worker] o.a.c.c.C.[Tomcat].[localhost].[/]       : Initializing Spring FrameworkServlet ''
2017-12-18 02:39:24.771  INFO 53402 --- [    Test worker] o.s.t.web.servlet.TestDispatcherServlet  : FrameworkServlet '': initialization started
2017-12-18 02:39:24.773  INFO 53402 --- [    Test worker] o.s.t.web.servlet.TestDispatcherServlet  : FrameworkServlet '': initialization completed in 2 ms
changing date to 2017-12-18
2017-12-18 02:39:25.053  INFO 53402 --- [    Test worker] o.a.c.c.C.[Tomcat].[localhost].[/]       : Initializing Spring FrameworkServlet ''
2017-12-18 02:39:25.053  INFO 53402 --- [    Test worker] o.s.t.web.servlet.TestDispatcherServlet  : FrameworkServlet '': initialization started
2017-12-18 02:39:25.055  INFO 53402 --- [    Test worker] o.s.t.web.servlet.TestDispatcherServlet  : FrameworkServlet '': initialization completed in 2 ms
changing date to 2017-12-18
2017-12-18 02:39:25.330  INFO 53402 --- [    Test worker] o.a.c.c.C.[Tomcat].[localhost].[/]       : Initializing Spring FrameworkServlet ''
2017-12-18 02:39:25.330  INFO 53402 --- [    Test worker] o.s.t.web.servlet.TestDispatcherServlet  : FrameworkServlet '': initialization started
2017-12-18 02:39:25.332  INFO 53402 --- [    Test worker] o.s.t.web.servlet.TestDispatcherServlet  : FrameworkServlet '': initialization completed in 1 ms
2017-12-18 02:39:25.587  INFO 53402 --- [    Test worker] o.a.c.c.C.[Tomcat].[localhost].[/]       : Initializing Spring FrameworkServlet ''
2017-12-18 02:39:25.587  INFO 53402 --- [    Test worker] o.s.t.web.servlet.TestDispatcherServlet  : FrameworkServlet '': initialization started
2017-12-18 02:39:25.589  INFO 53402 --- [    Test worker] o.s.t.web.servlet.TestDispatcherServlet  : FrameworkServlet '': initialization completed in 2 ms
2017-12-18 02:39:25.856  INFO 53402 --- [    Test worker] o.a.c.c.C.[Tomcat].[localhost].[/]       : Initializing Spring FrameworkServlet ''
2017-12-18 02:39:25.856  INFO 53402 --- [    Test worker] o.s.t.web.servlet.TestDispatcherServlet  : FrameworkServlet '': initialization started
2017-12-18 02:39:25.858  INFO 53402 --- [    Test worker] o.s.t.web.servlet.TestDispatcherServlet  : FrameworkServlet '': initialization completed in 2 ms
2017-12-18 02:39:26.126  INFO 53402 --- [    Test worker] o.a.c.c.C.[Tomcat].[localhost].[/]       : Initializing Spring FrameworkServlet ''
2017-12-18 02:39:26.126  INFO 53402 --- [    Test worker] o.s.t.web.servlet.TestDispatcherServlet  : FrameworkServlet '': initialization started
2017-12-18 02:39:26.128  INFO 53402 --- [    Test worker] o.s.t.web.servlet.TestDispatcherServlet  : FrameworkServlet '': initialization completed in 2 ms
2017-12-18 02:39:26.405  INFO 53402 --- [    Test worker] o.a.c.c.C.[Tomcat].[localhost].[/]       : Initializing Spring FrameworkServlet ''
2017-12-18 02:39:26.406  INFO 53402 --- [    Test worker] o.s.t.web.servlet.TestDispatcherServlet  : FrameworkServlet '': initialization started
2017-12-18 02:39:26.408  INFO 53402 --- [    Test worker] o.s.t.web.servlet.TestDispatcherServlet  : FrameworkServlet '': initialization completed in 2 ms
2017-12-18 02:39:26.679  INFO 53402 --- [    Test worker] o.a.c.c.C.[Tomcat].[localhost].[/]       : Initializing Spring FrameworkServlet ''
2017-12-18 02:39:26.679  INFO 53402 --- [    Test worker] o.s.t.web.servlet.TestDispatcherServlet  : FrameworkServlet '': initialization started
2017-12-18 02:39:26.681  INFO 53402 --- [    Test worker] o.s.t.web.servlet.TestDispatcherServlet  : FrameworkServlet '': initialization completed in 2 ms
2017-12-18 02:39:26.967  INFO 53402 --- [    Test worker] o.a.c.c.C.[Tomcat].[localhost].[/]       : Initializing Spring FrameworkServlet ''
2017-12-18 02:39:26.967  INFO 53402 --- [    Test worker] o.s.t.web.servlet.TestDispatcherServlet  : FrameworkServlet '': initialization started
2017-12-18 02:39:26.970  INFO 53402 --- [    Test worker] o.s.t.web.servlet.TestDispatcherServlet  : FrameworkServlet '': initialization completed in 2 ms
2017-12-18 02:39:27.230  INFO 53402 --- [    Test worker] o.a.c.c.C.[Tomcat].[localhost].[/]       : Initializing Spring FrameworkServlet ''
2017-12-18 02:39:27.230  INFO 53402 --- [    Test worker] o.s.t.web.servlet.TestDispatcherServlet  : FrameworkServlet '': initialization started
2017-12-18 02:39:27.232  INFO 53402 --- [    Test worker] o.s.t.web.servlet.TestDispatcherServlet  : FrameworkServlet '': initialization completed in 2 ms
2017-12-18 02:39:27.494  INFO 53402 --- [    Test worker] o.a.c.c.C.[Tomcat].[localhost].[/]       : Initializing Spring FrameworkServlet ''
2017-12-18 02:39:27.494  INFO 53402 --- [    Test worker] o.s.t.web.servlet.TestDispatcherServlet  : FrameworkServlet '': initialization started
2017-12-18 02:39:27.496  INFO 53402 --- [    Test worker] o.s.t.web.servlet.TestDispatcherServlet  : FrameworkServlet '': initialization completed in 2 ms
2017-12-18 02:39:27.769  INFO 53402 --- [    Test worker] o.a.c.c.C.[Tomcat].[localhost].[/]       : Initializing Spring FrameworkServlet ''
2017-12-18 02:39:27.770  INFO 53402 --- [    Test worker] o.s.t.web.servlet.TestDispatcherServlet  : FrameworkServlet '': initialization started
2017-12-18 02:39:27.772  INFO 53402 --- [    Test worker] o.s.t.web.servlet.TestDispatcherServlet  : FrameworkServlet '': initialization completed in 2 ms
2017-12-18 02:39:28.050  INFO 53402 --- [    Test worker] o.a.c.c.C.[Tomcat].[localhost].[/]       : Initializing Spring FrameworkServlet ''
2017-12-18 02:39:28.050  INFO 53402 --- [    Test worker] o.s.t.web.servlet.TestDispatcherServlet  : FrameworkServlet '': initialization started
2017-12-18 02:39:28.052  INFO 53402 --- [    Test worker] o.s.t.web.servlet.TestDispatcherServlet  : FrameworkServlet '': initialization completed in 2 ms
2017-12-18 02:39:28.332  INFO 53402 --- [    Test worker] o.a.c.c.C.[Tomcat].[localhost].[/]       : Initializing Spring FrameworkServlet ''
2017-12-18 02:39:28.332  INFO 53402 --- [    Test worker] o.s.t.web.servlet.TestDispatcherServlet  : FrameworkServlet '': initialization started
2017-12-18 02:39:28.334  INFO 53402 --- [    Test worker] o.s.t.web.servlet.TestDispatcherServlet  : FrameworkServlet '': initialization completed in 2 ms
2017-12-18 02:39:28.615  INFO 53402 --- [    Test worker] o.a.c.c.C.[Tomcat].[localhost].[/]       : Initializing Spring FrameworkServlet ''
2017-12-18 02:39:28.615  INFO 53402 --- [    Test worker] o.s.t.web.servlet.TestDispatcherServlet  : FrameworkServlet '': initialization started
2017-12-18 02:39:28.617  INFO 53402 --- [    Test worker] o.s.t.web.servlet.TestDispatcherServlet  : FrameworkServlet '': initialization completed in 2 ms
2017-12-18 02:39:28.884  INFO 53402 --- [    Test worker] o.a.c.c.C.[Tomcat].[localhost].[/]       : Initializing Spring FrameworkServlet ''
2017-12-18 02:39:28.885  INFO 53402 --- [    Test worker] o.s.t.web.servlet.TestDispatcherServlet  : FrameworkServlet '': initialization started
2017-12-18 02:39:28.887  INFO 53402 --- [    Test worker] o.s.t.web.servlet.TestDispatcherServlet  : FrameworkServlet '': initialization completed in 2 ms
2017-12-18 02:39:29.156  INFO 53402 --- [    Test worker] o.a.c.c.C.[Tomcat].[localhost].[/]       : Initializing Spring FrameworkServlet ''
2017-12-18 02:39:29.156  INFO 53402 --- [    Test worker] o.s.t.web.servlet.TestDispatcherServlet  : FrameworkServlet '': initialization started
2017-12-18 02:39:29.158  INFO 53402 --- [    Test worker] o.s.t.web.servlet.TestDispatcherServlet  : FrameworkServlet '': initialization completed in 2 ms
2017-12-18 02:39:29.409  INFO 53402 --- [    Test worker] o.a.c.c.C.[Tomcat].[localhost].[/]       : Initializing Spring FrameworkServlet ''
2017-12-18 02:39:29.409  INFO 53402 --- [    Test worker] o.s.t.web.servlet.TestDispatcherServlet  : FrameworkServlet '': initialization started
2017-12-18 02:39:29.411  INFO 53402 --- [    Test worker] o.s.t.web.servlet.TestDispatcherServlet  : FrameworkServlet '': initialization completed in 2 ms
2017-12-18 02:39:29.685  INFO 53402 --- [    Test worker] o.a.c.c.C.[Tomcat].[localhost].[/]       : Initializing Spring FrameworkServlet ''
2017-12-18 02:39:29.685  INFO 53402 --- [    Test worker] o.s.t.web.servlet.TestDispatcherServlet  : FrameworkServlet '': initialization started
2017-12-18 02:39:29.687  INFO 53402 --- [    Test worker] o.s.t.web.servlet.TestDispatcherServlet  : FrameworkServlet '': initialization completed in 2 ms
2017-12-18 02:39:29.949  INFO 53402 --- [    Test worker] o.a.c.c.C.[Tomcat].[localhost].[/]       : Initializing Spring FrameworkServlet ''
2017-12-18 02:39:29.949  INFO 53402 --- [    Test worker] o.s.t.web.servlet.TestDispatcherServlet  : FrameworkServlet '': initialization started
2017-12-18 02:39:29.951  INFO 53402 --- [    Test worker] o.s.t.web.servlet.TestDispatcherServlet  : FrameworkServlet '': initialization completed in 2 ms
2017-12-18 02:39:30.216  INFO 53402 --- [    Test worker] o.a.c.c.C.[Tomcat].[localhost].[/]       : Initializing Spring FrameworkServlet ''
2017-12-18 02:39:30.216  INFO 53402 --- [    Test worker] o.s.t.web.servlet.TestDispatcherServlet  : FrameworkServlet '': initialization started
2017-12-18 02:39:30.218  INFO 53402 --- [    Test worker] o.s.t.web.servlet.TestDispatcherServlet  : FrameworkServlet '': initialization completed in 2 ms
2017-12-18 02:39:30.476  INFO 53402 --- [    Test worker] o.a.c.c.C.[Tomcat].[localhost].[/]       : Initializing Spring FrameworkServlet ''
2017-12-18 02:39:30.476  INFO 53402 --- [    Test worker] o.s.t.web.servlet.TestDispatcherServlet  : FrameworkServlet '': initialization started
2017-12-18 02:39:30.478  INFO 53402 --- [    Test worker] o.s.t.web.servlet.TestDispatcherServlet  : FrameworkServlet '': initialization completed in 2 ms
2017-12-18 02:39:30.739  INFO 53402 --- [    Test worker] o.a.c.c.C.[Tomcat].[localhost].[/]       : Initializing Spring FrameworkServlet ''
2017-12-18 02:39:30.739  INFO 53402 --- [    Test worker] o.s.t.web.servlet.TestDispatcherServlet  : FrameworkServlet '': initialization started
2017-12-18 02:39:30.741  INFO 53402 --- [    Test worker] o.s.t.web.servlet.TestDispatcherServlet  : FrameworkServlet '': initialization completed in 2 ms
2017-12-18 02:39:31.012  INFO 53402 --- [    Test worker] o.a.c.c.C.[Tomcat].[localhost].[/]       : Initializing Spring FrameworkServlet ''
2017-12-18 02:39:31.013  INFO 53402 --- [    Test worker] o.s.t.web.servlet.TestDispatcherServlet  : FrameworkServlet '': initialization started
2017-12-18 02:39:31.015  INFO 53402 --- [    Test worker] o.s.t.web.servlet.TestDispatcherServlet  : FrameworkServlet '': initialization completed in 2 ms
2017-12-18 02:39:31.275  INFO 53402 --- [    Test worker] o.a.c.c.C.[Tomcat].[localhost].[/]       : Initializing Spring FrameworkServlet ''
2017-12-18 02:39:31.275  INFO 53402 --- [    Test worker] o.s.t.web.servlet.TestDispatcherServlet  : FrameworkServlet '': initialization started
2017-12-18 02:39:31.277  INFO 53402 --- [    Test worker] o.s.t.web.servlet.TestDispatcherServlet  : FrameworkServlet '': initialization completed in 2 ms
2017-12-18 02:39:31.536  INFO 53402 --- [    Test worker] o.a.c.c.C.[Tomcat].[localhost].[/]       : Initializing Spring FrameworkServlet ''
2017-12-18 02:39:31.536  INFO 53402 --- [    Test worker] o.s.t.web.servlet.TestDispatcherServlet  : FrameworkServlet '': initialization started
2017-12-18 02:39:31.538  INFO 53402 --- [    Test worker] o.s.t.web.servlet.TestDispatcherServlet  : FrameworkServlet '': initialization completed in 2 ms
2017-12-18 02:39:31.789  INFO 53402 --- [    Test worker] o.a.c.c.C.[Tomcat].[localhost].[/]       : Initializing Spring FrameworkServlet ''
2017-12-18 02:39:31.789  INFO 53402 --- [    Test worker] o.s.t.web.servlet.TestDispatcherServlet  : FrameworkServlet '': initialization started
2017-12-18 02:39:31.791  INFO 53402 --- [    Test worker] o.s.t.web.servlet.TestDispatcherServlet  : FrameworkServlet '': initialization completed in 1 ms
2017-12-18 02:39:32.048  INFO 53402 --- [    Test worker] o.a.c.c.C.[Tomcat].[localhost].[/]       : Initializing Spring FrameworkServlet ''
2017-12-18 02:39:32.049  INFO 53402 --- [    Test worker] o.s.t.web.servlet.TestDispatcherServlet  : FrameworkServlet '': initialization started
2017-12-18 02:39:32.050  INFO 53402 --- [    Test worker] o.s.t.web.servlet.TestDispatcherServlet  : FrameworkServlet '': initialization completed in 1 ms
2017-12-18 02:39:32.312  INFO 53402 --- [    Test worker] o.a.c.c.C.[Tomcat].[localhost].[/]       : Initializing Spring FrameworkServlet ''
2017-12-18 02:39:32.312  INFO 53402 --- [    Test worker] o.s.t.web.servlet.TestDispatcherServlet  : FrameworkServlet '': initialization started
2017-12-18 02:39:32.314  INFO 53402 --- [    Test worker] o.s.t.web.servlet.TestDispatcherServlet  : FrameworkServlet '': initialization completed in 2 ms
2017-12-18 02:39:32.577  INFO 53402 --- [    Test worker] o.a.c.c.C.[Tomcat].[localhost].[/]       : Initializing Spring FrameworkServlet ''
2017-12-18 02:39:32.577  INFO 53402 --- [    Test worker] o.s.t.web.servlet.TestDispatcherServlet  : FrameworkServlet '': initialization started
2017-12-18 02:39:32.579  INFO 53402 --- [    Test worker] o.s.t.web.servlet.TestDispatcherServlet  : FrameworkServlet '': initialization completed in 2 ms
2017-12-18 02:39:32.853  INFO 53402 --- [    Test worker] o.a.c.c.C.[Tomcat].[localhost].[/]       : Initializing Spring FrameworkServlet ''
2017-12-18 02:39:32.854  INFO 53402 --- [    Test worker] o.s.t.web.servlet.TestDispatcherServlet  : FrameworkServlet '': initialization started
2017-12-18 02:39:32.855  INFO 53402 --- [    Test worker] o.s.t.web.servlet.TestDispatcherServlet  : FrameworkServlet '': initialization completed in 1 ms
2017-12-18 02:39:33.115  INFO 53402 --- [    Test worker] o.a.c.c.C.[Tomcat].[localhost].[/]       : Initializing Spring FrameworkServlet ''
2017-12-18 02:39:33.115  INFO 53402 --- [    Test worker] o.s.t.web.servlet.TestDispatcherServlet  : FrameworkServlet '': initialization started
2017-12-18 02:39:33.117  INFO 53402 --- [    Test worker] o.s.t.web.servlet.TestDispatcherServlet  : FrameworkServlet '': initialization completed in 1 ms
2017-12-18 02:39:33.380  INFO 53402 --- [    Test worker] o.a.c.c.C.[Tomcat].[localhost].[/]       : Initializing Spring FrameworkServlet ''
2017-12-18 02:39:33.380  INFO 53402 --- [    Test worker] o.s.t.web.servlet.TestDispatcherServlet  : FrameworkServlet '': initialization started
2017-12-18 02:39:33.382  INFO 53402 --- [    Test worker] o.s.t.web.servlet.TestDispatcherServlet  : FrameworkServlet '': initialization completed in 2 ms
2017-12-18 02:39:33.660  INFO 53402 --- [    Test worker] o.a.c.c.C.[Tomcat].[localhost].[/]       : Initializing Spring FrameworkServlet ''
2017-12-18 02:39:33.661  INFO 53402 --- [    Test worker] o.s.t.web.servlet.TestDispatcherServlet  : FrameworkServlet '': initialization started
2017-12-18 02:39:33.662  INFO 53402 --- [    Test worker] o.s.t.web.servlet.TestDispatcherServlet  : FrameworkServlet '': initialization completed in 1 ms
2017-12-18 02:39:33.934  INFO 53402 --- [    Test worker] o.a.c.c.C.[Tomcat].[localhost].[/]       : Initializing Spring FrameworkServlet ''
2017-12-18 02:39:33.934  INFO 53402 --- [    Test worker] o.s.t.web.servlet.TestDispatcherServlet  : FrameworkServlet '': initialization started
2017-12-18 02:39:33.935  INFO 53402 --- [    Test worker] o.s.t.web.servlet.TestDispatcherServlet  : FrameworkServlet '': initialization completed in 1 ms
2017-12-18 02:39:34.209  INFO 53402 --- [    Test worker] o.a.c.c.C.[Tomcat].[localhost].[/]       : Initializing Spring FrameworkServlet ''
2017-12-18 02:39:34.209  INFO 53402 --- [    Test worker] o.s.t.web.servlet.TestDispatcherServlet  : FrameworkServlet '': initialization started
2017-12-18 02:39:34.211  INFO 53402 --- [    Test worker] o.s.t.web.servlet.TestDispatcherServlet  : FrameworkServlet '': initialization completed in 2 ms
2017-12-18 02:39:34.496  INFO 53402 --- [    Test worker] o.a.c.c.C.[Tomcat].[localhost].[/]       : Initializing Spring FrameworkServlet ''
2017-12-18 02:39:34.496  INFO 53402 --- [    Test worker] o.s.t.web.servlet.TestDispatcherServlet  : FrameworkServlet '': initialization started
2017-12-18 02:39:34.499  INFO 53402 --- [    Test worker] o.s.t.web.servlet.TestDispatcherServlet  : FrameworkServlet '': initialization completed in 2 ms
2017-12-18 02:39:34.753  INFO 53402 --- [    Test worker] o.a.c.c.C.[Tomcat].[localhost].[/]       : Initializing Spring FrameworkServlet ''
2017-12-18 02:39:34.754  INFO 53402 --- [    Test worker] o.s.t.web.servlet.TestDispatcherServlet  : FrameworkServlet '': initialization started
2017-12-18 02:39:34.755  INFO 53402 --- [    Test worker] o.s.t.web.servlet.TestDispatcherServlet  : FrameworkServlet '': initialization completed in 1 ms
2017-12-18 02:39:35.020  INFO 53402 --- [    Test worker] o.a.c.c.C.[Tomcat].[localhost].[/]       : Initializing Spring FrameworkServlet ''
2017-12-18 02:39:35.020  INFO 53402 --- [    Test worker] o.s.t.web.servlet.TestDispatcherServlet  : FrameworkServlet '': initialization started
2017-12-18 02:39:35.022  INFO 53402 --- [    Test worker] o.s.t.web.servlet.TestDispatcherServlet  : FrameworkServlet '': initialization completed in 2 ms
2017-12-18 02:39:35.287  INFO 53402 --- [    Test worker] o.a.c.c.C.[Tomcat].[localhost].[/]       : Initializing Spring FrameworkServlet ''
2017-12-18 02:39:35.287  INFO 53402 --- [    Test worker] o.s.t.web.servlet.TestDispatcherServlet  : FrameworkServlet '': initialization started
2017-12-18 02:39:35.289  INFO 53402 --- [    Test worker] o.s.t.web.servlet.TestDispatcherServlet  : FrameworkServlet '': initialization completed in 2 ms
2017-12-18 02:39:35.549  INFO 53402 --- [    Test worker] o.a.c.c.C.[Tomcat].[localhost].[/]       : Initializing Spring FrameworkServlet ''
2017-12-18 02:39:35.549  INFO 53402 --- [    Test worker] o.s.t.web.servlet.TestDispatcherServlet  : FrameworkServlet '': initialization started
2017-12-18 02:39:35.551  INFO 53402 --- [    Test worker] o.s.t.web.servlet.TestDispatcherServlet  : FrameworkServlet '': initialization completed in 2 ms
2017-12-18 02:39:35.812  INFO 53402 --- [    Test worker] o.a.c.c.C.[Tomcat].[localhost].[/]       : Initializing Spring FrameworkServlet ''
2017-12-18 02:39:35.813  INFO 53402 --- [    Test worker] o.s.t.web.servlet.TestDispatcherServlet  : FrameworkServlet '': initialization started
2017-12-18 02:39:35.814  INFO 53402 --- [    Test worker] o.s.t.web.servlet.TestDispatcherServlet  : FrameworkServlet '': initialization completed in 1 ms
2017-12-18 02:39:36.068  INFO 53402 --- [    Test worker] o.a.c.c.C.[Tomcat].[localhost].[/]       : Initializing Spring FrameworkServlet ''
2017-12-18 02:39:36.068  INFO 53402 --- [    Test worker] o.s.t.web.servlet.TestDispatcherServlet  : FrameworkServlet '': initialization started
2017-12-18 02:39:36.070  INFO 53402 --- [    Test worker] o.s.t.web.servlet.TestDispatcherServlet  : FrameworkServlet '': initialization completed in 2 ms
2017-12-18 02:39:36.324  INFO 53402 --- [    Test worker] o.a.c.c.C.[Tomcat].[localhost].[/]       : Initializing Spring FrameworkServlet ''
2017-12-18 02:39:36.324  INFO 53402 --- [    Test worker] o.s.t.web.servlet.TestDispatcherServlet  : FrameworkServlet '': initialization started
2017-12-18 02:39:36.326  INFO 53402 --- [    Test worker] o.s.t.web.servlet.TestDispatcherServlet  : FrameworkServlet '': initialization completed in 2 ms
2017-12-18 02:39:36.598  INFO 53402 --- [    Test worker] o.a.c.c.C.[Tomcat].[localhost].[/]       : Initializing Spring FrameworkServlet ''
2017-12-18 02:39:36.598  INFO 53402 --- [    Test worker] o.s.t.web.servlet.TestDispatcherServlet  : FrameworkServlet '': initialization started
2017-12-18 02:39:36.600  INFO 53402 --- [    Test worker] o.s.t.web.servlet.TestDispatcherServlet  : FrameworkServlet '': initialization completed in 2 ms
</pre>
</span>
</div>
</div>
<div id="footer">
<p>
<div>
<label class="hidden" id="label-for-line-wrapping-toggle" for="line-wrapping-toggle">Wrap lines
<input id="line-wrapping-toggle" type="checkbox" autocomplete="off"/>
</label>
</div>Generated by 
<a href="http://www.gradle.org">Gradle 3.5</a> at 18-Dec-2017 02:39:37</p>
</div>
</div>
</body>
</html>
