<!DOCTYPE html>
<html>
<head>
<meta http-equiv="Content-Type" content="text/html; charset=utf-8"/>
<meta http-equiv="x-ua-compatible" content="IE=edge"/>
<title>Test results - Class eMarket.SecurityTests</title>
<link href="../css/base-style.css" rel="stylesheet" type="text/css"/>
<link href="../css/style.css" rel="stylesheet" type="text/css"/>
<script src="../js/report.js" type="text/javascript"></script>
</head>
<body>
<div id="content">
<h1>Class eMarket.SecurityTests</h1>
<div class="breadcrumbs">
<a href="../index.html">all</a> &gt; 
<a href="../packages/eMarket.html">eMarket</a> &gt; SecurityTests</div>
<div id="summary">
<table>
<tr>
<td>
<div class="summaryGroup">
<table>
<tr>
<td>
<div class="infoBox" id="tests">
<div class="counter">66</div>
<p>tests</p>
</div>
</td>
<td>
<div class="infoBox" id="failures">
<div class="counter">2</div>
<p>failures</p>
</div>
</td>
<td>
<div class="infoBox" id="ignored">
<div class="counter">0</div>
<p>ignored</p>
</div>
</td>
<td>
<div class="infoBox" id="duration">
<div class="counter">23.039s</div>
<p>duration</p>
</div>
</td>
</tr>
</table>
</div>
</td>
<td>
<div class="infoBox failures" id="successRate">
<div class="percent">96%</div>
<p>successful</p>
</div>
</td>
</tr>
</table>
</div>
<div id="tabs">
<ul class="tabLinks">
<li>
<a href="#tab0">Failed tests</a>
</li>
<li>
<a href="#tab1">Tests</a>
</li>
<li>
<a href="#tab2">Standard output</a>
</li>
</ul>
<div id="tab0" class="tab">
<h2>Failed tests</h2>
<div class="test">
<a name="authorization-16"></a>
<h3 class="failures">authorization-16</h3>
<span class="code">
<pre>Condition failed with Exception:

result.andExpect(status().is(statusCode)) .andExpect(authenticated().withUsername(username).withRoles(role))
|      |         |        |  |
|      |         |        |  403
|      |         |        org.springframework.test.web.servlet.result.StatusResultMatchers$2@19148c85
|      |         org.springframework.test.web.servlet.result.StatusResultMatchers@263e86
|      java.lang.AssertionError: Response status expected:&lt;403&gt; but was:&lt;200&gt;
org.springframework.test.web.servlet.MockMvc$1@5e6e14f0

	at eMarket.SecurityTests.authorization-#testId(SecurityTests.groovy:134)
Caused by: java.lang.AssertionError: Response status expected:&lt;403&gt; but was:&lt;200&gt;
	at org.springframework.test.util.AssertionErrors.fail(AssertionErrors.java:54)
	at org.springframework.test.util.AssertionErrors.assertEquals(AssertionErrors.java:81)
	at org.springframework.test.web.servlet.result.StatusResultMatchers$2.match(StatusResultMatchers.java:69)
	at org.springframework.test.web.servlet.MockMvc$1.andExpect(MockMvc.java:171)
	at eMarket.SecurityTests.authorization-#testId(SecurityTests.groovy:133)
</pre>
</span>
</div>
<div class="test">
<a name="authorization-18"></a>
<h3 class="failures">authorization-18</h3>
<span class="code">
<pre>Condition failed with Exception:

result.andExpect(status().is(statusCode)) .andExpect(authenticated().withUsername(username).withRoles(role))
|      |         |        |  |
|      |         |        |  403
|      |         |        org.springframework.test.web.servlet.result.StatusResultMatchers$2@46b2e2fd
|      |         org.springframework.test.web.servlet.result.StatusResultMatchers@1073b9c7
|      java.lang.AssertionError: Response status expected:&lt;403&gt; but was:&lt;200&gt;
org.springframework.test.web.servlet.MockMvc$1@df551c1

	at eMarket.SecurityTests.authorization-#testId(SecurityTests.groovy:134)
Caused by: java.lang.AssertionError: Response status expected:&lt;403&gt; but was:&lt;200&gt;
	at org.springframework.test.util.AssertionErrors.fail(AssertionErrors.java:54)
	at org.springframework.test.util.AssertionErrors.assertEquals(AssertionErrors.java:81)
	at org.springframework.test.web.servlet.result.StatusResultMatchers$2.match(StatusResultMatchers.java:69)
	at org.springframework.test.web.servlet.MockMvc$1.andExpect(MockMvc.java:171)
	at eMarket.SecurityTests.authorization-#testId(SecurityTests.groovy:133)
</pre>
</span>
</div>
</div>
<div id="tab1" class="tab">
<h2>Tests</h2>
<table>
<thead>
<tr>
<th>Test</th>
<th>Duration</th>
<th>Result</th>
</tr>
</thead>
<tr>
<td class="success">authentication-3</td>
<td>0.253s</td>
<td class="success">passed</td>
</tr>
<tr>
<td class="success">authentication-4</td>
<td>0.241s</td>
<td class="success">passed</td>
</tr>
<tr>
<td class="success">authorization-1</td>
<td>0.283s</td>
<td class="success">passed</td>
</tr>
<tr>
<td class="success">authorization-10</td>
<td>0.235s</td>
<td class="success">passed</td>
</tr>
<tr>
<td class="success">authorization-11</td>
<td>0.256s</td>
<td class="success">passed</td>
</tr>
<tr>
<td class="success">authorization-12</td>
<td>0.237s</td>
<td class="success">passed</td>
</tr>
<tr>
<td class="success">authorization-13</td>
<td>0.247s</td>
<td class="success">passed</td>
</tr>
<tr>
<td class="success">authorization-14</td>
<td>0.233s</td>
<td class="success">passed</td>
</tr>
<tr>
<td class="success">authorization-15</td>
<td>0.255s</td>
<td class="success">passed</td>
</tr>
<tr>
<td class="failures">authorization-16</td>
<td>0.272s</td>
<td class="failures">failed</td>
</tr>
<tr>
<td class="success">authorization-17</td>
<td>0.258s</td>
<td class="success">passed</td>
</tr>
<tr>
<td class="failures">authorization-18</td>
<td>0.259s</td>
<td class="failures">failed</td>
</tr>
<tr>
<td class="success">authorization-19</td>
<td>0.256s</td>
<td class="success">passed</td>
</tr>
<tr>
<td class="success">authorization-2</td>
<td>0.239s</td>
<td class="success">passed</td>
</tr>
<tr>
<td class="success">authorization-20</td>
<td>0.246s</td>
<td class="success">passed</td>
</tr>
<tr>
<td class="success">authorization-21</td>
<td>0.252s</td>
<td class="success">passed</td>
</tr>
<tr>
<td class="success">authorization-22</td>
<td>0.248s</td>
<td class="success">passed</td>
</tr>
<tr>
<td class="success">authorization-23</td>
<td>0.257s</td>
<td class="success">passed</td>
</tr>
<tr>
<td class="success">authorization-24</td>
<td>0.248s</td>
<td class="success">passed</td>
</tr>
<tr>
<td class="success">authorization-25</td>
<td>0.254s</td>
<td class="success">passed</td>
</tr>
<tr>
<td class="success">authorization-26</td>
<td>0.263s</td>
<td class="success">passed</td>
</tr>
<tr>
<td class="success">authorization-27</td>
<td>0.251s</td>
<td class="success">passed</td>
</tr>
<tr>
<td class="success">authorization-3</td>
<td>0.262s</td>
<td class="success">passed</td>
</tr>
<tr>
<td class="success">authorization-37</td>
<td>0.244s</td>
<td class="success">passed</td>
</tr>
<tr>
<td class="success">authorization-38</td>
<td>0.248s</td>
<td class="success">passed</td>
</tr>
<tr>
<td class="success">authorization-39</td>
<td>0.254s</td>
<td class="success">passed</td>
</tr>
<tr>
<td class="success">authorization-4</td>
<td>0.272s</td>
<td class="success">passed</td>
</tr>
<tr>
<td class="success">authorization-40</td>
<td>0.242s</td>
<td class="success">passed</td>
</tr>
<tr>
<td class="success">authorization-41</td>
<td>0.254s</td>
<td class="success">passed</td>
</tr>
<tr>
<td class="success">authorization-42</td>
<td>0.247s</td>
<td class="success">passed</td>
</tr>
<tr>
<td class="success">authorization-43</td>
<td>0.261s</td>
<td class="success">passed</td>
</tr>
<tr>
<td class="success">authorization-44</td>
<td>0.242s</td>
<td class="success">passed</td>
</tr>
<tr>
<td class="success">authorization-45</td>
<td>0.248s</td>
<td class="success">passed</td>
</tr>
<tr>
<td class="success">authorization-46</td>
<td>0.244s</td>
<td class="success">passed</td>
</tr>
<tr>
<td class="success">authorization-47</td>
<td>0.242s</td>
<td class="success">passed</td>
</tr>
<tr>
<td class="success">authorization-48</td>
<td>0.234s</td>
<td class="success">passed</td>
</tr>
<tr>
<td class="success">authorization-49</td>
<td>0.245s</td>
<td class="success">passed</td>
</tr>
<tr>
<td class="success">authorization-5</td>
<td>0.263s</td>
<td class="success">passed</td>
</tr>
<tr>
<td class="success">authorization-50</td>
<td>0.247s</td>
<td class="success">passed</td>
</tr>
<tr>
<td class="success">authorization-51</td>
<td>0.233s</td>
<td class="success">passed</td>
</tr>
<tr>
<td class="success">authorization-52</td>
<td>0.241s</td>
<td class="success">passed</td>
</tr>
<tr>
<td class="success">authorization-53</td>
<td>0.234s</td>
<td class="success">passed</td>
</tr>
<tr>
<td class="success">authorization-54</td>
<td>0.238s</td>
<td class="success">passed</td>
</tr>
<tr>
<td class="success">authorization-55</td>
<td>0.226s</td>
<td class="success">passed</td>
</tr>
<tr>
<td class="success">authorization-56</td>
<td>0.246s</td>
<td class="success">passed</td>
</tr>
<tr>
<td class="success">authorization-57</td>
<td>0.245s</td>
<td class="success">passed</td>
</tr>
<tr>
<td class="success">authorization-58</td>
<td>0.256s</td>
<td class="success">passed</td>
</tr>
<tr>
<td class="success">authorization-59</td>
<td>0.247s</td>
<td class="success">passed</td>
</tr>
<tr>
<td class="success">authorization-6</td>
<td>0.253s</td>
<td class="success">passed</td>
</tr>
<tr>
<td class="success">authorization-60</td>
<td>0.251s</td>
<td class="success">passed</td>
</tr>
<tr>
<td class="success">authorization-7</td>
<td>0.243s</td>
<td class="success">passed</td>
</tr>
<tr>
<td class="success">authorization-70</td>
<td>0.238s</td>
<td class="success">passed</td>
</tr>
<tr>
<td class="success">authorization-71</td>
<td>0.253s</td>
<td class="success">passed</td>
</tr>
<tr>
<td class="success">authorization-72</td>
<td>0.254s</td>
<td class="success">passed</td>
</tr>
<tr>
<td class="success">authorization-73</td>
<td>0.263s</td>
<td class="success">passed</td>
</tr>
<tr>
<td class="success">authorization-74</td>
<td>0.237s</td>
<td class="success">passed</td>
</tr>
<tr>
<td class="success">authorization-75</td>
<td>0.250s</td>
<td class="success">passed</td>
</tr>
<tr>
<td class="success">authorization-76</td>
<td>0.252s</td>
<td class="success">passed</td>
</tr>
<tr>
<td class="success">authorization-77</td>
<td>0.234s</td>
<td class="success">passed</td>
</tr>
<tr>
<td class="success">authorization-78</td>
<td>0.246s</td>
<td class="success">passed</td>
</tr>
<tr>
<td class="success">authorization-79</td>
<td>0.229s</td>
<td class="success">passed</td>
</tr>
<tr>
<td class="success">authorization-8</td>
<td>0.259s</td>
<td class="success">passed</td>
</tr>
<tr>
<td class="success">authorization-80</td>
<td>0.244s</td>
<td class="success">passed</td>
</tr>
<tr>
<td class="success">authorization-81</td>
<td>0.256s</td>
<td class="success">passed</td>
</tr>
<tr>
<td class="success">authorization-9</td>
<td>0.262s</td>
<td class="success">passed</td>
</tr>
<tr>
<td class="success">secureChannel</td>
<td>6.857s</td>
<td class="success">passed</td>
</tr>
</table>
</div>
<div id="tab2" class="tab">
<h2>Standard output</h2>
<span class="code">
<pre>01:10:24.143 [Test worker] DEBUG com.athaydes.spockframework.report.SpockReportExtension - Configuring com.athaydes.spockframework.report.SpockReportExtension
01:10:24.179 [Test worker] INFO com.athaydes.spockframework.report.internal.ConfigLoader - SpockReports config loaded: {com.athaydes.spockframework.report.showCodeBlocks=false, com.athaydes.spockframework.report.template.TemplateReportCreator.reportFileExtension=md, com.athaydes.spockframework.report.testSourceRoots=src/test/groovy, com.athaydes.spockframework.report.IReportCreator=com.athaydes.spockframework.report.internal.HtmlReportCreator, com.athaydes.spockframework.report.outputDir=build/spock-reports, com.athaydes.spockframework.report.internal.HtmlReportCreator.inlineCss=true, com.athaydes.spockframework.report.internal.HtmlReportCreator.featureReportCss=spock-feature-report.css, com.athaydes.spockframework.report.hideEmptyBlocks=false, com.athaydes.spockframework.report.internal.HtmlReportCreator.summaryReportCss=spock-summary-report.css, com.athaydes.spockframework.report.projectVersion=Unknown, com.athaydes.spockframework.report.template.TemplateReportCreator.specTemplateFile=/templateReportCreator/spec-template.md, com.athaydes.spockframework.report.template.TemplateReportCreator.summaryTemplateFile=/templateReportCreator/summary-template.md, com.athaydes.spockframework.report.internal.HtmlReportCreator.excludeToc=false, com.athaydes.spockframework.report.template.TemplateReportCreator.enabled=true, com.athaydes.spockframework.report.projectName=, com.athaydes.spockframework.report.template.TemplateReportCreator.summaryFileName=summary.md, com.athaydes.spockframework.report.internal.HtmlReportCreator.printThrowableStackTrace=false, com.athaydes.spockframework.report.internal.HtmlReportCreator.enabled=true}
01:10:24.254 [Test worker] DEBUG com.athaydes.spockframework.report.SpockReportExtension - Loading settings for reportCreator of type com.athaydes.spockframework.report.internal.HtmlReportCreator
01:10:24.366 [Test worker] DEBUG org.springframework.test.annotation.ProfileValueUtils - Retrieved @ProfileValueSourceConfiguration [null] for test class [eMarket.SecurityTests]
01:10:24.366 [Test worker] DEBUG org.springframework.test.annotation.ProfileValueUtils - Retrieved ProfileValueSource type [class org.springframework.test.annotation.SystemProfileValueSource] for class [eMarket.SecurityTests]
01:10:24.367 [Test worker] DEBUG org.springframework.test.annotation.ProfileValueUtils - Retrieved @ProfileValueSourceConfiguration [null] for test class [eMarket.SecurityTests]
01:10:24.367 [Test worker] DEBUG org.springframework.test.annotation.ProfileValueUtils - Retrieved ProfileValueSource type [class org.springframework.test.annotation.SystemProfileValueSource] for class [eMarket.SecurityTests]
01:10:24.369 [Test worker] DEBUG org.springframework.test.annotation.ProfileValueUtils - Retrieved @ProfileValueSourceConfiguration [null] for test class [eMarket.SecurityTests]
01:10:24.369 [Test worker] DEBUG org.springframework.test.annotation.ProfileValueUtils - Retrieved ProfileValueSource type [class org.springframework.test.annotation.SystemProfileValueSource] for class [eMarket.SecurityTests]
01:10:24.371 [Test worker] DEBUG org.springframework.test.annotation.ProfileValueUtils - Retrieved @ProfileValueSourceConfiguration [null] for test class [eMarket.SecurityTests]
01:10:24.372 [Test worker] DEBUG org.springframework.test.annotation.ProfileValueUtils - Retrieved ProfileValueSource type [class org.springframework.test.annotation.SystemProfileValueSource] for class [eMarket.SecurityTests]
01:10:24.378 [Test worker] DEBUG org.springframework.test.context.BootstrapUtils - Instantiating CacheAwareContextLoaderDelegate from class [org.springframework.test.context.cache.DefaultCacheAwareContextLoaderDelegate]
01:10:24.385 [Test worker] DEBUG org.springframework.test.context.BootstrapUtils - Instantiating BootstrapContext using constructor [public org.springframework.test.context.support.DefaultBootstrapContext(java.lang.Class,org.springframework.test.context.CacheAwareContextLoaderDelegate)]
01:10:24.387 [Test worker] DEBUG org.springframework.test.context.BootstrapUtils - Instantiating TestContextBootstrapper for test class [eMarket.SecurityTests] from class [org.springframework.boot.test.context.SpringBootTestContextBootstrapper]
01:10:24.398 [Test worker] INFO org.springframework.boot.test.context.SpringBootTestContextBootstrapper - Neither @ContextConfiguration nor @ContextHierarchy found for test class [eMarket.SecurityTests], using SpringBootContextLoader
01:10:24.403 [Test worker] DEBUG org.springframework.test.context.support.AbstractContextLoader - Did not detect default resource location for test class [eMarket.SecurityTests]: class path resource [eMarket/SecurityTests-context.xml] does not exist
01:10:24.404 [Test worker] DEBUG org.springframework.test.context.support.AbstractContextLoader - Did not detect default resource location for test class [eMarket.SecurityTests]: class path resource [eMarket/SecurityTestsContext.groovy] does not exist
01:10:24.404 [Test worker] INFO org.springframework.test.context.support.AbstractContextLoader - Could not detect default resource locations for test class [eMarket.SecurityTests]: no resource found for suffixes {-context.xml, Context.groovy}.
01:10:24.513 [Test worker] DEBUG org.springframework.test.context.support.ActiveProfilesUtils - Could not find an 'annotation declaring class' for annotation type [org.springframework.test.context.ActiveProfiles] and class [eMarket.SecurityTests]
01:10:24.530 [Test worker] DEBUG org.springframework.boot.test.context.SpringBootTestContextBootstrapper - @TestExecutionListeners is not present for class [eMarket.SecurityTests]: using defaults.
01:10:24.533 [Test worker] INFO org.springframework.boot.test.context.SpringBootTestContextBootstrapper - Loaded default TestExecutionListener class names from location [META-INF/spring.factories]: [org.springframework.security.test.context.support.WithSecurityContextTestExecutionListener, org.springframework.boot.test.mock.mockito.MockitoTestExecutionListener, org.springframework.boot.test.mock.mockito.ResetMocksTestExecutionListener, org.springframework.boot.test.autoconfigure.restdocs.RestDocsTestExecutionListener, org.springframework.boot.test.autoconfigure.web.client.MockRestServiceServerResetTestExecutionListener, org.springframework.boot.test.autoconfigure.web.servlet.MockMvcPrintOnlyOnFailureTestExecutionListener, org.springframework.boot.test.autoconfigure.web.servlet.WebDriverTestExecutionListener, org.springframework.test.context.web.ServletTestExecutionListener, org.springframework.test.context.support.DirtiesContextBeforeModesTestExecutionListener, org.springframework.test.context.support.DependencyInjectionTestExecutionListener, org.springframework.test.context.support.DirtiesContextTestExecutionListener, org.springframework.test.context.transaction.TransactionalTestExecutionListener, org.springframework.test.context.jdbc.SqlScriptsTestExecutionListener]
01:10:24.555 [Test worker] INFO org.springframework.boot.test.context.SpringBootTestContextBootstrapper - Using TestExecutionListeners: [org.springframework.test.context.web.ServletTestExecutionListener@f82a2d7, org.springframework.test.context.support.DirtiesContextBeforeModesTestExecutionListener@6d063119, org.springframework.boot.test.autoconfigure.SpringBootDependencyInjectionTestExecutionListener@6ea369ab, org.springframework.test.context.support.DirtiesContextTestExecutionListener@7640ba33, org.springframework.test.context.transaction.TransactionalTestExecutionListener@6c4e3a36, org.springframework.test.context.jdbc.SqlScriptsTestExecutionListener@309c505f, org.springframework.boot.test.autoconfigure.web.servlet.MockMvcPrintOnlyOnFailureTestExecutionListener@450799d6, org.springframework.boot.test.autoconfigure.web.servlet.WebDriverTestExecutionListener@36e53267, org.springframework.boot.test.autoconfigure.restdocs.RestDocsTestExecutionListener@2be73107, org.springframework.boot.test.mock.mockito.MockitoTestExecutionListener@79ab828c, org.springframework.security.test.context.support.WithSecurityContextTestExecutionListener@9b6d46, org.springframework.boot.test.mock.mockito.ResetMocksTestExecutionListener@1f720138, org.springframework.boot.test.autoconfigure.web.client.MockRestServiceServerResetTestExecutionListener@d0f64d8]
01:10:24.599 [Test worker] DEBUG com.athaydes.spockframework.report.SpecInfoListener - Before spec: eMarket.SecurityTests
01:10:24.602 [Test worker] DEBUG org.springframework.test.context.support.AbstractDirtiesContextTestExecutionListener - Before test class: context [DefaultTestContext@62ec4355 testClass = SecurityTests, testInstance = [null], testMethod = [null], testException = [null], mergedContextConfiguration = [WebMergedContextConfiguration@63a1f8ce testClass = SecurityTests, locations = '{}', classes = '{class eMarket.EMarketApp, class eMarket.DbConfig, class eMarket.SecurityConfig, class eMarket.WebConfig, class eMarket.controller.SignupController, class eMarket.controller.LoginController, class eMarket.controller.IndexController, class eMarket.controller.DealController, class eMarket.controller.OrderController, class eMarket.services.CustomUserDetailsService, class eMarket.EMarketApp, class eMarket.DbConfig, class eMarket.SecurityConfig, class eMarket.WebConfig, class eMarket.controller.SignupController, class eMarket.controller.LoginController, class eMarket.controller.IndexController, class eMarket.controller.DealController, class eMarket.controller.OrderController, class eMarket.services.CustomUserDetailsService}', contextInitializerClasses = '[]', activeProfiles = '{}', propertySourceLocations = '{}', propertySourceProperties = '{org.springframework.boot.test.context.SpringBootTestContextBootstrapper=true}', contextCustomizers = set[[ImportsContextCustomizer@14761af1 key = [org.springframework.boot.test.autoconfigure.web.servlet.MockMvcAutoConfiguration, org.springframework.boot.test.autoconfigure.web.servlet.MockMvcSecurityAutoConfiguration, org.springframework.boot.test.autoconfigure.web.servlet.MockMvcWebClientAutoConfiguration, org.springframework.boot.test.autoconfigure.web.servlet.MockMvcWebDriverAutoConfiguration]], org.springframework.boot.test.context.SpringBootTestContextCustomizer@4dac09b8, org.springframework.boot.test.context.filter.ExcludeFilterContextCustomizer@3c15abb0, org.springframework.boot.test.json.DuplicateJsonObjectContextCustomizerFactory$DuplicateJsonObjectContextCustomizer@6079d6b9, org.springframework.boot.test.mock.mockito.MockitoContextCustomizer@d5dcb8f4, org.springframework.boot.test.autoconfigure.properties.PropertyMappingContextCustomizer@e7e84f8, org.springframework.boot.test.autoconfigure.web.servlet.WebDriverContextCustomizerFactory$Customizer@6841f03], resourceBasePath = 'src/main/webapp', contextLoader = 'org.springframework.boot.test.context.SpringBootContextLoader', parent = [null]]], class annotated with @DirtiesContext [false] with mode [null].
01:10:24.607 [Test worker] DEBUG com.athaydes.spockframework.report.SpecInfoListener - Before feature: secureChannel
01:10:24.613 [Test worker] DEBUG com.athaydes.spockframework.report.SpecInfoListener - Before iteration: secureChannel
01:10:24.615 [Test worker] DEBUG org.springframework.test.context.support.DependencyInjectionTestExecutionListener - Performing dependency injection for test context [[DefaultTestContext@62ec4355 testClass = SecurityTests, testInstance = eMarket.SecurityTests@4db2be86, testMethod = [null], testException = [null], mergedContextConfiguration = [WebMergedContextConfiguration@63a1f8ce testClass = SecurityTests, locations = '{}', classes = '{class eMarket.EMarketApp, class eMarket.DbConfig, class eMarket.SecurityConfig, class eMarket.WebConfig, class eMarket.controller.SignupController, class eMarket.controller.LoginController, class eMarket.controller.IndexController, class eMarket.controller.DealController, class eMarket.controller.OrderController, class eMarket.services.CustomUserDetailsService, class eMarket.EMarketApp, class eMarket.DbConfig, class eMarket.SecurityConfig, class eMarket.WebConfig, class eMarket.controller.SignupController, class eMarket.controller.LoginController, class eMarket.controller.IndexController, class eMarket.controller.DealController, class eMarket.controller.OrderController, class eMarket.services.CustomUserDetailsService}', contextInitializerClasses = '[]', activeProfiles = '{}', propertySourceLocations = '{}', propertySourceProperties = '{org.springframework.boot.test.context.SpringBootTestContextBootstrapper=true}', contextCustomizers = set[[ImportsContextCustomizer@14761af1 key = [org.springframework.boot.test.autoconfigure.web.servlet.MockMvcAutoConfiguration, org.springframework.boot.test.autoconfigure.web.servlet.MockMvcSecurityAutoConfiguration, org.springframework.boot.test.autoconfigure.web.servlet.MockMvcWebClientAutoConfiguration, org.springframework.boot.test.autoconfigure.web.servlet.MockMvcWebDriverAutoConfiguration]], org.springframework.boot.test.context.SpringBootTestContextCustomizer@4dac09b8, org.springframework.boot.test.context.filter.ExcludeFilterContextCustomizer@3c15abb0, org.springframework.boot.test.json.DuplicateJsonObjectContextCustomizerFactory$DuplicateJsonObjectContextCustomizer@6079d6b9, org.springframework.boot.test.mock.mockito.MockitoContextCustomizer@d5dcb8f4, org.springframework.boot.test.autoconfigure.properties.PropertyMappingContextCustomizer@e7e84f8, org.springframework.boot.test.autoconfigure.web.servlet.WebDriverContextCustomizerFactory$Customizer@6841f03], resourceBasePath = 'src/main/webapp', contextLoader = 'org.springframework.boot.test.context.SpringBootContextLoader', parent = [null]]]].
01:10:24.682 [Test worker] DEBUG org.springframework.core.env.StandardEnvironment - Adding [systemProperties] PropertySource with lowest search precedence
01:10:24.683 [Test worker] DEBUG org.springframework.core.env.StandardEnvironment - Adding [systemEnvironment] PropertySource with lowest search precedence
01:10:24.683 [Test worker] DEBUG org.springframework.core.env.StandardEnvironment - Initialized StandardEnvironment with PropertySources [systemProperties,systemEnvironment]
01:10:24.684 [Test worker] DEBUG org.springframework.test.context.support.TestPropertySourceUtils - Adding inlined properties to environment: {spring.jmx.enabled=false, org.springframework.boot.test.context.SpringBootTestContextBootstrapper=true}
01:10:24.685 [Test worker] DEBUG org.springframework.core.env.StandardEnvironment - Adding [Inlined Test Properties] PropertySource with highest search precedence

  .   ____          _            __ _ _
 /\\ / ___'_ __ _ _(_)_ __  __ _ \ \ \ \
( ( )\___ | '_ | '_| | '_ \/ _` | \ \ \ \
 \\/  ___)| |_)| | | | | || (_| |  ) ) ) )
  '  |____| .__|_| |_|_| |_\__, | / / / /
 =========|_|==============|___/=/_/_/_/
 :: Spring Boot ::        (v1.5.6.RELEASE)

2017-12-18 01:10:25.023  INFO 49285 --- [    Test worker] eMarket.SecurityTests                    : Starting SecurityTests on pc1276 with PID 49285 (/Users/ab373/Documents/ArturData/WORK/ECLIPSE/LECTURES/2017-18/CO2006_marking/sprint4_marking/CO2006-17-18-db400/sprint4/miniproject.security/build/classes/test started by ab373 in /Users/ab373/Documents/ArturData/WORK/ECLIPSE/LECTURES/2017-18/CO2006_marking/sprint4_marking/CO2006-17-18-db400/sprint4/miniproject.security)
2017-12-18 01:10:25.024  INFO 49285 --- [    Test worker] eMarket.SecurityTests                    : No active profile set, falling back to default profiles: default
2017-12-18 01:10:25.072  INFO 49285 --- [    Test worker] ationConfigEmbeddedWebApplicationContext : Refreshing org.springframework.boot.context.embedded.AnnotationConfigEmbeddedWebApplicationContext@3fbc4243: startup date [Mon Dec 18 01:10:25 GMT 2017]; root of context hierarchy
2017-12-18 01:10:26.975  INFO 49285 --- [    Test worker] s.b.c.e.t.TomcatEmbeddedServletContainer : Tomcat initialized with port(s): 8090 (https)
2017-12-18 01:10:26.991  INFO 49285 --- [    Test worker] o.apache.catalina.core.StandardService   : Starting service [Tomcat]
2017-12-18 01:10:26.993  INFO 49285 --- [    Test worker] org.apache.catalina.core.StandardEngine  : Starting Servlet Engine: Apache Tomcat/8.5.16
2017-12-18 01:10:27.222  INFO 49285 --- [ost-startStop-1] org.apache.jasper.servlet.TldScanner     : At least one JAR was scanned for TLDs yet contained no TLDs. Enable debug logging for this logger for a complete list of JARs that were scanned but no TLDs were found in them. Skipping unneeded JARs during scanning can improve startup time and JSP compilation time.
2017-12-18 01:10:27.227  INFO 49285 --- [ost-startStop-1] o.a.c.c.C.[Tomcat].[localhost].[/]       : Initializing Spring embedded WebApplicationContext
2017-12-18 01:10:27.227  INFO 49285 --- [ost-startStop-1] o.s.web.context.ContextLoader            : Root WebApplicationContext: initialization completed in 2158 ms
2017-12-18 01:10:27.381  INFO 49285 --- [ost-startStop-1] o.s.b.w.servlet.FilterRegistrationBean   : Mapping filter: 'characterEncodingFilter' to: [/*]
2017-12-18 01:10:27.382  INFO 49285 --- [ost-startStop-1] o.s.b.w.servlet.FilterRegistrationBean   : Mapping filter: 'hiddenHttpMethodFilter' to: [/*]
2017-12-18 01:10:27.382  INFO 49285 --- [ost-startStop-1] o.s.b.w.servlet.FilterRegistrationBean   : Mapping filter: 'httpPutFormContentFilter' to: [/*]
2017-12-18 01:10:27.383  INFO 49285 --- [ost-startStop-1] o.s.b.w.servlet.FilterRegistrationBean   : Mapping filter: 'requestContextFilter' to: [/*]
2017-12-18 01:10:27.384  INFO 49285 --- [ost-startStop-1] .s.DelegatingFilterProxyRegistrationBean : Mapping filter: 'springSecurityFilterChain' to: [/*]
2017-12-18 01:10:27.385  INFO 49285 --- [ost-startStop-1] o.s.b.w.servlet.ServletRegistrationBean  : Mapping servlet: 'dispatcherServlet' to [/]
2017-12-18 01:10:27.428  INFO 49285 --- [    Test worker] o.s.j.d.DriverManagerDataSource          : Loaded JDBC driver: com.mysql.jdbc.Driver
2017-12-18 01:10:27.872  INFO 49285 --- [    Test worker] j.LocalContainerEntityManagerFactoryBean : Building JPA container EntityManagerFactory for persistence unit 'default'
2017-12-18 01:10:27.892  INFO 49285 --- [    Test worker] o.hibernate.jpa.internal.util.LogHelper  : HHH000204: Processing PersistenceUnitInfo [
	name: default
	...]
2017-12-18 01:10:27.978  INFO 49285 --- [    Test worker] org.hibernate.Version                    : HHH000412: Hibernate Core {5.0.12.Final}
2017-12-18 01:10:27.980  INFO 49285 --- [    Test worker] org.hibernate.cfg.Environment            : HHH000206: hibernate.properties not found
2017-12-18 01:10:27.982  INFO 49285 --- [    Test worker] org.hibernate.cfg.Environment            : HHH000021: Bytecode provider name : javassist
2017-12-18 01:10:28.032  INFO 49285 --- [    Test worker] o.hibernate.annotations.common.Version   : HCANN000001: Hibernate Commons Annotations {5.0.1.Final}
2017-12-18 01:10:28.179  INFO 49285 --- [    Test worker] org.hibernate.dialect.Dialect            : HHH000400: Using dialect: org.hibernate.dialect.MySQL5Dialect
2017-12-18 01:10:29.007  INFO 49285 --- [    Test worker] org.hibernate.tool.hbm2ddl.SchemaExport  : HHH000227: Running hbm2ddl schema export
2017-12-18 01:10:29.022 ERROR 49285 --- [    Test worker] org.hibernate.tool.hbm2ddl.SchemaExport  : HHH000389: Unsuccessful: alter table deal drop foreign key FK7ahsg70uvl0hcmiejtnopullw
2017-12-18 01:10:29.022 ERROR 49285 --- [    Test worker] org.hibernate.tool.hbm2ddl.SchemaExport  : Table 'ab373.deal' doesn't exist
2017-12-18 01:10:29.023 ERROR 49285 --- [    Test worker] org.hibernate.tool.hbm2ddl.SchemaExport  : HHH000389: Unsuccessful: alter table users drop foreign key FK4c6vlshk8x83ifeoggi3exg3k
2017-12-18 01:10:29.023 ERROR 49285 --- [    Test worker] org.hibernate.tool.hbm2ddl.SchemaExport  : Table 'ab373.users' doesn't exist
2017-12-18 01:10:29.159  INFO 49285 --- [    Test worker] org.hibernate.tool.hbm2ddl.SchemaExport  : HHH000230: Schema export complete
2017-12-18 01:10:29.209  INFO 49285 --- [    Test worker] j.LocalContainerEntityManagerFactoryBean : Initialized JPA EntityManagerFactory for persistence unit 'default'
2017-12-18 01:10:30.052  INFO 49285 --- [    Test worker] o.s.s.w.a.c.ChannelProcessingFilter      : Validated configuration attributes
2017-12-18 01:10:30.087  INFO 49285 --- [    Test worker] o.s.s.web.DefaultSecurityFilterChain     : Creating filter chain: org.springframework.security.web.util.matcher.AnyRequestMatcher@1, [org.springframework.security.web.access.channel.ChannelProcessingFilter@5b28dbe4, org.springframework.security.web.context.request.async.WebAsyncManagerIntegrationFilter@1c04339b, org.springframework.security.web.context.SecurityContextPersistenceFilter@7dc0444, org.springframework.security.web.header.HeaderWriterFilter@3c2c5e1f, org.springframework.security.web.authentication.logout.LogoutFilter@55c366a6, org.springframework.security.web.authentication.UsernamePasswordAuthenticationFilter@129c6ef9, org.springframework.security.web.savedrequest.RequestCacheAwareFilter@38883ab, org.springframework.security.web.servletapi.SecurityContextHolderAwareRequestFilter@64c876c1, org.springframework.security.web.authentication.AnonymousAuthenticationFilter@f555f21, org.springframework.security.web.session.SessionManagementFilter@6018a728, org.springframework.security.web.access.ExceptionTranslationFilter@495ae293, org.springframework.security.web.access.intercept.FilterSecurityInterceptor@59257a29]
2017-12-18 01:10:30.151  INFO 49285 --- [    Test worker] o.a.c.c.C.[Tomcat].[localhost].[/]       : Initializing Spring FrameworkServlet ''
2017-12-18 01:10:30.151  INFO 49285 --- [    Test worker] o.s.t.web.servlet.TestDispatcherServlet  : FrameworkServlet '': initialization started
2017-12-18 01:10:30.240  INFO 49285 --- [    Test worker] s.w.s.m.m.a.RequestMappingHandlerMapping : Mapped &quot;{[/signup/],methods=[GET]}&quot; onto public java.lang.String eMarket.controller.SignupController.signup(eMarket.domain.UserInfo,org.springframework.ui.Model)
2017-12-18 01:10:30.242  INFO 49285 --- [    Test worker] s.w.s.m.m.a.RequestMappingHandlerMapping : Mapped &quot;{[/signup/add],methods=[POST],params=[add]}&quot; onto public java.lang.String eMarket.controller.SignupController.addNewUser(eMarket.domain.UserInfo,org.springframework.validation.BindingResult,org.springframework.ui.Model)
2017-12-18 01:10:30.242  INFO 49285 --- [    Test worker] s.w.s.m.m.a.RequestMappingHandlerMapping : Mapped &quot;{[/signup/add],methods=[POST],params=[cancel]}&quot; onto public java.lang.String eMarket.controller.SignupController.cancelNewUser(eMarket.domain.UserInfo,org.springframework.ui.Model)
2017-12-18 01:10:30.243  INFO 49285 --- [    Test worker] s.w.s.m.m.a.RequestMappingHandlerMapping : Mapped &quot;{[/],methods=[GET]}&quot; onto public java.lang.String eMarket.controller.LoginController.landing()
2017-12-18 01:10:30.243  INFO 49285 --- [    Test worker] s.w.s.m.m.a.RequestMappingHandlerMapping : Mapped &quot;{[/success-login],methods=[GET]}&quot; onto public java.lang.String eMarket.controller.LoginController.authenticate()
2017-12-18 01:10:30.244  INFO 49285 --- [    Test worker] s.w.s.m.m.a.RequestMappingHandlerMapping : Mapped &quot;{[/access-denied]}&quot; onto public java.lang.String eMarket.controller.LoginController.accessDenied()
2017-12-18 01:10:30.244  INFO 49285 --- [    Test worker] s.w.s.m.m.a.RequestMappingHandlerMapping : Mapped &quot;{[/login-form],methods=[GET]}&quot; onto public java.lang.String eMarket.controller.LoginController.login(eMarket.domain.UserInfoLogin)
2017-12-18 01:10:30.245  INFO 49285 --- [    Test worker] s.w.s.m.m.a.RequestMappingHandlerMapping : Mapped &quot;{[/system]}&quot; onto public java.lang.String eMarket.controller.IndexController.index(eMarket.controller.IndexFormDto)
2017-12-18 01:10:30.245  INFO 49285 --- [    Test worker] s.w.s.m.m.a.RequestMappingHandlerMapping : Mapped &quot;{[/setDate],methods=[POST]}&quot; onto public java.lang.String eMarket.controller.IndexController.setDate(eMarket.controller.IndexFormDto,org.springframework.validation.BindingResult,org.springframework.ui.Model)
2017-12-18 01:10:30.246  INFO 49285 --- [    Test worker] s.w.s.m.m.a.RequestMappingHandlerMapping : Mapped &quot;{[/deal/],methods=[GET]}&quot; onto public java.lang.String eMarket.controller.DealController.main(org.springframework.ui.Model)
2017-12-18 01:10:30.247  INFO 49285 --- [    Test worker] s.w.s.m.m.a.RequestMappingHandlerMapping : Mapped &quot;{[/deal/add],methods=[POST]}&quot; onto public java.lang.String eMarket.controller.DealController.dealAdd(eMarket.controller.DealFormDto,org.springframework.validation.BindingResult,org.springframework.ui.Model)
2017-12-18 01:10:30.247  INFO 49285 --- [    Test worker] s.w.s.m.m.a.RequestMappingHandlerMapping : Mapped &quot;{[/deal/delete],methods=[GET]}&quot; onto public java.lang.String eMarket.controller.DealController.dealDelete(int,org.springframework.ui.Model)
2017-12-18 01:10:30.249  INFO 49285 --- [    Test worker] s.w.s.m.m.a.RequestMappingHandlerMapping : Mapped &quot;{[/order]}&quot; onto public java.lang.String eMarket.controller.OrderController.order()
2017-12-18 01:10:30.249  INFO 49285 --- [    Test worker] s.w.s.m.m.a.RequestMappingHandlerMapping : Mapped &quot;{[/order/wishlist]}&quot; onto public java.lang.String eMarket.controller.OrderController.wishlist()
2017-12-18 01:10:30.249  INFO 49285 --- [    Test worker] s.w.s.m.m.a.RequestMappingHandlerMapping : Mapped &quot;{[/system/user]}&quot; onto public java.lang.String eMarket.controller.OrderController.user()
2017-12-18 01:10:30.250  INFO 49285 --- [    Test worker] s.w.s.m.m.a.RequestMappingHandlerMapping : Mapped &quot;{[/system/premium]}&quot; onto public java.lang.String eMarket.controller.OrderController.premium()
2017-12-18 01:10:30.251  INFO 49285 --- [    Test worker] s.w.s.m.m.a.RequestMappingHandlerMapping : Mapped &quot;{[/product/]}&quot; onto public java.lang.String eMarket.controller.ProductController.index(org.springframework.ui.Model)
2017-12-18 01:10:30.251  INFO 49285 --- [    Test worker] s.w.s.m.m.a.RequestMappingHandlerMapping : Mapped &quot;{[/product/productDetail],methods=[GET]}&quot; onto public java.lang.String eMarket.controller.ProductController.productDetail(eMarket.domain.Product,org.springframework.validation.BindingResult,int)
2017-12-18 01:10:30.251  INFO 49285 --- [    Test worker] s.w.s.m.m.a.RequestMappingHandlerMapping : Mapped &quot;{[/product/add],methods=[POST]}&quot; onto public java.lang.String eMarket.controller.ProductController.productMaster(eMarket.domain.Product,org.springframework.validation.BindingResult,org.springframework.ui.Model)
2017-12-18 01:10:30.252  INFO 49285 --- [    Test worker] s.w.s.m.m.a.RequestMappingHandlerMapping : Mapped &quot;{[/product/delete],methods=[GET]}&quot; onto public java.lang.String eMarket.controller.ProductController.productMaster(int,org.springframework.ui.Model)
2017-12-18 01:10:30.257  INFO 49285 --- [    Test worker] s.w.s.m.m.a.RequestMappingHandlerMapping : Mapped &quot;{[/error]}&quot; onto public org.springframework.http.ResponseEntity&lt;java.util.Map&lt;java.lang.String, java.lang.Object&gt;&gt; org.springframework.boot.autoconfigure.web.BasicErrorController.error(javax.servlet.http.HttpServletRequest)
2017-12-18 01:10:30.258  INFO 49285 --- [    Test worker] s.w.s.m.m.a.RequestMappingHandlerMapping : Mapped &quot;{[/error],produces=[text/html]}&quot; onto public org.springframework.web.servlet.ModelAndView org.springframework.boot.autoconfigure.web.BasicErrorController.errorHtml(javax.servlet.http.HttpServletRequest,javax.servlet.http.HttpServletResponse)
2017-12-18 01:10:30.285  INFO 49285 --- [    Test worker] o.s.w.s.handler.SimpleUrlHandlerMapping  : Mapped URL path [/resources/**] onto handler of type [class org.springframework.web.servlet.resource.ResourceHttpRequestHandler]
2017-12-18 01:10:30.285  INFO 49285 --- [    Test worker] o.s.w.s.handler.SimpleUrlHandlerMapping  : Mapped URL path [/webjars/**] onto handler of type [class org.springframework.web.servlet.resource.ResourceHttpRequestHandler]
2017-12-18 01:10:30.285  INFO 49285 --- [    Test worker] o.s.w.s.handler.SimpleUrlHandlerMapping  : Mapped URL path [/**] onto handler of type [class org.springframework.web.servlet.resource.ResourceHttpRequestHandler]
2017-12-18 01:10:30.300  INFO 49285 --- [    Test worker] o.s.w.s.handler.SimpleUrlHandlerMapping  : Mapped URL path [/**/favicon.ico] onto handler of type [class org.springframework.web.servlet.resource.ResourceHttpRequestHandler]
2017-12-18 01:10:30.400  INFO 49285 --- [    Test worker] s.w.s.m.m.a.RequestMappingHandlerAdapter : Looking for @ControllerAdvice: org.springframework.boot.context.embedded.AnnotationConfigEmbeddedWebApplicationContext@3fbc4243: startup date [Mon Dec 18 01:10:25 GMT 2017]; root of context hierarchy
2017-12-18 01:10:30.487  INFO 49285 --- [    Test worker] o.s.t.web.servlet.TestDispatcherServlet  : FrameworkServlet '': initialization completed in 336 ms
2017-12-18 01:10:31.070  INFO 49285 --- [    Test worker] s.b.c.e.t.TomcatEmbeddedServletContainer : Tomcat started on port(s): 8090 (https)
2017-12-18 01:10:31.090  INFO 49285 --- [    Test worker] eMarket.SecurityTests                    : Started SecurityTests in 6.4 seconds (JVM running for 8.552)
2017-12-18 01:10:31.136  INFO 49285 --- [    Test worker] o.a.c.c.C.[Tomcat].[localhost].[/]       : Initializing Spring FrameworkServlet ''
2017-12-18 01:10:31.136  INFO 49285 --- [    Test worker] o.s.t.web.servlet.TestDispatcherServlet  : FrameworkServlet '': initialization started
2017-12-18 01:10:31.139  INFO 49285 --- [    Test worker] o.s.t.web.servlet.TestDispatcherServlet  : FrameworkServlet '': initialization completed in 3 ms
2017-12-18 01:10:31.473  INFO 49285 --- [    Test worker] o.a.c.c.C.[Tomcat].[localhost].[/]       : Initializing Spring FrameworkServlet ''
2017-12-18 01:10:31.473  INFO 49285 --- [    Test worker] o.s.t.web.servlet.TestDispatcherServlet  : FrameworkServlet '': initialization started
2017-12-18 01:10:31.476  INFO 49285 --- [    Test worker] o.s.t.web.servlet.TestDispatcherServlet  : FrameworkServlet '': initialization completed in 2 ms
2017-12-18 01:10:31.726  INFO 49285 --- [    Test worker] o.a.c.c.C.[Tomcat].[localhost].[/]       : Initializing Spring FrameworkServlet ''
2017-12-18 01:10:31.726  INFO 49285 --- [    Test worker] o.s.t.web.servlet.TestDispatcherServlet  : FrameworkServlet '': initialization started
2017-12-18 01:10:31.728  INFO 49285 --- [    Test worker] o.s.t.web.servlet.TestDispatcherServlet  : FrameworkServlet '': initialization completed in 2 ms
2017-12-18 01:10:31.968  INFO 49285 --- [    Test worker] o.a.c.c.C.[Tomcat].[localhost].[/]       : Initializing Spring FrameworkServlet ''
2017-12-18 01:10:31.969  INFO 49285 --- [    Test worker] o.s.t.web.servlet.TestDispatcherServlet  : FrameworkServlet '': initialization started
2017-12-18 01:10:31.971  INFO 49285 --- [    Test worker] o.s.t.web.servlet.TestDispatcherServlet  : FrameworkServlet '': initialization completed in 2 ms
2017-12-18 01:10:32.251  INFO 49285 --- [    Test worker] o.a.c.c.C.[Tomcat].[localhost].[/]       : Initializing Spring FrameworkServlet ''
2017-12-18 01:10:32.251  INFO 49285 --- [    Test worker] o.s.t.web.servlet.TestDispatcherServlet  : FrameworkServlet '': initialization started
2017-12-18 01:10:32.254  INFO 49285 --- [    Test worker] o.s.t.web.servlet.TestDispatcherServlet  : FrameworkServlet '': initialization completed in 2 ms
2017-12-18 01:10:32.490  INFO 49285 --- [    Test worker] o.a.c.c.C.[Tomcat].[localhost].[/]       : Initializing Spring FrameworkServlet ''
2017-12-18 01:10:32.490  INFO 49285 --- [    Test worker] o.s.t.web.servlet.TestDispatcherServlet  : FrameworkServlet '': initialization started
2017-12-18 01:10:32.493  INFO 49285 --- [    Test worker] o.s.t.web.servlet.TestDispatcherServlet  : FrameworkServlet '': initialization completed in 3 ms
2017-12-18 01:10:32.754  INFO 49285 --- [    Test worker] o.a.c.c.C.[Tomcat].[localhost].[/]       : Initializing Spring FrameworkServlet ''
2017-12-18 01:10:32.754  INFO 49285 --- [    Test worker] o.s.t.web.servlet.TestDispatcherServlet  : FrameworkServlet '': initialization started
2017-12-18 01:10:32.757  INFO 49285 --- [    Test worker] o.s.t.web.servlet.TestDispatcherServlet  : FrameworkServlet '': initialization completed in 3 ms
2017-12-18 01:10:33.025  INFO 49285 --- [    Test worker] o.a.c.c.C.[Tomcat].[localhost].[/]       : Initializing Spring FrameworkServlet ''
2017-12-18 01:10:33.025  INFO 49285 --- [    Test worker] o.s.t.web.servlet.TestDispatcherServlet  : FrameworkServlet '': initialization started
2017-12-18 01:10:33.028  INFO 49285 --- [    Test worker] o.s.t.web.servlet.TestDispatcherServlet  : FrameworkServlet '': initialization completed in 2 ms
2017-12-18 01:10:33.288  INFO 49285 --- [    Test worker] o.a.c.c.C.[Tomcat].[localhost].[/]       : Initializing Spring FrameworkServlet ''
2017-12-18 01:10:33.288  INFO 49285 --- [    Test worker] o.s.t.web.servlet.TestDispatcherServlet  : FrameworkServlet '': initialization started
2017-12-18 01:10:33.291  INFO 49285 --- [    Test worker] o.s.t.web.servlet.TestDispatcherServlet  : FrameworkServlet '': initialization completed in 3 ms
2017-12-18 01:10:33.541  INFO 49285 --- [    Test worker] o.a.c.c.C.[Tomcat].[localhost].[/]       : Initializing Spring FrameworkServlet ''
2017-12-18 01:10:33.541  INFO 49285 --- [    Test worker] o.s.t.web.servlet.TestDispatcherServlet  : FrameworkServlet '': initialization started
2017-12-18 01:10:33.544  INFO 49285 --- [    Test worker] o.s.t.web.servlet.TestDispatcherServlet  : FrameworkServlet '': initialization completed in 3 ms
2017-12-18 01:10:33.784  INFO 49285 --- [    Test worker] o.a.c.c.C.[Tomcat].[localhost].[/]       : Initializing Spring FrameworkServlet ''
2017-12-18 01:10:33.784  INFO 49285 --- [    Test worker] o.s.t.web.servlet.TestDispatcherServlet  : FrameworkServlet '': initialization started
2017-12-18 01:10:33.787  INFO 49285 --- [    Test worker] o.s.t.web.servlet.TestDispatcherServlet  : FrameworkServlet '': initialization completed in 3 ms
2017-12-18 01:10:34.042  INFO 49285 --- [    Test worker] o.a.c.c.C.[Tomcat].[localhost].[/]       : Initializing Spring FrameworkServlet ''
2017-12-18 01:10:34.042  INFO 49285 --- [    Test worker] o.s.t.web.servlet.TestDispatcherServlet  : FrameworkServlet '': initialization started
2017-12-18 01:10:34.044  INFO 49285 --- [    Test worker] o.s.t.web.servlet.TestDispatcherServlet  : FrameworkServlet '': initialization completed in 2 ms
2017-12-18 01:10:34.305  INFO 49285 --- [    Test worker] o.a.c.c.C.[Tomcat].[localhost].[/]       : Initializing Spring FrameworkServlet ''
2017-12-18 01:10:34.305  INFO 49285 --- [    Test worker] o.s.t.web.servlet.TestDispatcherServlet  : FrameworkServlet '': initialization started
2017-12-18 01:10:34.307  INFO 49285 --- [    Test worker] o.s.t.web.servlet.TestDispatcherServlet  : FrameworkServlet '': initialization completed in 2 ms
2017-12-18 01:10:34.541  INFO 49285 --- [    Test worker] o.a.c.c.C.[Tomcat].[localhost].[/]       : Initializing Spring FrameworkServlet ''
2017-12-18 01:10:34.541  INFO 49285 --- [    Test worker] o.s.t.web.servlet.TestDispatcherServlet  : FrameworkServlet '': initialization started
2017-12-18 01:10:34.543  INFO 49285 --- [    Test worker] o.s.t.web.servlet.TestDispatcherServlet  : FrameworkServlet '': initialization completed in 2 ms
2017-12-18 01:10:34.797  INFO 49285 --- [    Test worker] o.a.c.c.C.[Tomcat].[localhost].[/]       : Initializing Spring FrameworkServlet ''
2017-12-18 01:10:34.798  INFO 49285 --- [    Test worker] o.s.t.web.servlet.TestDispatcherServlet  : FrameworkServlet '': initialization started
2017-12-18 01:10:34.800  INFO 49285 --- [    Test worker] o.s.t.web.servlet.TestDispatcherServlet  : FrameworkServlet '': initialization completed in 2 ms
2017-12-18 01:10:35.036  INFO 49285 --- [    Test worker] o.a.c.c.C.[Tomcat].[localhost].[/]       : Initializing Spring FrameworkServlet ''
2017-12-18 01:10:35.036  INFO 49285 --- [    Test worker] o.s.t.web.servlet.TestDispatcherServlet  : FrameworkServlet '': initialization started
2017-12-18 01:10:35.038  INFO 49285 --- [    Test worker] o.s.t.web.servlet.TestDispatcherServlet  : FrameworkServlet '': initialization completed in 2 ms
2017-12-18 01:10:35.284  INFO 49285 --- [    Test worker] o.a.c.c.C.[Tomcat].[localhost].[/]       : Initializing Spring FrameworkServlet ''
2017-12-18 01:10:35.284  INFO 49285 --- [    Test worker] o.s.t.web.servlet.TestDispatcherServlet  : FrameworkServlet '': initialization started
2017-12-18 01:10:35.286  INFO 49285 --- [    Test worker] o.s.t.web.servlet.TestDispatcherServlet  : FrameworkServlet '': initialization completed in 2 ms
2017-12-18 01:10:35.517  INFO 49285 --- [    Test worker] o.a.c.c.C.[Tomcat].[localhost].[/]       : Initializing Spring FrameworkServlet ''
2017-12-18 01:10:35.517  INFO 49285 --- [    Test worker] o.s.t.web.servlet.TestDispatcherServlet  : FrameworkServlet '': initialization started
2017-12-18 01:10:35.519  INFO 49285 --- [    Test worker] o.s.t.web.servlet.TestDispatcherServlet  : FrameworkServlet '': initialization completed in 2 ms
2017-12-18 01:10:35.771  INFO 49285 --- [    Test worker] o.a.c.c.C.[Tomcat].[localhost].[/]       : Initializing Spring FrameworkServlet ''
2017-12-18 01:10:35.772  INFO 49285 --- [    Test worker] o.s.t.web.servlet.TestDispatcherServlet  : FrameworkServlet '': initialization started
2017-12-18 01:10:35.774  INFO 49285 --- [    Test worker] o.s.t.web.servlet.TestDispatcherServlet  : FrameworkServlet '': initialization completed in 2 ms
2017-12-18 01:10:36.044  INFO 49285 --- [    Test worker] o.a.c.c.C.[Tomcat].[localhost].[/]       : Initializing Spring FrameworkServlet ''
2017-12-18 01:10:36.044  INFO 49285 --- [    Test worker] o.s.t.web.servlet.TestDispatcherServlet  : FrameworkServlet '': initialization started
2017-12-18 01:10:36.047  INFO 49285 --- [    Test worker] o.s.t.web.servlet.TestDispatcherServlet  : FrameworkServlet '': initialization completed in 2 ms
2017-12-18 01:10:36.302  INFO 49285 --- [    Test worker] o.a.c.c.C.[Tomcat].[localhost].[/]       : Initializing Spring FrameworkServlet ''
2017-12-18 01:10:36.302  INFO 49285 --- [    Test worker] o.s.t.web.servlet.TestDispatcherServlet  : FrameworkServlet '': initialization started
2017-12-18 01:10:36.304  INFO 49285 --- [    Test worker] o.s.t.web.servlet.TestDispatcherServlet  : FrameworkServlet '': initialization completed in 2 ms
2017-12-18 01:10:36.560  INFO 49285 --- [    Test worker] o.a.c.c.C.[Tomcat].[localhost].[/]       : Initializing Spring FrameworkServlet ''
2017-12-18 01:10:36.561  INFO 49285 --- [    Test worker] o.s.t.web.servlet.TestDispatcherServlet  : FrameworkServlet '': initialization started
2017-12-18 01:10:36.563  INFO 49285 --- [    Test worker] o.s.t.web.servlet.TestDispatcherServlet  : FrameworkServlet '': initialization completed in 2 ms
changing date to 2017-12-18
2017-12-18 01:10:36.817  INFO 49285 --- [    Test worker] o.a.c.c.C.[Tomcat].[localhost].[/]       : Initializing Spring FrameworkServlet ''
2017-12-18 01:10:36.817  INFO 49285 --- [    Test worker] o.s.t.web.servlet.TestDispatcherServlet  : FrameworkServlet '': initialization started
2017-12-18 01:10:36.819  INFO 49285 --- [    Test worker] o.s.t.web.servlet.TestDispatcherServlet  : FrameworkServlet '': initialization completed in 2 ms
changing date to 2017-12-18
2017-12-18 01:10:37.063  INFO 49285 --- [    Test worker] o.a.c.c.C.[Tomcat].[localhost].[/]       : Initializing Spring FrameworkServlet ''
2017-12-18 01:10:37.064  INFO 49285 --- [    Test worker] o.s.t.web.servlet.TestDispatcherServlet  : FrameworkServlet '': initialization started
2017-12-18 01:10:37.066  INFO 49285 --- [    Test worker] o.s.t.web.servlet.TestDispatcherServlet  : FrameworkServlet '': initialization completed in 2 ms
2017-12-18 01:10:37.316  INFO 49285 --- [    Test worker] o.a.c.c.C.[Tomcat].[localhost].[/]       : Initializing Spring FrameworkServlet ''
2017-12-18 01:10:37.316  INFO 49285 --- [    Test worker] o.s.t.web.servlet.TestDispatcherServlet  : FrameworkServlet '': initialization started
2017-12-18 01:10:37.318  INFO 49285 --- [    Test worker] o.s.t.web.servlet.TestDispatcherServlet  : FrameworkServlet '': initialization completed in 2 ms
2017-12-18 01:10:37.564  INFO 49285 --- [    Test worker] o.a.c.c.C.[Tomcat].[localhost].[/]       : Initializing Spring FrameworkServlet ''
2017-12-18 01:10:37.564  INFO 49285 --- [    Test worker] o.s.t.web.servlet.TestDispatcherServlet  : FrameworkServlet '': initialization started
2017-12-18 01:10:37.566  INFO 49285 --- [    Test worker] o.s.t.web.servlet.TestDispatcherServlet  : FrameworkServlet '': initialization completed in 2 ms
2017-12-18 01:10:37.821  INFO 49285 --- [    Test worker] o.a.c.c.C.[Tomcat].[localhost].[/]       : Initializing Spring FrameworkServlet ''
2017-12-18 01:10:37.821  INFO 49285 --- [    Test worker] o.s.t.web.servlet.TestDispatcherServlet  : FrameworkServlet '': initialization started
2017-12-18 01:10:37.823  INFO 49285 --- [    Test worker] o.s.t.web.servlet.TestDispatcherServlet  : FrameworkServlet '': initialization completed in 2 ms
2017-12-18 01:10:38.069  INFO 49285 --- [    Test worker] o.a.c.c.C.[Tomcat].[localhost].[/]       : Initializing Spring FrameworkServlet ''
2017-12-18 01:10:38.069  INFO 49285 --- [    Test worker] o.s.t.web.servlet.TestDispatcherServlet  : FrameworkServlet '': initialization started
2017-12-18 01:10:38.072  INFO 49285 --- [    Test worker] o.s.t.web.servlet.TestDispatcherServlet  : FrameworkServlet '': initialization completed in 2 ms
2017-12-18 01:10:38.324  INFO 49285 --- [    Test worker] o.a.c.c.C.[Tomcat].[localhost].[/]       : Initializing Spring FrameworkServlet ''
2017-12-18 01:10:38.324  INFO 49285 --- [    Test worker] o.s.t.web.servlet.TestDispatcherServlet  : FrameworkServlet '': initialization started
2017-12-18 01:10:38.327  INFO 49285 --- [    Test worker] o.s.t.web.servlet.TestDispatcherServlet  : FrameworkServlet '': initialization completed in 2 ms
2017-12-18 01:10:38.588  INFO 49285 --- [    Test worker] o.a.c.c.C.[Tomcat].[localhost].[/]       : Initializing Spring FrameworkServlet ''
2017-12-18 01:10:38.588  INFO 49285 --- [    Test worker] o.s.t.web.servlet.TestDispatcherServlet  : FrameworkServlet '': initialization started
2017-12-18 01:10:38.590  INFO 49285 --- [    Test worker] o.s.t.web.servlet.TestDispatcherServlet  : FrameworkServlet '': initialization completed in 2 ms
2017-12-18 01:10:38.841  INFO 49285 --- [    Test worker] o.a.c.c.C.[Tomcat].[localhost].[/]       : Initializing Spring FrameworkServlet ''
2017-12-18 01:10:38.841  INFO 49285 --- [    Test worker] o.s.t.web.servlet.TestDispatcherServlet  : FrameworkServlet '': initialization started
2017-12-18 01:10:38.843  INFO 49285 --- [    Test worker] o.s.t.web.servlet.TestDispatcherServlet  : FrameworkServlet '': initialization completed in 2 ms
2017-12-18 01:10:39.085  INFO 49285 --- [    Test worker] o.a.c.c.C.[Tomcat].[localhost].[/]       : Initializing Spring FrameworkServlet ''
2017-12-18 01:10:39.085  INFO 49285 --- [    Test worker] o.s.t.web.servlet.TestDispatcherServlet  : FrameworkServlet '': initialization started
2017-12-18 01:10:39.087  INFO 49285 --- [    Test worker] o.s.t.web.servlet.TestDispatcherServlet  : FrameworkServlet '': initialization completed in 2 ms
2017-12-18 01:10:39.333  INFO 49285 --- [    Test worker] o.a.c.c.C.[Tomcat].[localhost].[/]       : Initializing Spring FrameworkServlet ''
2017-12-18 01:10:39.333  INFO 49285 --- [    Test worker] o.s.t.web.servlet.TestDispatcherServlet  : FrameworkServlet '': initialization started
2017-12-18 01:10:39.335  INFO 49285 --- [    Test worker] o.s.t.web.servlet.TestDispatcherServlet  : FrameworkServlet '': initialization completed in 2 ms
2017-12-18 01:10:39.587  INFO 49285 --- [    Test worker] o.a.c.c.C.[Tomcat].[localhost].[/]       : Initializing Spring FrameworkServlet ''
2017-12-18 01:10:39.587  INFO 49285 --- [    Test worker] o.s.t.web.servlet.TestDispatcherServlet  : FrameworkServlet '': initialization started
2017-12-18 01:10:39.589  INFO 49285 --- [    Test worker] o.s.t.web.servlet.TestDispatcherServlet  : FrameworkServlet '': initialization completed in 2 ms
2017-12-18 01:10:39.830  INFO 49285 --- [    Test worker] o.a.c.c.C.[Tomcat].[localhost].[/]       : Initializing Spring FrameworkServlet ''
2017-12-18 01:10:39.830  INFO 49285 --- [    Test worker] o.s.t.web.servlet.TestDispatcherServlet  : FrameworkServlet '': initialization started
2017-12-18 01:10:39.832  INFO 49285 --- [    Test worker] o.s.t.web.servlet.TestDispatcherServlet  : FrameworkServlet '': initialization completed in 2 ms
2017-12-18 01:10:40.084  INFO 49285 --- [    Test worker] o.a.c.c.C.[Tomcat].[localhost].[/]       : Initializing Spring FrameworkServlet ''
2017-12-18 01:10:40.085  INFO 49285 --- [    Test worker] o.s.t.web.servlet.TestDispatcherServlet  : FrameworkServlet '': initialization started
2017-12-18 01:10:40.086  INFO 49285 --- [    Test worker] o.s.t.web.servlet.TestDispatcherServlet  : FrameworkServlet '': initialization completed in 1 ms
2017-12-18 01:10:40.332  INFO 49285 --- [    Test worker] o.a.c.c.C.[Tomcat].[localhost].[/]       : Initializing Spring FrameworkServlet ''
2017-12-18 01:10:40.332  INFO 49285 --- [    Test worker] o.s.t.web.servlet.TestDispatcherServlet  : FrameworkServlet '': initialization started
2017-12-18 01:10:40.334  INFO 49285 --- [    Test worker] o.s.t.web.servlet.TestDispatcherServlet  : FrameworkServlet '': initialization completed in 2 ms
2017-12-18 01:10:40.593  INFO 49285 --- [    Test worker] o.a.c.c.C.[Tomcat].[localhost].[/]       : Initializing Spring FrameworkServlet ''
2017-12-18 01:10:40.594  INFO 49285 --- [    Test worker] o.s.t.web.servlet.TestDispatcherServlet  : FrameworkServlet '': initialization started
2017-12-18 01:10:40.595  INFO 49285 --- [    Test worker] o.s.t.web.servlet.TestDispatcherServlet  : FrameworkServlet '': initialization completed in 1 ms
2017-12-18 01:10:40.835  INFO 49285 --- [    Test worker] o.a.c.c.C.[Tomcat].[localhost].[/]       : Initializing Spring FrameworkServlet ''
2017-12-18 01:10:40.836  INFO 49285 --- [    Test worker] o.s.t.web.servlet.TestDispatcherServlet  : FrameworkServlet '': initialization started
2017-12-18 01:10:40.837  INFO 49285 --- [    Test worker] o.s.t.web.servlet.TestDispatcherServlet  : FrameworkServlet '': initialization completed in 1 ms
2017-12-18 01:10:41.084  INFO 49285 --- [    Test worker] o.a.c.c.C.[Tomcat].[localhost].[/]       : Initializing Spring FrameworkServlet ''
2017-12-18 01:10:41.084  INFO 49285 --- [    Test worker] o.s.t.web.servlet.TestDispatcherServlet  : FrameworkServlet '': initialization started
2017-12-18 01:10:41.086  INFO 49285 --- [    Test worker] o.s.t.web.servlet.TestDispatcherServlet  : FrameworkServlet '': initialization completed in 2 ms
2017-12-18 01:10:41.329  INFO 49285 --- [    Test worker] o.a.c.c.C.[Tomcat].[localhost].[/]       : Initializing Spring FrameworkServlet ''
2017-12-18 01:10:41.329  INFO 49285 --- [    Test worker] o.s.t.web.servlet.TestDispatcherServlet  : FrameworkServlet '': initialization started
2017-12-18 01:10:41.331  INFO 49285 --- [    Test worker] o.s.t.web.servlet.TestDispatcherServlet  : FrameworkServlet '': initialization completed in 2 ms
2017-12-18 01:10:41.570  INFO 49285 --- [    Test worker] o.a.c.c.C.[Tomcat].[localhost].[/]       : Initializing Spring FrameworkServlet ''
2017-12-18 01:10:41.570  INFO 49285 --- [    Test worker] o.s.t.web.servlet.TestDispatcherServlet  : FrameworkServlet '': initialization started
2017-12-18 01:10:41.572  INFO 49285 --- [    Test worker] o.s.t.web.servlet.TestDispatcherServlet  : FrameworkServlet '': initialization completed in 2 ms
2017-12-18 01:10:41.804  INFO 49285 --- [    Test worker] o.a.c.c.C.[Tomcat].[localhost].[/]       : Initializing Spring FrameworkServlet ''
2017-12-18 01:10:41.805  INFO 49285 --- [    Test worker] o.s.t.web.servlet.TestDispatcherServlet  : FrameworkServlet '': initialization started
2017-12-18 01:10:41.806  INFO 49285 --- [    Test worker] o.s.t.web.servlet.TestDispatcherServlet  : FrameworkServlet '': initialization completed in 1 ms
2017-12-18 01:10:42.049  INFO 49285 --- [    Test worker] o.a.c.c.C.[Tomcat].[localhost].[/]       : Initializing Spring FrameworkServlet ''
2017-12-18 01:10:42.049  INFO 49285 --- [    Test worker] o.s.t.web.servlet.TestDispatcherServlet  : FrameworkServlet '': initialization started
2017-12-18 01:10:42.051  INFO 49285 --- [    Test worker] o.s.t.web.servlet.TestDispatcherServlet  : FrameworkServlet '': initialization completed in 2 ms
2017-12-18 01:10:42.297  INFO 49285 --- [    Test worker] o.a.c.c.C.[Tomcat].[localhost].[/]       : Initializing Spring FrameworkServlet ''
2017-12-18 01:10:42.297  INFO 49285 --- [    Test worker] o.s.t.web.servlet.TestDispatcherServlet  : FrameworkServlet '': initialization started
2017-12-18 01:10:42.298  INFO 49285 --- [    Test worker] o.s.t.web.servlet.TestDispatcherServlet  : FrameworkServlet '': initialization completed in 1 ms
2017-12-18 01:10:42.529  INFO 49285 --- [    Test worker] o.a.c.c.C.[Tomcat].[localhost].[/]       : Initializing Spring FrameworkServlet ''
2017-12-18 01:10:42.530  INFO 49285 --- [    Test worker] o.s.t.web.servlet.TestDispatcherServlet  : FrameworkServlet '': initialization started
2017-12-18 01:10:42.531  INFO 49285 --- [    Test worker] o.s.t.web.servlet.TestDispatcherServlet  : FrameworkServlet '': initialization completed in 1 ms
2017-12-18 01:10:42.772  INFO 49285 --- [    Test worker] o.a.c.c.C.[Tomcat].[localhost].[/]       : Initializing Spring FrameworkServlet ''
2017-12-18 01:10:42.772  INFO 49285 --- [    Test worker] o.s.t.web.servlet.TestDispatcherServlet  : FrameworkServlet '': initialization started
2017-12-18 01:10:42.775  INFO 49285 --- [    Test worker] o.s.t.web.servlet.TestDispatcherServlet  : FrameworkServlet '': initialization completed in 2 ms
2017-12-18 01:10:43.006  INFO 49285 --- [    Test worker] o.a.c.c.C.[Tomcat].[localhost].[/]       : Initializing Spring FrameworkServlet ''
2017-12-18 01:10:43.007  INFO 49285 --- [    Test worker] o.s.t.web.servlet.TestDispatcherServlet  : FrameworkServlet '': initialization started
2017-12-18 01:10:43.008  INFO 49285 --- [    Test worker] o.s.t.web.servlet.TestDispatcherServlet  : FrameworkServlet '': initialization completed in 1 ms
2017-12-18 01:10:43.245  INFO 49285 --- [    Test worker] o.a.c.c.C.[Tomcat].[localhost].[/]       : Initializing Spring FrameworkServlet ''
2017-12-18 01:10:43.245  INFO 49285 --- [    Test worker] o.s.t.web.servlet.TestDispatcherServlet  : FrameworkServlet '': initialization started
2017-12-18 01:10:43.246  INFO 49285 --- [    Test worker] o.s.t.web.servlet.TestDispatcherServlet  : FrameworkServlet '': initialization completed in 1 ms
2017-12-18 01:10:43.471  INFO 49285 --- [    Test worker] o.a.c.c.C.[Tomcat].[localhost].[/]       : Initializing Spring FrameworkServlet ''
2017-12-18 01:10:43.471  INFO 49285 --- [    Test worker] o.s.t.web.servlet.TestDispatcherServlet  : FrameworkServlet '': initialization started
2017-12-18 01:10:43.473  INFO 49285 --- [    Test worker] o.s.t.web.servlet.TestDispatcherServlet  : FrameworkServlet '': initialization completed in 2 ms
2017-12-18 01:10:43.717  INFO 49285 --- [    Test worker] o.a.c.c.C.[Tomcat].[localhost].[/]       : Initializing Spring FrameworkServlet ''
2017-12-18 01:10:43.717  INFO 49285 --- [    Test worker] o.s.t.web.servlet.TestDispatcherServlet  : FrameworkServlet '': initialization started
2017-12-18 01:10:43.719  INFO 49285 --- [    Test worker] o.s.t.web.servlet.TestDispatcherServlet  : FrameworkServlet '': initialization completed in 2 ms
2017-12-18 01:10:43.962  INFO 49285 --- [    Test worker] o.a.c.c.C.[Tomcat].[localhost].[/]       : Initializing Spring FrameworkServlet ''
2017-12-18 01:10:43.962  INFO 49285 --- [    Test worker] o.s.t.web.servlet.TestDispatcherServlet  : FrameworkServlet '': initialization started
2017-12-18 01:10:43.964  INFO 49285 --- [    Test worker] o.s.t.web.servlet.TestDispatcherServlet  : FrameworkServlet '': initialization completed in 1 ms
2017-12-18 01:10:44.218  INFO 49285 --- [    Test worker] o.a.c.c.C.[Tomcat].[localhost].[/]       : Initializing Spring FrameworkServlet ''
2017-12-18 01:10:44.218  INFO 49285 --- [    Test worker] o.s.t.web.servlet.TestDispatcherServlet  : FrameworkServlet '': initialization started
2017-12-18 01:10:44.220  INFO 49285 --- [    Test worker] o.s.t.web.servlet.TestDispatcherServlet  : FrameworkServlet '': initialization completed in 2 ms
2017-12-18 01:10:44.465  INFO 49285 --- [    Test worker] o.a.c.c.C.[Tomcat].[localhost].[/]       : Initializing Spring FrameworkServlet ''
2017-12-18 01:10:44.465  INFO 49285 --- [    Test worker] o.s.t.web.servlet.TestDispatcherServlet  : FrameworkServlet '': initialization started
2017-12-18 01:10:44.467  INFO 49285 --- [    Test worker] o.s.t.web.servlet.TestDispatcherServlet  : FrameworkServlet '': initialization completed in 1 ms
2017-12-18 01:10:44.716  INFO 49285 --- [    Test worker] o.a.c.c.C.[Tomcat].[localhost].[/]       : Initializing Spring FrameworkServlet ''
2017-12-18 01:10:44.716  INFO 49285 --- [    Test worker] o.s.t.web.servlet.TestDispatcherServlet  : FrameworkServlet '': initialization started
2017-12-18 01:10:44.718  INFO 49285 --- [    Test worker] o.s.t.web.servlet.TestDispatcherServlet  : FrameworkServlet '': initialization completed in 2 ms
2017-12-18 01:10:44.954  INFO 49285 --- [    Test worker] o.a.c.c.C.[Tomcat].[localhost].[/]       : Initializing Spring FrameworkServlet ''
2017-12-18 01:10:44.954  INFO 49285 --- [    Test worker] o.s.t.web.servlet.TestDispatcherServlet  : FrameworkServlet '': initialization started
2017-12-18 01:10:44.956  INFO 49285 --- [    Test worker] o.s.t.web.servlet.TestDispatcherServlet  : FrameworkServlet '': initialization completed in 2 ms
2017-12-18 01:10:45.207  INFO 49285 --- [    Test worker] o.a.c.c.C.[Tomcat].[localhost].[/]       : Initializing Spring FrameworkServlet ''
2017-12-18 01:10:45.208  INFO 49285 --- [    Test worker] o.s.t.web.servlet.TestDispatcherServlet  : FrameworkServlet '': initialization started
2017-12-18 01:10:45.210  INFO 49285 --- [    Test worker] o.s.t.web.servlet.TestDispatcherServlet  : FrameworkServlet '': initialization completed in 2 ms
2017-12-18 01:10:45.462  INFO 49285 --- [    Test worker] o.a.c.c.C.[Tomcat].[localhost].[/]       : Initializing Spring FrameworkServlet ''
2017-12-18 01:10:45.462  INFO 49285 --- [    Test worker] o.s.t.web.servlet.TestDispatcherServlet  : FrameworkServlet '': initialization started
2017-12-18 01:10:45.464  INFO 49285 --- [    Test worker] o.s.t.web.servlet.TestDispatcherServlet  : FrameworkServlet '': initialization completed in 2 ms
2017-12-18 01:10:45.725  INFO 49285 --- [    Test worker] o.a.c.c.C.[Tomcat].[localhost].[/]       : Initializing Spring FrameworkServlet ''
2017-12-18 01:10:45.726  INFO 49285 --- [    Test worker] o.s.t.web.servlet.TestDispatcherServlet  : FrameworkServlet '': initialization started
2017-12-18 01:10:45.727  INFO 49285 --- [    Test worker] o.s.t.web.servlet.TestDispatcherServlet  : FrameworkServlet '': initialization completed in 1 ms
2017-12-18 01:10:45.962  INFO 49285 --- [    Test worker] o.a.c.c.C.[Tomcat].[localhost].[/]       : Initializing Spring FrameworkServlet ''
2017-12-18 01:10:45.963  INFO 49285 --- [    Test worker] o.s.t.web.servlet.TestDispatcherServlet  : FrameworkServlet '': initialization started
2017-12-18 01:10:45.964  INFO 49285 --- [    Test worker] o.s.t.web.servlet.TestDispatcherServlet  : FrameworkServlet '': initialization completed in 1 ms
2017-12-18 01:10:46.213  INFO 49285 --- [    Test worker] o.a.c.c.C.[Tomcat].[localhost].[/]       : Initializing Spring FrameworkServlet ''
2017-12-18 01:10:46.213  INFO 49285 --- [    Test worker] o.s.t.web.servlet.TestDispatcherServlet  : FrameworkServlet '': initialization started
2017-12-18 01:10:46.215  INFO 49285 --- [    Test worker] o.s.t.web.servlet.TestDispatcherServlet  : FrameworkServlet '': initialization completed in 2 ms
2017-12-18 01:10:46.466  INFO 49285 --- [    Test worker] o.a.c.c.C.[Tomcat].[localhost].[/]       : Initializing Spring FrameworkServlet ''
2017-12-18 01:10:46.466  INFO 49285 --- [    Test worker] o.s.t.web.servlet.TestDispatcherServlet  : FrameworkServlet '': initialization started
2017-12-18 01:10:46.468  INFO 49285 --- [    Test worker] o.s.t.web.servlet.TestDispatcherServlet  : FrameworkServlet '': initialization completed in 2 ms
2017-12-18 01:10:46.700  INFO 49285 --- [    Test worker] o.a.c.c.C.[Tomcat].[localhost].[/]       : Initializing Spring FrameworkServlet ''
2017-12-18 01:10:46.700  INFO 49285 --- [    Test worker] o.s.t.web.servlet.TestDispatcherServlet  : FrameworkServlet '': initialization started
2017-12-18 01:10:46.702  INFO 49285 --- [    Test worker] o.s.t.web.servlet.TestDispatcherServlet  : FrameworkServlet '': initialization completed in 2 ms
2017-12-18 01:10:46.946  INFO 49285 --- [    Test worker] o.a.c.c.C.[Tomcat].[localhost].[/]       : Initializing Spring FrameworkServlet ''
2017-12-18 01:10:46.947  INFO 49285 --- [    Test worker] o.s.t.web.servlet.TestDispatcherServlet  : FrameworkServlet '': initialization started
2017-12-18 01:10:46.949  INFO 49285 --- [    Test worker] o.s.t.web.servlet.TestDispatcherServlet  : FrameworkServlet '': initialization completed in 2 ms
2017-12-18 01:10:47.175  INFO 49285 --- [    Test worker] o.a.c.c.C.[Tomcat].[localhost].[/]       : Initializing Spring FrameworkServlet ''
2017-12-18 01:10:47.175  INFO 49285 --- [    Test worker] o.s.t.web.servlet.TestDispatcherServlet  : FrameworkServlet '': initialization started
2017-12-18 01:10:47.177  INFO 49285 --- [    Test worker] o.s.t.web.servlet.TestDispatcherServlet  : FrameworkServlet '': initialization completed in 2 ms
2017-12-18 01:10:47.420  INFO 49285 --- [    Test worker] o.a.c.c.C.[Tomcat].[localhost].[/]       : Initializing Spring FrameworkServlet ''
2017-12-18 01:10:47.420  INFO 49285 --- [    Test worker] o.s.t.web.servlet.TestDispatcherServlet  : FrameworkServlet '': initialization started
2017-12-18 01:10:47.422  INFO 49285 --- [    Test worker] o.s.t.web.servlet.TestDispatcherServlet  : FrameworkServlet '': initialization completed in 2 ms
</pre>
</span>
</div>
</div>
<div id="footer">
<p>
<div>
<label class="hidden" id="label-for-line-wrapping-toggle" for="line-wrapping-toggle">Wrap lines
<input id="line-wrapping-toggle" type="checkbox" autocomplete="off"/>
</label>
</div>Generated by 
<a href="http://www.gradle.org">Gradle 3.5</a> at 18-Dec-2017 01:10:48</p>
</div>
</div>
</body>
</html>
