<!DOCTYPE html>
<html>
<head>
<meta http-equiv="Content-Type" content="text/html; charset=utf-8"/>
<meta http-equiv="x-ua-compatible" content="IE=edge"/>
<title>Test results - Class eMarket.SecurityTests</title>
<link href="../css/base-style.css" rel="stylesheet" type="text/css"/>
<link href="../css/style.css" rel="stylesheet" type="text/css"/>
<script src="../js/report.js" type="text/javascript"></script>
</head>
<body>
<div id="content">
<h1>Class eMarket.SecurityTests</h1>
<div class="breadcrumbs">
<a href="../index.html">all</a> &gt; 
<a href="../packages/eMarket.html">eMarket</a> &gt; SecurityTests</div>
<div id="summary">
<table>
<tr>
<td>
<div class="summaryGroup">
<table>
<tr>
<td>
<div class="infoBox" id="tests">
<div class="counter">66</div>
<p>tests</p>
</div>
</td>
<td>
<div class="infoBox" id="failures">
<div class="counter">4</div>
<p>failures</p>
</div>
</td>
<td>
<div class="infoBox" id="ignored">
<div class="counter">0</div>
<p>ignored</p>
</div>
</td>
<td>
<div class="infoBox" id="duration">
<div class="counter">23.018s</div>
<p>duration</p>
</div>
</td>
</tr>
</table>
</div>
</td>
<td>
<div class="infoBox failures" id="successRate">
<div class="percent">93%</div>
<p>successful</p>
</div>
</td>
</tr>
</table>
</div>
<div id="tabs">
<ul class="tabLinks">
<li>
<a href="#tab0">Failed tests</a>
</li>
<li>
<a href="#tab1">Tests</a>
</li>
<li>
<a href="#tab2">Standard output</a>
</li>
</ul>
<div id="tab0" class="tab">
<h2>Failed tests</h2>
<div class="test">
<a name="authorization-39"></a>
<h3 class="failures">authorization-39</h3>
<span class="code">
<pre>Condition failed with Exception:

result.andExpect(status().is(statusCode)) .andExpect(authenticated().withUsername(username).withRoles(role))
|      |         |        |  |
|      |         |        |  403
|      |         |        org.springframework.test.web.servlet.result.StatusResultMatchers$2@67c7d3cf
|      |         org.springframework.test.web.servlet.result.StatusResultMatchers@1b86bf4a
|      java.lang.AssertionError: Response status expected:&lt;403&gt; but was:&lt;200&gt;
org.springframework.test.web.servlet.MockMvc$1@4017f689

	at eMarket.SecurityTests.authorization-#testId(SecurityTests.groovy:134)
Caused by: java.lang.AssertionError: Response status expected:&lt;403&gt; but was:&lt;200&gt;
	at org.springframework.test.util.AssertionErrors.fail(AssertionErrors.java:54)
	at org.springframework.test.util.AssertionErrors.assertEquals(AssertionErrors.java:81)
	at org.springframework.test.web.servlet.result.StatusResultMatchers$2.match(StatusResultMatchers.java:69)
	at org.springframework.test.web.servlet.MockMvc$1.andExpect(MockMvc.java:171)
	at eMarket.SecurityTests.authorization-#testId(SecurityTests.groovy:133)
</pre>
</span>
</div>
<div class="test">
<a name="authorization-42"></a>
<h3 class="failures">authorization-42</h3>
<span class="code">
<pre>Condition failed with Exception:

result.andExpect(status().is(statusCode)) .andExpect(authenticated().withUsername(username).withRoles(role))
|      |         |        |  |
|      |         |        |  403
|      |         |        org.springframework.test.web.servlet.result.StatusResultMatchers$2@79a5b74
|      |         org.springframework.test.web.servlet.result.StatusResultMatchers@6abfc2a3
|      java.lang.AssertionError: Response status expected:&lt;403&gt; but was:&lt;200&gt;
org.springframework.test.web.servlet.MockMvc$1@1e5df526

	at eMarket.SecurityTests.authorization-#testId(SecurityTests.groovy:134)
Caused by: java.lang.AssertionError: Response status expected:&lt;403&gt; but was:&lt;200&gt;
	at org.springframework.test.util.AssertionErrors.fail(AssertionErrors.java:54)
	at org.springframework.test.util.AssertionErrors.assertEquals(AssertionErrors.java:81)
	at org.springframework.test.web.servlet.result.StatusResultMatchers$2.match(StatusResultMatchers.java:69)
	at org.springframework.test.web.servlet.MockMvc$1.andExpect(MockMvc.java:171)
	at eMarket.SecurityTests.authorization-#testId(SecurityTests.groovy:133)
</pre>
</span>
</div>
<div class="test">
<a name="authorization-51"></a>
<h3 class="failures">authorization-51</h3>
<span class="code">
<pre>Condition failed with Exception:

result.andExpect(status().is(statusCode)) .andExpect(authenticated().withUsername(username).withRoles(role))
|      |         |        |  |
|      |         |        |  403
|      |         |        org.springframework.test.web.servlet.result.StatusResultMatchers$2@729eff5e
|      |         org.springframework.test.web.servlet.result.StatusResultMatchers@b77a7e9
|      java.lang.AssertionError: Response status expected:&lt;403&gt; but was:&lt;200&gt;
org.springframework.test.web.servlet.MockMvc$1@5ee306ba

	at eMarket.SecurityTests.authorization-#testId(SecurityTests.groovy:134)
Caused by: java.lang.AssertionError: Response status expected:&lt;403&gt; but was:&lt;200&gt;
	at org.springframework.test.util.AssertionErrors.fail(AssertionErrors.java:54)
	at org.springframework.test.util.AssertionErrors.assertEquals(AssertionErrors.java:81)
	at org.springframework.test.web.servlet.result.StatusResultMatchers$2.match(StatusResultMatchers.java:69)
	at org.springframework.test.web.servlet.MockMvc$1.andExpect(MockMvc.java:171)
	at eMarket.SecurityTests.authorization-#testId(SecurityTests.groovy:133)
</pre>
</span>
</div>
<div class="test">
<a name="authorization-54"></a>
<h3 class="failures">authorization-54</h3>
<span class="code">
<pre>Condition failed with Exception:

result.andExpect(status().is(statusCode)) .andExpect(authenticated().withUsername(username).withRoles(role))
|      |         |        |  |
|      |         |        |  403
|      |         |        org.springframework.test.web.servlet.result.StatusResultMatchers$2@256f7ea
|      |         org.springframework.test.web.servlet.result.StatusResultMatchers@26912f3d
|      java.lang.AssertionError: Response status expected:&lt;403&gt; but was:&lt;200&gt;
org.springframework.test.web.servlet.MockMvc$1@23704002

	at eMarket.SecurityTests.authorization-#testId(SecurityTests.groovy:134)
Caused by: java.lang.AssertionError: Response status expected:&lt;403&gt; but was:&lt;200&gt;
	at org.springframework.test.util.AssertionErrors.fail(AssertionErrors.java:54)
	at org.springframework.test.util.AssertionErrors.assertEquals(AssertionErrors.java:81)
	at org.springframework.test.web.servlet.result.StatusResultMatchers$2.match(StatusResultMatchers.java:69)
	at org.springframework.test.web.servlet.MockMvc$1.andExpect(MockMvc.java:171)
	at eMarket.SecurityTests.authorization-#testId(SecurityTests.groovy:133)
</pre>
</span>
</div>
</div>
<div id="tab1" class="tab">
<h2>Tests</h2>
<table>
<thead>
<tr>
<th>Test</th>
<th>Duration</th>
<th>Result</th>
</tr>
</thead>
<tr>
<td class="success">authentication-3</td>
<td>0.255s</td>
<td class="success">passed</td>
</tr>
<tr>
<td class="success">authentication-4</td>
<td>0.240s</td>
<td class="success">passed</td>
</tr>
<tr>
<td class="success">authorization-1</td>
<td>0.284s</td>
<td class="success">passed</td>
</tr>
<tr>
<td class="success">authorization-10</td>
<td>0.245s</td>
<td class="success">passed</td>
</tr>
<tr>
<td class="success">authorization-11</td>
<td>0.255s</td>
<td class="success">passed</td>
</tr>
<tr>
<td class="success">authorization-12</td>
<td>0.231s</td>
<td class="success">passed</td>
</tr>
<tr>
<td class="success">authorization-13</td>
<td>0.246s</td>
<td class="success">passed</td>
</tr>
<tr>
<td class="success">authorization-14</td>
<td>0.257s</td>
<td class="success">passed</td>
</tr>
<tr>
<td class="success">authorization-15</td>
<td>0.238s</td>
<td class="success">passed</td>
</tr>
<tr>
<td class="success">authorization-16</td>
<td>0.243s</td>
<td class="success">passed</td>
</tr>
<tr>
<td class="success">authorization-17</td>
<td>0.258s</td>
<td class="success">passed</td>
</tr>
<tr>
<td class="success">authorization-18</td>
<td>0.240s</td>
<td class="success">passed</td>
</tr>
<tr>
<td class="success">authorization-19</td>
<td>0.249s</td>
<td class="success">passed</td>
</tr>
<tr>
<td class="success">authorization-2</td>
<td>0.240s</td>
<td class="success">passed</td>
</tr>
<tr>
<td class="success">authorization-20</td>
<td>0.237s</td>
<td class="success">passed</td>
</tr>
<tr>
<td class="success">authorization-21</td>
<td>0.240s</td>
<td class="success">passed</td>
</tr>
<tr>
<td class="success">authorization-22</td>
<td>0.236s</td>
<td class="success">passed</td>
</tr>
<tr>
<td class="success">authorization-23</td>
<td>0.245s</td>
<td class="success">passed</td>
</tr>
<tr>
<td class="success">authorization-24</td>
<td>0.244s</td>
<td class="success">passed</td>
</tr>
<tr>
<td class="success">authorization-25</td>
<td>0.253s</td>
<td class="success">passed</td>
</tr>
<tr>
<td class="success">authorization-26</td>
<td>0.267s</td>
<td class="success">passed</td>
</tr>
<tr>
<td class="success">authorization-27</td>
<td>0.264s</td>
<td class="success">passed</td>
</tr>
<tr>
<td class="success">authorization-3</td>
<td>0.235s</td>
<td class="success">passed</td>
</tr>
<tr>
<td class="success">authorization-37</td>
<td>0.240s</td>
<td class="success">passed</td>
</tr>
<tr>
<td class="success">authorization-38</td>
<td>0.258s</td>
<td class="success">passed</td>
</tr>
<tr>
<td class="failures">authorization-39</td>
<td>0.261s</td>
<td class="failures">failed</td>
</tr>
<tr>
<td class="success">authorization-4</td>
<td>0.235s</td>
<td class="success">passed</td>
</tr>
<tr>
<td class="success">authorization-40</td>
<td>0.244s</td>
<td class="success">passed</td>
</tr>
<tr>
<td class="success">authorization-41</td>
<td>0.242s</td>
<td class="success">passed</td>
</tr>
<tr>
<td class="failures">authorization-42</td>
<td>0.474s</td>
<td class="failures">failed</td>
</tr>
<tr>
<td class="success">authorization-43</td>
<td>0.263s</td>
<td class="success">passed</td>
</tr>
<tr>
<td class="success">authorization-44</td>
<td>0.253s</td>
<td class="success">passed</td>
</tr>
<tr>
<td class="success">authorization-45</td>
<td>0.248s</td>
<td class="success">passed</td>
</tr>
<tr>
<td class="success">authorization-46</td>
<td>0.234s</td>
<td class="success">passed</td>
</tr>
<tr>
<td class="success">authorization-47</td>
<td>0.235s</td>
<td class="success">passed</td>
</tr>
<tr>
<td class="success">authorization-48</td>
<td>0.240s</td>
<td class="success">passed</td>
</tr>
<tr>
<td class="success">authorization-49</td>
<td>0.233s</td>
<td class="success">passed</td>
</tr>
<tr>
<td class="success">authorization-5</td>
<td>0.250s</td>
<td class="success">passed</td>
</tr>
<tr>
<td class="success">authorization-50</td>
<td>0.248s</td>
<td class="success">passed</td>
</tr>
<tr>
<td class="failures">authorization-51</td>
<td>0.236s</td>
<td class="failures">failed</td>
</tr>
<tr>
<td class="success">authorization-52</td>
<td>0.239s</td>
<td class="success">passed</td>
</tr>
<tr>
<td class="success">authorization-53</td>
<td>0.233s</td>
<td class="success">passed</td>
</tr>
<tr>
<td class="failures">authorization-54</td>
<td>0.242s</td>
<td class="failures">failed</td>
</tr>
<tr>
<td class="success">authorization-55</td>
<td>0.231s</td>
<td class="success">passed</td>
</tr>
<tr>
<td class="success">authorization-56</td>
<td>0.263s</td>
<td class="success">passed</td>
</tr>
<tr>
<td class="success">authorization-57</td>
<td>0.248s</td>
<td class="success">passed</td>
</tr>
<tr>
<td class="success">authorization-58</td>
<td>0.246s</td>
<td class="success">passed</td>
</tr>
<tr>
<td class="success">authorization-59</td>
<td>0.251s</td>
<td class="success">passed</td>
</tr>
<tr>
<td class="success">authorization-6</td>
<td>0.266s</td>
<td class="success">passed</td>
</tr>
<tr>
<td class="success">authorization-60</td>
<td>0.248s</td>
<td class="success">passed</td>
</tr>
<tr>
<td class="success">authorization-7</td>
<td>0.257s</td>
<td class="success">passed</td>
</tr>
<tr>
<td class="success">authorization-70</td>
<td>0.257s</td>
<td class="success">passed</td>
</tr>
<tr>
<td class="success">authorization-71</td>
<td>0.233s</td>
<td class="success">passed</td>
</tr>
<tr>
<td class="success">authorization-72</td>
<td>0.250s</td>
<td class="success">passed</td>
</tr>
<tr>
<td class="success">authorization-73</td>
<td>0.258s</td>
<td class="success">passed</td>
</tr>
<tr>
<td class="success">authorization-74</td>
<td>0.252s</td>
<td class="success">passed</td>
</tr>
<tr>
<td class="success">authorization-75</td>
<td>0.235s</td>
<td class="success">passed</td>
</tr>
<tr>
<td class="success">authorization-76</td>
<td>0.243s</td>
<td class="success">passed</td>
</tr>
<tr>
<td class="success">authorization-77</td>
<td>0.247s</td>
<td class="success">passed</td>
</tr>
<tr>
<td class="success">authorization-78</td>
<td>0.261s</td>
<td class="success">passed</td>
</tr>
<tr>
<td class="success">authorization-79</td>
<td>0.254s</td>
<td class="success">passed</td>
</tr>
<tr>
<td class="success">authorization-8</td>
<td>0.250s</td>
<td class="success">passed</td>
</tr>
<tr>
<td class="success">authorization-80</td>
<td>0.244s</td>
<td class="success">passed</td>
</tr>
<tr>
<td class="success">authorization-81</td>
<td>0.232s</td>
<td class="success">passed</td>
</tr>
<tr>
<td class="success">authorization-9</td>
<td>0.255s</td>
<td class="success">passed</td>
</tr>
<tr>
<td class="success">secureChannel</td>
<td>6.727s</td>
<td class="success">passed</td>
</tr>
</table>
</div>
<div id="tab2" class="tab">
<h2>Standard output</h2>
<span class="code">
<pre>02:15:29.685 [Test worker] DEBUG com.athaydes.spockframework.report.SpockReportExtension - Configuring com.athaydes.spockframework.report.SpockReportExtension
02:15:29.723 [Test worker] INFO com.athaydes.spockframework.report.internal.ConfigLoader - SpockReports config loaded: {com.athaydes.spockframework.report.showCodeBlocks=false, com.athaydes.spockframework.report.template.TemplateReportCreator.reportFileExtension=md, com.athaydes.spockframework.report.testSourceRoots=src/test/groovy, com.athaydes.spockframework.report.IReportCreator=com.athaydes.spockframework.report.internal.HtmlReportCreator, com.athaydes.spockframework.report.outputDir=build/spock-reports, com.athaydes.spockframework.report.internal.HtmlReportCreator.inlineCss=true, com.athaydes.spockframework.report.internal.HtmlReportCreator.featureReportCss=spock-feature-report.css, com.athaydes.spockframework.report.hideEmptyBlocks=false, com.athaydes.spockframework.report.internal.HtmlReportCreator.summaryReportCss=spock-summary-report.css, com.athaydes.spockframework.report.projectVersion=Unknown, com.athaydes.spockframework.report.template.TemplateReportCreator.specTemplateFile=/templateReportCreator/spec-template.md, com.athaydes.spockframework.report.template.TemplateReportCreator.summaryTemplateFile=/templateReportCreator/summary-template.md, com.athaydes.spockframework.report.internal.HtmlReportCreator.excludeToc=false, com.athaydes.spockframework.report.template.TemplateReportCreator.enabled=true, com.athaydes.spockframework.report.projectName=, com.athaydes.spockframework.report.template.TemplateReportCreator.summaryFileName=summary.md, com.athaydes.spockframework.report.internal.HtmlReportCreator.printThrowableStackTrace=false, com.athaydes.spockframework.report.internal.HtmlReportCreator.enabled=true}
02:15:29.791 [Test worker] DEBUG com.athaydes.spockframework.report.SpockReportExtension - Loading settings for reportCreator of type com.athaydes.spockframework.report.internal.HtmlReportCreator
02:15:29.899 [Test worker] DEBUG org.springframework.test.annotation.ProfileValueUtils - Retrieved @ProfileValueSourceConfiguration [null] for test class [eMarket.SecurityTests]
02:15:29.899 [Test worker] DEBUG org.springframework.test.annotation.ProfileValueUtils - Retrieved ProfileValueSource type [class org.springframework.test.annotation.SystemProfileValueSource] for class [eMarket.SecurityTests]
02:15:29.900 [Test worker] DEBUG org.springframework.test.annotation.ProfileValueUtils - Retrieved @ProfileValueSourceConfiguration [null] for test class [eMarket.SecurityTests]
02:15:29.900 [Test worker] DEBUG org.springframework.test.annotation.ProfileValueUtils - Retrieved ProfileValueSource type [class org.springframework.test.annotation.SystemProfileValueSource] for class [eMarket.SecurityTests]
02:15:29.901 [Test worker] DEBUG org.springframework.test.annotation.ProfileValueUtils - Retrieved @ProfileValueSourceConfiguration [null] for test class [eMarket.SecurityTests]
02:15:29.901 [Test worker] DEBUG org.springframework.test.annotation.ProfileValueUtils - Retrieved ProfileValueSource type [class org.springframework.test.annotation.SystemProfileValueSource] for class [eMarket.SecurityTests]
02:15:29.903 [Test worker] DEBUG org.springframework.test.annotation.ProfileValueUtils - Retrieved @ProfileValueSourceConfiguration [null] for test class [eMarket.SecurityTests]
02:15:29.904 [Test worker] DEBUG org.springframework.test.annotation.ProfileValueUtils - Retrieved ProfileValueSource type [class org.springframework.test.annotation.SystemProfileValueSource] for class [eMarket.SecurityTests]
02:15:29.911 [Test worker] DEBUG org.springframework.test.context.BootstrapUtils - Instantiating CacheAwareContextLoaderDelegate from class [org.springframework.test.context.cache.DefaultCacheAwareContextLoaderDelegate]
02:15:29.917 [Test worker] DEBUG org.springframework.test.context.BootstrapUtils - Instantiating BootstrapContext using constructor [public org.springframework.test.context.support.DefaultBootstrapContext(java.lang.Class,org.springframework.test.context.CacheAwareContextLoaderDelegate)]
02:15:29.919 [Test worker] DEBUG org.springframework.test.context.BootstrapUtils - Instantiating TestContextBootstrapper for test class [eMarket.SecurityTests] from class [org.springframework.boot.test.context.SpringBootTestContextBootstrapper]
02:15:29.984 [Test worker] INFO org.springframework.boot.test.context.SpringBootTestContextBootstrapper - Neither @ContextConfiguration nor @ContextHierarchy found for test class [eMarket.SecurityTests], using SpringBootContextLoader
02:15:29.988 [Test worker] DEBUG org.springframework.test.context.support.AbstractContextLoader - Did not detect default resource location for test class [eMarket.SecurityTests]: class path resource [eMarket/SecurityTests-context.xml] does not exist
02:15:29.988 [Test worker] DEBUG org.springframework.test.context.support.AbstractContextLoader - Did not detect default resource location for test class [eMarket.SecurityTests]: class path resource [eMarket/SecurityTestsContext.groovy] does not exist
02:15:29.988 [Test worker] INFO org.springframework.test.context.support.AbstractContextLoader - Could not detect default resource locations for test class [eMarket.SecurityTests]: no resource found for suffixes {-context.xml, Context.groovy}.
02:15:30.047 [Test worker] DEBUG org.springframework.test.context.support.ActiveProfilesUtils - Could not find an 'annotation declaring class' for annotation type [org.springframework.test.context.ActiveProfiles] and class [eMarket.SecurityTests]
02:15:30.063 [Test worker] DEBUG org.springframework.boot.test.context.SpringBootTestContextBootstrapper - @TestExecutionListeners is not present for class [eMarket.SecurityTests]: using defaults.
02:15:30.066 [Test worker] INFO org.springframework.boot.test.context.SpringBootTestContextBootstrapper - Loaded default TestExecutionListener class names from location [META-INF/spring.factories]: [org.springframework.security.test.context.support.WithSecurityContextTestExecutionListener, org.springframework.boot.test.mock.mockito.MockitoTestExecutionListener, org.springframework.boot.test.mock.mockito.ResetMocksTestExecutionListener, org.springframework.boot.test.autoconfigure.restdocs.RestDocsTestExecutionListener, org.springframework.boot.test.autoconfigure.web.client.MockRestServiceServerResetTestExecutionListener, org.springframework.boot.test.autoconfigure.web.servlet.MockMvcPrintOnlyOnFailureTestExecutionListener, org.springframework.boot.test.autoconfigure.web.servlet.WebDriverTestExecutionListener, org.springframework.test.context.web.ServletTestExecutionListener, org.springframework.test.context.support.DirtiesContextBeforeModesTestExecutionListener, org.springframework.test.context.support.DependencyInjectionTestExecutionListener, org.springframework.test.context.support.DirtiesContextTestExecutionListener, org.springframework.test.context.transaction.TransactionalTestExecutionListener, org.springframework.test.context.jdbc.SqlScriptsTestExecutionListener]
02:15:30.087 [Test worker] INFO org.springframework.boot.test.context.SpringBootTestContextBootstrapper - Using TestExecutionListeners: [org.springframework.test.context.web.ServletTestExecutionListener@53aca4bc, org.springframework.test.context.support.DirtiesContextBeforeModesTestExecutionListener@5182134, org.springframework.boot.test.autoconfigure.SpringBootDependencyInjectionTestExecutionListener@25182893, org.springframework.test.context.support.DirtiesContextTestExecutionListener@32963a74, org.springframework.test.context.transaction.TransactionalTestExecutionListener@429f1de, org.springframework.test.context.jdbc.SqlScriptsTestExecutionListener@407c61ee, org.springframework.security.test.context.support.WithSecurityContextTestExecutionListener@24c485c2, org.springframework.boot.test.autoconfigure.restdocs.RestDocsTestExecutionListener@27024eb4, org.springframework.boot.test.autoconfigure.web.client.MockRestServiceServerResetTestExecutionListener@6ceeec8b, org.springframework.boot.test.autoconfigure.web.servlet.MockMvcPrintOnlyOnFailureTestExecutionListener@4f3e83e9, org.springframework.boot.test.mock.mockito.MockitoTestExecutionListener@4f54e559, org.springframework.boot.test.mock.mockito.ResetMocksTestExecutionListener@7a1675e9, org.springframework.boot.test.autoconfigure.web.servlet.WebDriverTestExecutionListener@61874494]
02:15:30.128 [Test worker] DEBUG com.athaydes.spockframework.report.SpecInfoListener - Before spec: eMarket.SecurityTests
02:15:30.132 [Test worker] DEBUG org.springframework.test.context.support.AbstractDirtiesContextTestExecutionListener - Before test class: context [DefaultTestContext@58a5691c testClass = SecurityTests, testInstance = [null], testMethod = [null], testException = [null], mergedContextConfiguration = [WebMergedContextConfiguration@1eccdf4e testClass = SecurityTests, locations = '{}', classes = '{class eMarket.EMarketApp, class eMarket.DbConfig, class eMarket.SecurityConfig, class eMarket.WebConfig, class eMarket.controller.SignupController, class eMarket.controller.LoginController, class eMarket.controller.IndexController, class eMarket.controller.DealController, class eMarket.controller.OrderController, class eMarket.services.CustomUserDetailsService, class eMarket.EMarketApp, class eMarket.DbConfig, class eMarket.SecurityConfig, class eMarket.WebConfig, class eMarket.controller.SignupController, class eMarket.controller.LoginController, class eMarket.controller.IndexController, class eMarket.controller.DealController, class eMarket.controller.OrderController, class eMarket.services.CustomUserDetailsService}', contextInitializerClasses = '[]', activeProfiles = '{}', propertySourceLocations = '{}', propertySourceProperties = '{org.springframework.boot.test.context.SpringBootTestContextBootstrapper=true}', contextCustomizers = set[[ImportsContextCustomizer@360ec44e key = [org.springframework.boot.test.autoconfigure.web.servlet.MockMvcAutoConfiguration, org.springframework.boot.test.autoconfigure.web.servlet.MockMvcSecurityAutoConfiguration, org.springframework.boot.test.autoconfigure.web.servlet.MockMvcWebClientAutoConfiguration, org.springframework.boot.test.autoconfigure.web.servlet.MockMvcWebDriverAutoConfiguration]], org.springframework.boot.test.context.SpringBootTestContextCustomizer@10346c6b, org.springframework.boot.test.context.filter.ExcludeFilterContextCustomizer@1fca23cd, org.springframework.boot.test.json.DuplicateJsonObjectContextCustomizerFactory$DuplicateJsonObjectContextCustomizer@477262b, org.springframework.boot.test.mock.mockito.MockitoContextCustomizer@112727ac, org.springframework.boot.test.autoconfigure.properties.PropertyMappingContextCustomizer@e7e84f8, org.springframework.boot.test.autoconfigure.web.servlet.WebDriverContextCustomizerFactory$Customizer@55126ff5], resourceBasePath = 'src/main/webapp', contextLoader = 'org.springframework.boot.test.context.SpringBootContextLoader', parent = [null]]], class annotated with @DirtiesContext [false] with mode [null].
02:15:30.136 [Test worker] DEBUG com.athaydes.spockframework.report.SpecInfoListener - Before feature: secureChannel
02:15:30.143 [Test worker] DEBUG com.athaydes.spockframework.report.SpecInfoListener - Before iteration: secureChannel
02:15:30.144 [Test worker] DEBUG org.springframework.test.context.support.DependencyInjectionTestExecutionListener - Performing dependency injection for test context [[DefaultTestContext@58a5691c testClass = SecurityTests, testInstance = eMarket.SecurityTests@25e7af02, testMethod = [null], testException = [null], mergedContextConfiguration = [WebMergedContextConfiguration@1eccdf4e testClass = SecurityTests, locations = '{}', classes = '{class eMarket.EMarketApp, class eMarket.DbConfig, class eMarket.SecurityConfig, class eMarket.WebConfig, class eMarket.controller.SignupController, class eMarket.controller.LoginController, class eMarket.controller.IndexController, class eMarket.controller.DealController, class eMarket.controller.OrderController, class eMarket.services.CustomUserDetailsService, class eMarket.EMarketApp, class eMarket.DbConfig, class eMarket.SecurityConfig, class eMarket.WebConfig, class eMarket.controller.SignupController, class eMarket.controller.LoginController, class eMarket.controller.IndexController, class eMarket.controller.DealController, class eMarket.controller.OrderController, class eMarket.services.CustomUserDetailsService}', contextInitializerClasses = '[]', activeProfiles = '{}', propertySourceLocations = '{}', propertySourceProperties = '{org.springframework.boot.test.context.SpringBootTestContextBootstrapper=true}', contextCustomizers = set[[ImportsContextCustomizer@360ec44e key = [org.springframework.boot.test.autoconfigure.web.servlet.MockMvcAutoConfiguration, org.springframework.boot.test.autoconfigure.web.servlet.MockMvcSecurityAutoConfiguration, org.springframework.boot.test.autoconfigure.web.servlet.MockMvcWebClientAutoConfiguration, org.springframework.boot.test.autoconfigure.web.servlet.MockMvcWebDriverAutoConfiguration]], org.springframework.boot.test.context.SpringBootTestContextCustomizer@10346c6b, org.springframework.boot.test.context.filter.ExcludeFilterContextCustomizer@1fca23cd, org.springframework.boot.test.json.DuplicateJsonObjectContextCustomizerFactory$DuplicateJsonObjectContextCustomizer@477262b, org.springframework.boot.test.mock.mockito.MockitoContextCustomizer@112727ac, org.springframework.boot.test.autoconfigure.properties.PropertyMappingContextCustomizer@e7e84f8, org.springframework.boot.test.autoconfigure.web.servlet.WebDriverContextCustomizerFactory$Customizer@55126ff5], resourceBasePath = 'src/main/webapp', contextLoader = 'org.springframework.boot.test.context.SpringBootContextLoader', parent = [null]]]].
02:15:30.210 [Test worker] DEBUG org.springframework.core.env.StandardEnvironment - Adding [systemProperties] PropertySource with lowest search precedence
02:15:30.211 [Test worker] DEBUG org.springframework.core.env.StandardEnvironment - Adding [systemEnvironment] PropertySource with lowest search precedence
02:15:30.211 [Test worker] DEBUG org.springframework.core.env.StandardEnvironment - Initialized StandardEnvironment with PropertySources [systemProperties,systemEnvironment]
02:15:30.213 [Test worker] DEBUG org.springframework.test.context.support.TestPropertySourceUtils - Adding inlined properties to environment: {spring.jmx.enabled=false, org.springframework.boot.test.context.SpringBootTestContextBootstrapper=true}
02:15:30.213 [Test worker] DEBUG org.springframework.core.env.StandardEnvironment - Adding [Inlined Test Properties] PropertySource with highest search precedence

  .   ____          _            __ _ _
 /\\ / ___'_ __ _ _(_)_ __  __ _ \ \ \ \
( ( )\___ | '_ | '_| | '_ \/ _` | \ \ \ \
 \\/  ___)| |_)| | | | | || (_| |  ) ) ) )
  '  |____| .__|_| |_|_| |_\__, | / / / /
 =========|_|==============|___/=/_/_/_/
 :: Spring Boot ::        (v1.5.6.RELEASE)

2017-12-18 02:15:30.551  INFO 52129 --- [    Test worker] eMarket.SecurityTests                    : Starting SecurityTests on pc1276 with PID 52129 (/Users/ab373/Documents/ArturData/WORK/ECLIPSE/LECTURES/2017-18/CO2006_marking/sprint4_marking/CO2006-17-18-mchorazak/sprint4/miniproject.security/build/classes/test started by ab373 in /Users/ab373/Documents/ArturData/WORK/ECLIPSE/LECTURES/2017-18/CO2006_marking/sprint4_marking/CO2006-17-18-mchorazak/sprint4/miniproject.security)
2017-12-18 02:15:30.552  INFO 52129 --- [    Test worker] eMarket.SecurityTests                    : No active profile set, falling back to default profiles: default
2017-12-18 02:15:30.604  INFO 52129 --- [    Test worker] ationConfigEmbeddedWebApplicationContext : Refreshing org.springframework.boot.context.embedded.AnnotationConfigEmbeddedWebApplicationContext@24877cf8: startup date [Mon Dec 18 02:15:30 GMT 2017]; root of context hierarchy
2017-12-18 02:15:32.502  INFO 52129 --- [    Test worker] s.b.c.e.t.TomcatEmbeddedServletContainer : Tomcat initialized with port(s): 8090 (https)
2017-12-18 02:15:32.517  INFO 52129 --- [    Test worker] o.apache.catalina.core.StandardService   : Starting service [Tomcat]
2017-12-18 02:15:32.519  INFO 52129 --- [    Test worker] org.apache.catalina.core.StandardEngine  : Starting Servlet Engine: Apache Tomcat/8.5.16
2017-12-18 02:15:32.740  INFO 52129 --- [ost-startStop-1] org.apache.jasper.servlet.TldScanner     : At least one JAR was scanned for TLDs yet contained no TLDs. Enable debug logging for this logger for a complete list of JARs that were scanned but no TLDs were found in them. Skipping unneeded JARs during scanning can improve startup time and JSP compilation time.
2017-12-18 02:15:32.744  INFO 52129 --- [ost-startStop-1] o.a.c.c.C.[Tomcat].[localhost].[/]       : Initializing Spring embedded WebApplicationContext
2017-12-18 02:15:32.744  INFO 52129 --- [ost-startStop-1] o.s.web.context.ContextLoader            : Root WebApplicationContext: initialization completed in 2145 ms
2017-12-18 02:15:32.899  INFO 52129 --- [ost-startStop-1] o.s.b.w.servlet.FilterRegistrationBean   : Mapping filter: 'characterEncodingFilter' to: [/*]
2017-12-18 02:15:32.900  INFO 52129 --- [ost-startStop-1] o.s.b.w.servlet.FilterRegistrationBean   : Mapping filter: 'hiddenHttpMethodFilter' to: [/*]
2017-12-18 02:15:32.901  INFO 52129 --- [ost-startStop-1] o.s.b.w.servlet.FilterRegistrationBean   : Mapping filter: 'httpPutFormContentFilter' to: [/*]
2017-12-18 02:15:32.901  INFO 52129 --- [ost-startStop-1] o.s.b.w.servlet.FilterRegistrationBean   : Mapping filter: 'requestContextFilter' to: [/*]
2017-12-18 02:15:32.902  INFO 52129 --- [ost-startStop-1] .s.DelegatingFilterProxyRegistrationBean : Mapping filter: 'springSecurityFilterChain' to: [/*]
2017-12-18 02:15:32.902  INFO 52129 --- [ost-startStop-1] o.s.b.w.servlet.ServletRegistrationBean  : Mapping servlet: 'dispatcherServlet' to [/]
2017-12-18 02:15:32.944  INFO 52129 --- [    Test worker] o.s.j.d.DriverManagerDataSource          : Loaded JDBC driver: com.mysql.jdbc.Driver
2017-12-18 02:15:33.364  INFO 52129 --- [    Test worker] j.LocalContainerEntityManagerFactoryBean : Building JPA container EntityManagerFactory for persistence unit 'default'
2017-12-18 02:15:33.384  INFO 52129 --- [    Test worker] o.hibernate.jpa.internal.util.LogHelper  : HHH000204: Processing PersistenceUnitInfo [
	name: default
	...]
2017-12-18 02:15:33.466  INFO 52129 --- [    Test worker] org.hibernate.Version                    : HHH000412: Hibernate Core {5.0.12.Final}
2017-12-18 02:15:33.467  INFO 52129 --- [    Test worker] org.hibernate.cfg.Environment            : HHH000206: hibernate.properties not found
2017-12-18 02:15:33.469  INFO 52129 --- [    Test worker] org.hibernate.cfg.Environment            : HHH000021: Bytecode provider name : javassist
2017-12-18 02:15:33.516  INFO 52129 --- [    Test worker] o.hibernate.annotations.common.Version   : HCANN000001: Hibernate Commons Annotations {5.0.1.Final}
2017-12-18 02:15:33.661  INFO 52129 --- [    Test worker] org.hibernate.dialect.Dialect            : HHH000400: Using dialect: org.hibernate.dialect.MySQL5Dialect
2017-12-18 02:15:34.461  INFO 52129 --- [    Test worker] org.hibernate.tool.hbm2ddl.SchemaExport  : HHH000227: Running hbm2ddl schema export
2017-12-18 02:15:34.476 ERROR 52129 --- [    Test worker] org.hibernate.tool.hbm2ddl.SchemaExport  : HHH000389: Unsuccessful: alter table users drop foreign key FK4c6vlshk8x83ifeoggi3exg3k
2017-12-18 02:15:34.476 ERROR 52129 --- [    Test worker] org.hibernate.tool.hbm2ddl.SchemaExport  : Table 'ab373.users' doesn't exist
2017-12-18 02:15:34.568  INFO 52129 --- [    Test worker] org.hibernate.tool.hbm2ddl.SchemaExport  : HHH000230: Schema export complete
2017-12-18 02:15:34.618  INFO 52129 --- [    Test worker] j.LocalContainerEntityManagerFactoryBean : Initialized JPA EntityManagerFactory for persistence unit 'default'
2017-12-18 02:15:35.479  INFO 52129 --- [    Test worker] o.s.s.w.a.c.ChannelProcessingFilter      : Validated configuration attributes
2017-12-18 02:15:35.514  INFO 52129 --- [    Test worker] o.s.s.web.DefaultSecurityFilterChain     : Creating filter chain: org.springframework.security.web.util.matcher.AnyRequestMatcher@1, [org.springframework.security.web.access.channel.ChannelProcessingFilter@cc2a9c7, org.springframework.security.web.context.request.async.WebAsyncManagerIntegrationFilter@77df5e5b, org.springframework.security.web.context.SecurityContextPersistenceFilter@1585f707, org.springframework.security.web.header.HeaderWriterFilter@53a7b4b4, org.springframework.security.web.authentication.logout.LogoutFilter@2acf8da8, org.springframework.security.web.authentication.UsernamePasswordAuthenticationFilter@73b6b446, org.springframework.security.web.savedrequest.RequestCacheAwareFilter@7f6861e9, org.springframework.security.web.servletapi.SecurityContextHolderAwareRequestFilter@7932101c, org.springframework.security.web.authentication.AnonymousAuthenticationFilter@39a5729b, org.springframework.security.web.session.SessionManagementFilter@7f4e768f, org.springframework.security.web.access.ExceptionTranslationFilter@516cb3db, org.springframework.security.web.access.intercept.FilterSecurityInterceptor@7b286438]
2017-12-18 02:15:35.583  INFO 52129 --- [    Test worker] o.a.c.c.C.[Tomcat].[localhost].[/]       : Initializing Spring FrameworkServlet ''
2017-12-18 02:15:35.583  INFO 52129 --- [    Test worker] o.s.t.web.servlet.TestDispatcherServlet  : FrameworkServlet '': initialization started
2017-12-18 02:15:35.656  INFO 52129 --- [    Test worker] s.w.s.m.m.a.RequestMappingHandlerMapping : Mapped &quot;{[/signup/add],methods=[POST],params=[add]}&quot; onto public java.lang.String eMarket.controller.SignupController.addNewUser(eMarket.domain.UserInfo,org.springframework.validation.BindingResult,org.springframework.ui.Model)
2017-12-18 02:15:35.656  INFO 52129 --- [    Test worker] s.w.s.m.m.a.RequestMappingHandlerMapping : Mapped &quot;{[/signup/add],methods=[POST],params=[cancel]}&quot; onto public java.lang.String eMarket.controller.SignupController.cancelNewUser(eMarket.domain.UserInfo,org.springframework.ui.Model)
2017-12-18 02:15:35.657  INFO 52129 --- [    Test worker] s.w.s.m.m.a.RequestMappingHandlerMapping : Mapped &quot;{[/signup/],methods=[GET]}&quot; onto public java.lang.String eMarket.controller.SignupController.signup(eMarket.domain.UserInfo,org.springframework.ui.Model)
2017-12-18 02:15:35.658  INFO 52129 --- [    Test worker] s.w.s.m.m.a.RequestMappingHandlerMapping : Mapped &quot;{[/login-form],methods=[GET]}&quot; onto public java.lang.String eMarket.controller.LoginController.login(eMarket.domain.UserInfoLogin)
2017-12-18 02:15:35.658  INFO 52129 --- [    Test worker] s.w.s.m.m.a.RequestMappingHandlerMapping : Mapped &quot;{[/],methods=[GET]}&quot; onto public java.lang.String eMarket.controller.LoginController.landing()
2017-12-18 02:15:35.658  INFO 52129 --- [    Test worker] s.w.s.m.m.a.RequestMappingHandlerMapping : Mapped &quot;{[/success-login],methods=[GET]}&quot; onto public java.lang.String eMarket.controller.LoginController.authenticate()
2017-12-18 02:15:35.658  INFO 52129 --- [    Test worker] s.w.s.m.m.a.RequestMappingHandlerMapping : Mapped &quot;{[/access-denied]}&quot; onto public java.lang.String eMarket.controller.LoginController.accessDenied()
2017-12-18 02:15:35.659  INFO 52129 --- [    Test worker] s.w.s.m.m.a.RequestMappingHandlerMapping : Mapped &quot;{[/system]}&quot; onto public java.lang.String eMarket.controller.IndexController.index(eMarket.controller.IndexFormDto)
2017-12-18 02:15:35.659  INFO 52129 --- [    Test worker] s.w.s.m.m.a.RequestMappingHandlerMapping : Mapped &quot;{[/setDate],methods=[POST]}&quot; onto public java.lang.String eMarket.controller.IndexController.setDate(eMarket.controller.IndexFormDto,org.springframework.validation.BindingResult,org.springframework.ui.Model)
2017-12-18 02:15:35.661  INFO 52129 --- [    Test worker] s.w.s.m.m.a.RequestMappingHandlerMapping : Mapped &quot;{[/deal/],methods=[GET]}&quot; onto public java.lang.String eMarket.controller.DealController.main(org.springframework.ui.Model)
2017-12-18 02:15:35.661  INFO 52129 --- [    Test worker] s.w.s.m.m.a.RequestMappingHandlerMapping : Mapped &quot;{[/deal/add],methods=[POST]}&quot; onto public java.lang.String eMarket.controller.DealController.dealAdd(eMarket.controller.DealFormDto,org.springframework.validation.BindingResult,org.springframework.ui.Model)
2017-12-18 02:15:35.661  INFO 52129 --- [    Test worker] s.w.s.m.m.a.RequestMappingHandlerMapping : Mapped &quot;{[/deal/delete],methods=[GET]}&quot; onto public java.lang.String eMarket.controller.DealController.dealDelete(int,org.springframework.ui.Model)
2017-12-18 02:15:35.663  INFO 52129 --- [    Test worker] s.w.s.m.m.a.RequestMappingHandlerMapping : Mapped &quot;{[/order]}&quot; onto public java.lang.String eMarket.controller.OrderController.order()
2017-12-18 02:15:35.664  INFO 52129 --- [    Test worker] s.w.s.m.m.a.RequestMappingHandlerMapping : Mapped &quot;{[/system/user]}&quot; onto public java.lang.String eMarket.controller.OrderController.user()
2017-12-18 02:15:35.664  INFO 52129 --- [    Test worker] s.w.s.m.m.a.RequestMappingHandlerMapping : Mapped &quot;{[/system/premium]}&quot; onto public java.lang.String eMarket.controller.OrderController.premium()
2017-12-18 02:15:35.664  INFO 52129 --- [    Test worker] s.w.s.m.m.a.RequestMappingHandlerMapping : Mapped &quot;{[/order/wishlist]}&quot; onto public java.lang.String eMarket.controller.OrderController.wishlist()
2017-12-18 02:15:35.666  INFO 52129 --- [    Test worker] s.w.s.m.m.a.RequestMappingHandlerMapping : Mapped &quot;{[/product/]}&quot; onto public java.lang.String eMarket.controller.ProductController.index(org.springframework.ui.Model)
2017-12-18 02:15:35.666  INFO 52129 --- [    Test worker] s.w.s.m.m.a.RequestMappingHandlerMapping : Mapped &quot;{[/product/add],methods=[POST]}&quot; onto public java.lang.String eMarket.controller.ProductController.productMaster(eMarket.domain.Product,org.springframework.validation.BindingResult,org.springframework.ui.Model)
2017-12-18 02:15:35.666  INFO 52129 --- [    Test worker] s.w.s.m.m.a.RequestMappingHandlerMapping : Mapped &quot;{[/product/delete],methods=[GET]}&quot; onto public java.lang.String eMarket.controller.ProductController.productMaster(int,org.springframework.ui.Model)
2017-12-18 02:15:35.667  INFO 52129 --- [    Test worker] s.w.s.m.m.a.RequestMappingHandlerMapping : Mapped &quot;{[/product/productDetail],methods=[GET]}&quot; onto public java.lang.String eMarket.controller.ProductController.productDetail(eMarket.domain.Product,org.springframework.validation.BindingResult,int)
2017-12-18 02:15:35.670  INFO 52129 --- [    Test worker] s.w.s.m.m.a.RequestMappingHandlerMapping : Mapped &quot;{[/error]}&quot; onto public org.springframework.http.ResponseEntity&lt;java.util.Map&lt;java.lang.String, java.lang.Object&gt;&gt; org.springframework.boot.autoconfigure.web.BasicErrorController.error(javax.servlet.http.HttpServletRequest)
2017-12-18 02:15:35.671  INFO 52129 --- [    Test worker] s.w.s.m.m.a.RequestMappingHandlerMapping : Mapped &quot;{[/error],produces=[text/html]}&quot; onto public org.springframework.web.servlet.ModelAndView org.springframework.boot.autoconfigure.web.BasicErrorController.errorHtml(javax.servlet.http.HttpServletRequest,javax.servlet.http.HttpServletResponse)
2017-12-18 02:15:35.696  INFO 52129 --- [    Test worker] o.s.w.s.handler.SimpleUrlHandlerMapping  : Mapped URL path [/resources/**] onto handler of type [class org.springframework.web.servlet.resource.ResourceHttpRequestHandler]
2017-12-18 02:15:35.697  INFO 52129 --- [    Test worker] o.s.w.s.handler.SimpleUrlHandlerMapping  : Mapped URL path [/webjars/**] onto handler of type [class org.springframework.web.servlet.resource.ResourceHttpRequestHandler]
2017-12-18 02:15:35.697  INFO 52129 --- [    Test worker] o.s.w.s.handler.SimpleUrlHandlerMapping  : Mapped URL path [/**] onto handler of type [class org.springframework.web.servlet.resource.ResourceHttpRequestHandler]
2017-12-18 02:15:35.711  INFO 52129 --- [    Test worker] o.s.w.s.handler.SimpleUrlHandlerMapping  : Mapped URL path [/**/favicon.ico] onto handler of type [class org.springframework.web.servlet.resource.ResourceHttpRequestHandler]
2017-12-18 02:15:35.817  INFO 52129 --- [    Test worker] s.w.s.m.m.a.RequestMappingHandlerAdapter : Looking for @ControllerAdvice: org.springframework.boot.context.embedded.AnnotationConfigEmbeddedWebApplicationContext@24877cf8: startup date [Mon Dec 18 02:15:30 GMT 2017]; root of context hierarchy
2017-12-18 02:15:35.906  INFO 52129 --- [    Test worker] o.s.t.web.servlet.TestDispatcherServlet  : FrameworkServlet '': initialization completed in 323 ms
2017-12-18 02:15:36.491  INFO 52129 --- [    Test worker] s.b.c.e.t.TomcatEmbeddedServletContainer : Tomcat started on port(s): 8090 (https)
2017-12-18 02:15:36.509  INFO 52129 --- [    Test worker] eMarket.SecurityTests                    : Started SecurityTests in 6.292 seconds (JVM running for 8.39)
2017-12-18 02:15:36.554  INFO 52129 --- [    Test worker] o.a.c.c.C.[Tomcat].[localhost].[/]       : Initializing Spring FrameworkServlet ''
2017-12-18 02:15:36.554  INFO 52129 --- [    Test worker] o.s.t.web.servlet.TestDispatcherServlet  : FrameworkServlet '': initialization started
2017-12-18 02:15:36.556  INFO 52129 --- [    Test worker] o.s.t.web.servlet.TestDispatcherServlet  : FrameworkServlet '': initialization completed in 2 ms
2017-12-18 02:15:36.872  INFO 52129 --- [    Test worker] o.a.c.c.C.[Tomcat].[localhost].[/]       : Initializing Spring FrameworkServlet ''
2017-12-18 02:15:36.873  INFO 52129 --- [    Test worker] o.s.t.web.servlet.TestDispatcherServlet  : FrameworkServlet '': initialization started
2017-12-18 02:15:36.875  INFO 52129 --- [    Test worker] o.s.t.web.servlet.TestDispatcherServlet  : FrameworkServlet '': initialization completed in 2 ms
2017-12-18 02:15:37.127  INFO 52129 --- [    Test worker] o.a.c.c.C.[Tomcat].[localhost].[/]       : Initializing Spring FrameworkServlet ''
2017-12-18 02:15:37.128  INFO 52129 --- [    Test worker] o.s.t.web.servlet.TestDispatcherServlet  : FrameworkServlet '': initialization started
2017-12-18 02:15:37.130  INFO 52129 --- [    Test worker] o.s.t.web.servlet.TestDispatcherServlet  : FrameworkServlet '': initialization completed in 2 ms
2017-12-18 02:15:37.367  INFO 52129 --- [    Test worker] o.a.c.c.C.[Tomcat].[localhost].[/]       : Initializing Spring FrameworkServlet ''
2017-12-18 02:15:37.368  INFO 52129 --- [    Test worker] o.s.t.web.servlet.TestDispatcherServlet  : FrameworkServlet '': initialization started
2017-12-18 02:15:37.370  INFO 52129 --- [    Test worker] o.s.t.web.servlet.TestDispatcherServlet  : FrameworkServlet '': initialization completed in 2 ms
2017-12-18 02:15:37.652  INFO 52129 --- [    Test worker] o.a.c.c.C.[Tomcat].[localhost].[/]       : Initializing Spring FrameworkServlet ''
2017-12-18 02:15:37.652  INFO 52129 --- [    Test worker] o.s.t.web.servlet.TestDispatcherServlet  : FrameworkServlet '': initialization started
2017-12-18 02:15:37.656  INFO 52129 --- [    Test worker] o.s.t.web.servlet.TestDispatcherServlet  : FrameworkServlet '': initialization completed in 3 ms
2017-12-18 02:15:37.892  INFO 52129 --- [    Test worker] o.a.c.c.C.[Tomcat].[localhost].[/]       : Initializing Spring FrameworkServlet ''
2017-12-18 02:15:37.892  INFO 52129 --- [    Test worker] o.s.t.web.servlet.TestDispatcherServlet  : FrameworkServlet '': initialization started
2017-12-18 02:15:37.894  INFO 52129 --- [    Test worker] o.s.t.web.servlet.TestDispatcherServlet  : FrameworkServlet '': initialization completed in 2 ms
2017-12-18 02:15:38.129  INFO 52129 --- [    Test worker] o.a.c.c.C.[Tomcat].[localhost].[/]       : Initializing Spring FrameworkServlet ''
2017-12-18 02:15:38.129  INFO 52129 --- [    Test worker] o.s.t.web.servlet.TestDispatcherServlet  : FrameworkServlet '': initialization started
2017-12-18 02:15:38.131  INFO 52129 --- [    Test worker] o.s.t.web.servlet.TestDispatcherServlet  : FrameworkServlet '': initialization completed in 2 ms
2017-12-18 02:15:38.363  INFO 52129 --- [    Test worker] o.a.c.c.C.[Tomcat].[localhost].[/]       : Initializing Spring FrameworkServlet ''
2017-12-18 02:15:38.363  INFO 52129 --- [    Test worker] o.s.t.web.servlet.TestDispatcherServlet  : FrameworkServlet '': initialization started
2017-12-18 02:15:38.365  INFO 52129 --- [    Test worker] o.s.t.web.servlet.TestDispatcherServlet  : FrameworkServlet '': initialization completed in 2 ms
2017-12-18 02:15:38.613  INFO 52129 --- [    Test worker] o.a.c.c.C.[Tomcat].[localhost].[/]       : Initializing Spring FrameworkServlet ''
2017-12-18 02:15:38.613  INFO 52129 --- [    Test worker] o.s.t.web.servlet.TestDispatcherServlet  : FrameworkServlet '': initialization started
2017-12-18 02:15:38.616  INFO 52129 --- [    Test worker] o.s.t.web.servlet.TestDispatcherServlet  : FrameworkServlet '': initialization completed in 3 ms
2017-12-18 02:15:38.881  INFO 52129 --- [    Test worker] o.a.c.c.C.[Tomcat].[localhost].[/]       : Initializing Spring FrameworkServlet ''
2017-12-18 02:15:38.881  INFO 52129 --- [    Test worker] o.s.t.web.servlet.TestDispatcherServlet  : FrameworkServlet '': initialization started
2017-12-18 02:15:38.884  INFO 52129 --- [    Test worker] o.s.t.web.servlet.TestDispatcherServlet  : FrameworkServlet '': initialization completed in 2 ms
2017-12-18 02:15:39.136  INFO 52129 --- [    Test worker] o.a.c.c.C.[Tomcat].[localhost].[/]       : Initializing Spring FrameworkServlet ''
2017-12-18 02:15:39.136  INFO 52129 --- [    Test worker] o.s.t.web.servlet.TestDispatcherServlet  : FrameworkServlet '': initialization started
2017-12-18 02:15:39.139  INFO 52129 --- [    Test worker] o.s.t.web.servlet.TestDispatcherServlet  : FrameworkServlet '': initialization completed in 2 ms
2017-12-18 02:15:39.387  INFO 52129 --- [    Test worker] o.a.c.c.C.[Tomcat].[localhost].[/]       : Initializing Spring FrameworkServlet ''
2017-12-18 02:15:39.387  INFO 52129 --- [    Test worker] o.s.t.web.servlet.TestDispatcherServlet  : FrameworkServlet '': initialization started
2017-12-18 02:15:39.390  INFO 52129 --- [    Test worker] o.s.t.web.servlet.TestDispatcherServlet  : FrameworkServlet '': initialization completed in 1 ms
2017-12-18 02:15:39.642  INFO 52129 --- [    Test worker] o.a.c.c.C.[Tomcat].[localhost].[/]       : Initializing Spring FrameworkServlet ''
2017-12-18 02:15:39.642  INFO 52129 --- [    Test worker] o.s.t.web.servlet.TestDispatcherServlet  : FrameworkServlet '': initialization started
2017-12-18 02:15:39.644  INFO 52129 --- [    Test worker] o.s.t.web.servlet.TestDispatcherServlet  : FrameworkServlet '': initialization completed in 1 ms
2017-12-18 02:15:39.887  INFO 52129 --- [    Test worker] o.a.c.c.C.[Tomcat].[localhost].[/]       : Initializing Spring FrameworkServlet ''
2017-12-18 02:15:39.888  INFO 52129 --- [    Test worker] o.s.t.web.servlet.TestDispatcherServlet  : FrameworkServlet '': initialization started
2017-12-18 02:15:39.890  INFO 52129 --- [    Test worker] o.s.t.web.servlet.TestDispatcherServlet  : FrameworkServlet '': initialization completed in 2 ms
2017-12-18 02:15:40.143  INFO 52129 --- [    Test worker] o.a.c.c.C.[Tomcat].[localhost].[/]       : Initializing Spring FrameworkServlet ''
2017-12-18 02:15:40.143  INFO 52129 --- [    Test worker] o.s.t.web.servlet.TestDispatcherServlet  : FrameworkServlet '': initialization started
2017-12-18 02:15:40.147  INFO 52129 --- [    Test worker] o.s.t.web.servlet.TestDispatcherServlet  : FrameworkServlet '': initialization completed in 4 ms
2017-12-18 02:15:40.376  INFO 52129 --- [    Test worker] o.a.c.c.C.[Tomcat].[localhost].[/]       : Initializing Spring FrameworkServlet ''
2017-12-18 02:15:40.377  INFO 52129 --- [    Test worker] o.s.t.web.servlet.TestDispatcherServlet  : FrameworkServlet '': initialization started
2017-12-18 02:15:40.379  INFO 52129 --- [    Test worker] o.s.t.web.servlet.TestDispatcherServlet  : FrameworkServlet '': initialization completed in 2 ms
2017-12-18 02:15:40.622  INFO 52129 --- [    Test worker] o.a.c.c.C.[Tomcat].[localhost].[/]       : Initializing Spring FrameworkServlet ''
2017-12-18 02:15:40.622  INFO 52129 --- [    Test worker] o.s.t.web.servlet.TestDispatcherServlet  : FrameworkServlet '': initialization started
2017-12-18 02:15:40.624  INFO 52129 --- [    Test worker] o.s.t.web.servlet.TestDispatcherServlet  : FrameworkServlet '': initialization completed in 2 ms
2017-12-18 02:15:40.879  INFO 52129 --- [    Test worker] o.a.c.c.C.[Tomcat].[localhost].[/]       : Initializing Spring FrameworkServlet ''
2017-12-18 02:15:40.879  INFO 52129 --- [    Test worker] o.s.t.web.servlet.TestDispatcherServlet  : FrameworkServlet '': initialization started
2017-12-18 02:15:40.881  INFO 52129 --- [    Test worker] o.s.t.web.servlet.TestDispatcherServlet  : FrameworkServlet '': initialization completed in 2 ms
2017-12-18 02:15:41.117  INFO 52129 --- [    Test worker] o.a.c.c.C.[Tomcat].[localhost].[/]       : Initializing Spring FrameworkServlet ''
2017-12-18 02:15:41.117  INFO 52129 --- [    Test worker] o.s.t.web.servlet.TestDispatcherServlet  : FrameworkServlet '': initialization started
2017-12-18 02:15:41.120  INFO 52129 --- [    Test worker] o.s.t.web.servlet.TestDispatcherServlet  : FrameworkServlet '': initialization completed in 2 ms
2017-12-18 02:15:41.360  INFO 52129 --- [    Test worker] o.a.c.c.C.[Tomcat].[localhost].[/]       : Initializing Spring FrameworkServlet ''
2017-12-18 02:15:41.360  INFO 52129 --- [    Test worker] o.s.t.web.servlet.TestDispatcherServlet  : FrameworkServlet '': initialization started
2017-12-18 02:15:41.362  INFO 52129 --- [    Test worker] o.s.t.web.servlet.TestDispatcherServlet  : FrameworkServlet '': initialization completed in 2 ms
2017-12-18 02:15:41.619  INFO 52129 --- [    Test worker] o.a.c.c.C.[Tomcat].[localhost].[/]       : Initializing Spring FrameworkServlet ''
2017-12-18 02:15:41.619  INFO 52129 --- [    Test worker] o.s.t.web.servlet.TestDispatcherServlet  : FrameworkServlet '': initialization started
2017-12-18 02:15:41.622  INFO 52129 --- [    Test worker] o.s.t.web.servlet.TestDispatcherServlet  : FrameworkServlet '': initialization completed in 3 ms
2017-12-18 02:15:41.858  INFO 52129 --- [    Test worker] o.a.c.c.C.[Tomcat].[localhost].[/]       : Initializing Spring FrameworkServlet ''
2017-12-18 02:15:41.859  INFO 52129 --- [    Test worker] o.s.t.web.servlet.TestDispatcherServlet  : FrameworkServlet '': initialization started
2017-12-18 02:15:41.861  INFO 52129 --- [    Test worker] o.s.t.web.servlet.TestDispatcherServlet  : FrameworkServlet '': initialization completed in 2 ms
changing date to 2017-12-18
2017-12-18 02:15:42.108  INFO 52129 --- [    Test worker] o.a.c.c.C.[Tomcat].[localhost].[/]       : Initializing Spring FrameworkServlet ''
2017-12-18 02:15:42.108  INFO 52129 --- [    Test worker] o.s.t.web.servlet.TestDispatcherServlet  : FrameworkServlet '': initialization started
2017-12-18 02:15:42.110  INFO 52129 --- [    Test worker] o.s.t.web.servlet.TestDispatcherServlet  : FrameworkServlet '': initialization completed in 2 ms
changing date to 2017-12-18
2017-12-18 02:15:42.344  INFO 52129 --- [    Test worker] o.a.c.c.C.[Tomcat].[localhost].[/]       : Initializing Spring FrameworkServlet ''
2017-12-18 02:15:42.345  INFO 52129 --- [    Test worker] o.s.t.web.servlet.TestDispatcherServlet  : FrameworkServlet '': initialization started
2017-12-18 02:15:42.347  INFO 52129 --- [    Test worker] o.s.t.web.servlet.TestDispatcherServlet  : FrameworkServlet '': initialization completed in 2 ms
2017-12-18 02:15:42.585  INFO 52129 --- [    Test worker] o.a.c.c.C.[Tomcat].[localhost].[/]       : Initializing Spring FrameworkServlet ''
2017-12-18 02:15:42.585  INFO 52129 --- [    Test worker] o.s.t.web.servlet.TestDispatcherServlet  : FrameworkServlet '': initialization started
2017-12-18 02:15:42.587  INFO 52129 --- [    Test worker] o.s.t.web.servlet.TestDispatcherServlet  : FrameworkServlet '': initialization completed in 2 ms
2017-12-18 02:15:42.821  INFO 52129 --- [    Test worker] o.a.c.c.C.[Tomcat].[localhost].[/]       : Initializing Spring FrameworkServlet ''
2017-12-18 02:15:42.822  INFO 52129 --- [    Test worker] o.s.t.web.servlet.TestDispatcherServlet  : FrameworkServlet '': initialization started
2017-12-18 02:15:42.824  INFO 52129 --- [    Test worker] o.s.t.web.servlet.TestDispatcherServlet  : FrameworkServlet '': initialization completed in 2 ms
2017-12-18 02:15:43.066  INFO 52129 --- [    Test worker] o.a.c.c.C.[Tomcat].[localhost].[/]       : Initializing Spring FrameworkServlet ''
2017-12-18 02:15:43.067  INFO 52129 --- [    Test worker] o.s.t.web.servlet.TestDispatcherServlet  : FrameworkServlet '': initialization started
2017-12-18 02:15:43.069  INFO 52129 --- [    Test worker] o.s.t.web.servlet.TestDispatcherServlet  : FrameworkServlet '': initialization completed in 2 ms
2017-12-18 02:15:43.310  INFO 52129 --- [    Test worker] o.a.c.c.C.[Tomcat].[localhost].[/]       : Initializing Spring FrameworkServlet ''
2017-12-18 02:15:43.311  INFO 52129 --- [    Test worker] o.s.t.web.servlet.TestDispatcherServlet  : FrameworkServlet '': initialization started
2017-12-18 02:15:43.313  INFO 52129 --- [    Test worker] o.s.t.web.servlet.TestDispatcherServlet  : FrameworkServlet '': initialization completed in 2 ms
2017-12-18 02:15:43.564  INFO 52129 --- [    Test worker] o.a.c.c.C.[Tomcat].[localhost].[/]       : Initializing Spring FrameworkServlet ''
2017-12-18 02:15:43.564  INFO 52129 --- [    Test worker] o.s.t.web.servlet.TestDispatcherServlet  : FrameworkServlet '': initialization started
2017-12-18 02:15:43.566  INFO 52129 --- [    Test worker] o.s.t.web.servlet.TestDispatcherServlet  : FrameworkServlet '': initialization completed in 2 ms
2017-12-18 02:15:43.833  INFO 52129 --- [    Test worker] o.a.c.c.C.[Tomcat].[localhost].[/]       : Initializing Spring FrameworkServlet ''
2017-12-18 02:15:43.833  INFO 52129 --- [    Test worker] o.s.t.web.servlet.TestDispatcherServlet  : FrameworkServlet '': initialization started
2017-12-18 02:15:43.836  INFO 52129 --- [    Test worker] o.s.t.web.servlet.TestDispatcherServlet  : FrameworkServlet '': initialization completed in 2 ms
2017-12-18 02:15:44.097  INFO 52129 --- [    Test worker] o.a.c.c.C.[Tomcat].[localhost].[/]       : Initializing Spring FrameworkServlet ''
2017-12-18 02:15:44.097  INFO 52129 --- [    Test worker] o.s.t.web.servlet.TestDispatcherServlet  : FrameworkServlet '': initialization started
2017-12-18 02:15:44.099  INFO 52129 --- [    Test worker] o.s.t.web.servlet.TestDispatcherServlet  : FrameworkServlet '': initialization completed in 2 ms
2017-12-18 02:15:44.338  INFO 52129 --- [    Test worker] o.a.c.c.C.[Tomcat].[localhost].[/]       : Initializing Spring FrameworkServlet ''
2017-12-18 02:15:44.338  INFO 52129 --- [    Test worker] o.s.t.web.servlet.TestDispatcherServlet  : FrameworkServlet '': initialization started
2017-12-18 02:15:44.340  INFO 52129 --- [    Test worker] o.s.t.web.servlet.TestDispatcherServlet  : FrameworkServlet '': initialization completed in 2 ms
2017-12-18 02:15:44.596  INFO 52129 --- [    Test worker] o.a.c.c.C.[Tomcat].[localhost].[/]       : Initializing Spring FrameworkServlet ''
2017-12-18 02:15:44.596  INFO 52129 --- [    Test worker] o.s.t.web.servlet.TestDispatcherServlet  : FrameworkServlet '': initialization started
2017-12-18 02:15:44.598  INFO 52129 --- [    Test worker] o.s.t.web.servlet.TestDispatcherServlet  : FrameworkServlet '': initialization completed in 2 ms
2017-12-18 02:15:44.858  INFO 52129 --- [    Test worker] o.a.c.c.C.[Tomcat].[localhost].[/]       : Initializing Spring FrameworkServlet ''
2017-12-18 02:15:44.858  INFO 52129 --- [    Test worker] o.s.t.web.servlet.TestDispatcherServlet  : FrameworkServlet '': initialization started
2017-12-18 02:15:44.861  INFO 52129 --- [    Test worker] o.s.t.web.servlet.TestDispatcherServlet  : FrameworkServlet '': initialization completed in 2 ms
2017-12-18 02:15:45.102  INFO 52129 --- [    Test worker] o.a.c.c.C.[Tomcat].[localhost].[/]       : Initializing Spring FrameworkServlet ''
2017-12-18 02:15:45.102  INFO 52129 --- [    Test worker] o.s.t.web.servlet.TestDispatcherServlet  : FrameworkServlet '': initialization started
2017-12-18 02:15:45.104  INFO 52129 --- [    Test worker] o.s.t.web.servlet.TestDispatcherServlet  : FrameworkServlet '': initialization completed in 2 ms
2017-12-18 02:15:45.344  INFO 52129 --- [    Test worker] o.a.c.c.C.[Tomcat].[localhost].[/]       : Initializing Spring FrameworkServlet ''
2017-12-18 02:15:45.344  INFO 52129 --- [    Test worker] o.s.t.web.servlet.TestDispatcherServlet  : FrameworkServlet '': initialization started
2017-12-18 02:15:45.346  INFO 52129 --- [    Test worker] o.s.t.web.servlet.TestDispatcherServlet  : FrameworkServlet '': initialization completed in 1 ms
2017-12-18 02:15:45.640  INFO 52129 --- [    Test worker] o.h.h.i.QueryTranslatorFactoryInitiator  : HHH000397: Using ASTQueryTranslatorFactory
2017-12-18 02:15:45.819  INFO 52129 --- [    Test worker] o.a.c.c.C.[Tomcat].[localhost].[/]       : Initializing Spring FrameworkServlet ''
2017-12-18 02:15:45.819  INFO 52129 --- [    Test worker] o.s.t.web.servlet.TestDispatcherServlet  : FrameworkServlet '': initialization started
2017-12-18 02:15:45.821  INFO 52129 --- [    Test worker] o.s.t.web.servlet.TestDispatcherServlet  : FrameworkServlet '': initialization completed in 2 ms
2017-12-18 02:15:46.082  INFO 52129 --- [    Test worker] o.a.c.c.C.[Tomcat].[localhost].[/]       : Initializing Spring FrameworkServlet ''
2017-12-18 02:15:46.082  INFO 52129 --- [    Test worker] o.s.t.web.servlet.TestDispatcherServlet  : FrameworkServlet '': initialization started
2017-12-18 02:15:46.084  INFO 52129 --- [    Test worker] o.s.t.web.servlet.TestDispatcherServlet  : FrameworkServlet '': initialization completed in 2 ms
2017-12-18 02:15:46.335  INFO 52129 --- [    Test worker] o.a.c.c.C.[Tomcat].[localhost].[/]       : Initializing Spring FrameworkServlet ''
2017-12-18 02:15:46.335  INFO 52129 --- [    Test worker] o.s.t.web.servlet.TestDispatcherServlet  : FrameworkServlet '': initialization started
2017-12-18 02:15:46.337  INFO 52129 --- [    Test worker] o.s.t.web.servlet.TestDispatcherServlet  : FrameworkServlet '': initialization completed in 2 ms
2017-12-18 02:15:46.583  INFO 52129 --- [    Test worker] o.a.c.c.C.[Tomcat].[localhost].[/]       : Initializing Spring FrameworkServlet ''
2017-12-18 02:15:46.583  INFO 52129 --- [    Test worker] o.s.t.web.servlet.TestDispatcherServlet  : FrameworkServlet '': initialization started
2017-12-18 02:15:46.585  INFO 52129 --- [    Test worker] o.s.t.web.servlet.TestDispatcherServlet  : FrameworkServlet '': initialization completed in 1 ms
2017-12-18 02:15:46.818  INFO 52129 --- [    Test worker] o.a.c.c.C.[Tomcat].[localhost].[/]       : Initializing Spring FrameworkServlet ''
2017-12-18 02:15:46.818  INFO 52129 --- [    Test worker] o.s.t.web.servlet.TestDispatcherServlet  : FrameworkServlet '': initialization started
2017-12-18 02:15:46.820  INFO 52129 --- [    Test worker] o.s.t.web.servlet.TestDispatcherServlet  : FrameworkServlet '': initialization completed in 2 ms
2017-12-18 02:15:47.054  INFO 52129 --- [    Test worker] o.a.c.c.C.[Tomcat].[localhost].[/]       : Initializing Spring FrameworkServlet ''
2017-12-18 02:15:47.054  INFO 52129 --- [    Test worker] o.s.t.web.servlet.TestDispatcherServlet  : FrameworkServlet '': initialization started
2017-12-18 02:15:47.056  INFO 52129 --- [    Test worker] o.s.t.web.servlet.TestDispatcherServlet  : FrameworkServlet '': initialization completed in 2 ms
2017-12-18 02:15:47.293  INFO 52129 --- [    Test worker] o.a.c.c.C.[Tomcat].[localhost].[/]       : Initializing Spring FrameworkServlet ''
2017-12-18 02:15:47.294  INFO 52129 --- [    Test worker] o.s.t.web.servlet.TestDispatcherServlet  : FrameworkServlet '': initialization started
2017-12-18 02:15:47.295  INFO 52129 --- [    Test worker] o.s.t.web.servlet.TestDispatcherServlet  : FrameworkServlet '': initialization completed in 1 ms
2017-12-18 02:15:47.527  INFO 52129 --- [    Test worker] o.a.c.c.C.[Tomcat].[localhost].[/]       : Initializing Spring FrameworkServlet ''
2017-12-18 02:15:47.527  INFO 52129 --- [    Test worker] o.s.t.web.servlet.TestDispatcherServlet  : FrameworkServlet '': initialization started
2017-12-18 02:15:47.529  INFO 52129 --- [    Test worker] o.s.t.web.servlet.TestDispatcherServlet  : FrameworkServlet '': initialization completed in 2 ms
2017-12-18 02:15:47.775  INFO 52129 --- [    Test worker] o.a.c.c.C.[Tomcat].[localhost].[/]       : Initializing Spring FrameworkServlet ''
2017-12-18 02:15:47.776  INFO 52129 --- [    Test worker] o.s.t.web.servlet.TestDispatcherServlet  : FrameworkServlet '': initialization started
2017-12-18 02:15:47.778  INFO 52129 --- [    Test worker] o.s.t.web.servlet.TestDispatcherServlet  : FrameworkServlet '': initialization completed in 2 ms
2017-12-18 02:15:48.011  INFO 52129 --- [    Test worker] o.a.c.c.C.[Tomcat].[localhost].[/]       : Initializing Spring FrameworkServlet ''
2017-12-18 02:15:48.011  INFO 52129 --- [    Test worker] o.s.t.web.servlet.TestDispatcherServlet  : FrameworkServlet '': initialization started
2017-12-18 02:15:48.013  INFO 52129 --- [    Test worker] o.s.t.web.servlet.TestDispatcherServlet  : FrameworkServlet '': initialization completed in 1 ms
2017-12-18 02:15:48.251  INFO 52129 --- [    Test worker] o.a.c.c.C.[Tomcat].[localhost].[/]       : Initializing Spring FrameworkServlet ''
2017-12-18 02:15:48.251  INFO 52129 --- [    Test worker] o.s.t.web.servlet.TestDispatcherServlet  : FrameworkServlet '': initialization started
2017-12-18 02:15:48.253  INFO 52129 --- [    Test worker] o.s.t.web.servlet.TestDispatcherServlet  : FrameworkServlet '': initialization completed in 2 ms
2017-12-18 02:15:48.484  INFO 52129 --- [    Test worker] o.a.c.c.C.[Tomcat].[localhost].[/]       : Initializing Spring FrameworkServlet ''
2017-12-18 02:15:48.484  INFO 52129 --- [    Test worker] o.s.t.web.servlet.TestDispatcherServlet  : FrameworkServlet '': initialization started
2017-12-18 02:15:48.486  INFO 52129 --- [    Test worker] o.s.t.web.servlet.TestDispatcherServlet  : FrameworkServlet '': initialization completed in 2 ms
2017-12-18 02:15:48.727  INFO 52129 --- [    Test worker] o.a.c.c.C.[Tomcat].[localhost].[/]       : Initializing Spring FrameworkServlet ''
2017-12-18 02:15:48.727  INFO 52129 --- [    Test worker] o.s.t.web.servlet.TestDispatcherServlet  : FrameworkServlet '': initialization started
2017-12-18 02:15:48.729  INFO 52129 --- [    Test worker] o.s.t.web.servlet.TestDispatcherServlet  : FrameworkServlet '': initialization completed in 2 ms
2017-12-18 02:15:48.957  INFO 52129 --- [    Test worker] o.a.c.c.C.[Tomcat].[localhost].[/]       : Initializing Spring FrameworkServlet ''
2017-12-18 02:15:48.957  INFO 52129 --- [    Test worker] o.s.t.web.servlet.TestDispatcherServlet  : FrameworkServlet '': initialization started
2017-12-18 02:15:48.959  INFO 52129 --- [    Test worker] o.s.t.web.servlet.TestDispatcherServlet  : FrameworkServlet '': initialization completed in 2 ms
2017-12-18 02:15:49.221  INFO 52129 --- [    Test worker] o.a.c.c.C.[Tomcat].[localhost].[/]       : Initializing Spring FrameworkServlet ''
2017-12-18 02:15:49.221  INFO 52129 --- [    Test worker] o.s.t.web.servlet.TestDispatcherServlet  : FrameworkServlet '': initialization started
2017-12-18 02:15:49.223  INFO 52129 --- [    Test worker] o.s.t.web.servlet.TestDispatcherServlet  : FrameworkServlet '': initialization completed in 2 ms
2017-12-18 02:15:49.468  INFO 52129 --- [    Test worker] o.a.c.c.C.[Tomcat].[localhost].[/]       : Initializing Spring FrameworkServlet ''
2017-12-18 02:15:49.468  INFO 52129 --- [    Test worker] o.s.t.web.servlet.TestDispatcherServlet  : FrameworkServlet '': initialization started
2017-12-18 02:15:49.470  INFO 52129 --- [    Test worker] o.s.t.web.servlet.TestDispatcherServlet  : FrameworkServlet '': initialization completed in 2 ms
2017-12-18 02:15:49.715  INFO 52129 --- [    Test worker] o.a.c.c.C.[Tomcat].[localhost].[/]       : Initializing Spring FrameworkServlet ''
2017-12-18 02:15:49.715  INFO 52129 --- [    Test worker] o.s.t.web.servlet.TestDispatcherServlet  : FrameworkServlet '': initialization started
2017-12-18 02:15:49.717  INFO 52129 --- [    Test worker] o.s.t.web.servlet.TestDispatcherServlet  : FrameworkServlet '': initialization completed in 2 ms
2017-12-18 02:15:49.966  INFO 52129 --- [    Test worker] o.a.c.c.C.[Tomcat].[localhost].[/]       : Initializing Spring FrameworkServlet ''
2017-12-18 02:15:49.967  INFO 52129 --- [    Test worker] o.s.t.web.servlet.TestDispatcherServlet  : FrameworkServlet '': initialization started
2017-12-18 02:15:49.969  INFO 52129 --- [    Test worker] o.s.t.web.servlet.TestDispatcherServlet  : FrameworkServlet '': initialization completed in 2 ms
2017-12-18 02:15:50.215  INFO 52129 --- [    Test worker] o.a.c.c.C.[Tomcat].[localhost].[/]       : Initializing Spring FrameworkServlet ''
2017-12-18 02:15:50.215  INFO 52129 --- [    Test worker] o.s.t.web.servlet.TestDispatcherServlet  : FrameworkServlet '': initialization started
2017-12-18 02:15:50.217  INFO 52129 --- [    Test worker] o.s.t.web.servlet.TestDispatcherServlet  : FrameworkServlet '': initialization completed in 2 ms
2017-12-18 02:15:50.473  INFO 52129 --- [    Test worker] o.a.c.c.C.[Tomcat].[localhost].[/]       : Initializing Spring FrameworkServlet ''
2017-12-18 02:15:50.473  INFO 52129 --- [    Test worker] o.s.t.web.servlet.TestDispatcherServlet  : FrameworkServlet '': initialization started
2017-12-18 02:15:50.475  INFO 52129 --- [    Test worker] o.s.t.web.servlet.TestDispatcherServlet  : FrameworkServlet '': initialization completed in 2 ms
2017-12-18 02:15:50.707  INFO 52129 --- [    Test worker] o.a.c.c.C.[Tomcat].[localhost].[/]       : Initializing Spring FrameworkServlet ''
2017-12-18 02:15:50.707  INFO 52129 --- [    Test worker] o.s.t.web.servlet.TestDispatcherServlet  : FrameworkServlet '': initialization started
2017-12-18 02:15:50.709  INFO 52129 --- [    Test worker] o.s.t.web.servlet.TestDispatcherServlet  : FrameworkServlet '': initialization completed in 2 ms
2017-12-18 02:15:50.957  INFO 52129 --- [    Test worker] o.a.c.c.C.[Tomcat].[localhost].[/]       : Initializing Spring FrameworkServlet ''
2017-12-18 02:15:50.958  INFO 52129 --- [    Test worker] o.s.t.web.servlet.TestDispatcherServlet  : FrameworkServlet '': initialization started
2017-12-18 02:15:50.960  INFO 52129 --- [    Test worker] o.s.t.web.servlet.TestDispatcherServlet  : FrameworkServlet '': initialization completed in 2 ms
2017-12-18 02:15:51.216  INFO 52129 --- [    Test worker] o.a.c.c.C.[Tomcat].[localhost].[/]       : Initializing Spring FrameworkServlet ''
2017-12-18 02:15:51.216  INFO 52129 --- [    Test worker] o.s.t.web.servlet.TestDispatcherServlet  : FrameworkServlet '': initialization started
2017-12-18 02:15:51.218  INFO 52129 --- [    Test worker] o.s.t.web.servlet.TestDispatcherServlet  : FrameworkServlet '': initialization completed in 2 ms
2017-12-18 02:15:51.467  INFO 52129 --- [    Test worker] o.a.c.c.C.[Tomcat].[localhost].[/]       : Initializing Spring FrameworkServlet ''
2017-12-18 02:15:51.467  INFO 52129 --- [    Test worker] o.s.t.web.servlet.TestDispatcherServlet  : FrameworkServlet '': initialization started
2017-12-18 02:15:51.469  INFO 52129 --- [    Test worker] o.s.t.web.servlet.TestDispatcherServlet  : FrameworkServlet '': initialization completed in 2 ms
2017-12-18 02:15:51.703  INFO 52129 --- [    Test worker] o.a.c.c.C.[Tomcat].[localhost].[/]       : Initializing Spring FrameworkServlet ''
2017-12-18 02:15:51.703  INFO 52129 --- [    Test worker] o.s.t.web.servlet.TestDispatcherServlet  : FrameworkServlet '': initialization started
2017-12-18 02:15:51.704  INFO 52129 --- [    Test worker] o.s.t.web.servlet.TestDispatcherServlet  : FrameworkServlet '': initialization completed in 1 ms
2017-12-18 02:15:51.946  INFO 52129 --- [    Test worker] o.a.c.c.C.[Tomcat].[localhost].[/]       : Initializing Spring FrameworkServlet ''
2017-12-18 02:15:51.947  INFO 52129 --- [    Test worker] o.s.t.web.servlet.TestDispatcherServlet  : FrameworkServlet '': initialization started
2017-12-18 02:15:51.949  INFO 52129 --- [    Test worker] o.s.t.web.servlet.TestDispatcherServlet  : FrameworkServlet '': initialization completed in 2 ms
2017-12-18 02:15:52.193  INFO 52129 --- [    Test worker] o.a.c.c.C.[Tomcat].[localhost].[/]       : Initializing Spring FrameworkServlet ''
2017-12-18 02:15:52.194  INFO 52129 --- [    Test worker] o.s.t.web.servlet.TestDispatcherServlet  : FrameworkServlet '': initialization started
2017-12-18 02:15:52.195  INFO 52129 --- [    Test worker] o.s.t.web.servlet.TestDispatcherServlet  : FrameworkServlet '': initialization completed in 1 ms
2017-12-18 02:15:52.455  INFO 52129 --- [    Test worker] o.a.c.c.C.[Tomcat].[localhost].[/]       : Initializing Spring FrameworkServlet ''
2017-12-18 02:15:52.456  INFO 52129 --- [    Test worker] o.s.t.web.servlet.TestDispatcherServlet  : FrameworkServlet '': initialization started
2017-12-18 02:15:52.458  INFO 52129 --- [    Test worker] o.s.t.web.servlet.TestDispatcherServlet  : FrameworkServlet '': initialization completed in 2 ms
2017-12-18 02:15:52.709  INFO 52129 --- [    Test worker] o.a.c.c.C.[Tomcat].[localhost].[/]       : Initializing Spring FrameworkServlet ''
2017-12-18 02:15:52.710  INFO 52129 --- [    Test worker] o.s.t.web.servlet.TestDispatcherServlet  : FrameworkServlet '': initialization started
2017-12-18 02:15:52.712  INFO 52129 --- [    Test worker] o.s.t.web.servlet.TestDispatcherServlet  : FrameworkServlet '': initialization completed in 2 ms
2017-12-18 02:15:52.955  INFO 52129 --- [    Test worker] o.a.c.c.C.[Tomcat].[localhost].[/]       : Initializing Spring FrameworkServlet ''
2017-12-18 02:15:52.955  INFO 52129 --- [    Test worker] o.s.t.web.servlet.TestDispatcherServlet  : FrameworkServlet '': initialization started
2017-12-18 02:15:52.957  INFO 52129 --- [    Test worker] o.s.t.web.servlet.TestDispatcherServlet  : FrameworkServlet '': initialization completed in 2 ms
</pre>
</span>
</div>
</div>
<div id="footer">
<p>
<div>
<label class="hidden" id="label-for-line-wrapping-toggle" for="line-wrapping-toggle">Wrap lines
<input id="line-wrapping-toggle" type="checkbox" autocomplete="off"/>
</label>
</div>Generated by 
<a href="http://www.gradle.org">Gradle 3.5</a> at 18-Dec-2017 02:15:53</p>
</div>
</div>
</body>
</html>
